2015-08-20 10:05:07(pid=3036,tid=13056) : FetchOp.Scheduler (D) : [# requestNow]
2015-08-20 10:05:07(pid=3036,tid=13056) : FetchOp (D) : requestFetchOperation
2015-08-20 10:05:07(pid=3036,tid=13072) : FetchOp.Manager (D) : executeFetchOp(isFetchLongPollingLastConnection=true)
2015-08-20 10:05:08(pid=3036,tid=13069) : FetchOp.Manager (D) : failed fetchOp.TalkException(code:NOT_AUTHORIZED_DEVICE, reason:Auth Failed, parameterMap:{SUB_ERROR_CODE=DEVICE_LOSE})
2015-08-20 10:05:08(pid=3036,tid=13069) : FetchOp.Scheduler (D) : [# onFailedFetchOp] : exception=class jp.naver.talk.protocol.thriftv1.TalkException,null
2015-08-20 10:05:08(pid=3036,tid=13069) : FetchOp.Scheduler (D) : setNextSchedule : nextSchedule=10:05:09
2015-08-20 10:05:09(pid=3036,tid=1) : FetchOp.Scheduler (D) : [# receive alarm]
2015-08-20 10:05:09(pid=3036,tid=1) : FetchOp (D) : requestFetchOperation
2015-08-20 10:05:09(pid=3036,tid=13070) : FetchOp.Manager (D) : executeFetchOp(isFetchLongPollingLastConnection=true)
2015-08-20 10:05:11(pid=3036,tid=13072) : FetchOp.Manager (D) : failed fetchOp.jp.naver.line.android.thrift.TTransportResetConnectionException: jp.naver.line.android.legy.LegyResetConnectionException: received GoAwayFrame.
2015-08-20 10:05:11(pid=3036,tid=13072) : FetchOp.Scheduler (D) : [# onFailedFetchOp] : exception=class jp.naver.line.android.thrift.TTransportResetConnectionException,jp.naver.line.android.legy.LegyResetConnectionException: received GoAwayFrame.
2015-08-20 10:05:11(pid=3036,tid=13072) : FetchOp.Scheduler (D) : setNextSchedule : nextSchedule=10:05:14
2015-08-20 10:05:14(pid=3036,tid=1) : FetchOp.Scheduler (D) : [# receive alarm]
2015-08-20 10:05:14(pid=3036,tid=1) : FetchOp (D) : requestFetchOperation
2015-08-20 10:05:14(pid=3036,tid=13072) : FetchOp.Manager (D) : executeFetchOp(isFetchLongPollingLastConnection=true)
2015-08-20 10:05:14(pid=3036,tid=13069) : FetchOp.Manager (D) : failed fetchOp.jp.naver.line.android.thrift.TTransportResetConnectionException: jp.naver.line.android.legy.LegyResetConnectionException
2015-08-20 10:05:14(pid=3036,tid=13069) : FetchOp.Scheduler (D) : [# onFailedFetchOp] : exception=class jp.naver.line.android.thrift.TTransportResetConnectionException,jp.naver.line.android.legy.LegyResetConnectionException
2015-08-20 10:05:14(pid=3036,tid=13069) : FetchOp.Scheduler (D) : FetchOp was not available.
2015-08-20 10:06:15(pid=3036,tid=1) : FetchOp.Scheduler (D) : [# onReceivedSleepOffBroadcast]
2015-08-20 10:06:15(pid=3036,tid=1) : FetchOp.Scheduler (D) : FetchOp was not available.
2015-08-20 10:09:01(pid=3036,tid=1) : FetchOp.Scheduler (D) : [# onConnected] lastConnectedTime=null, lastDisconnectedTime=null, currentTime=10:09:01
2015-08-20 10:09:01(pid=3036,tid=1) : FetchOp.Scheduler (D) : FetchOp was not available.
2015-08-20 10:09:02(pid=3036,tid=1) : FetchOp.Scheduler (D) : [# onConnected] lastConnectedTime=10:09:01, lastDisconnectedTime=null, currentTime=10:09:02
2015-08-20 10:09:02(pid=3036,tid=1) : FetchOp.Scheduler (D) : FetchOp was not available.
2015-08-20 10:09:04(pid=3036,tid=1) : FetchOp.Scheduler (D) : [# onConnected] lastConnectedTime=10:09:02, lastDisconnectedTime=null, currentTime=10:09:04
2015-08-20 10:09:04(pid=3036,tid=1) : FetchOp.Scheduler (D) : FetchOp was not available.
2015-08-20 10:09:05(pid=3036,tid=1) : FetchOp.Scheduler (D) : [# onConnected] lastConnectedTime=10:09:04, lastDisconnectedTime=null, currentTime=10:09:05
2015-08-20 10:09:05(pid=3036,tid=1) : FetchOp.Scheduler (D) : FetchOp was not available.
2015-08-20 11:12:22(pid=5080,tid=13227) : FetchOp.Scheduler (D) : [# requestNow]
2015-08-20 11:12:22(pid=5080,tid=13227) : FetchOp.Scheduler (D) : FetchOp was not available.
2015-08-20 11:13:55(pid=5080,tid=13233) : FetchOp.Scheduler (D) : [# receive broadcast(USER_PRESENT)]
2015-08-20 11:13:55(pid=5080,tid=13233) : FetchOp.Scheduler (D) : FetchOp was not available.
2015-08-20 11:33:59(pid=5080,tid=1) : FetchOp.Scheduler (D) : [# onConnected] lastConnectedTime=null, lastDisconnectedTime=null, currentTime=11:33:59
2015-08-20 11:33:59(pid=5080,tid=1) : FetchOp.Scheduler (D) : FetchOp was not available.
2015-08-20 11:34:00(pid=5080,tid=1) : FetchOp.Scheduler (D) : [# onConnected] lastConnectedTime=11:33:59, lastDisconnectedTime=null, currentTime=11:34:00
2015-08-20 11:34:00(pid=5080,tid=1) : FetchOp.Scheduler (D) : FetchOp was not available.
2015-08-20 11:34:01(pid=5080,tid=1) : FetchOp.Scheduler (D) : [# onConnected] lastConnectedTime=11:34:00, lastDisconnectedTime=null, currentTime=11:34:01
2015-08-20 11:34:01(pid=5080,tid=1) : FetchOp.Scheduler (D) : FetchOp was not available.
2015-08-20 11:34:01(pid=5080,tid=1) : FetchOp.Scheduler (D) : [# onConnected] lastConnectedTime=11:34:01, lastDisconnectedTime=null, currentTime=11:34:01
2015-08-20 11:34:01(pid=5080,tid=1) : FetchOp.Scheduler (D) : FetchOp was not available.
2015-08-20 11:58:39(pid=8279,tid=13497) : FetchOp.Scheduler (D) : [# requestNow]
2015-08-20 11:58:39(pid=8279,tid=13497) : FetchOp.Scheduler (D) : FetchOp was not available.
2015-08-20 12:01:26(pid=9818,tid=13596) : FetchOp.Scheduler (D) : [# requestNow]
2015-08-20 12:01:26(pid=9818,tid=13596) : FetchOp.Scheduler (D) : FetchOp was not available.
2015-08-20 12:09:18(pid=13122,tid=13675) : FetchOp.Scheduler (D) : [# requestNow]
2015-08-20 12:09:18(pid=13122,tid=13675) : FetchOp.Scheduler (D) : FetchOp was not available.
2015-08-20 12:26:32(pid=13122,tid=1) : FetchOp.Scheduler (D) : [# onReceivedSleepOffBroadcast]
2015-08-20 12:26:32(pid=13122,tid=1) : FetchOp.Scheduler (D) : FetchOp was not available.
2015-08-20 12:31:44(pid=13122,tid=13690) : FetchOp.Scheduler (D) : [# receive broadcast(USER_PRESENT)]
2015-08-20 12:31:44(pid=13122,tid=13690) : FetchOp.Scheduler (D) : FetchOp was not available.
2015-08-20 12:55:05(pid=13122,tid=1) : FetchOp.Scheduler (D) : [# onReceivedSleepOffBroadcast]
2015-08-20 12:55:05(pid=13122,tid=1) : FetchOp.Scheduler (D) : FetchOp was not available.
2015-08-20 12:55:53(pid=13122,tid=1) : FetchOp.Scheduler (D) : [# onReceivedSleepOffBroadcast]
2015-08-20 12:55:53(pid=13122,tid=1) : FetchOp.Scheduler (D) : FetchOp was not available.
2015-08-20 13:04:05(pid=13122,tid=1) : FetchOp.Scheduler (D) : [# onConnected] lastConnectedTime=null, lastDisconnectedTime=null, currentTime=13:04:05
2015-08-20 13:04:05(pid=13122,tid=1) : FetchOp.Scheduler (D) : FetchOp was not available.
2015-08-20 13:04:06(pid=13122,tid=1) : FetchOp.Scheduler (D) : [# onConnected] lastConnectedTime=13:04:05, lastDisconnectedTime=null, currentTime=13:04:06
2015-08-20 13:04:06(pid=13122,tid=1) : FetchOp.Scheduler (D) : FetchOp was not available.
2015-08-20 13:04:08(pid=13122,tid=1) : FetchOp.Scheduler (D) : [# onConnected] lastConnectedTime=13:04:06, lastDisconnectedTime=null, currentTime=13:04:08
2015-08-20 13:04:08(pid=13122,tid=1) : FetchOp.Scheduler (D) : FetchOp was not available.
2015-08-20 13:04:09(pid=13122,tid=1) : FetchOp.Scheduler (D) : [# onConnected] lastConnectedTime=13:04:08, lastDisconnectedTime=null, currentTime=13:04:09
2015-08-20 13:04:09(pid=13122,tid=1) : FetchOp.Scheduler (D) : FetchOp was not available.
2015-08-20 13:04:09(pid=13122,tid=1) : FetchOp.Scheduler (D) : [# onConnected] lastConnectedTime=13:04:09, lastDisconnectedTime=null, currentTime=13:04:09
2015-08-20 13:04:09(pid=13122,tid=1) : FetchOp.Scheduler (D) : FetchOp was not available.
2015-08-20 13:19:00(pid=13122,tid=1) : FetchOp.Scheduler (D) : [# onConnected] lastConnectedTime=13:04:09, lastDisconnectedTime=null, currentTime=13:19:00
2015-08-20 13:19:00(pid=13122,tid=1) : FetchOp.Scheduler (D) : calcAndSetNextSchedule : waitTime=-1
2015-08-20 13:19:00(pid=13122,tid=1) : FetchOp (D) : requestFetchOperation
2015-08-20 13:19:00(pid=13122,tid=13689) : FetchOp.Manager (D) : executeFetchOp(isFetchLongPollingLastConnection=true)
2015-08-20 13:19:01(pid=13122,tid=13688) : FetchOp.Manager (D) : failed fetchOp.TalkException(code:NOT_AUTHORIZED_DEVICE, reason:Auth Failed, parameterMap:{SUB_ERROR_CODE=DEVICE_LOSE})
2015-08-20 13:19:01(pid=13122,tid=13688) : FetchOp.Scheduler (D) : [# onFailedFetchOp] : exception=class jp.naver.talk.protocol.thriftv1.TalkException,null
2015-08-20 13:19:01(pid=13122,tid=13688) : FetchOp.Scheduler (D) : setNextSchedule : nextSchedule=13:19:02
2015-08-20 13:19:01(pid=13122,tid=1) : FetchOp.Scheduler (D) : [# onConnected] lastConnectedTime=13:19:00, lastDisconnectedTime=null, currentTime=13:19:01
2015-08-20 13:19:01(pid=13122,tid=1) : FetchOp.Scheduler (D) : calcAndSetNextSchedule : waitTime=-1
2015-08-20 13:19:01(pid=13122,tid=1) : FetchOp (D) : requestFetchOperation
2015-08-20 13:19:01(pid=13122,tid=13675) : FetchOp.Manager (D) : executeFetchOp(isFetchLongPollingLastConnection=true)
2015-08-20 13:19:02(pid=13122,tid=1) : FetchOp.Scheduler (D) : [# onConnected] lastConnectedTime=13:19:01, lastDisconnectedTime=null, currentTime=13:19:02
2015-08-20 13:19:02(pid=13122,tid=1) : FetchOp.Scheduler (D) : calcAndSetNextSchedule : waitTime=-1
2015-08-20 13:19:02(pid=13122,tid=1) : FetchOp (D) : requestFetchOperation
2015-08-20 13:19:02(pid=13122,tid=13691) : FetchOp.Manager (D) : fetchOp is running.
2015-08-20 13:19:02(pid=13122,tid=1) : FetchOp.Scheduler (D) : [# onConnected] lastConnectedTime=13:19:02, lastDisconnectedTime=null, currentTime=13:19:02
2015-08-20 13:19:02(pid=13122,tid=1) : FetchOp.Scheduler (D) : calcAndSetNextSchedule : waitTime=-1
2015-08-20 13:19:02(pid=13122,tid=1) : FetchOp (D) : requestFetchOperation
2015-08-20 13:19:02(pid=13122,tid=13683) : FetchOp.Manager (D) : fetchOp is running.
2015-08-20 13:19:03(pid=13122,tid=1) : FetchOp.Scheduler (D) : [# onConnected] lastConnectedTime=13:19:02, lastDisconnectedTime=null, currentTime=13:19:03
2015-08-20 13:19:03(pid=13122,tid=1) : FetchOp.Scheduler (D) : calcAndSetNextSchedule : waitTime=-1
2015-08-20 13:19:03(pid=13122,tid=1) : FetchOp (D) : requestFetchOperation
2015-08-20 13:19:03(pid=13122,tid=13680) : FetchOp.Manager (D) : fetchOp is running.
2015-08-20 13:19:05(pid=13122,tid=13688) : FetchOp.Manager (D) : failed fetchOp.jp.naver.line.android.thrift.TTransportResetConnectionException: jp.naver.line.android.legy.LegyResetConnectionException
2015-08-20 13:19:05(pid=13122,tid=13688) : FetchOp.Scheduler (D) : [# onFailedFetchOp] : exception=class jp.naver.line.android.thrift.TTransportResetConnectionException,jp.naver.line.android.legy.LegyResetConnectionException
2015-08-20 13:19:05(pid=13122,tid=13688) : FetchOp.Scheduler (D) : FetchOp was not available.
2015-08-20 13:34:00(pid=13122,tid=1) : FetchOp.Scheduler (D) : [# onConnected] lastConnectedTime=13:19:03, lastDisconnectedTime=null, currentTime=13:34:00
2015-08-20 13:34:00(pid=13122,tid=1) : FetchOp.Scheduler (D) : FetchOp was not available.
2015-08-20 13:34:02(pid=13122,tid=1) : FetchOp.Scheduler (D) : [# onConnected] lastConnectedTime=13:34:00, lastDisconnectedTime=null, currentTime=13:34:02
2015-08-20 13:34:02(pid=13122,tid=1) : FetchOp.Scheduler (D) : FetchOp was not available.
2015-08-20 13:34:02(pid=13122,tid=1) : FetchOp.Scheduler (D) : [# onConnected] lastConnectedTime=13:34:02, lastDisconnectedTime=null, currentTime=13:34:02
2015-08-20 13:34:02(pid=13122,tid=1) : FetchOp.Scheduler (D) : FetchOp was not available.
2015-08-20 13:34:03(pid=13122,tid=1) : FetchOp.Scheduler (D) : [# onConnected] lastConnectedTime=13:34:02, lastDisconnectedTime=null, currentTime=13:34:03
2015-08-20 13:34:03(pid=13122,tid=1) : FetchOp.Scheduler (D) : FetchOp was not available.
2015-08-20 13:34:04(pid=13122,tid=1) : FetchOp.Scheduler (D) : [# onConnected] lastConnectedTime=13:34:03, lastDisconnectedTime=null, currentTime=13:34:04
2015-08-20 13:34:04(pid=13122,tid=1) : FetchOp.Scheduler (D) : FetchOp was not available.
2015-08-20 13:48:06(pid=13122,tid=13689) : FetchOp.Scheduler (D) : [# receive broadcast(USER_PRESENT)]
2015-08-20 13:48:06(pid=13122,tid=13689) : FetchOp.Scheduler (D) : FetchOp was not available.
2015-08-20 13:56:20(pid=13122,tid=1) : FetchOp.Scheduler (D) : [# onReceivedSleepOffBroadcast]
2015-08-20 13:56:20(pid=13122,tid=1) : FetchOp.Scheduler (D) : FetchOp was not available.
2015-08-20 13:56:21(pid=13122,tid=13681) : FetchOp.Scheduler (D) : [# receive broadcast(USER_PRESENT)]
2015-08-20 13:56:21(pid=13122,tid=13681) : FetchOp.Scheduler (D) : FetchOp was not available.
2015-08-20 14:03:00(pid=13122,tid=1) : FetchOp.Scheduler (D) : [# onConnected] lastConnectedTime=13:34:04, lastDisconnectedTime=null, currentTime=14:03:00
2015-08-20 14:03:00(pid=13122,tid=1) : FetchOp.Scheduler (D) : FetchOp was not available.
2015-08-20 14:03:01(pid=13122,tid=1) : FetchOp.Scheduler (D) : [# onConnected] lastConnectedTime=14:03:00, lastDisconnectedTime=null, currentTime=14:03:01
2015-08-20 14:03:01(pid=13122,tid=1) : FetchOp.Scheduler (D) : FetchOp was not available.
2015-08-20 14:03:02(pid=13122,tid=1) : FetchOp.Scheduler (D) : [# onConnected] lastConnectedTime=14:03:01, lastDisconnectedTime=null, currentTime=14:03:02
2015-08-20 14:03:02(pid=13122,tid=1) : FetchOp.Scheduler (D) : FetchOp was not available.
2015-08-20 14:03:03(pid=13122,tid=1) : FetchOp.Scheduler (D) : [# onConnected] lastConnectedTime=14:03:02, lastDisconnectedTime=null, currentTime=14:03:03
2015-08-20 14:03:03(pid=13122,tid=1) : FetchOp.Scheduler (D) : FetchOp was not available.
2015-08-20 14:03:03(pid=13122,tid=1) : FetchOp.Scheduler (D) : [# onConnected] lastConnectedTime=14:03:03, lastDisconnectedTime=null, currentTime=14:03:03
2015-08-20 14:03:03(pid=13122,tid=1) : FetchOp.Scheduler (D) : FetchOp was not available.
2015-08-20 14:20:39(pid=13122,tid=1) : FetchOp.Scheduler (D) : [# onReceivedSleepOffBroadcast]
2015-08-20 14:20:39(pid=13122,tid=1) : FetchOp.Scheduler (D) : FetchOp was not available.
2015-08-20 14:21:18(pid=13122,tid=1) : FetchOp.Scheduler (D) : [# onConnected] lastConnectedTime=14:03:03, lastDisconnectedTime=null, currentTime=14:21:18
2015-08-20 14:21:18(pid=13122,tid=1) : FetchOp.Scheduler (D) : FetchOp was not available.
2015-08-20 14:21:18(pid=13122,tid=1) : FetchOp.Scheduler (D) : [# onConnected] lastConnectedTime=14:21:18, lastDisconnectedTime=null, currentTime=14:21:18
2015-08-20 14:21:18(pid=13122,tid=1) : FetchOp.Scheduler (D) : FetchOp was not available.
2015-08-20 14:21:20(pid=13122,tid=1) : FetchOp.Scheduler (D) : [# onConnected] lastConnectedTime=14:21:18, lastDisconnectedTime=null, currentTime=14:21:20
2015-08-20 14:21:20(pid=13122,tid=1) : FetchOp.Scheduler (D) : FetchOp was not available.
2015-08-20 15:18:10(pid=2251,tid=13984) : FetchOp.Scheduler (D) : [# receive broadcast(USER_PRESENT)]
2015-08-20 15:18:10(pid=2251,tid=13984) : FetchOp.Scheduler (D) : FetchOp was not available.
2015-08-20 15:18:10(pid=2251,tid=13977) : FetchOp.Scheduler (D) : [# requestNow]
2015-08-20 15:18:10(pid=2251,tid=13977) : FetchOp.Scheduler (D) : FetchOp was not available.
2015-08-20 15:32:21(pid=2251,tid=1) : FetchOp.Scheduler (D) : [# onReceivedSleepOffBroadcast]
2015-08-20 15:32:21(pid=2251,tid=1) : FetchOp.Scheduler (D) : FetchOp was not available.
2015-08-20 15:32:27(pid=2251,tid=1) : FetchOp.Scheduler (D) : [# onReceivedSleepOffBroadcast]
2015-08-20 15:32:27(pid=2251,tid=1) : FetchOp.Scheduler (D) : FetchOp was not available.
2015-08-20 15:32:29(pid=2251,tid=13982) : FetchOp.Scheduler (D) : [# receive broadcast(USER_PRESENT)]
2015-08-20 15:32:29(pid=2251,tid=13982) : FetchOp.Scheduler (D) : FetchOp was not available.
2015-08-20 15:44:19(pid=2251,tid=1) : FetchOp.Scheduler (D) : [# onReceivedSleepOffBroadcast]
2015-08-20 15:44:19(pid=2251,tid=1) : FetchOp.Scheduler (D) : FetchOp was not available.
2015-08-20 15:47:57(pid=2251,tid=13983) : FetchOp.Scheduler (D) : [# receive broadcast(USER_PRESENT)]
2015-08-20 15:47:57(pid=2251,tid=13983) : FetchOp.Scheduler (D) : FetchOp was not available.
2015-08-20 16:03:37(pid=2251,tid=1) : FetchOp.Scheduler (D) : [# onReceivedSleepOffBroadcast]
2015-08-20 16:03:37(pid=2251,tid=1) : FetchOp.Scheduler (D) : FetchOp was not available.
2015-08-20 16:04:03(pid=2251,tid=1) : FetchOp.Scheduler (D) : [# onConnected] lastConnectedTime=null, lastDisconnectedTime=null, currentTime=16:04:03
2015-08-20 16:04:03(pid=2251,tid=1) : FetchOp.Scheduler (D) : FetchOp was not available.
2015-08-20 16:04:03(pid=2251,tid=1) : FetchOp.Scheduler (D) : [# onConnected] lastConnectedTime=16:04:03, lastDisconnectedTime=null, currentTime=16:04:03
2015-08-20 16:04:03(pid=2251,tid=1) : FetchOp.Scheduler (D) : FetchOp was not available.
2015-08-20 16:04:15(pid=2251,tid=1) : FetchOp.Scheduler (D) : [# onConnected] lastConnectedTime=16:04:03, lastDisconnectedTime=null, currentTime=16:04:15
2015-08-20 16:04:15(pid=2251,tid=1) : FetchOp.Scheduler (D) : FetchOp was not available.
2015-08-20 16:04:16(pid=2251,tid=1) : FetchOp.Scheduler (D) : [# onConnected] lastConnectedTime=16:04:15, lastDisconnectedTime=null, currentTime=16:04:16
2015-08-20 16:04:16(pid=2251,tid=1) : FetchOp.Scheduler (D) : FetchOp was not available.
2015-08-20 16:04:17(pid=2251,tid=1) : FetchOp.Scheduler (D) : [# onConnected] lastConnectedTime=16:04:16, lastDisconnectedTime=null, currentTime=16:04:17
2015-08-20 16:04:17(pid=2251,tid=1) : FetchOp.Scheduler (D) : FetchOp was not available.
2015-08-20 16:06:18(pid=2251,tid=1) : FetchOp.Scheduler (D) : [# onConnected] lastConnectedTime=16:04:17, lastDisconnectedTime=null, currentTime=16:06:18
2015-08-20 16:06:18(pid=2251,tid=1) : FetchOp.Scheduler (D) : FetchOp was not available.
2015-08-20 16:06:19(pid=2251,tid=1) : FetchOp.Scheduler (D) : [# onConnected] lastConnectedTime=16:06:18, lastDisconnectedTime=null, currentTime=16:06:19
2015-08-20 16:06:19(pid=2251,tid=1) : FetchOp.Scheduler (D) : FetchOp was not available.
2015-08-20 16:06:23(pid=2251,tid=1) : FetchOp.Scheduler (D) : [# onConnected] lastConnectedTime=16:06:19, lastDisconnectedTime=null, currentTime=16:06:23
2015-08-20 16:06:23(pid=2251,tid=1) : FetchOp.Scheduler (D) : FetchOp was not available.
2015-08-20 16:06:23(pid=2251,tid=1) : FetchOp.Scheduler (D) : [# onConnected] lastConnectedTime=16:06:23, lastDisconnectedTime=null, currentTime=16:06:23
2015-08-20 16:06:23(pid=2251,tid=1) : FetchOp.Scheduler (D) : FetchOp was not available.
2015-08-20 16:06:25(pid=2251,tid=1) : FetchOp.Scheduler (D) : [# onConnected] lastConnectedTime=16:06:23, lastDisconnectedTime=null, currentTime=16:06:25
2015-08-20 16:06:25(pid=2251,tid=1) : FetchOp.Scheduler (D) : FetchOp was not available.
2015-08-20 16:16:17(pid=2251,tid=1) : FetchOp.Scheduler (D) : [# onConnected] lastConnectedTime=16:06:25, lastDisconnectedTime=null, currentTime=16:16:17
2015-08-20 16:16:17(pid=2251,tid=1) : FetchOp.Scheduler (D) : FetchOp was not available.
2015-08-20 16:16:18(pid=2251,tid=1) : FetchOp.Scheduler (D) : [# onConnected] lastConnectedTime=16:16:17, lastDisconnectedTime=null, currentTime=16:16:18
2015-08-20 16:16:18(pid=2251,tid=1) : FetchOp.Scheduler (D) : FetchOp was not available.
2015-08-20 16:16:23(pid=2251,tid=1) : FetchOp.Scheduler (D) : [# onConnected] lastConnectedTime=16:16:18, lastDisconnectedTime=null, currentTime=16:16:23
2015-08-20 16:16:23(pid=2251,tid=1) : FetchOp.Scheduler (D) : FetchOp was not available.
2015-08-20 16:16:24(pid=2251,tid=1) : FetchOp.Scheduler (D) : [# onConnected] lastConnectedTime=16:16:23, lastDisconnectedTime=null, currentTime=16:16:24
2015-08-20 16:16:24(pid=2251,tid=1) : FetchOp.Scheduler (D) : FetchOp was not available.
2015-08-20 16:16:25(pid=2251,tid=1) : FetchOp.Scheduler (D) : [# onConnected] lastConnectedTime=16:16:24, lastDisconnectedTime=null, currentTime=16:16:25
2015-08-20 16:16:25(pid=2251,tid=1) : FetchOp.Scheduler (D) : FetchOp was not available.
2015-08-20 16:26:17(pid=2251,tid=1) : FetchOp.Scheduler (D) : [# onConnected] lastConnectedTime=16:16:25, lastDisconnectedTime=null, currentTime=16:26:17
2015-08-20 16:26:17(pid=2251,tid=1) : FetchOp.Scheduler (D) : calcAndSetNextSchedule : waitTime=-1
2015-08-20 16:26:17(pid=2251,tid=1) : FetchOp (D) : requestFetchOperation
2015-08-20 16:26:18(pid=2251,tid=13992) : FetchOp.Manager (D) : executeFetchOp(isFetchLongPollingLastConnection=true)
2015-08-20 16:26:18(pid=2251,tid=1) : FetchOp.Scheduler (D) : [# onConnected] lastConnectedTime=16:26:17, lastDisconnectedTime=null, currentTime=16:26:18
2015-08-20 16:26:18(pid=2251,tid=1) : FetchOp.Scheduler (D) : calcAndSetNextSchedule : waitTime=-1
2015-08-20 16:26:18(pid=2251,tid=1) : FetchOp (D) : requestFetchOperation
2015-08-20 16:26:18(pid=2251,tid=13983) : FetchOp.Manager (D) : fetchOp is running.
2015-08-20 16:26:19(pid=2251,tid=13984) : FetchOp.Manager (D) : failed fetchOp.TalkException(code:NOT_AUTHORIZED_DEVICE, reason:Auth Failed, parameterMap:{SUB_ERROR_CODE=DEVICE_LOSE})
2015-08-20 16:26:19(pid=2251,tid=13984) : FetchOp.Scheduler (D) : [# onFailedFetchOp] : exception=class jp.naver.talk.protocol.thriftv1.TalkException,null
2015-08-20 16:26:19(pid=2251,tid=13984) : FetchOp.Scheduler (D) : setNextSchedule : nextSchedule=16:26:20
2015-08-20 16:26:21(pid=2251,tid=1) : FetchOp.Scheduler (D) : [# receive alarm]
2015-08-20 16:26:21(pid=2251,tid=1) : FetchOp (D) : requestFetchOperation
2015-08-20 16:26:21(pid=2251,tid=13994) : FetchOp.Manager (D) : executeFetchOp(isFetchLongPollingLastConnection=true)
2015-08-20 16:26:21(pid=2251,tid=1) : FetchOp.Scheduler (D) : [# onConnected] lastConnectedTime=16:26:18, lastDisconnectedTime=null, currentTime=16:26:21
2015-08-20 16:26:21(pid=2251,tid=1) : FetchOp.Scheduler (D) : calcAndSetNextSchedule : waitTime=-1
2015-08-20 16:26:21(pid=2251,tid=1) : FetchOp (D) : requestFetchOperation
2015-08-20 16:26:21(pid=2251,tid=13990) : FetchOp.Manager (D) : fetchOp is running.
2015-08-20 16:26:22(pid=2251,tid=1) : FetchOp.Scheduler (D) : [# onConnected] lastConnectedTime=16:26:21, lastDisconnectedTime=null, currentTime=16:26:22
2015-08-20 16:26:22(pid=2251,tid=1) : FetchOp.Scheduler (D) : calcAndSetNextSchedule : waitTime=-1
2015-08-20 16:26:22(pid=2251,tid=1) : FetchOp (D) : requestFetchOperation
2015-08-20 16:26:22(pid=2251,tid=13994) : FetchOp.Manager (D) : fetchOp is running.
2015-08-20 16:26:22(pid=2251,tid=1) : FetchOp.Scheduler (D) : [# onConnected] lastConnectedTime=16:26:22, lastDisconnectedTime=null, currentTime=16:26:22
2015-08-20 16:26:22(pid=2251,tid=1) : FetchOp.Scheduler (D) : calcAndSetNextSchedule : waitTime=-1
2015-08-20 16:26:22(pid=2251,tid=1) : FetchOp (D) : requestFetchOperation
2015-08-20 16:26:22(pid=2251,tid=13992) : FetchOp.Manager (D) : fetchOp is running.
2015-08-20 16:26:23(pid=2251,tid=13977) : FetchOp.Manager (D) : failed fetchOp.jp.naver.line.android.thrift.TTransportResetConnectionException: jp.naver.line.android.legy.LegyResetConnectionException
2015-08-20 16:26:23(pid=2251,tid=13977) : FetchOp.Scheduler (D) : [# onFailedFetchOp] : exception=class jp.naver.line.android.thrift.TTransportResetConnectionException,jp.naver.line.android.legy.LegyResetConnectionException
2015-08-20 16:26:23(pid=2251,tid=13977) : FetchOp.Scheduler (D) : FetchOp was not available.
2015-08-20 16:31:18(pid=2251,tid=1) : FetchOp.Scheduler (D) : [# onConnected] lastConnectedTime=16:26:22, lastDisconnectedTime=null, currentTime=16:31:18
2015-08-20 16:31:18(pid=2251,tid=1) : FetchOp.Scheduler (D) : FetchOp was not available.
2015-08-20 16:31:19(pid=2251,tid=1) : FetchOp.Scheduler (D) : [# onConnected] lastConnectedTime=16:31:18, lastDisconnectedTime=null, currentTime=16:31:19
2015-08-20 16:31:19(pid=2251,tid=1) : FetchOp.Scheduler (D) : FetchOp was not available.
2015-08-20 16:31:23(pid=2251,tid=1) : FetchOp.Scheduler (D) : [# onConnected] lastConnectedTime=16:31:19, lastDisconnectedTime=null, currentTime=16:31:23
2015-08-20 16:31:23(pid=2251,tid=1) : FetchOp.Scheduler (D) : FetchOp was not available.
2015-08-20 16:31:23(pid=2251,tid=1) : FetchOp.Scheduler (D) : [# onConnected] lastConnectedTime=16:31:23, lastDisconnectedTime=null, currentTime=16:31:23
2015-08-20 16:31:23(pid=2251,tid=1) : FetchOp.Scheduler (D) : FetchOp was not available.
2015-08-20 16:31:24(pid=2251,tid=1) : FetchOp.Scheduler (D) : [# onConnected] lastConnectedTime=16:31:23, lastDisconnectedTime=null, currentTime=16:31:24
2015-08-20 16:31:24(pid=2251,tid=1) : FetchOp.Scheduler (D) : FetchOp was not available.
2015-08-20 16:41:17(pid=2251,tid=1) : FetchOp.Scheduler (D) : [# onConnected] lastConnectedTime=16:31:24, lastDisconnectedTime=null, currentTime=16:41:17
2015-08-20 16:41:17(pid=2251,tid=1) : FetchOp.Scheduler (D) : FetchOp was not available.
2015-08-20 16:41:18(pid=2251,tid=1) : FetchOp.Scheduler (D) : [# onConnected] lastConnectedTime=16:41:17, lastDisconnectedTime=null, currentTime=16:41:18
2015-08-20 16:41:18(pid=2251,tid=1) : FetchOp.Scheduler (D) : FetchOp was not available.
2015-08-20 16:41:23(pid=2251,tid=1) : FetchOp.Scheduler (D) : [# onConnected] lastConnectedTime=16:41:18, lastDisconnectedTime=null, currentTime=16:41:23
2015-08-20 16:41:23(pid=2251,tid=1) : FetchOp.Scheduler (D) : FetchOp was not available.
2015-08-20 16:41:24(pid=2251,tid=1) : FetchOp.Scheduler (D) : [# onConnected] lastConnectedTime=16:41:23, lastDisconnectedTime=null, currentTime=16:41:24
2015-08-20 16:41:24(pid=2251,tid=1) : FetchOp.Scheduler (D) : FetchOp was not available.
2015-08-20 16:41:24(pid=2251,tid=1) : FetchOp.Scheduler (D) : [# onConnected] lastConnectedTime=16:41:24, lastDisconnectedTime=null, currentTime=16:41:24
2015-08-20 16:41:24(pid=2251,tid=1) : FetchOp.Scheduler (D) : FetchOp was not available.
2015-08-20 16:46:54(pid=2251,tid=1) : FetchOp.Scheduler (D) : [# onReceivedSleepOffBroadcast]
2015-08-20 16:46:54(pid=2251,tid=1) : FetchOp.Scheduler (D) : FetchOp was not available.
2015-08-20 16:47:17(pid=2251,tid=13994) : FetchOp.Scheduler (D) : [# receive broadcast(USER_PRESENT)]
2015-08-20 16:47:17(pid=2251,tid=13994) : FetchOp.Scheduler (D) : FetchOp was not available.
2015-08-20 17:11:17(pid=2251,tid=1) : FetchOp.Scheduler (D) : [# onConnected] lastConnectedTime=16:41:24, lastDisconnectedTime=null, currentTime=17:11:17
2015-08-20 17:11:17(pid=2251,tid=1) : FetchOp.Scheduler (D) : FetchOp was not available.
2015-08-20 17:11:18(pid=2251,tid=1) : FetchOp.Scheduler (D) : [# onConnected] lastConnectedTime=17:11:17, lastDisconnectedTime=null, currentTime=17:11:18
2015-08-20 17:11:18(pid=2251,tid=1) : FetchOp.Scheduler (D) : FetchOp was not available.
2015-08-20 17:11:19(pid=2251,tid=1) : FetchOp.Scheduler (D) : [# onConnected] lastConnectedTime=17:11:18, lastDisconnectedTime=null, currentTime=17:11:19
2015-08-20 17:11:19(pid=2251,tid=1) : FetchOp.Scheduler (D) : FetchOp was not available.
2015-08-20 17:11:20(pid=2251,tid=1) : FetchOp.Scheduler (D) : [# onConnected] lastConnectedTime=17:11:19, lastDisconnectedTime=null, currentTime=17:11:20
2015-08-20 17:11:20(pid=2251,tid=1) : FetchOp.Scheduler (D) : FetchOp was not available.
2015-08-20 17:11:20(pid=2251,tid=1) : FetchOp.Scheduler (D) : [# onConnected] lastConnectedTime=17:11:20, lastDisconnectedTime=null, currentTime=17:11:20
2015-08-20 17:11:20(pid=2251,tid=1) : FetchOp.Scheduler (D) : FetchOp was not available.
2015-08-20 17:41:17(pid=2251,tid=1) : FetchOp.Scheduler (D) : [# onConnected] lastConnectedTime=17:11:20, lastDisconnectedTime=null, currentTime=17:41:17
2015-08-20 17:41:17(pid=2251,tid=1) : FetchOp.Scheduler (D) : FetchOp was not available.
2015-08-20 17:41:18(pid=2251,tid=1) : FetchOp.Scheduler (D) : [# onConnected] lastConnectedTime=17:41:17, lastDisconnectedTime=null, currentTime=17:41:18
2015-08-20 17:41:18(pid=2251,tid=1) : FetchOp.Scheduler (D) : FetchOp was not available.
2015-08-20 17:41:23(pid=2251,tid=1) : FetchOp.Scheduler (D) : [# onConnected] lastConnectedTime=17:41:18, lastDisconnectedTime=null, currentTime=17:41:23
2015-08-20 17:41:23(pid=2251,tid=1) : FetchOp.Scheduler (D) : FetchOp was not available.
2015-08-20 17:41:23(pid=2251,tid=1) : FetchOp.Scheduler (D) : [# onConnected] lastConnectedTime=17:41:23, lastDisconnectedTime=null, currentTime=17:41:23
2015-08-20 17:41:23(pid=2251,tid=1) : FetchOp.Scheduler (D) : FetchOp was not available.
2015-08-20 17:41:24(pid=2251,tid=1) : FetchOp.Scheduler (D) : [# onConnected] lastConnectedTime=17:41:23, lastDisconnectedTime=null, currentTime=17:41:24
2015-08-20 17:41:24(pid=2251,tid=1) : FetchOp.Scheduler (D) : FetchOp was not available.
2015-08-20 17:51:27(pid=2251,tid=1) : FetchOp.Scheduler (D) : [# onReceivedSleepOffBroadcast]
2015-08-20 17:51:27(pid=2251,tid=1) : FetchOp.Scheduler (D) : FetchOp was not available.
2015-08-20 17:58:57(pid=2251,tid=1) : FetchOp.Scheduler (D) : [# onConnected] lastConnectedTime=17:41:24, lastDisconnectedTime=null, currentTime=17:58:57
2015-08-20 17:58:57(pid=2251,tid=1) : FetchOp.Scheduler (D) : FetchOp was not available.
2015-08-20 17:58:58(pid=2251,tid=1) : FetchOp.Scheduler (D) : [# onConnected] lastConnectedTime=17:58:57, lastDisconnectedTime=null, currentTime=17:58:58
2015-08-20 17:58:58(pid=2251,tid=1) : FetchOp.Scheduler (D) : FetchOp was not available.
2015-08-20 17:59:02(pid=2251,tid=1) : FetchOp.Scheduler (D) : [# onConnected] lastConnectedTime=17:58:58, lastDisconnectedTime=null, currentTime=17:59:02
2015-08-20 17:59:02(pid=2251,tid=1) : FetchOp.Scheduler (D) : FetchOp was not available.
2015-08-20 17:59:02(pid=2251,tid=1) : FetchOp.Scheduler (D) : [# onConnected] lastConnectedTime=17:59:02, lastDisconnectedTime=null, currentTime=17:59:02
2015-08-20 17:59:02(pid=2251,tid=1) : FetchOp.Scheduler (D) : FetchOp was not available.
2015-08-20 17:59:03(pid=2251,tid=1) : FetchOp.Scheduler (D) : [# onConnected] lastConnectedTime=17:59:02, lastDisconnectedTime=null, currentTime=17:59:03
2015-08-20 17:59:03(pid=2251,tid=1) : FetchOp.Scheduler (D) : FetchOp was not available.
