2015-08-17 15:26:31(pid=6904,tid=1) : FetchOp.Scheduler (D) : [# onConnected] lastConnectedTime=null, lastDisconnectedTime=null, currentTime=15:26:31
2015-08-17 15:26:31(pid=6904,tid=1) : FetchOp.PollingChecker (D) : FetchOperationPollingStateChecker#isActiveLine: isScreenOn=true, isForeground=false, PushDialog.activeFlag=false, VoipInfo.isOnCalling=false
2015-08-17 15:26:31(pid=6904,tid=1) : FetchOp.Scheduler (D) : calcAndSetNextSchedule : waitTime=2040000
2015-08-17 15:26:31(pid=6904,tid=1) : FetchOp.Scheduler (D) : setNextSchedule : nextSchedule=16:00:31
2015-08-17 15:26:36(pid=6904,tid=601) : FetchOp.Scheduler (D) : [# receive broadcast(USER_PRESENT)]
2015-08-17 15:26:40(pid=6904,tid=1) : FetchOp.Scheduler (D) : [# onConnected] lastConnectedTime=15:26:31, lastDisconnectedTime=null, currentTime=15:26:40
2015-08-17 15:26:40(pid=6904,tid=1) : FetchOp.PollingChecker (D) : FetchOperationPollingStateChecker#isActiveLine: isScreenOn=true, isForeground=false, PushDialog.activeFlag=false, VoipInfo.isOnCalling=false
2015-08-17 15:26:40(pid=6904,tid=1) : FetchOp.Scheduler (D) : calcAndSetNextSchedule : waitTime=1860000
2015-08-17 15:26:40(pid=6904,tid=1) : FetchOp.Scheduler (D) : setNextSchedule : nextSchedule=15:57:40
2015-08-17 15:26:40(pid=6904,tid=1) : FetchOp.Scheduler (D) : [# onConnected] lastConnectedTime=15:26:40, lastDisconnectedTime=null, currentTime=15:26:40
2015-08-17 15:26:40(pid=6904,tid=1) : FetchOp.PollingChecker (D) : FetchOperationPollingStateChecker#isActiveLine: isScreenOn=true, isForeground=false, PushDialog.activeFlag=false, VoipInfo.isOnCalling=false
2015-08-17 15:26:40(pid=6904,tid=1) : FetchOp.Scheduler (D) : calcAndSetNextSchedule : waitTime=1980000
2015-08-17 15:26:40(pid=6904,tid=1) : FetchOp.Scheduler (D) : setNextSchedule : wait last schedule.(lastSchedule=15:57:40)
2015-08-17 15:26:41(pid=6904,tid=1) : FetchOp.Scheduler (D) : [# onConnected] lastConnectedTime=15:26:40, lastDisconnectedTime=null, currentTime=15:26:41
2015-08-17 15:26:41(pid=6904,tid=1) : FetchOp.PollingChecker (D) : FetchOperationPollingStateChecker#isActiveLine: isScreenOn=true, isForeground=false, PushDialog.activeFlag=false, VoipInfo.isOnCalling=false
2015-08-17 15:26:41(pid=6904,tid=1) : FetchOp.Scheduler (D) : calcAndSetNextSchedule : waitTime=1920000
2015-08-17 15:26:41(pid=6904,tid=1) : FetchOp.Scheduler (D) : setNextSchedule : wait last schedule.(lastSchedule=15:57:40)
2015-08-17 15:26:41(pid=6904,tid=1) : FetchOp.Scheduler (D) : [# onConnected] lastConnectedTime=15:26:41, lastDisconnectedTime=null, currentTime=15:26:41
2015-08-17 15:26:41(pid=6904,tid=1) : FetchOp.Scheduler (D) : calcAndSetNextSchedule : waitTime=-1
2015-08-17 15:26:41(pid=6904,tid=1) : FetchOp (D) : requestFetchOperation
2015-08-17 15:26:41(pid=6904,tid=605) : FetchOp.Manager (D) : executeFetchOp(isFetchLongPollingLastConnection=true)
2015-08-17 15:26:42(pid=6904,tid=606) : FetchOp.Manager (D) : failed fetchOp.jp.naver.line.android.thrift.TTransportResetConnectionException: jp.naver.line.android.legy.LegyResetConnectionException
2015-08-17 15:26:42(pid=6904,tid=606) : FetchOp.Scheduler (D) : [# onFailedFetchOp] : exception=class jp.naver.line.android.thrift.TTransportResetConnectionException,jp.naver.line.android.legy.LegyResetConnectionException
2015-08-17 15:26:42(pid=6904,tid=606) : FetchOp.Scheduler (D) : setNextSchedule : nextSchedule=15:26:43
2015-08-17 15:26:42(pid=6904,tid=1) : FetchOp.Scheduler (D) : [# onConnected] lastConnectedTime=15:26:41, lastDisconnectedTime=null, currentTime=15:26:42
2015-08-17 15:26:42(pid=6904,tid=1) : FetchOp (D) : requestFetchOperation
2015-08-17 15:26:42(pid=6904,tid=588) : FetchOp.Manager (D) : executeFetchOp(isFetchLongPollingLastConnection=true)
2015-08-17 15:26:42(pid=6904,tid=608) : FetchOp.Manager (D) : failed fetchOp.jp.naver.line.android.thrift.TTransportResetConnectionException: jp.naver.line.android.legy.LegyResetConnectionException
2015-08-17 15:26:42(pid=6904,tid=608) : FetchOp.Scheduler (D) : [# onFailedFetchOp] : exception=class jp.naver.line.android.thrift.TTransportResetConnectionException,jp.naver.line.android.legy.LegyResetConnectionException
2015-08-17 15:26:42(pid=6904,tid=608) : FetchOp.Scheduler (D) : FetchOp was not available.
2015-08-17 15:54:17(pid=11656,tid=900) : FetchOp.Scheduler (D) : [# requestNow]
2015-08-17 15:54:17(pid=11656,tid=900) : FetchOp.Scheduler (D) : FetchOp was not available.
2015-08-17 15:54:17(pid=11656,tid=1) : FetchOp.Scheduler (D) : [# onConnected] lastConnectedTime=null, lastDisconnectedTime=null, currentTime=15:54:17
2015-08-17 15:54:17(pid=11656,tid=1) : FetchOp.Scheduler (D) : FetchOp was not available.
2015-08-17 15:54:19(pid=11656,tid=1) : FetchOp.Scheduler (D) : [# onConnected] lastConnectedTime=15:54:17, lastDisconnectedTime=null, currentTime=15:54:19
2015-08-17 15:54:19(pid=11656,tid=1) : FetchOp.Scheduler (D) : FetchOp was not available.
2015-08-17 15:54:20(pid=11656,tid=1) : FetchOp.Scheduler (D) : [# onConnected] lastConnectedTime=15:54:19, lastDisconnectedTime=null, currentTime=15:54:20
2015-08-17 15:54:20(pid=11656,tid=1) : FetchOp.Scheduler (D) : FetchOp was not available.
2015-08-17 15:54:20(pid=11656,tid=1) : FetchOp.Scheduler (D) : [# onConnected] lastConnectedTime=15:54:20, lastDisconnectedTime=null, currentTime=15:54:20
2015-08-17 15:54:20(pid=11656,tid=1) : FetchOp.Scheduler (D) : FetchOp was not available.
2015-08-17 16:09:11(pid=11656,tid=1) : FetchOp.Scheduler (D) : [# onConnected] lastConnectedTime=15:54:20, lastDisconnectedTime=null, currentTime=16:09:11
2015-08-17 16:09:11(pid=11656,tid=1) : FetchOp.Scheduler (D) : FetchOp was not available.
2015-08-17 16:09:12(pid=11656,tid=1) : FetchOp.Scheduler (D) : [# onConnected] lastConnectedTime=16:09:11, lastDisconnectedTime=null, currentTime=16:09:12
2015-08-17 16:09:12(pid=11656,tid=1) : FetchOp.Scheduler (D) : FetchOp was not available.
2015-08-17 16:09:17(pid=11656,tid=1) : FetchOp.Scheduler (D) : [# onConnected] lastConnectedTime=16:09:12, lastDisconnectedTime=null, currentTime=16:09:17
2015-08-17 16:09:17(pid=11656,tid=1) : FetchOp.Scheduler (D) : FetchOp was not available.
2015-08-17 16:09:18(pid=11656,tid=1) : FetchOp.Scheduler (D) : [# onConnected] lastConnectedTime=16:09:17, lastDisconnectedTime=null, currentTime=16:09:18
2015-08-17 16:09:18(pid=11656,tid=1) : FetchOp.Scheduler (D) : FetchOp was not available.
2015-08-17 16:09:18(pid=11656,tid=1) : FetchOp.Scheduler (D) : [# onConnected] lastConnectedTime=16:09:18, lastDisconnectedTime=null, currentTime=16:09:18
2015-08-17 16:09:18(pid=11656,tid=1) : FetchOp.Scheduler (D) : FetchOp was not available.
2015-08-17 16:10:13(pid=11656,tid=1) : FetchOp.Scheduler (D) : [# onConnected] lastConnectedTime=16:09:18, lastDisconnectedTime=null, currentTime=16:10:13
2015-08-17 16:10:13(pid=11656,tid=1) : FetchOp.Scheduler (D) : FetchOp was not available.
2015-08-17 16:10:14(pid=11656,tid=1) : FetchOp.Scheduler (D) : [# onConnected] lastConnectedTime=16:10:13, lastDisconnectedTime=null, currentTime=16:10:14
2015-08-17 16:10:14(pid=11656,tid=1) : FetchOp.Scheduler (D) : FetchOp was not available.
2015-08-17 16:19:08(pid=11656,tid=1) : FetchOp.Scheduler (D) : [# onReceivedSleepOffBroadcast]
2015-08-17 16:19:08(pid=11656,tid=1) : FetchOp.Scheduler (D) : FetchOp was not available.
2015-08-17 16:36:46(pid=11656,tid=1) : FetchOp.Scheduler (D) : [# onConnected] lastConnectedTime=16:10:14, lastDisconnectedTime=null, currentTime=16:36:46
2015-08-17 16:36:46(pid=11656,tid=1) : FetchOp.Scheduler (D) : FetchOp was not available.
2015-08-17 16:36:47(pid=11656,tid=1) : FetchOp.Scheduler (D) : [# onConnected] lastConnectedTime=16:36:46, lastDisconnectedTime=null, currentTime=16:36:47
2015-08-17 16:36:47(pid=11656,tid=1) : FetchOp.Scheduler (D) : FetchOp was not available.
2015-08-17 16:36:47(pid=11656,tid=1) : FetchOp.Scheduler (D) : [# onConnected] lastConnectedTime=16:36:47, lastDisconnectedTime=null, currentTime=16:36:47
2015-08-17 16:36:47(pid=11656,tid=1) : FetchOp.Scheduler (D) : FetchOp was not available.
2015-08-17 16:51:25(pid=11656,tid=1) : FetchOp.Scheduler (D) : [# onConnected] lastConnectedTime=16:36:47, lastDisconnectedTime=null, currentTime=16:51:25
2015-08-17 16:51:25(pid=11656,tid=1) : FetchOp.Scheduler (D) : FetchOp was not available.
2015-08-17 16:51:26(pid=11656,tid=1) : FetchOp.Scheduler (D) : [# onConnected] lastConnectedTime=16:51:25, lastDisconnectedTime=null, currentTime=16:51:26
2015-08-17 16:51:26(pid=11656,tid=1) : FetchOp.Scheduler (D) : FetchOp was not available.
2015-08-17 16:51:30(pid=11656,tid=1) : FetchOp.Scheduler (D) : [# onConnected] lastConnectedTime=16:51:26, lastDisconnectedTime=null, currentTime=16:51:30
2015-08-17 16:51:30(pid=11656,tid=1) : FetchOp.Scheduler (D) : FetchOp was not available.
2015-08-17 16:51:31(pid=11656,tid=1) : FetchOp.Scheduler (D) : [# onConnected] lastConnectedTime=16:51:30, lastDisconnectedTime=null, currentTime=16:51:31
2015-08-17 16:51:31(pid=11656,tid=1) : FetchOp.Scheduler (D) : FetchOp was not available.
2015-08-17 16:51:31(pid=11656,tid=1) : FetchOp.Scheduler (D) : [# onConnected] lastConnectedTime=16:51:31, lastDisconnectedTime=null, currentTime=16:51:31
2015-08-17 16:51:31(pid=11656,tid=1) : FetchOp.Scheduler (D) : FetchOp was not available.
2015-08-17 17:06:25(pid=11656,tid=1) : FetchOp.Scheduler (D) : [# onConnected] lastConnectedTime=16:51:31, lastDisconnectedTime=null, currentTime=17:06:25
2015-08-17 17:06:25(pid=11656,tid=1) : FetchOp.Scheduler (D) : FetchOp was not available.
2015-08-17 17:06:25(pid=11656,tid=1) : FetchOp.Scheduler (D) : [# onConnected] lastConnectedTime=17:06:25, lastDisconnectedTime=null, currentTime=17:06:25
2015-08-17 17:06:25(pid=11656,tid=1) : FetchOp.Scheduler (D) : FetchOp was not available.
2015-08-17 17:06:30(pid=11656,tid=1) : FetchOp.Scheduler (D) : [# onConnected] lastConnectedTime=17:06:25, lastDisconnectedTime=null, currentTime=17:06:30
2015-08-17 17:06:30(pid=11656,tid=1) : FetchOp.Scheduler (D) : FetchOp was not available.
2015-08-17 17:06:30(pid=11656,tid=1) : FetchOp.Scheduler (D) : [# onConnected] lastConnectedTime=17:06:30, lastDisconnectedTime=null, currentTime=17:06:30
2015-08-17 17:06:30(pid=11656,tid=1) : FetchOp.Scheduler (D) : FetchOp was not available.
2015-08-17 17:06:31(pid=11656,tid=1) : FetchOp.Scheduler (D) : [# onConnected] lastConnectedTime=17:06:30, lastDisconnectedTime=null, currentTime=17:06:31
2015-08-17 17:06:31(pid=11656,tid=1) : FetchOp.Scheduler (D) : FetchOp was not available.
2015-08-17 17:21:25(pid=11656,tid=1) : FetchOp.Scheduler (D) : [# onConnected] lastConnectedTime=17:06:31, lastDisconnectedTime=null, currentTime=17:21:25
2015-08-17 17:21:25(pid=11656,tid=1) : FetchOp.Scheduler (D) : FetchOp was not available.
2015-08-17 17:21:26(pid=11656,tid=1) : FetchOp.Scheduler (D) : [# onConnected] lastConnectedTime=17:21:25, lastDisconnectedTime=null, currentTime=17:21:26
2015-08-17 17:21:26(pid=11656,tid=1) : FetchOp.Scheduler (D) : FetchOp was not available.
2015-08-17 17:21:31(pid=11656,tid=1) : FetchOp.Scheduler (D) : [# onConnected] lastConnectedTime=17:21:26, lastDisconnectedTime=null, currentTime=17:21:31
2015-08-17 17:21:31(pid=11656,tid=1) : FetchOp.Scheduler (D) : FetchOp was not available.
2015-08-17 17:21:32(pid=11656,tid=1) : FetchOp.Scheduler (D) : [# onConnected] lastConnectedTime=17:21:31, lastDisconnectedTime=null, currentTime=17:21:32
2015-08-17 17:21:32(pid=11656,tid=1) : FetchOp.Scheduler (D) : FetchOp was not available.
2015-08-17 17:21:32(pid=11656,tid=1) : FetchOp.Scheduler (D) : [# onConnected] lastConnectedTime=17:21:32, lastDisconnectedTime=null, currentTime=17:21:32
2015-08-17 17:21:32(pid=11656,tid=1) : FetchOp.Scheduler (D) : FetchOp was not available.
2015-08-17 17:46:25(pid=11656,tid=1) : FetchOp.Scheduler (D) : [# onConnected] lastConnectedTime=17:21:32, lastDisconnectedTime=null, currentTime=17:46:25
2015-08-17 17:46:25(pid=11656,tid=1) : FetchOp.Scheduler (D) : FetchOp was not available.
2015-08-17 17:46:25(pid=11656,tid=1) : FetchOp.Scheduler (D) : [# onConnected] lastConnectedTime=17:46:25, lastDisconnectedTime=null, currentTime=17:46:25
2015-08-17 17:46:25(pid=11656,tid=1) : FetchOp.Scheduler (D) : FetchOp was not available.
2015-08-17 17:46:31(pid=11656,tid=1) : FetchOp.Scheduler (D) : [# onConnected] lastConnectedTime=17:46:25, lastDisconnectedTime=null, currentTime=17:46:31
2015-08-17 17:46:31(pid=11656,tid=1) : FetchOp.Scheduler (D) : FetchOp was not available.
2015-08-17 17:46:32(pid=11656,tid=1) : FetchOp.Scheduler (D) : [# onConnected] lastConnectedTime=17:46:31, lastDisconnectedTime=null, currentTime=17:46:32
2015-08-17 17:46:32(pid=11656,tid=1) : FetchOp.Scheduler (D) : FetchOp was not available.
2015-08-17 17:46:33(pid=11656,tid=1) : FetchOp.Scheduler (D) : [# onConnected] lastConnectedTime=17:46:32, lastDisconnectedTime=null, currentTime=17:46:33
2015-08-17 17:46:33(pid=11656,tid=1) : FetchOp.Scheduler (D) : FetchOp was not available.
2015-08-17 18:06:29(pid=23544,tid=1170) : FetchOp.Scheduler (D) : [# requestNow]
2015-08-17 18:06:29(pid=23544,tid=1170) : FetchOp.Scheduler (D) : FetchOp was not available.
2015-08-17 18:06:29(pid=23544,tid=1) : FetchOp.Scheduler (D) : [# onConnected] lastConnectedTime=null, lastDisconnectedTime=null, currentTime=18:06:29
2015-08-17 18:06:29(pid=23544,tid=1) : FetchOp.Scheduler (D) : FetchOp was not available.
2015-08-17 18:06:32(pid=23544,tid=1) : FetchOp.Scheduler (D) : [# onConnected] lastConnectedTime=18:06:29, lastDisconnectedTime=null, currentTime=18:06:32
2015-08-17 18:06:32(pid=23544,tid=1) : FetchOp.Scheduler (D) : FetchOp was not available.
2015-08-17 18:06:32(pid=23544,tid=1) : FetchOp.Scheduler (D) : [# onConnected] lastConnectedTime=18:06:32, lastDisconnectedTime=null, currentTime=18:06:32
2015-08-17 18:06:32(pid=23544,tid=1) : FetchOp.Scheduler (D) : FetchOp was not available.
2015-08-17 18:06:33(pid=23544,tid=1) : FetchOp.Scheduler (D) : [# onConnected] lastConnectedTime=18:06:32, lastDisconnectedTime=null, currentTime=18:06:33
2015-08-17 18:06:33(pid=23544,tid=1) : FetchOp.Scheduler (D) : FetchOp was not available.
2015-08-17 18:16:24(pid=23544,tid=1) : FetchOp.Scheduler (D) : [# onConnected] lastConnectedTime=18:06:33, lastDisconnectedTime=null, currentTime=18:16:24
2015-08-17 18:16:24(pid=23544,tid=1) : FetchOp.Scheduler (D) : FetchOp was not available.
2015-08-17 18:26:06(pid=23544,tid=1) : FetchOp.Scheduler (D) : [# onConnected] lastConnectedTime=18:16:24, lastDisconnectedTime=null, currentTime=18:26:06
2015-08-17 18:26:06(pid=23544,tid=1) : FetchOp.Scheduler (D) : FetchOp was not available.
2015-08-17 19:00:03(pid=23544,tid=1184) : FetchOp.Scheduler (D) : [# receive broadcast(USER_PRESENT)]
2015-08-17 19:00:03(pid=23544,tid=1184) : FetchOp.Scheduler (D) : FetchOp was not available.
2015-08-17 19:00:08(pid=23544,tid=1) : FetchOp.Scheduler (D) : [# onConnected] lastConnectedTime=18:26:06, lastDisconnectedTime=null, currentTime=19:00:08
2015-08-17 19:00:08(pid=23544,tid=1) : FetchOp.Scheduler (D) : FetchOp was not available.
2015-08-17 19:00:09(pid=23544,tid=1) : FetchOp.Scheduler (D) : [# onConnected] lastConnectedTime=19:00:08, lastDisconnectedTime=null, currentTime=19:00:09
2015-08-17 19:00:09(pid=23544,tid=1) : FetchOp.Scheduler (D) : FetchOp was not available.
2015-08-17 19:09:39(pid=27690,tid=1386) : FetchOp.Scheduler (D) : [# requestNow]
2015-08-17 19:09:39(pid=27690,tid=1386) : FetchOp.Scheduler (D) : FetchOp was not available.
2015-08-17 19:12:13(pid=29304,tid=1470) : FetchOp.Scheduler (D) : [# requestNow]
2015-08-17 19:12:13(pid=29304,tid=1470) : FetchOp.Scheduler (D) : FetchOp was not available.
2015-08-17 19:12:47(pid=29913,tid=1524) : FetchOp.Scheduler (D) : [# requestNow]
2015-08-17 19:12:47(pid=29913,tid=1524) : FetchOp.Scheduler (D) : FetchOp was not available.
2015-08-17 19:14:03(pid=30957,tid=1602) : FetchOp.Scheduler (D) : [# requestNow]
2015-08-17 19:14:03(pid=30957,tid=1602) : FetchOp.Scheduler (D) : FetchOp was not available.
2015-08-17 19:17:09(pid=30957,tid=1) : FetchOp.Scheduler (D) : [# onConnected] lastConnectedTime=null, lastDisconnectedTime=null, currentTime=19:17:09
2015-08-17 19:17:09(pid=30957,tid=1) : FetchOp.Scheduler (D) : FetchOp was not available.
2015-08-17 19:17:09(pid=30957,tid=1) : FetchOp.Scheduler (D) : [# onConnected] lastConnectedTime=19:17:09, lastDisconnectedTime=null, currentTime=19:17:09
2015-08-17 19:17:09(pid=30957,tid=1) : FetchOp.Scheduler (D) : FetchOp was not available.
2015-08-17 19:17:24(pid=30957,tid=1) : FetchOp.Scheduler (D) : [# onConnected] lastConnectedTime=19:17:09, lastDisconnectedTime=null, currentTime=19:17:24
2015-08-17 19:17:24(pid=30957,tid=1) : FetchOp.Scheduler (D) : FetchOp was not available.
2015-08-17 19:17:24(pid=30957,tid=1) : FetchOp.Scheduler (D) : [# onConnected] lastConnectedTime=19:17:24, lastDisconnectedTime=null, currentTime=19:17:24
2015-08-17 19:17:24(pid=30957,tid=1) : FetchOp.Scheduler (D) : FetchOp was not available.
2015-08-17 19:17:25(pid=30957,tid=1) : FetchOp.Scheduler (D) : [# onConnected] lastConnectedTime=19:17:24, lastDisconnectedTime=null, currentTime=19:17:25
2015-08-17 19:17:25(pid=30957,tid=1) : FetchOp.Scheduler (D) : FetchOp was not available.
2015-08-17 19:17:26(pid=30957,tid=1) : FetchOp.Scheduler (D) : [# onConnected] lastConnectedTime=19:17:25, lastDisconnectedTime=null, currentTime=19:17:26
2015-08-17 19:17:26(pid=30957,tid=1) : FetchOp.Scheduler (D) : FetchOp was not available.
2015-08-17 19:17:26(pid=30957,tid=1) : FetchOp.Scheduler (D) : [# onConnected] lastConnectedTime=19:17:26, lastDisconnectedTime=null, currentTime=19:17:26
2015-08-17 19:17:26(pid=30957,tid=1) : FetchOp.Scheduler (D) : FetchOp was not available.
2015-08-17 19:17:42(pid=30957,tid=1) : FetchOp.Scheduler (D) : [# onConnected] lastConnectedTime=19:17:26, lastDisconnectedTime=null, currentTime=19:17:42
2015-08-17 19:17:42(pid=30957,tid=1) : FetchOp.Scheduler (D) : FetchOp was not available.
2015-08-17 19:17:43(pid=30957,tid=1) : FetchOp.Scheduler (D) : [# onConnected] lastConnectedTime=19:17:42, lastDisconnectedTime=null, currentTime=19:17:43
2015-08-17 19:17:43(pid=30957,tid=1) : FetchOp.Scheduler (D) : FetchOp was not available.
2015-08-17 19:17:43(pid=30957,tid=1) : FetchOp.Scheduler (D) : [# onConnected] lastConnectedTime=19:17:43, lastDisconnectedTime=null, currentTime=19:17:43
2015-08-17 19:17:43(pid=30957,tid=1) : FetchOp.Scheduler (D) : FetchOp was not available.
2015-08-17 19:17:44(pid=30957,tid=1) : FetchOp.Scheduler (D) : [# onConnected] lastConnectedTime=19:17:43, lastDisconnectedTime=null, currentTime=19:17:44
2015-08-17 19:17:44(pid=30957,tid=1) : FetchOp.Scheduler (D) : FetchOp was not available.
2015-08-17 19:17:44(pid=30957,tid=1) : FetchOp.Scheduler (D) : [# onConnected] lastConnectedTime=19:17:44, lastDisconnectedTime=null, currentTime=19:17:44
2015-08-17 19:17:44(pid=30957,tid=1) : FetchOp.Scheduler (D) : FetchOp was not available.
2015-08-17 19:17:59(pid=30957,tid=1) : FetchOp.Scheduler (D) : [# onConnected] lastConnectedTime=19:17:44, lastDisconnectedTime=null, currentTime=19:17:59
2015-08-17 19:17:59(pid=30957,tid=1) : FetchOp.Scheduler (D) : FetchOp was not available.
2015-08-17 19:18:00(pid=30957,tid=1) : FetchOp.Scheduler (D) : [# onConnected] lastConnectedTime=19:17:59, lastDisconnectedTime=null, currentTime=19:18:00
2015-08-17 19:18:00(pid=30957,tid=1) : FetchOp.Scheduler (D) : FetchOp was not available.
2015-08-17 19:18:00(pid=30957,tid=1) : FetchOp.Scheduler (D) : [# onConnected] lastConnectedTime=19:18:00, lastDisconnectedTime=null, currentTime=19:18:00
2015-08-17 19:18:00(pid=30957,tid=1) : FetchOp.Scheduler (D) : FetchOp was not available.
2015-08-17 19:18:28(pid=30957,tid=1) : FetchOp.Scheduler (D) : [# onConnected] lastConnectedTime=19:18:00, lastDisconnectedTime=null, currentTime=19:18:28
2015-08-17 19:18:28(pid=30957,tid=1) : FetchOp.Scheduler (D) : FetchOp was not available.
2015-08-17 19:18:28(pid=30957,tid=1) : FetchOp.Scheduler (D) : [# onConnected] lastConnectedTime=19:18:28, lastDisconnectedTime=null, currentTime=19:18:28
2015-08-17 19:18:28(pid=30957,tid=1) : FetchOp.Scheduler (D) : FetchOp was not available.
2015-08-17 19:18:44(pid=30957,tid=1) : FetchOp.Scheduler (D) : [# onConnected] lastConnectedTime=19:18:28, lastDisconnectedTime=null, currentTime=19:18:44
2015-08-17 19:18:44(pid=30957,tid=1) : FetchOp.Scheduler (D) : FetchOp was not available.
2015-08-17 19:18:45(pid=30957,tid=1) : FetchOp.Scheduler (D) : [# onConnected] lastConnectedTime=19:18:44, lastDisconnectedTime=null, currentTime=19:18:45
2015-08-17 19:18:45(pid=30957,tid=1) : FetchOp.Scheduler (D) : FetchOp was not available.
2015-08-17 19:18:45(pid=30957,tid=1) : FetchOp.Scheduler (D) : [# onConnected] lastConnectedTime=19:18:45, lastDisconnectedTime=null, currentTime=19:18:45
2015-08-17 19:18:45(pid=30957,tid=1) : FetchOp.Scheduler (D) : FetchOp was not available.
2015-08-17 19:19:17(pid=30957,tid=1) : FetchOp.Scheduler (D) : [# onConnected] lastConnectedTime=19:18:45, lastDisconnectedTime=null, currentTime=19:19:17
2015-08-17 19:19:17(pid=30957,tid=1) : FetchOp.Scheduler (D) : FetchOp was not available.
2015-08-17 19:19:18(pid=30957,tid=1) : FetchOp.Scheduler (D) : [# onConnected] lastConnectedTime=19:19:17, lastDisconnectedTime=null, currentTime=19:19:18
2015-08-17 19:19:18(pid=30957,tid=1) : FetchOp.Scheduler (D) : FetchOp was not available.
2015-08-17 19:20:50(pid=3684,tid=1767) : FetchOp.Scheduler (D) : [# requestNow]
2015-08-17 19:20:50(pid=3684,tid=1767) : FetchOp.Scheduler (D) : FetchOp was not available.
2015-08-17 19:22:40(pid=5118,tid=1849) : FetchOp.Scheduler (D) : [# requestNow]
2015-08-17 19:22:40(pid=5118,tid=1849) : FetchOp.Scheduler (D) : FetchOp was not available.
