2015-08-17 15:26:29(pid=6904,tid=1) : LineNotification (D) :    # System.onReceive.action=android.net.conn.CONNECTIVITY_CHANGE
2015-08-17 15:26:30(pid=6904,tid=1) : LineNotification (D) : #cc#  current   : null
2015-08-17 15:26:30(pid=6904,tid=1) : LineNotification (D) : #cc#  - receive : NETWORK_WIFI	 /networkState=CONNECTED	 /subType=WIFI	 /wifiInfo.SSID: "SG_QACenter", BSSID: 60:03:08:9d:9f:ea, Supplicant state: COMPLETED, RSSI: -57, Link speed: 72, Net ID: 2, Metered hint: false, mFrequency: 2412
2015-08-17 15:26:30(pid=6904,tid=1) : LineNotification (D) : #cc#  -- active : NETWORK_WIFI	 /networkState=CONNECTED	 /subType=WIFI	 /wifiInfo.SSID: "SG_QACenter", BSSID: 60:03:08:9d:9f:ea, Supplicant state: COMPLETED, RSSI: -57, Link speed: 72, Net ID: 2, Metered hint: false, mFrequency: 2412
2015-08-17 15:26:30(pid=6904,tid=1) : LineNotification (D) : #cc# @@ CONNECTED @@ .networkInfo = NETWORK_WIFI	 /networkState=CONNECTED	 /subType=WIFI	 /wifiInfo.SSID: "SG_QACenter", BSSID: 60:03:08:9d:9f:ea, Supplicant state: COMPLETED, RSSI: -57, Link speed: 72, Net ID: 2, Metered hint: false, mFrequency: 2412
2015-08-17 15:26:31(pid=6904,tid=1) : LineNotification (D) :    # System.onReceive.action=android.net.conn.CONNECTIVITY_CHANGE
2015-08-17 15:26:31(pid=6904,tid=1) : LineNotification (D) : #cc#  current   : NETWORK_WIFI	 /networkState=CONNECTED	 /subType=WIFI	 /wifiInfo.SSID: "SG_QACenter", BSSID: 60:03:08:9d:9f:ea, Supplicant state: COMPLETED, RSSI: -57, Link speed: 72, Net ID: 2, Metered hint: false, mFrequency: 2412
2015-08-17 15:26:31(pid=6904,tid=1) : LineNotification (D) : #cc#  - receive : NETWORK_4G	 /networkState=CONNECTED	 /subType=LTE
2015-08-17 15:26:31(pid=6904,tid=1) : LineNotification (D) : #cc#  -- active : NETWORK_WIFI	 /networkState=CONNECTED	 /subType=WIFI	 /wifiInfo.SSID: "SG_QACenter", BSSID: 60:03:08:9d:9f:ea, Supplicant state: COMPLETED, RSSI: -57, Link speed: 72, Net ID: 2, Metered hint: false, mFrequency: 2412
2015-08-17 15:26:31(pid=6904,tid=598) : PushManager (D) : @_@ checkNeedReigster.true - status = READY
2015-08-17 15:26:31(pid=6904,tid=598) : PushManager (D) : @_@ checkNeedReigster.true - status = READY
2015-08-17 15:26:31(pid=6904,tid=598) : PushManager (D) : @_@ setPriorityListAndRegister..push_priority=[GOOGLE_GCM]
2015-08-17 15:26:31(pid=6904,tid=600) : PushManager (D) : isAvailable = true / result = SERVICE_VERSION_UPDATE_REQUIRED
2015-08-17 15:26:36(pid=6904,tid=1) : LineNotification (D) :    # System.onReceive.action=android.intent.action.USER_PRESENT
2015-08-17 15:26:40(pid=6904,tid=1) : LineNotification (D) :    # System.onReceive.action=android.net.conn.CONNECTIVITY_CHANGE
2015-08-17 15:26:40(pid=6904,tid=1) : LineNotification (D) : #cc#  current   : NETWORK_WIFI	 /networkState=CONNECTED	 /subType=WIFI	 /wifiInfo.SSID: "SG_QACenter", BSSID: 60:03:08:9d:9f:ea, Supplicant state: COMPLETED, RSSI: -57, Link speed: 72, Net ID: 2, Metered hint: false, mFrequency: 2412
2015-08-17 15:26:40(pid=6904,tid=1) : LineNotification (D) : #cc#  - receive : NETWORK_4G	 /networkState=CONNECTED	 /subType=LTE
2015-08-17 15:26:40(pid=6904,tid=1) : LineNotification (D) : #cc#  -- active : NETWORK_WIFI	 /networkState=CONNECTED	 /subType=WIFI	 /wifiInfo.SSID: "SG_QACenter", BSSID: 60:03:08:9d:9f:ea, Supplicant state: COMPLETED, RSSI: -52, Link speed: 72, Net ID: 2, Metered hint: false, mFrequency: 2412
2015-08-17 15:26:40(pid=6904,tid=1) : LineNotification (D) :    # System.onReceive.action=android.net.conn.CONNECTIVITY_CHANGE
2015-08-17 15:26:40(pid=6904,tid=1) : LineNotification (D) : #cc#  current   : NETWORK_WIFI	 /networkState=CONNECTED	 /subType=WIFI	 /wifiInfo.SSID: "SG_QACenter", BSSID: 60:03:08:9d:9f:ea, Supplicant state: COMPLETED, RSSI: -57, Link speed: 72, Net ID: 2, Metered hint: false, mFrequency: 2412
2015-08-17 15:26:40(pid=6904,tid=1) : LineNotification (D) : #cc#  - receive : NETWORK_4G	 /networkState=DISCONNECTED	 /subType=LTE
2015-08-17 15:26:40(pid=6904,tid=1) : LineNotification (D) : #cc#  -- active : NETWORK_WIFI	 /networkState=CONNECTED	 /subType=WIFI	 /wifiInfo.SSID: "SG_QACenter", BSSID: 60:03:08:9d:9f:ea, Supplicant state: COMPLETED, RSSI: -52, Link speed: 72, Net ID: 2, Metered hint: false, mFrequency: 2412
2015-08-17 15:26:41(pid=6904,tid=1) : LineNotification (D) :    # System.onReceive.action=android.net.conn.CONNECTIVITY_CHANGE
2015-08-17 15:26:41(pid=6904,tid=1) : LineNotification (D) : #cc#  current   : NETWORK_WIFI	 /networkState=CONNECTED	 /subType=WIFI	 /wifiInfo.SSID: "SG_QACenter", BSSID: 60:03:08:9d:9f:ea, Supplicant state: COMPLETED, RSSI: -57, Link speed: 72, Net ID: 2, Metered hint: false, mFrequency: 2412
2015-08-17 15:26:41(pid=6904,tid=1) : LineNotification (D) : #cc#  - receive : NETWORK_WIFI	 /networkState=CONNECTED	 /subType=WIFI	 /wifiInfo.SSID: "SG_QACenter", BSSID: 60:03:08:9d:9f:ea, Supplicant state: COMPLETED, RSSI: -51, Link speed: 72, Net ID: 2, Metered hint: false, mFrequency: 2412
2015-08-17 15:26:41(pid=6904,tid=1) : LineNotification (D) : #cc#  -- active : NETWORK_WIFI	 /networkState=CONNECTED	 /subType=WIFI	 /wifiInfo.SSID: "SG_QACenter", BSSID: 60:03:08:9d:9f:ea, Supplicant state: COMPLETED, RSSI: -51, Link speed: 72, Net ID: 2, Metered hint: false, mFrequency: 2412
2015-08-17 15:26:41(pid=6904,tid=1) : GOOGLE_GCM (D) : __GCM onReceive.error = null /retryCnt=0 /token=APA91bGLLJrjHRLFE3L1baBwzpFilDiNgsMPPOIGUvn5Dku_97PlVDKB2kpr8kfg0i6_Q0kvVLisPrwKec8SDYg7Sy0YuLfm62R15PhkmVTQ_UG0lFuhUtbuhmGJU8UhIBHQY3OMnukqVC1xuQbRwCOGI-D2g7a7Ig
2015-08-17 15:26:41(pid=6904,tid=1) : BasePushReceiver (D) : -$$ BasePushReceiver.handleRegistration(): registration=GOOGLE_GCM:APA91bGLLJrjHRLFE3L1baBwzpFilDiNgsMPPOIGUvn5Dku_97PlVDKB2kpr8kfg0i6_Q0kvVLisPrwKec8SDYg7Sy0YuLfm62R15PhkmVTQ_UG0lFuhUtbuhmGJU8UhIBHQY3OMnukqVC1xuQbRwCOGI-D2g7a7Ig
2015-08-17 15:26:41(pid=6904,tid=1) : PushManager (D) : @_@ requestPushTokenUpdate.notiType=GOOGLE_GCM / pushToken=APA91bGLLJrjHRLFE3L1baBwzpFilDiNgsMPPOIGUvn5Dku_97PlVDKB2kpr8kfg0i6_Q0kvVLisPrwKec8SDYg7Sy0YuLfm62R15PhkmVTQ_UG0lFuhUtbuhmGJU8UhIBHQY3OMnukqVC1xuQbRwCOGI-D2g7a7Ig
2015-08-17 15:26:41(pid=6904,tid=1) : TokenProxy (D) :  @TokenProxy.updateToken.type=GOOGLE_GCM /token=APA91bGLLJrjHRLFE3L1baBwzpFilDiNgsMPPOIGUvn5Dku_97PlVDKB2kpr8kfg0i6_Q0kvVLisPrwKec8SDYg7Sy0YuLfm62R15PhkmVTQ_UG0lFuhUtbuhmGJU8UhIBHQY3OMnukqVC1xuQbRwCOGI-D2g7a7Ig /tryCnt=0 /retryInterval=100
2015-08-17 15:26:41(pid=6904,tid=1) : LineNotification (D) :    # System.onReceive.action=android.net.conn.CONNECTIVITY_CHANGE
2015-08-17 15:26:41(pid=6904,tid=1) : LineNotification (D) : #cc#  current   : NETWORK_WIFI	 /networkState=CONNECTED	 /subType=WIFI	 /wifiInfo.SSID: "SG_QACenter", BSSID: 60:03:08:9d:9f:ea, Supplicant state: COMPLETED, RSSI: -57, Link speed: 72, Net ID: 2, Metered hint: false, mFrequency: 2412
2015-08-17 15:26:41(pid=6904,tid=1) : LineNotification (D) : #cc#  - receive : NETWORK_4G	 /networkState=DISCONNECTED	 /subType=LTE
2015-08-17 15:26:41(pid=6904,tid=1) : LineNotification (D) : #cc#  -- active : NETWORK_WIFI	 /networkState=CONNECTED	 /subType=WIFI	 /wifiInfo.SSID: "SG_QACenter", BSSID: 60:03:08:9d:9f:ea, Supplicant state: COMPLETED, RSSI: -51, Link speed: 72, Net ID: 2, Metered hint: false, mFrequency: 2412
2015-08-17 15:26:42(pid=6904,tid=598) : TokenProxy (D) :  @TokenProxy.updateToken.type=GOOGLE_GCM /token=APA91bGLLJrjHRLFE3L1baBwzpFilDiNgsMPPOIGUvn5Dku_97PlVDKB2kpr8kfg0i6_Q0kvVLisPrwKec8SDYg7Sy0YuLfm62R15PhkmVTQ_UG0lFuhUtbuhmGJU8UhIBHQY3OMnukqVC1xuQbRwCOGI-D2g7a7Ig /tryCnt=1 /retryInterval=8000
2015-08-17 15:26:42(pid=6904,tid=1) : LineNotification (D) :    # System.onReceive.action=android.net.conn.CONNECTIVITY_CHANGE
2015-08-17 15:26:42(pid=6904,tid=1) : LineNotification (D) : #cc#  current   : NETWORK_WIFI	 /networkState=CONNECTED	 /subType=WIFI	 /wifiInfo.SSID: "SG_QACenter", BSSID: 60:03:08:9d:9f:ea, Supplicant state: COMPLETED, RSSI: -57, Link speed: 72, Net ID: 2, Metered hint: false, mFrequency: 2412
2015-08-17 15:26:42(pid=6904,tid=1) : LineNotification (D) : #cc#  - receive : NETWORK_WIFI	 /networkState=CONNECTED	 /subType=WIFI	 /wifiInfo.SSID: "SG_QACenter", BSSID: 60:03:08:9d:9f:ea, Supplicant state: COMPLETED, RSSI: -51, Link speed: 72, Net ID: 2, Metered hint: false, mFrequency: 2412
2015-08-17 15:26:42(pid=6904,tid=1) : LineNotification (D) : #cc#  -- active : NETWORK_WIFI	 /networkState=CONNECTED	 /subType=WIFI	 /wifiInfo.SSID: "SG_QACenter", BSSID: 60:03:08:9d:9f:ea, Supplicant state: COMPLETED, RSSI: -51, Link speed: 72, Net ID: 2, Metered hint: false, mFrequency: 2412
2015-08-17 15:54:16(pid=11656,tid=1) : LineNotification (D) :    # System.onReceive.action=android.net.conn.CONNECTIVITY_CHANGE
2015-08-17 15:54:16(pid=11656,tid=1) : LineNotification (D) : #cc#  current   : null
2015-08-17 15:54:16(pid=11656,tid=1) : LineNotification (D) : #cc#  - receive : NETWORK_WIFI	 /networkState=DISCONNECTED	 /subType=WIFI	 /wifiInfo.SSID: "SG_QACenter", BSSID: 60:03:08:9d:9f:ea, Supplicant state: COMPLETED, RSSI: -200, Link speed: -1, Net ID: 2, Metered hint: false, mFrequency: 2412
2015-08-17 15:54:16(pid=11656,tid=1) : LineNotification (D) : #cc#  -- active : NETWORK_WIFI	 /networkState=CONNECTED	 /subType=WIFI	 /wifiInfo.SSID: "SG_QACenter", BSSID: 60:03:08:9d:9f:ea, Supplicant state: COMPLETED, RSSI: -200, Link speed: -1, Net ID: 2, Metered hint: false, mFrequency: 2412
2015-08-17 15:54:16(pid=11656,tid=900) : LineNotification (D) : #cc# @@ CONNECTED @@ .networkInfo = NETWORK_WIFI	 /networkState=CONNECTED	 /subType=WIFI	 /wifiInfo.SSID: "SG_QACenter", BSSID: 60:03:08:9d:9f:ea, Supplicant state: COMPLETED, RSSI: -200, Link speed: -1, Net ID: 2, Metered hint: false, mFrequency: 2412
2015-08-17 15:54:16(pid=11656,tid=900) : LineNotification (D) : #cc# getNetworkConnectState : 08/17 15:54:16
2015-08-17 15:54:16(pid=11656,tid=900) : LineNotification (D) : #cc#  - getNetwork	NETWORK_WIFI	CONNECTED	WIFI
2015-08-17 15:54:17(pid=11656,tid=1) : LineNotification (D) :    # System.onReceive.action=android.net.conn.CONNECTIVITY_CHANGE
2015-08-17 15:54:17(pid=11656,tid=1) : LineNotification (D) : #cc#  current   : NETWORK_WIFI	 /networkState=CONNECTED	 /subType=WIFI	 /wifiInfo.SSID: "SG_QACenter", BSSID: 60:03:08:9d:9f:ea, Supplicant state: COMPLETED, RSSI: -200, Link speed: -1, Net ID: 2, Metered hint: false, mFrequency: 2412
2015-08-17 15:54:17(pid=11656,tid=1) : LineNotification (D) : #cc#  - receive : NETWORK_4G	 /networkState=CONNECTED	 /subType=LTE
2015-08-17 15:54:17(pid=11656,tid=1) : LineNotification (D) : #cc#  -- active : NETWORK_WIFI	 /networkState=CONNECTED	 /subType=WIFI	 /wifiInfo.SSID: "SG_QACenter", BSSID: 60:03:08:9d:9f:ea, Supplicant state: COMPLETED, RSSI: -200, Link speed: -1, Net ID: 2, Metered hint: false, mFrequency: 2412
2015-08-17 15:54:18(pid=11656,tid=910) : PushManager (D) : @_@ checkNeedReigster.true - status = READY
2015-08-17 15:54:18(pid=11656,tid=910) : PushManager (D) : @_@ checkNeedReigster.true - status = READY
2015-08-17 15:54:18(pid=11656,tid=910) : PushManager (D) : @_@ setPriorityListAndRegister..push_priority=[GOOGLE_GCM]
2015-08-17 15:54:18(pid=11656,tid=915) : PushManager (D) : isAvailable = true / result = SERVICE_VERSION_UPDATE_REQUIRED
2015-08-17 15:54:19(pid=11656,tid=1) : LineNotification (D) :    # System.onReceive.action=android.net.conn.CONNECTIVITY_CHANGE
2015-08-17 15:54:19(pid=11656,tid=1) : LineNotification (D) : #cc#  current   : NETWORK_WIFI	 /networkState=CONNECTED	 /subType=WIFI	 /wifiInfo.SSID: "SG_QACenter", BSSID: 60:03:08:9d:9f:ea, Supplicant state: COMPLETED, RSSI: -200, Link speed: -1, Net ID: 2, Metered hint: false, mFrequency: 2412
2015-08-17 15:54:19(pid=11656,tid=1) : LineNotification (D) : #cc#  - receive : NETWORK_WIFI	 /networkState=CONNECTED	 /subType=WIFI	 /wifiInfo.SSID: "SG_QACenter", BSSID: 60:03:08:9d:9f:ea, Supplicant state: COMPLETED, RSSI: -200, Link speed: -1, Net ID: 2, Metered hint: false, mFrequency: 2412
2015-08-17 15:54:19(pid=11656,tid=1) : LineNotification (D) : #cc#  -- active : NETWORK_WIFI	 /networkState=CONNECTED	 /subType=WIFI	 /wifiInfo.SSID: "SG_QACenter", BSSID: 60:03:08:9d:9f:ea, Supplicant state: COMPLETED, RSSI: -200, Link speed: -1, Net ID: 2, Metered hint: false, mFrequency: 2412
2015-08-17 15:54:20(pid=11656,tid=1) : LineNotification (D) :    # System.onReceive.action=android.net.conn.CONNECTIVITY_CHANGE
2015-08-17 15:54:20(pid=11656,tid=1) : LineNotification (D) : #cc#  current   : NETWORK_WIFI	 /networkState=CONNECTED	 /subType=WIFI	 /wifiInfo.SSID: "SG_QACenter", BSSID: 60:03:08:9d:9f:ea, Supplicant state: COMPLETED, RSSI: -200, Link speed: -1, Net ID: 2, Metered hint: false, mFrequency: 2412
2015-08-17 15:54:20(pid=11656,tid=1) : LineNotification (D) : #cc#  - receive : NETWORK_4G	 /networkState=DISCONNECTED	 /subType=LTE
2015-08-17 15:54:20(pid=11656,tid=1) : LineNotification (D) : #cc#  -- active : NETWORK_WIFI	 /networkState=CONNECTED	 /subType=WIFI	 /wifiInfo.SSID: "SG_QACenter", BSSID: 60:03:08:9d:9f:ea, Supplicant state: COMPLETED, RSSI: -200, Link speed: -1, Net ID: 2, Metered hint: false, mFrequency: 2412
2015-08-17 15:54:20(pid=11656,tid=1) : LineNotification (D) :    # System.onReceive.action=android.net.conn.CONNECTIVITY_CHANGE
2015-08-17 15:54:20(pid=11656,tid=1) : LineNotification (D) : #cc#  current   : NETWORK_WIFI	 /networkState=CONNECTED	 /subType=WIFI	 /wifiInfo.SSID: "SG_QACenter", BSSID: 60:03:08:9d:9f:ea, Supplicant state: COMPLETED, RSSI: -200, Link speed: -1, Net ID: 2, Metered hint: false, mFrequency: 2412
2015-08-17 15:54:20(pid=11656,tid=1) : LineNotification (D) : #cc#  - receive : NETWORK_WIFI	 /networkState=CONNECTED	 /subType=WIFI	 /wifiInfo.SSID: "SG_QACenter", BSSID: 60:03:08:9d:9f:ea, Supplicant state: COMPLETED, RSSI: -200, Link speed: -1, Net ID: 2, Metered hint: false, mFrequency: 2412
2015-08-17 15:54:20(pid=11656,tid=1) : LineNotification (D) : #cc#  -- active : NETWORK_WIFI	 /networkState=CONNECTED	 /subType=WIFI	 /wifiInfo.SSID: "SG_QACenter", BSSID: 60:03:08:9d:9f:ea, Supplicant state: COMPLETED, RSSI: -200, Link speed: -1, Net ID: 2, Metered hint: false, mFrequency: 2412
2015-08-17 15:54:20(pid=11656,tid=1) : GOOGLE_GCM (D) : __GCM onReceive.error = null /retryCnt=0 /token=APA91bGLLJrjHRLFE3L1baBwzpFilDiNgsMPPOIGUvn5Dku_97PlVDKB2kpr8kfg0i6_Q0kvVLisPrwKec8SDYg7Sy0YuLfm62R15PhkmVTQ_UG0lFuhUtbuhmGJU8UhIBHQY3OMnukqVC1xuQbRwCOGI-D2g7a7Ig
2015-08-17 15:54:20(pid=11656,tid=1) : BasePushReceiver (D) : -$$ BasePushReceiver.handleRegistration(): registration=GOOGLE_GCM:APA91bGLLJrjHRLFE3L1baBwzpFilDiNgsMPPOIGUvn5Dku_97PlVDKB2kpr8kfg0i6_Q0kvVLisPrwKec8SDYg7Sy0YuLfm62R15PhkmVTQ_UG0lFuhUtbuhmGJU8UhIBHQY3OMnukqVC1xuQbRwCOGI-D2g7a7Ig
2015-08-17 15:54:20(pid=11656,tid=1) : PushManager (D) : @_@ requestPushTokenUpdate.notiType=GOOGLE_GCM / pushToken=APA91bGLLJrjHRLFE3L1baBwzpFilDiNgsMPPOIGUvn5Dku_97PlVDKB2kpr8kfg0i6_Q0kvVLisPrwKec8SDYg7Sy0YuLfm62R15PhkmVTQ_UG0lFuhUtbuhmGJU8UhIBHQY3OMnukqVC1xuQbRwCOGI-D2g7a7Ig
2015-08-17 15:54:20(pid=11656,tid=1) : TokenProxy (D) :  @TokenProxy.updateToken.type=GOOGLE_GCM /token=APA91bGLLJrjHRLFE3L1baBwzpFilDiNgsMPPOIGUvn5Dku_97PlVDKB2kpr8kfg0i6_Q0kvVLisPrwKec8SDYg7Sy0YuLfm62R15PhkmVTQ_UG0lFuhUtbuhmGJU8UhIBHQY3OMnukqVC1xuQbRwCOGI-D2g7a7Ig /tryCnt=0 /retryInterval=100
2015-08-17 15:54:20(pid=11656,tid=910) : TokenProxy (D) :  @TokenProxy.updateToken.type=GOOGLE_GCM /token=APA91bGLLJrjHRLFE3L1baBwzpFilDiNgsMPPOIGUvn5Dku_97PlVDKB2kpr8kfg0i6_Q0kvVLisPrwKec8SDYg7Sy0YuLfm62R15PhkmVTQ_UG0lFuhUtbuhmGJU8UhIBHQY3OMnukqVC1xuQbRwCOGI-D2g7a7Ig /tryCnt=1 /retryInterval=8000
2015-08-17 15:54:28(pid=11656,tid=910) : TokenProxy (D) :  @TokenProxy.updateToken.type=GOOGLE_GCM /token=APA91bGLLJrjHRLFE3L1baBwzpFilDiNgsMPPOIGUvn5Dku_97PlVDKB2kpr8kfg0i6_Q0kvVLisPrwKec8SDYg7Sy0YuLfm62R15PhkmVTQ_UG0lFuhUtbuhmGJU8UhIBHQY3OMnukqVC1xuQbRwCOGI-D2g7a7Ig /tryCnt=2 /retryInterval=38000
2015-08-17 15:55:06(pid=11656,tid=910) : TokenProxy (D) :  @TokenProxy.updateToken.type=GOOGLE_GCM /token=APA91bGLLJrjHRLFE3L1baBwzpFilDiNgsMPPOIGUvn5Dku_97PlVDKB2kpr8kfg0i6_Q0kvVLisPrwKec8SDYg7Sy0YuLfm62R15PhkmVTQ_UG0lFuhUtbuhmGJU8UhIBHQY3OMnukqVC1xuQbRwCOGI-D2g7a7Ig /tryCnt=3 /retryInterval=218000
2015-08-17 15:58:44(pid=11656,tid=910) : TokenProxy (D) :  @TokenProxy.updateToken.type=GOOGLE_GCM /token=APA91bGLLJrjHRLFE3L1baBwzpFilDiNgsMPPOIGUvn5Dku_97PlVDKB2kpr8kfg0i6_Q0kvVLisPrwKec8SDYg7Sy0YuLfm62R15PhkmVTQ_UG0lFuhUtbuhmGJU8UhIBHQY3OMnukqVC1xuQbRwCOGI-D2g7a7Ig /tryCnt=4 /retryInterval=1298000
2015-08-17 16:09:11(pid=11656,tid=1) : LineNotification (D) :    # System.onReceive.action=android.net.conn.CONNECTIVITY_CHANGE
2015-08-17 16:09:11(pid=11656,tid=1) : LineNotification (D) : #cc#  current   : NETWORK_WIFI	 /networkState=CONNECTED	 /subType=WIFI	 /wifiInfo.SSID: "SG_QACenter", BSSID: 60:03:08:9d:9f:ea, Supplicant state: COMPLETED, RSSI: -200, Link speed: -1, Net ID: 2, Metered hint: false, mFrequency: 2412
2015-08-17 16:09:11(pid=11656,tid=1) : LineNotification (D) : #cc#  - receive : NETWORK_WIFI	 /networkState=DISCONNECTED	 /subType=WIFI	 /wifiInfo.SSID: , BSSID: null, Supplicant state: SCANNING, RSSI: -200, Link speed: -1, Net ID: -1, Metered hint: false, mFrequency: -1
2015-08-17 16:09:11(pid=11656,tid=1) : LineNotification (D) : #cc#  -- active : NETWORK_4G	 /networkState=CONNECTED	 /subType=LTE
2015-08-17 16:09:12(pid=11656,tid=1) : LineNotification (D) :    # System.onReceive.action=android.net.conn.CONNECTIVITY_CHANGE
2015-08-17 16:09:12(pid=11656,tid=1) : LineNotification (D) : #cc#  current   : NETWORK_WIFI	 /networkState=CONNECTED	 /subType=WIFI	 /wifiInfo.SSID: "SG_QACenter", BSSID: 60:03:08:9d:9f:ea, Supplicant state: COMPLETED, RSSI: -200, Link speed: -1, Net ID: 2, Metered hint: false, mFrequency: 2412
2015-08-17 16:09:12(pid=11656,tid=1) : LineNotification (D) : #cc#  - receive : NETWORK_4G	 /networkState=CONNECTED	 /subType=LTE
2015-08-17 16:09:12(pid=11656,tid=1) : LineNotification (D) : #cc#  -- active : NETWORK_4G	 /networkState=CONNECTED	 /subType=LTE
2015-08-17 16:09:12(pid=11656,tid=1) : LineNotification (D) : #cc# @@ CHANGED @@ .networkInfo = NETWORK_4G	 /networkState=CONNECTED	 /subType=LTE
2015-08-17 16:09:17(pid=11656,tid=1) : LineNotification (D) :    # System.onReceive.action=android.net.conn.CONNECTIVITY_CHANGE
2015-08-17 16:09:17(pid=11656,tid=1) : LineNotification (D) : #cc#  current   : NETWORK_4G	 /networkState=CONNECTED	 /subType=LTE
2015-08-17 16:09:17(pid=11656,tid=1) : LineNotification (D) : #cc#  - receive : NETWORK_WIFI	 /networkState=CONNECTED	 /subType=WIFI	 /wifiInfo.SSID: "SG_QACenter", BSSID: 60:03:08:9d:9f:ea, Supplicant state: COMPLETED, RSSI: -200, Link speed: -1, Net ID: 2, Metered hint: false, mFrequency: 2412
2015-08-17 16:09:17(pid=11656,tid=1) : LineNotification (D) : #cc#  -- active : NETWORK_WIFI	 /networkState=CONNECTED	 /subType=WIFI	 /wifiInfo.SSID: "SG_QACenter", BSSID: 60:03:08:9d:9f:ea, Supplicant state: COMPLETED, RSSI: -200, Link speed: -1, Net ID: 2, Metered hint: false, mFrequency: 2412
2015-08-17 16:09:17(pid=11656,tid=1) : LineNotification (D) : #cc# @@ CHANGED @@ .networkInfo = NETWORK_WIFI	 /networkState=CONNECTED	 /subType=WIFI	 /wifiInfo.SSID: "SG_QACenter", BSSID: 60:03:08:9d:9f:ea, Supplicant state: COMPLETED, RSSI: -200, Link speed: -1, Net ID: 2, Metered hint: false, mFrequency: 2412
2015-08-17 16:09:18(pid=11656,tid=1) : LineNotification (D) :    # System.onReceive.action=android.net.conn.CONNECTIVITY_CHANGE
2015-08-17 16:09:18(pid=11656,tid=1) : LineNotification (D) : #cc#  current   : NETWORK_WIFI	 /networkState=CONNECTED	 /subType=WIFI	 /wifiInfo.SSID: "SG_QACenter", BSSID: 60:03:08:9d:9f:ea, Supplicant state: COMPLETED, RSSI: -200, Link speed: -1, Net ID: 2, Metered hint: false, mFrequency: 2412
2015-08-17 16:09:18(pid=11656,tid=1) : LineNotification (D) : #cc#  - receive : NETWORK_4G	 /networkState=DISCONNECTED	 /subType=LTE
2015-08-17 16:09:18(pid=11656,tid=1) : LineNotification (D) : #cc#  -- active : NETWORK_WIFI	 /networkState=CONNECTED	 /subType=WIFI	 /wifiInfo.SSID: "SG_QACenter", BSSID: 60:03:08:9d:9f:ea, Supplicant state: COMPLETED, RSSI: -200, Link speed: -1, Net ID: 2, Metered hint: false, mFrequency: 2412
2015-08-17 16:09:18(pid=11656,tid=1) : LineNotification (D) :    # System.onReceive.action=android.net.conn.CONNECTIVITY_CHANGE
2015-08-17 16:09:18(pid=11656,tid=1) : LineNotification (D) : #cc#  current   : NETWORK_WIFI	 /networkState=CONNECTED	 /subType=WIFI	 /wifiInfo.SSID: "SG_QACenter", BSSID: 60:03:08:9d:9f:ea, Supplicant state: COMPLETED, RSSI: -200, Link speed: -1, Net ID: 2, Metered hint: false, mFrequency: 2412
2015-08-17 16:09:18(pid=11656,tid=1) : LineNotification (D) : #cc#  - receive : NETWORK_WIFI	 /networkState=CONNECTED	 /subType=WIFI	 /wifiInfo.SSID: "SG_QACenter", BSSID: 60:03:08:9d:9f:ea, Supplicant state: COMPLETED, RSSI: -200, Link speed: -1, Net ID: 2, Metered hint: false, mFrequency: 2412
2015-08-17 16:09:18(pid=11656,tid=1) : LineNotification (D) : #cc#  -- active : NETWORK_WIFI	 /networkState=CONNECTED	 /subType=WIFI	 /wifiInfo.SSID: "SG_QACenter", BSSID: 60:03:08:9d:9f:ea, Supplicant state: COMPLETED, RSSI: -200, Link speed: -1, Net ID: 2, Metered hint: false, mFrequency: 2412
2015-08-17 16:10:13(pid=11656,tid=1) : LineNotification (D) :    # System.onReceive.action=android.net.conn.CONNECTIVITY_CHANGE
2015-08-17 16:10:13(pid=11656,tid=1) : LineNotification (D) : #cc#  current   : NETWORK_WIFI	 /networkState=CONNECTED	 /subType=WIFI	 /wifiInfo.SSID: "SG_QACenter", BSSID: 60:03:08:9d:9f:ea, Supplicant state: COMPLETED, RSSI: -200, Link speed: -1, Net ID: 2, Metered hint: false, mFrequency: 2412
2015-08-17 16:10:13(pid=11656,tid=1) : LineNotification (D) : #cc#  - receive : NETWORK_WIFI	 /networkState=DISCONNECTED	 /subType=WIFI	 /wifiInfo.SSID: , BSSID: null, Supplicant state: SCANNING, RSSI: -200, Link speed: -1, Net ID: -1, Metered hint: false, mFrequency: -1
2015-08-17 16:10:13(pid=11656,tid=1) : LineNotification (D) : #cc#  -- active : NETWORK_4G	 /networkState=CONNECTED	 /subType=LTE
2015-08-17 16:10:14(pid=11656,tid=1) : LineNotification (D) :    # System.onReceive.action=android.net.conn.CONNECTIVITY_CHANGE
2015-08-17 16:10:14(pid=11656,tid=1) : LineNotification (D) : #cc#  current   : NETWORK_WIFI	 /networkState=CONNECTED	 /subType=WIFI	 /wifiInfo.SSID: "SG_QACenter", BSSID: 60:03:08:9d:9f:ea, Supplicant state: COMPLETED, RSSI: -200, Link speed: -1, Net ID: 2, Metered hint: false, mFrequency: 2412
2015-08-17 16:10:14(pid=11656,tid=1) : LineNotification (D) : #cc#  - receive : NETWORK_4G	 /networkState=CONNECTED	 /subType=LTE
2015-08-17 16:10:14(pid=11656,tid=1) : LineNotification (D) : #cc#  -- active : NETWORK_4G	 /networkState=CONNECTED	 /subType=LTE
2015-08-17 16:10:14(pid=11656,tid=1) : LineNotification (D) : #cc# @@ CHANGED @@ .networkInfo = NETWORK_4G	 /networkState=CONNECTED	 /subType=LTE
2015-08-17 16:20:22(pid=11656,tid=910) : TokenProxy (D) :  @TokenProxy.updateToken.type=GOOGLE_GCM /token=APA91bGLLJrjHRLFE3L1baBwzpFilDiNgsMPPOIGUvn5Dku_97PlVDKB2kpr8kfg0i6_Q0kvVLisPrwKec8SDYg7Sy0YuLfm62R15PhkmVTQ_UG0lFuhUtbuhmGJU8UhIBHQY3OMnukqVC1xuQbRwCOGI-D2g7a7Ig /tryCnt=5 /retryInterval=7778000
2015-08-17 16:36:46(pid=11656,tid=1) : LineNotification (D) :    # System.onReceive.action=android.net.conn.CONNECTIVITY_CHANGE
2015-08-17 16:36:46(pid=11656,tid=1) : LineNotification (D) : #cc#  current   : NETWORK_4G	 /networkState=CONNECTED	 /subType=LTE
2015-08-17 16:36:46(pid=11656,tid=1) : LineNotification (D) : #cc#  - receive : NETWORK_WIFI	 /networkState=CONNECTED	 /subType=WIFI	 /wifiInfo.SSID: "SG_QACenter", BSSID: 60:03:08:9d:9f:ea, Supplicant state: COMPLETED, RSSI: -200, Link speed: -1, Net ID: 2, Metered hint: false, mFrequency: 2412
2015-08-17 16:36:46(pid=11656,tid=1) : LineNotification (D) : #cc#  -- active : NETWORK_WIFI	 /networkState=CONNECTED	 /subType=WIFI	 /wifiInfo.SSID: "SG_QACenter", BSSID: 60:03:08:9d:9f:ea, Supplicant state: COMPLETED, RSSI: -200, Link speed: -1, Net ID: 2, Metered hint: false, mFrequency: 2412
2015-08-17 16:36:46(pid=11656,tid=1) : LineNotification (D) : #cc# @@ CHANGED @@ .networkInfo = NETWORK_WIFI	 /networkState=CONNECTED	 /subType=WIFI	 /wifiInfo.SSID: "SG_QACenter", BSSID: 60:03:08:9d:9f:ea, Supplicant state: COMPLETED, RSSI: -200, Link speed: -1, Net ID: 2, Metered hint: false, mFrequency: 2412
2015-08-17 16:36:47(pid=11656,tid=1) : LineNotification (D) :    # System.onReceive.action=android.net.conn.CONNECTIVITY_CHANGE
2015-08-17 16:36:47(pid=11656,tid=1) : LineNotification (D) : #cc#  current   : NETWORK_WIFI	 /networkState=CONNECTED	 /subType=WIFI	 /wifiInfo.SSID: "SG_QACenter", BSSID: 60:03:08:9d:9f:ea, Supplicant state: COMPLETED, RSSI: -200, Link speed: -1, Net ID: 2, Metered hint: false, mFrequency: 2412
2015-08-17 16:36:47(pid=11656,tid=1) : LineNotification (D) : #cc#  - receive : NETWORK_4G	 /networkState=DISCONNECTED	 /subType=LTE
2015-08-17 16:36:47(pid=11656,tid=1) : LineNotification (D) : #cc#  -- active : NETWORK_WIFI	 /networkState=CONNECTED	 /subType=WIFI	 /wifiInfo.SSID: "SG_QACenter", BSSID: 60:03:08:9d:9f:ea, Supplicant state: COMPLETED, RSSI: -200, Link speed: -1, Net ID: 2, Metered hint: false, mFrequency: 2412
2015-08-17 16:36:47(pid=11656,tid=1) : LineNotification (D) :    # System.onReceive.action=android.net.conn.CONNECTIVITY_CHANGE
2015-08-17 16:36:47(pid=11656,tid=1) : LineNotification (D) : #cc#  current   : NETWORK_WIFI	 /networkState=CONNECTED	 /subType=WIFI	 /wifiInfo.SSID: "SG_QACenter", BSSID: 60:03:08:9d:9f:ea, Supplicant state: COMPLETED, RSSI: -200, Link speed: -1, Net ID: 2, Metered hint: false, mFrequency: 2412
2015-08-17 16:36:47(pid=11656,tid=1) : LineNotification (D) : #cc#  - receive : NETWORK_WIFI	 /networkState=CONNECTED	 /subType=WIFI	 /wifiInfo.SSID: "SG_QACenter", BSSID: 60:03:08:9d:9f:ea, Supplicant state: COMPLETED, RSSI: -200, Link speed: -1, Net ID: 2, Metered hint: false, mFrequency: 2412
2015-08-17 16:36:47(pid=11656,tid=1) : LineNotification (D) : #cc#  -- active : NETWORK_WIFI	 /networkState=CONNECTED	 /subType=WIFI	 /wifiInfo.SSID: "SG_QACenter", BSSID: 60:03:08:9d:9f:ea, Supplicant state: COMPLETED, RSSI: -200, Link speed: -1, Net ID: 2, Metered hint: false, mFrequency: 2412
2015-08-17 16:51:25(pid=11656,tid=1) : LineNotification (D) :    # System.onReceive.action=android.net.conn.CONNECTIVITY_CHANGE
2015-08-17 16:51:25(pid=11656,tid=1) : LineNotification (D) : #cc#  current   : NETWORK_WIFI	 /networkState=CONNECTED	 /subType=WIFI	 /wifiInfo.SSID: "SG_QACenter", BSSID: 60:03:08:9d:9f:ea, Supplicant state: COMPLETED, RSSI: -200, Link speed: -1, Net ID: 2, Metered hint: false, mFrequency: 2412
2015-08-17 16:51:25(pid=11656,tid=1) : LineNotification (D) : #cc#  - receive : NETWORK_WIFI	 /networkState=DISCONNECTED	 /subType=WIFI	 /wifiInfo.SSID: , BSSID: null, Supplicant state: SCANNING, RSSI: -200, Link speed: -1, Net ID: -1, Metered hint: false, mFrequency: -1
2015-08-17 16:51:25(pid=11656,tid=1) : LineNotification (D) : #cc#  -- active : NETWORK_4G	 /networkState=CONNECTED	 /subType=LTE
2015-08-17 16:51:26(pid=11656,tid=1) : LineNotification (D) :    # System.onReceive.action=android.net.conn.CONNECTIVITY_CHANGE
2015-08-17 16:51:26(pid=11656,tid=1) : LineNotification (D) : #cc#  current   : NETWORK_WIFI	 /networkState=CONNECTED	 /subType=WIFI	 /wifiInfo.SSID: "SG_QACenter", BSSID: 60:03:08:9d:9f:ea, Supplicant state: COMPLETED, RSSI: -200, Link speed: -1, Net ID: 2, Metered hint: false, mFrequency: 2412
2015-08-17 16:51:26(pid=11656,tid=1) : LineNotification (D) : #cc#  - receive : NETWORK_4G	 /networkState=CONNECTED	 /subType=LTE
2015-08-17 16:51:26(pid=11656,tid=1) : LineNotification (D) : #cc#  -- active : NETWORK_4G	 /networkState=CONNECTED	 /subType=LTE
2015-08-17 16:51:26(pid=11656,tid=1) : LineNotification (D) : #cc# @@ CHANGED @@ .networkInfo = NETWORK_4G	 /networkState=CONNECTED	 /subType=LTE
2015-08-17 16:51:30(pid=11656,tid=1) : LineNotification (D) :    # System.onReceive.action=android.net.conn.CONNECTIVITY_CHANGE
2015-08-17 16:51:30(pid=11656,tid=1) : LineNotification (D) : #cc#  current   : NETWORK_4G	 /networkState=CONNECTED	 /subType=LTE
2015-08-17 16:51:30(pid=11656,tid=1) : LineNotification (D) : #cc#  - receive : NETWORK_WIFI	 /networkState=CONNECTED	 /subType=WIFI	 /wifiInfo.SSID: "SG_QACenter", BSSID: 60:03:08:9d:9f:ea, Supplicant state: COMPLETED, RSSI: -200, Link speed: -1, Net ID: 2, Metered hint: false, mFrequency: 2412
2015-08-17 16:51:30(pid=11656,tid=1) : LineNotification (D) : #cc#  -- active : NETWORK_WIFI	 /networkState=CONNECTED	 /subType=WIFI	 /wifiInfo.SSID: "SG_QACenter", BSSID: 60:03:08:9d:9f:ea, Supplicant state: COMPLETED, RSSI: -200, Link speed: -1, Net ID: 2, Metered hint: false, mFrequency: 2412
2015-08-17 16:51:30(pid=11656,tid=1) : LineNotification (D) : #cc# @@ CHANGED @@ .networkInfo = NETWORK_WIFI	 /networkState=CONNECTED	 /subType=WIFI	 /wifiInfo.SSID: "SG_QACenter", BSSID: 60:03:08:9d:9f:ea, Supplicant state: COMPLETED, RSSI: -200, Link speed: -1, Net ID: 2, Metered hint: false, mFrequency: 2412
2015-08-17 16:51:31(pid=11656,tid=1) : LineNotification (D) :    # System.onReceive.action=android.net.conn.CONNECTIVITY_CHANGE
2015-08-17 16:51:31(pid=11656,tid=1) : LineNotification (D) : #cc#  current   : NETWORK_WIFI	 /networkState=CONNECTED	 /subType=WIFI	 /wifiInfo.SSID: "SG_QACenter", BSSID: 60:03:08:9d:9f:ea, Supplicant state: COMPLETED, RSSI: -200, Link speed: -1, Net ID: 2, Metered hint: false, mFrequency: 2412
2015-08-17 16:51:31(pid=11656,tid=1) : LineNotification (D) : #cc#  - receive : NETWORK_4G	 /networkState=DISCONNECTED	 /subType=LTE
2015-08-17 16:51:31(pid=11656,tid=1) : LineNotification (D) : #cc#  -- active : NETWORK_WIFI	 /networkState=CONNECTED	 /subType=WIFI	 /wifiInfo.SSID: "SG_QACenter", BSSID: 60:03:08:9d:9f:ea, Supplicant state: COMPLETED, RSSI: -200, Link speed: -1, Net ID: 2, Metered hint: false, mFrequency: 2412
2015-08-17 16:51:31(pid=11656,tid=1) : LineNotification (D) :    # System.onReceive.action=android.net.conn.CONNECTIVITY_CHANGE
2015-08-17 16:51:31(pid=11656,tid=1) : LineNotification (D) : #cc#  current   : NETWORK_WIFI	 /networkState=CONNECTED	 /subType=WIFI	 /wifiInfo.SSID: "SG_QACenter", BSSID: 60:03:08:9d:9f:ea, Supplicant state: COMPLETED, RSSI: -200, Link speed: -1, Net ID: 2, Metered hint: false, mFrequency: 2412
2015-08-17 16:51:31(pid=11656,tid=1) : LineNotification (D) : #cc#  - receive : NETWORK_WIFI	 /networkState=CONNECTED	 /subType=WIFI	 /wifiInfo.SSID: "SG_QACenter", BSSID: 60:03:08:9d:9f:ea, Supplicant state: COMPLETED, RSSI: -200, Link speed: -1, Net ID: 2, Metered hint: false, mFrequency: 2412
2015-08-17 16:51:31(pid=11656,tid=1) : LineNotification (D) : #cc#  -- active : NETWORK_WIFI	 /networkState=CONNECTED	 /subType=WIFI	 /wifiInfo.SSID: "SG_QACenter", BSSID: 60:03:08:9d:9f:ea, Supplicant state: COMPLETED, RSSI: -200, Link speed: -1, Net ID: 2, Metered hint: false, mFrequency: 2412
2015-08-17 17:06:25(pid=11656,tid=1) : LineNotification (D) :    # System.onReceive.action=android.net.conn.CONNECTIVITY_CHANGE
2015-08-17 17:06:25(pid=11656,tid=1) : LineNotification (D) : #cc#  current   : NETWORK_WIFI	 /networkState=CONNECTED	 /subType=WIFI	 /wifiInfo.SSID: "SG_QACenter", BSSID: 60:03:08:9d:9f:ea, Supplicant state: COMPLETED, RSSI: -200, Link speed: -1, Net ID: 2, Metered hint: false, mFrequency: 2412
2015-08-17 17:06:25(pid=11656,tid=1) : LineNotification (D) : #cc#  - receive : NETWORK_WIFI	 /networkState=DISCONNECTED	 /subType=WIFI	 /wifiInfo.SSID: , BSSID: null, Supplicant state: SCANNING, RSSI: -200, Link speed: -1, Net ID: -1, Metered hint: false, mFrequency: -1
2015-08-17 17:06:25(pid=11656,tid=1) : LineNotification (D) : #cc#  -- active : NETWORK_4G	 /networkState=CONNECTED	 /subType=LTE
2015-08-17 17:06:25(pid=11656,tid=1) : LineNotification (D) :    # System.onReceive.action=android.net.conn.CONNECTIVITY_CHANGE
2015-08-17 17:06:25(pid=11656,tid=1) : LineNotification (D) : #cc#  current   : NETWORK_WIFI	 /networkState=CONNECTED	 /subType=WIFI	 /wifiInfo.SSID: "SG_QACenter", BSSID: 60:03:08:9d:9f:ea, Supplicant state: COMPLETED, RSSI: -200, Link speed: -1, Net ID: 2, Metered hint: false, mFrequency: 2412
2015-08-17 17:06:25(pid=11656,tid=1) : LineNotification (D) : #cc#  - receive : NETWORK_4G	 /networkState=CONNECTED	 /subType=LTE
2015-08-17 17:06:25(pid=11656,tid=1) : LineNotification (D) : #cc#  -- active : NETWORK_4G	 /networkState=CONNECTED	 /subType=LTE
2015-08-17 17:06:25(pid=11656,tid=1) : LineNotification (D) : #cc# @@ CHANGED @@ .networkInfo = NETWORK_4G	 /networkState=CONNECTED	 /subType=LTE
2015-08-17 17:06:30(pid=11656,tid=1) : LineNotification (D) :    # System.onReceive.action=android.net.conn.CONNECTIVITY_CHANGE
2015-08-17 17:06:30(pid=11656,tid=1) : LineNotification (D) : #cc#  current   : NETWORK_4G	 /networkState=CONNECTED	 /subType=LTE
2015-08-17 17:06:30(pid=11656,tid=1) : LineNotification (D) : #cc#  - receive : NETWORK_WIFI	 /networkState=CONNECTED	 /subType=WIFI	 /wifiInfo.SSID: "SG_QACenter", BSSID: 60:03:08:9d:9f:ea, Supplicant state: COMPLETED, RSSI: -200, Link speed: -1, Net ID: 2, Metered hint: false, mFrequency: 2412
2015-08-17 17:06:30(pid=11656,tid=1) : LineNotification (D) : #cc#  -- active : NETWORK_WIFI	 /networkState=CONNECTED	 /subType=WIFI	 /wifiInfo.SSID: "SG_QACenter", BSSID: 60:03:08:9d:9f:ea, Supplicant state: COMPLETED, RSSI: -200, Link speed: -1, Net ID: 2, Metered hint: false, mFrequency: 2412
2015-08-17 17:06:30(pid=11656,tid=1) : LineNotification (D) : #cc# @@ CHANGED @@ .networkInfo = NETWORK_WIFI	 /networkState=CONNECTED	 /subType=WIFI	 /wifiInfo.SSID: "SG_QACenter", BSSID: 60:03:08:9d:9f:ea, Supplicant state: COMPLETED, RSSI: -200, Link speed: -1, Net ID: 2, Metered hint: false, mFrequency: 2412
2015-08-17 17:06:30(pid=11656,tid=1) : LineNotification (D) :    # System.onReceive.action=android.net.conn.CONNECTIVITY_CHANGE
2015-08-17 17:06:30(pid=11656,tid=1) : LineNotification (D) : #cc#  current   : NETWORK_WIFI	 /networkState=CONNECTED	 /subType=WIFI	 /wifiInfo.SSID: "SG_QACenter", BSSID: 60:03:08:9d:9f:ea, Supplicant state: COMPLETED, RSSI: -200, Link speed: -1, Net ID: 2, Metered hint: false, mFrequency: 2412
2015-08-17 17:06:30(pid=11656,tid=1) : LineNotification (D) : #cc#  - receive : NETWORK_4G	 /networkState=DISCONNECTED	 /subType=LTE
2015-08-17 17:06:30(pid=11656,tid=1) : LineNotification (D) : #cc#  -- active : NETWORK_WIFI	 /networkState=CONNECTED	 /subType=WIFI	 /wifiInfo.SSID: "SG_QACenter", BSSID: 60:03:08:9d:9f:ea, Supplicant state: COMPLETED, RSSI: -200, Link speed: -1, Net ID: 2, Metered hint: false, mFrequency: 2412
2015-08-17 17:06:31(pid=11656,tid=1) : LineNotification (D) :    # System.onReceive.action=android.net.conn.CONNECTIVITY_CHANGE
2015-08-17 17:06:31(pid=11656,tid=1) : LineNotification (D) : #cc#  current   : NETWORK_WIFI	 /networkState=CONNECTED	 /subType=WIFI	 /wifiInfo.SSID: "SG_QACenter", BSSID: 60:03:08:9d:9f:ea, Supplicant state: COMPLETED, RSSI: -200, Link speed: -1, Net ID: 2, Metered hint: false, mFrequency: 2412
2015-08-17 17:06:31(pid=11656,tid=1) : LineNotification (D) : #cc#  - receive : NETWORK_WIFI	 /networkState=CONNECTED	 /subType=WIFI	 /wifiInfo.SSID: "SG_QACenter", BSSID: 60:03:08:9d:9f:ea, Supplicant state: COMPLETED, RSSI: -200, Link speed: -1, Net ID: 2, Metered hint: false, mFrequency: 2412
2015-08-17 17:06:31(pid=11656,tid=1) : LineNotification (D) : #cc#  -- active : NETWORK_WIFI	 /networkState=CONNECTED	 /subType=WIFI	 /wifiInfo.SSID: "SG_QACenter", BSSID: 60:03:08:9d:9f:ea, Supplicant state: COMPLETED, RSSI: -200, Link speed: -1, Net ID: 2, Metered hint: false, mFrequency: 2412
2015-08-17 17:21:25(pid=11656,tid=1) : LineNotification (D) :    # System.onReceive.action=android.net.conn.CONNECTIVITY_CHANGE
2015-08-17 17:21:25(pid=11656,tid=1) : LineNotification (D) : #cc#  current   : NETWORK_WIFI	 /networkState=CONNECTED	 /subType=WIFI	 /wifiInfo.SSID: "SG_QACenter", BSSID: 60:03:08:9d:9f:ea, Supplicant state: COMPLETED, RSSI: -200, Link speed: -1, Net ID: 2, Metered hint: false, mFrequency: 2412
2015-08-17 17:21:25(pid=11656,tid=1) : LineNotification (D) : #cc#  - receive : NETWORK_WIFI	 /networkState=DISCONNECTED	 /subType=WIFI	 /wifiInfo.SSID: , BSSID: null, Supplicant state: SCANNING, RSSI: -200, Link speed: -1, Net ID: -1, Metered hint: false, mFrequency: -1
2015-08-17 17:21:25(pid=11656,tid=1) : LineNotification (D) : #cc#  -- active : NETWORK_4G	 /networkState=CONNECTED	 /subType=LTE
2015-08-17 17:21:26(pid=11656,tid=1) : LineNotification (D) :    # System.onReceive.action=android.net.conn.CONNECTIVITY_CHANGE
2015-08-17 17:21:26(pid=11656,tid=1) : LineNotification (D) : #cc#  current   : NETWORK_WIFI	 /networkState=CONNECTED	 /subType=WIFI	 /wifiInfo.SSID: "SG_QACenter", BSSID: 60:03:08:9d:9f:ea, Supplicant state: COMPLETED, RSSI: -200, Link speed: -1, Net ID: 2, Metered hint: false, mFrequency: 2412
2015-08-17 17:21:26(pid=11656,tid=1) : LineNotification (D) : #cc#  - receive : NETWORK_4G	 /networkState=CONNECTED	 /subType=LTE
2015-08-17 17:21:26(pid=11656,tid=1) : LineNotification (D) : #cc#  -- active : NETWORK_4G	 /networkState=CONNECTED	 /subType=LTE
2015-08-17 17:21:26(pid=11656,tid=1) : LineNotification (D) : #cc# @@ CHANGED @@ .networkInfo = NETWORK_4G	 /networkState=CONNECTED	 /subType=LTE
2015-08-17 17:21:31(pid=11656,tid=1) : LineNotification (D) :    # System.onReceive.action=android.net.conn.CONNECTIVITY_CHANGE
2015-08-17 17:21:31(pid=11656,tid=1) : LineNotification (D) : #cc#  current   : NETWORK_4G	 /networkState=CONNECTED	 /subType=LTE
2015-08-17 17:21:31(pid=11656,tid=1) : LineNotification (D) : #cc#  - receive : NETWORK_WIFI	 /networkState=CONNECTED	 /subType=WIFI	 /wifiInfo.SSID: "SG_QACenter", BSSID: 60:03:08:9d:9f:ea, Supplicant state: COMPLETED, RSSI: -200, Link speed: -1, Net ID: 2, Metered hint: false, mFrequency: 2412
2015-08-17 17:21:31(pid=11656,tid=1) : LineNotification (D) : #cc#  -- active : NETWORK_WIFI	 /networkState=CONNECTED	 /subType=WIFI	 /wifiInfo.SSID: "SG_QACenter", BSSID: 60:03:08:9d:9f:ea, Supplicant state: COMPLETED, RSSI: -200, Link speed: -1, Net ID: 2, Metered hint: false, mFrequency: 2412
2015-08-17 17:21:31(pid=11656,tid=1) : LineNotification (D) : #cc# @@ CHANGED @@ .networkInfo = NETWORK_WIFI	 /networkState=CONNECTED	 /subType=WIFI	 /wifiInfo.SSID: "SG_QACenter", BSSID: 60:03:08:9d:9f:ea, Supplicant state: COMPLETED, RSSI: -200, Link speed: -1, Net ID: 2, Metered hint: false, mFrequency: 2412
2015-08-17 17:21:32(pid=11656,tid=1) : LineNotification (D) :    # System.onReceive.action=android.net.conn.CONNECTIVITY_CHANGE
2015-08-17 17:21:32(pid=11656,tid=1) : LineNotification (D) : #cc#  current   : NETWORK_WIFI	 /networkState=CONNECTED	 /subType=WIFI	 /wifiInfo.SSID: "SG_QACenter", BSSID: 60:03:08:9d:9f:ea, Supplicant state: COMPLETED, RSSI: -200, Link speed: -1, Net ID: 2, Metered hint: false, mFrequency: 2412
2015-08-17 17:21:32(pid=11656,tid=1) : LineNotification (D) : #cc#  - receive : NETWORK_4G	 /networkState=DISCONNECTED	 /subType=LTE
2015-08-17 17:21:32(pid=11656,tid=1) : LineNotification (D) : #cc#  -- active : NETWORK_WIFI	 /networkState=CONNECTED	 /subType=WIFI	 /wifiInfo.SSID: "SG_QACenter", BSSID: 60:03:08:9d:9f:ea, Supplicant state: COMPLETED, RSSI: -200, Link speed: -1, Net ID: 2, Metered hint: false, mFrequency: 2412
2015-08-17 17:21:32(pid=11656,tid=1) : LineNotification (D) :    # System.onReceive.action=android.net.conn.CONNECTIVITY_CHANGE
2015-08-17 17:21:32(pid=11656,tid=1) : LineNotification (D) : #cc#  current   : NETWORK_WIFI	 /networkState=CONNECTED	 /subType=WIFI	 /wifiInfo.SSID: "SG_QACenter", BSSID: 60:03:08:9d:9f:ea, Supplicant state: COMPLETED, RSSI: -200, Link speed: -1, Net ID: 2, Metered hint: false, mFrequency: 2412
2015-08-17 17:21:32(pid=11656,tid=1) : LineNotification (D) : #cc#  - receive : NETWORK_WIFI	 /networkState=CONNECTED	 /subType=WIFI	 /wifiInfo.SSID: "SG_QACenter", BSSID: 60:03:08:9d:9f:ea, Supplicant state: COMPLETED, RSSI: -200, Link speed: -1, Net ID: 2, Metered hint: false, mFrequency: 2412
2015-08-17 17:21:32(pid=11656,tid=1) : LineNotification (D) : #cc#  -- active : NETWORK_WIFI	 /networkState=CONNECTED	 /subType=WIFI	 /wifiInfo.SSID: "SG_QACenter", BSSID: 60:03:08:9d:9f:ea, Supplicant state: COMPLETED, RSSI: -200, Link speed: -1, Net ID: 2, Metered hint: false, mFrequency: 2412
2015-08-17 17:46:25(pid=11656,tid=1) : LineNotification (D) :    # System.onReceive.action=android.net.conn.CONNECTIVITY_CHANGE
2015-08-17 17:46:25(pid=11656,tid=1) : LineNotification (D) : #cc#  current   : NETWORK_WIFI	 /networkState=CONNECTED	 /subType=WIFI	 /wifiInfo.SSID: "SG_QACenter", BSSID: 60:03:08:9d:9f:ea, Supplicant state: COMPLETED, RSSI: -200, Link speed: -1, Net ID: 2, Metered hint: false, mFrequency: 2412
2015-08-17 17:46:25(pid=11656,tid=1) : LineNotification (D) : #cc#  - receive : NETWORK_WIFI	 /networkState=DISCONNECTED	 /subType=WIFI	 /wifiInfo.SSID: , BSSID: null, Supplicant state: SCANNING, RSSI: -200, Link speed: -1, Net ID: -1, Metered hint: false, mFrequency: -1
2015-08-17 17:46:25(pid=11656,tid=1) : LineNotification (D) : #cc#  -- active : NETWORK_4G	 /networkState=CONNECTED	 /subType=LTE
2015-08-17 17:46:25(pid=11656,tid=1) : LineNotification (D) :    # System.onReceive.action=android.net.conn.CONNECTIVITY_CHANGE
2015-08-17 17:46:25(pid=11656,tid=1) : LineNotification (D) : #cc#  current   : NETWORK_WIFI	 /networkState=CONNECTED	 /subType=WIFI	 /wifiInfo.SSID: "SG_QACenter", BSSID: 60:03:08:9d:9f:ea, Supplicant state: COMPLETED, RSSI: -200, Link speed: -1, Net ID: 2, Metered hint: false, mFrequency: 2412
2015-08-17 17:46:25(pid=11656,tid=1) : LineNotification (D) : #cc#  - receive : NETWORK_4G	 /networkState=CONNECTED	 /subType=LTE
2015-08-17 17:46:25(pid=11656,tid=1) : LineNotification (D) : #cc#  -- active : NETWORK_4G	 /networkState=CONNECTED	 /subType=LTE
2015-08-17 17:46:25(pid=11656,tid=1) : LineNotification (D) : #cc# @@ CHANGED @@ .networkInfo = NETWORK_4G	 /networkState=CONNECTED	 /subType=LTE
2015-08-17 17:46:31(pid=11656,tid=1) : LineNotification (D) :    # System.onReceive.action=android.net.conn.CONNECTIVITY_CHANGE
2015-08-17 17:46:31(pid=11656,tid=1) : LineNotification (D) : #cc#  current   : NETWORK_4G	 /networkState=CONNECTED	 /subType=LTE
2015-08-17 17:46:31(pid=11656,tid=1) : LineNotification (D) : #cc#  - receive : NETWORK_WIFI	 /networkState=CONNECTED	 /subType=WIFI	 /wifiInfo.SSID: "SG_QACenter", BSSID: 60:03:08:9d:9f:ea, Supplicant state: COMPLETED, RSSI: -200, Link speed: -1, Net ID: 2, Metered hint: false, mFrequency: 2412
2015-08-17 17:46:31(pid=11656,tid=1) : LineNotification (D) : #cc#  -- active : NETWORK_WIFI	 /networkState=CONNECTED	 /subType=WIFI	 /wifiInfo.SSID: "SG_QACenter", BSSID: 60:03:08:9d:9f:ea, Supplicant state: COMPLETED, RSSI: -200, Link speed: -1, Net ID: 2, Metered hint: false, mFrequency: 2412
2015-08-17 17:46:31(pid=11656,tid=1) : LineNotification (D) : #cc# @@ CHANGED @@ .networkInfo = NETWORK_WIFI	 /networkState=CONNECTED	 /subType=WIFI	 /wifiInfo.SSID: "SG_QACenter", BSSID: 60:03:08:9d:9f:ea, Supplicant state: COMPLETED, RSSI: -200, Link speed: -1, Net ID: 2, Metered hint: false, mFrequency: 2412
2015-08-17 17:46:32(pid=11656,tid=1) : LineNotification (D) :    # System.onReceive.action=android.net.conn.CONNECTIVITY_CHANGE
2015-08-17 17:46:32(pid=11656,tid=1) : LineNotification (D) : #cc#  current   : NETWORK_WIFI	 /networkState=CONNECTED	 /subType=WIFI	 /wifiInfo.SSID: "SG_QACenter", BSSID: 60:03:08:9d:9f:ea, Supplicant state: COMPLETED, RSSI: -200, Link speed: -1, Net ID: 2, Metered hint: false, mFrequency: 2412
2015-08-17 17:46:32(pid=11656,tid=1) : LineNotification (D) : #cc#  - receive : NETWORK_4G	 /networkState=DISCONNECTED	 /subType=LTE
2015-08-17 17:46:32(pid=11656,tid=1) : LineNotification (D) : #cc#  -- active : NETWORK_WIFI	 /networkState=CONNECTED	 /subType=WIFI	 /wifiInfo.SSID: "SG_QACenter", BSSID: 60:03:08:9d:9f:ea, Supplicant state: COMPLETED, RSSI: -200, Link speed: -1, Net ID: 2, Metered hint: false, mFrequency: 2412
2015-08-17 17:46:33(pid=11656,tid=1) : LineNotification (D) :    # System.onReceive.action=android.net.conn.CONNECTIVITY_CHANGE
2015-08-17 17:46:33(pid=11656,tid=1) : LineNotification (D) : #cc#  current   : NETWORK_WIFI	 /networkState=CONNECTED	 /subType=WIFI	 /wifiInfo.SSID: "SG_QACenter", BSSID: 60:03:08:9d:9f:ea, Supplicant state: COMPLETED, RSSI: -200, Link speed: -1, Net ID: 2, Metered hint: false, mFrequency: 2412
2015-08-17 17:46:33(pid=11656,tid=1) : LineNotification (D) : #cc#  - receive : NETWORK_WIFI	 /networkState=CONNECTED	 /subType=WIFI	 /wifiInfo.SSID: "SG_QACenter", BSSID: 60:03:08:9d:9f:ea, Supplicant state: COMPLETED, RSSI: -200, Link speed: -1, Net ID: 2, Metered hint: false, mFrequency: 2412
2015-08-17 17:46:33(pid=11656,tid=1) : LineNotification (D) : #cc#  -- active : NETWORK_WIFI	 /networkState=CONNECTED	 /subType=WIFI	 /wifiInfo.SSID: "SG_QACenter", BSSID: 60:03:08:9d:9f:ea, Supplicant state: COMPLETED, RSSI: -200, Link speed: -1, Net ID: 2, Metered hint: false, mFrequency: 2412
2015-08-17 18:06:29(pid=23544,tid=1) : LineNotification (D) :    # System.onReceive.action=android.net.conn.CONNECTIVITY_CHANGE
2015-08-17 18:06:29(pid=23544,tid=1) : LineNotification (D) : #cc#  current   : null
2015-08-17 18:06:29(pid=23544,tid=1) : LineNotification (D) : #cc#  - receive : NETWORK_WIFI	 /networkState=DISCONNECTED	 /subType=WIFI	 /wifiInfo.SSID: "SG_QACenter", BSSID: 60:03:08:9d:9f:ea, Supplicant state: COMPLETED, RSSI: -200, Link speed: -1, Net ID: 2, Metered hint: false, mFrequency: 2412
2015-08-17 18:06:29(pid=23544,tid=1) : LineNotification (D) : #cc#  -- active : NETWORK_WIFI	 /networkState=CONNECTED	 /subType=WIFI	 /wifiInfo.SSID: "SG_QACenter", BSSID: 60:03:08:9d:9f:ea, Supplicant state: COMPLETED, RSSI: -200, Link speed: -1, Net ID: 2, Metered hint: false, mFrequency: 2412
2015-08-17 18:06:29(pid=23544,tid=1170) : LineNotification (D) : #cc# @@ CONNECTED @@ .networkInfo = NETWORK_WIFI	 /networkState=CONNECTED	 /subType=WIFI	 /wifiInfo.SSID: "SG_QACenter", BSSID: 60:03:08:9d:9f:ea, Supplicant state: COMPLETED, RSSI: -200, Link speed: -1, Net ID: 2, Metered hint: false, mFrequency: 2412
2015-08-17 18:06:29(pid=23544,tid=1170) : LineNotification (D) : #cc# getNetworkConnectState : 08/17 18:06:29
2015-08-17 18:06:29(pid=23544,tid=1170) : LineNotification (D) : #cc#  - getNetwork	NETWORK_WIFI	CONNECTED	WIFI
2015-08-17 18:06:29(pid=23544,tid=1) : LineNotification (D) :    # System.onReceive.action=android.net.conn.CONNECTIVITY_CHANGE
2015-08-17 18:06:29(pid=23544,tid=1) : LineNotification (D) : #cc#  current   : NETWORK_WIFI	 /networkState=CONNECTED	 /subType=WIFI	 /wifiInfo.SSID: "SG_QACenter", BSSID: 60:03:08:9d:9f:ea, Supplicant state: COMPLETED, RSSI: -200, Link speed: -1, Net ID: 2, Metered hint: false, mFrequency: 2412
2015-08-17 18:06:29(pid=23544,tid=1) : LineNotification (D) : #cc#  - receive : NETWORK_4G	 /networkState=CONNECTED	 /subType=LTE
2015-08-17 18:06:29(pid=23544,tid=1) : LineNotification (D) : #cc#  -- active : NETWORK_WIFI	 /networkState=CONNECTED	 /subType=WIFI	 /wifiInfo.SSID: "SG_QACenter", BSSID: 60:03:08:9d:9f:ea, Supplicant state: COMPLETED, RSSI: -200, Link speed: -1, Net ID: 2, Metered hint: false, mFrequency: 2412
2015-08-17 18:06:30(pid=23544,tid=1180) : PushManager (D) : @_@ checkNeedReigster.true - status = READY
2015-08-17 18:06:30(pid=23544,tid=1180) : PushManager (D) : @_@ checkNeedReigster.true - status = READY
2015-08-17 18:06:30(pid=23544,tid=1180) : PushManager (D) : @_@ setPriorityListAndRegister..push_priority=[GOOGLE_GCM]
2015-08-17 18:06:30(pid=23544,tid=1182) : PushManager (D) : isAvailable = true / result = SERVICE_VERSION_UPDATE_REQUIRED
2015-08-17 18:06:32(pid=23544,tid=1) : LineNotification (D) :    # System.onReceive.action=android.net.conn.CONNECTIVITY_CHANGE
2015-08-17 18:06:32(pid=23544,tid=1) : LineNotification (D) : #cc#  current   : NETWORK_WIFI	 /networkState=CONNECTED	 /subType=WIFI	 /wifiInfo.SSID: "SG_QACenter", BSSID: 60:03:08:9d:9f:ea, Supplicant state: COMPLETED, RSSI: -200, Link speed: -1, Net ID: 2, Metered hint: false, mFrequency: 2412
2015-08-17 18:06:32(pid=23544,tid=1) : LineNotification (D) : #cc#  - receive : NETWORK_WIFI	 /networkState=CONNECTED	 /subType=WIFI	 /wifiInfo.SSID: "SG_QACenter", BSSID: 60:03:08:9d:9f:ea, Supplicant state: COMPLETED, RSSI: -200, Link speed: -1, Net ID: 2, Metered hint: false, mFrequency: 2412
2015-08-17 18:06:32(pid=23544,tid=1) : LineNotification (D) : #cc#  -- active : NETWORK_WIFI	 /networkState=CONNECTED	 /subType=WIFI	 /wifiInfo.SSID: "SG_QACenter", BSSID: 60:03:08:9d:9f:ea, Supplicant state: COMPLETED, RSSI: -200, Link speed: -1, Net ID: 2, Metered hint: false, mFrequency: 2412
2015-08-17 18:06:32(pid=23544,tid=1) : LineNotification (D) :    # System.onReceive.action=android.net.conn.CONNECTIVITY_CHANGE
2015-08-17 18:06:32(pid=23544,tid=1) : LineNotification (D) : #cc#  current   : NETWORK_WIFI	 /networkState=CONNECTED	 /subType=WIFI	 /wifiInfo.SSID: "SG_QACenter", BSSID: 60:03:08:9d:9f:ea, Supplicant state: COMPLETED, RSSI: -200, Link speed: -1, Net ID: 2, Metered hint: false, mFrequency: 2412
2015-08-17 18:06:32(pid=23544,tid=1) : LineNotification (D) : #cc#  - receive : NETWORK_4G	 /networkState=DISCONNECTED	 /subType=LTE
2015-08-17 18:06:32(pid=23544,tid=1) : LineNotification (D) : #cc#  -- active : NETWORK_WIFI	 /networkState=CONNECTED	 /subType=WIFI	 /wifiInfo.SSID: "SG_QACenter", BSSID: 60:03:08:9d:9f:ea, Supplicant state: COMPLETED, RSSI: -200, Link speed: -1, Net ID: 2, Metered hint: false, mFrequency: 2412
2015-08-17 18:06:33(pid=23544,tid=1) : LineNotification (D) :    # System.onReceive.action=android.net.conn.CONNECTIVITY_CHANGE
2015-08-17 18:06:33(pid=23544,tid=1) : LineNotification (D) : #cc#  current   : NETWORK_WIFI	 /networkState=CONNECTED	 /subType=WIFI	 /wifiInfo.SSID: "SG_QACenter", BSSID: 60:03:08:9d:9f:ea, Supplicant state: COMPLETED, RSSI: -200, Link speed: -1, Net ID: 2, Metered hint: false, mFrequency: 2412
2015-08-17 18:06:33(pid=23544,tid=1) : LineNotification (D) : #cc#  - receive : NETWORK_WIFI	 /networkState=CONNECTED	 /subType=WIFI	 /wifiInfo.SSID: "SG_QACenter", BSSID: 60:03:08:9d:9f:ea, Supplicant state: COMPLETED, RSSI: -200, Link speed: -1, Net ID: 2, Metered hint: false, mFrequency: 2412
2015-08-17 18:06:33(pid=23544,tid=1) : LineNotification (D) : #cc#  -- active : NETWORK_WIFI	 /networkState=CONNECTED	 /subType=WIFI	 /wifiInfo.SSID: "SG_QACenter", BSSID: 60:03:08:9d:9f:ea, Supplicant state: COMPLETED, RSSI: -200, Link speed: -1, Net ID: 2, Metered hint: false, mFrequency: 2412
2015-08-17 18:06:33(pid=23544,tid=1) : GOOGLE_GCM (D) : __GCM onReceive.error = null /retryCnt=0 /token=APA91bGLLJrjHRLFE3L1baBwzpFilDiNgsMPPOIGUvn5Dku_97PlVDKB2kpr8kfg0i6_Q0kvVLisPrwKec8SDYg7Sy0YuLfm62R15PhkmVTQ_UG0lFuhUtbuhmGJU8UhIBHQY3OMnukqVC1xuQbRwCOGI-D2g7a7Ig
2015-08-17 18:06:33(pid=23544,tid=1) : BasePushReceiver (D) : -$$ BasePushReceiver.handleRegistration(): registration=GOOGLE_GCM:APA91bGLLJrjHRLFE3L1baBwzpFilDiNgsMPPOIGUvn5Dku_97PlVDKB2kpr8kfg0i6_Q0kvVLisPrwKec8SDYg7Sy0YuLfm62R15PhkmVTQ_UG0lFuhUtbuhmGJU8UhIBHQY3OMnukqVC1xuQbRwCOGI-D2g7a7Ig
2015-08-17 18:06:33(pid=23544,tid=1) : PushManager (D) : @_@ requestPushTokenUpdate.notiType=GOOGLE_GCM / pushToken=APA91bGLLJrjHRLFE3L1baBwzpFilDiNgsMPPOIGUvn5Dku_97PlVDKB2kpr8kfg0i6_Q0kvVLisPrwKec8SDYg7Sy0YuLfm62R15PhkmVTQ_UG0lFuhUtbuhmGJU8UhIBHQY3OMnukqVC1xuQbRwCOGI-D2g7a7Ig
2015-08-17 18:06:33(pid=23544,tid=1) : TokenProxy (D) :  @TokenProxy.updateToken.type=GOOGLE_GCM /token=APA91bGLLJrjHRLFE3L1baBwzpFilDiNgsMPPOIGUvn5Dku_97PlVDKB2kpr8kfg0i6_Q0kvVLisPrwKec8SDYg7Sy0YuLfm62R15PhkmVTQ_UG0lFuhUtbuhmGJU8UhIBHQY3OMnukqVC1xuQbRwCOGI-D2g7a7Ig /tryCnt=0 /retryInterval=100
2015-08-17 18:06:33(pid=23544,tid=1180) : TokenProxy (D) :  @TokenProxy.updateToken.type=GOOGLE_GCM /token=APA91bGLLJrjHRLFE3L1baBwzpFilDiNgsMPPOIGUvn5Dku_97PlVDKB2kpr8kfg0i6_Q0kvVLisPrwKec8SDYg7Sy0YuLfm62R15PhkmVTQ_UG0lFuhUtbuhmGJU8UhIBHQY3OMnukqVC1xuQbRwCOGI-D2g7a7Ig /tryCnt=1 /retryInterval=8000
2015-08-17 18:06:41(pid=23544,tid=1180) : TokenProxy (D) :  @TokenProxy.updateToken.type=GOOGLE_GCM /token=APA91bGLLJrjHRLFE3L1baBwzpFilDiNgsMPPOIGUvn5Dku_97PlVDKB2kpr8kfg0i6_Q0kvVLisPrwKec8SDYg7Sy0YuLfm62R15PhkmVTQ_UG0lFuhUtbuhmGJU8UhIBHQY3OMnukqVC1xuQbRwCOGI-D2g7a7Ig /tryCnt=2 /retryInterval=38000
2015-08-17 18:16:24(pid=23544,tid=1) : LineNotification (D) :    # System.onReceive.action=android.net.conn.CONNECTIVITY_CHANGE
2015-08-17 18:16:24(pid=23544,tid=1) : LineNotification (D) : #cc#  current   : NETWORK_WIFI	 /networkState=CONNECTED	 /subType=WIFI	 /wifiInfo.SSID: "SG_QACenter", BSSID: 60:03:08:9d:9f:ea, Supplicant state: COMPLETED, RSSI: -200, Link speed: -1, Net ID: 2, Metered hint: false, mFrequency: 2412
2015-08-17 18:16:24(pid=23544,tid=1) : LineNotification (D) : #cc#  - receive : NETWORK_WIFI	 /networkState=DISCONNECTED	 /subType=WIFI	 /wifiInfo.SSID: , BSSID: 00:00:00:00:00:00, Supplicant state: ASSOCIATING, RSSI: -200, Link speed: -1, Net ID: -1, Metered hint: false, mFrequency: -1
2015-08-17 18:16:24(pid=23544,tid=1) : LineNotification (D) : #cc#  -- active : NETWORK_4G	 /networkState=CONNECTED	 /subType=LTE
2015-08-17 18:26:06(pid=23544,tid=1) : LineNotification (D) :    # System.onReceive.action=android.net.conn.CONNECTIVITY_CHANGE
2015-08-17 18:26:06(pid=23544,tid=1) : LineNotification (D) : #cc#  current   : NETWORK_WIFI	 /networkState=CONNECTED	 /subType=WIFI	 /wifiInfo.SSID: "SG_QACenter", BSSID: 60:03:08:9d:9f:ea, Supplicant state: COMPLETED, RSSI: -200, Link speed: -1, Net ID: 2, Metered hint: false, mFrequency: 2412
2015-08-17 18:26:06(pid=23544,tid=1) : LineNotification (D) : #cc#  - receive : NETWORK_4G	 /networkState=CONNECTED	 /subType=LTE
2015-08-17 18:26:06(pid=23544,tid=1) : LineNotification (D) : #cc#  -- active : NETWORK_4G	 /networkState=CONNECTED	 /subType=LTE
2015-08-17 18:26:06(pid=23544,tid=1) : LineNotification (D) : #cc# @@ CHANGED @@ .networkInfo = NETWORK_4G	 /networkState=CONNECTED	 /subType=LTE
2015-08-17 18:59:58(pid=23544,tid=1) : LineNotification (D) :    # System.onReceive.action=android.intent.action.ACTION_POWER_CONNECTED
2015-08-17 19:00:03(pid=23544,tid=1) : LineNotification (D) :    # System.onReceive.action=android.intent.action.USER_PRESENT
2015-08-17 19:00:07(pid=23544,tid=1180) : TokenProxy (D) :  @TokenProxy.updateToken.type=GOOGLE_GCM /token=APA91bGLLJrjHRLFE3L1baBwzpFilDiNgsMPPOIGUvn5Dku_97PlVDKB2kpr8kfg0i6_Q0kvVLisPrwKec8SDYg7Sy0YuLfm62R15PhkmVTQ_UG0lFuhUtbuhmGJU8UhIBHQY3OMnukqVC1xuQbRwCOGI-D2g7a7Ig /tryCnt=3 /retryInterval=218000
2015-08-17 19:00:08(pid=23544,tid=1) : LineNotification (D) :    # System.onReceive.action=android.net.conn.CONNECTIVITY_CHANGE
2015-08-17 19:00:08(pid=23544,tid=1) : LineNotification (D) : #cc#  current   : NETWORK_4G	 /networkState=CONNECTED	 /subType=LTE
2015-08-17 19:00:08(pid=23544,tid=1) : LineNotification (D) : #cc#  - receive : NETWORK_WIFI	 /networkState=CONNECTED	 /subType=WIFI	 /wifiInfo.SSID: "SG_QACenter", BSSID: 60:03:08:9d:9f:ea, Supplicant state: COMPLETED, RSSI: -56, Link speed: 65, Net ID: 2, Metered hint: false, mFrequency: 2412
2015-08-17 19:00:08(pid=23544,tid=1) : LineNotification (D) : #cc#  -- active : NETWORK_WIFI	 /networkState=CONNECTED	 /subType=WIFI	 /wifiInfo.SSID: "SG_QACenter", BSSID: 60:03:08:9d:9f:ea, Supplicant state: COMPLETED, RSSI: -56, Link speed: 65, Net ID: 2, Metered hint: false, mFrequency: 2412
2015-08-17 19:00:08(pid=23544,tid=1) : LineNotification (D) : #cc# @@ CHANGED @@ .networkInfo = NETWORK_WIFI	 /networkState=CONNECTED	 /subType=WIFI	 /wifiInfo.SSID: "SG_QACenter", BSSID: 60:03:08:9d:9f:ea, Supplicant state: COMPLETED, RSSI: -56, Link speed: 65, Net ID: 2, Metered hint: false, mFrequency: 2412
2015-08-17 19:00:09(pid=23544,tid=1) : LineNotification (D) :    # System.onReceive.action=android.net.conn.CONNECTIVITY_CHANGE
2015-08-17 19:00:09(pid=23544,tid=1) : LineNotification (D) : #cc#  current   : NETWORK_WIFI	 /networkState=CONNECTED	 /subType=WIFI	 /wifiInfo.SSID: "SG_QACenter", BSSID: 60:03:08:9d:9f:ea, Supplicant state: COMPLETED, RSSI: -56, Link speed: 65, Net ID: 2, Metered hint: false, mFrequency: 2412
2015-08-17 19:00:09(pid=23544,tid=1) : LineNotification (D) : #cc#  - receive : NETWORK_4G	 /networkState=DISCONNECTED	 /subType=LTE
2015-08-17 19:00:09(pid=23544,tid=1) : LineNotification (D) : #cc#  -- active : NETWORK_WIFI	 /networkState=CONNECTED	 /subType=WIFI	 /wifiInfo.SSID: "SG_QACenter", BSSID: 60:03:08:9d:9f:ea, Supplicant state: COMPLETED, RSSI: -56, Link speed: 65, Net ID: 2, Metered hint: false, mFrequency: 2412
2015-08-17 19:09:39(pid=27690,tid=1) : LineNotification (D) :    # System.onReceive.action=android.intent.action.PACKAGE_REPLACED
2015-08-17 19:09:39(pid=27690,tid=1386) : LineNotification (D) : #cc# @@ CONNECTED @@ .networkInfo = NETWORK_WIFI	 /networkState=CONNECTED	 /subType=WIFI	 /wifiInfo.SSID: "SG_QACenter", BSSID: 60:03:08:9d:9f:ea, Supplicant state: COMPLETED, RSSI: -52, Link speed: 72, Net ID: 2, Metered hint: false, mFrequency: 2412
2015-08-17 19:09:39(pid=27690,tid=1386) : LineNotification (D) : #cc# getNetworkConnectState : 08/17 19:09:39
2015-08-17 19:09:39(pid=27690,tid=1386) : LineNotification (D) : #cc#  - getNetwork	NETWORK_WIFI	CONNECTED	WIFI
2015-08-17 19:12:13(pid=29304,tid=1) : LineNotification (D) :    # System.onReceive.action=android.intent.action.PACKAGE_REPLACED
2015-08-17 19:12:13(pid=29304,tid=1470) : LineNotification (D) : #cc# @@ CONNECTED @@ .networkInfo = NETWORK_WIFI	 /networkState=CONNECTED	 /subType=WIFI	 /wifiInfo.SSID: "SG_QACenter", BSSID: 60:03:08:9d:9f:ea, Supplicant state: COMPLETED, RSSI: -56, Link speed: 72, Net ID: 2, Metered hint: false, mFrequency: 2412
2015-08-17 19:12:13(pid=29304,tid=1470) : LineNotification (D) : #cc# getNetworkConnectState : 08/17 19:12:13
2015-08-17 19:12:13(pid=29304,tid=1470) : LineNotification (D) : #cc#  - getNetwork	NETWORK_WIFI	CONNECTED	WIFI
2015-08-17 19:12:47(pid=29913,tid=1) : LineNotification (D) :    # System.onReceive.action=android.intent.action.PACKAGE_REPLACED
2015-08-17 19:12:47(pid=29913,tid=1524) : LineNotification (D) : #cc# @@ CONNECTED @@ .networkInfo = NETWORK_WIFI	 /networkState=CONNECTED	 /subType=WIFI	 /wifiInfo.SSID: "SG_QACenter", BSSID: 60:03:08:9d:9f:ea, Supplicant state: COMPLETED, RSSI: -57, Link speed: 72, Net ID: 2, Metered hint: false, mFrequency: 2412
2015-08-17 19:12:47(pid=29913,tid=1524) : LineNotification (D) : #cc# getNetworkConnectState : 08/17 19:12:47
2015-08-17 19:12:47(pid=29913,tid=1524) : LineNotification (D) : #cc#  - getNetwork	NETWORK_WIFI	CONNECTED	WIFI
2015-08-17 19:14:03(pid=30957,tid=1) : LineNotification (D) :    # System.onReceive.action=android.intent.action.PACKAGE_REPLACED
2015-08-17 19:14:03(pid=30957,tid=1602) : LineNotification (D) : #cc# @@ CONNECTED @@ .networkInfo = NETWORK_WIFI	 /networkState=CONNECTED	 /subType=WIFI	 /wifiInfo.SSID: "SG_QACenter", BSSID: 60:03:08:9d:9f:ea, Supplicant state: COMPLETED, RSSI: -58, Link speed: 72, Net ID: 2, Metered hint: false, mFrequency: 2412
2015-08-17 19:14:03(pid=30957,tid=1602) : LineNotification (D) : #cc# getNetworkConnectState : 08/17 19:14:03
2015-08-17 19:14:03(pid=30957,tid=1602) : LineNotification (D) : #cc#  - getNetwork	NETWORK_WIFI	CONNECTED	WIFI
2015-08-17 19:14:05(pid=30957,tid=1611) : PushManager (D) : @_@ checkNeedReigster.true - status = READY
2015-08-17 19:14:05(pid=30957,tid=1611) : PushManager (D) : @_@ checkNeedReigster.true - status = READY
2015-08-17 19:14:05(pid=30957,tid=1611) : PushManager (D) : @_@ setPriorityListAndRegister..push_priority=[GOOGLE_GCM]
2015-08-17 19:14:05(pid=30957,tid=1616) : PushManager (D) : isAvailable = true / result = SERVICE_VERSION_UPDATE_REQUIRED
2015-08-17 19:14:05(pid=30957,tid=1) : GOOGLE_GCM (D) : __GCM onReceive.error = null /retryCnt=0 /token=APA91bGLLJrjHRLFE3L1baBwzpFilDiNgsMPPOIGUvn5Dku_97PlVDKB2kpr8kfg0i6_Q0kvVLisPrwKec8SDYg7Sy0YuLfm62R15PhkmVTQ_UG0lFuhUtbuhmGJU8UhIBHQY3OMnukqVC1xuQbRwCOGI-D2g7a7Ig
2015-08-17 19:14:05(pid=30957,tid=1) : BasePushReceiver (D) : -$$ BasePushReceiver.handleRegistration(): registration=GOOGLE_GCM:APA91bGLLJrjHRLFE3L1baBwzpFilDiNgsMPPOIGUvn5Dku_97PlVDKB2kpr8kfg0i6_Q0kvVLisPrwKec8SDYg7Sy0YuLfm62R15PhkmVTQ_UG0lFuhUtbuhmGJU8UhIBHQY3OMnukqVC1xuQbRwCOGI-D2g7a7Ig
2015-08-17 19:14:05(pid=30957,tid=1) : PushManager (D) : @_@ requestPushTokenUpdate.notiType=GOOGLE_GCM / pushToken=APA91bGLLJrjHRLFE3L1baBwzpFilDiNgsMPPOIGUvn5Dku_97PlVDKB2kpr8kfg0i6_Q0kvVLisPrwKec8SDYg7Sy0YuLfm62R15PhkmVTQ_UG0lFuhUtbuhmGJU8UhIBHQY3OMnukqVC1xuQbRwCOGI-D2g7a7Ig
2015-08-17 19:14:05(pid=30957,tid=1) : TokenProxy (D) :  @TokenProxy.updateToken.type=GOOGLE_GCM /token=APA91bGLLJrjHRLFE3L1baBwzpFilDiNgsMPPOIGUvn5Dku_97PlVDKB2kpr8kfg0i6_Q0kvVLisPrwKec8SDYg7Sy0YuLfm62R15PhkmVTQ_UG0lFuhUtbuhmGJU8UhIBHQY3OMnukqVC1xuQbRwCOGI-D2g7a7Ig /tryCnt=0 /retryInterval=100
2015-08-17 19:14:05(pid=30957,tid=1611) : TokenProxy (D) :  @TokenProxy.updateToken.type=GOOGLE_GCM /token=APA91bGLLJrjHRLFE3L1baBwzpFilDiNgsMPPOIGUvn5Dku_97PlVDKB2kpr8kfg0i6_Q0kvVLisPrwKec8SDYg7Sy0YuLfm62R15PhkmVTQ_UG0lFuhUtbuhmGJU8UhIBHQY3OMnukqVC1xuQbRwCOGI-D2g7a7Ig /tryCnt=1 /retryInterval=8000
2015-08-17 19:14:13(pid=30957,tid=1611) : TokenProxy (D) :  @TokenProxy.updateToken.type=GOOGLE_GCM /token=APA91bGLLJrjHRLFE3L1baBwzpFilDiNgsMPPOIGUvn5Dku_97PlVDKB2kpr8kfg0i6_Q0kvVLisPrwKec8SDYg7Sy0YuLfm62R15PhkmVTQ_UG0lFuhUtbuhmGJU8UhIBHQY3OMnukqVC1xuQbRwCOGI-D2g7a7Ig /tryCnt=2 /retryInterval=38000
2015-08-17 19:14:51(pid=30957,tid=1611) : TokenProxy (D) :  @TokenProxy.updateToken.type=GOOGLE_GCM /token=APA91bGLLJrjHRLFE3L1baBwzpFilDiNgsMPPOIGUvn5Dku_97PlVDKB2kpr8kfg0i6_Q0kvVLisPrwKec8SDYg7Sy0YuLfm62R15PhkmVTQ_UG0lFuhUtbuhmGJU8UhIBHQY3OMnukqVC1xuQbRwCOGI-D2g7a7Ig /tryCnt=3 /retryInterval=218000
2015-08-17 19:15:45(pid=30957,tid=1) : LineNotification (D) :    # System.onReceive.action=android.intent.action.PACKAGE_REPLACED
2015-08-17 19:17:09(pid=30957,tid=1) : LineNotification (D) :    # System.onReceive.action=android.net.conn.CONNECTIVITY_CHANGE
2015-08-17 19:17:09(pid=30957,tid=1) : LineNotification (D) : #cc#  current   : NETWORK_WIFI	 /networkState=CONNECTED	 /subType=WIFI	 /wifiInfo.SSID: "SG_QACenter", BSSID: 60:03:08:9d:9f:ea, Supplicant state: COMPLETED, RSSI: -58, Link speed: 72, Net ID: 2, Metered hint: false, mFrequency: 2412
2015-08-17 19:17:09(pid=30957,tid=1) : LineNotification (D) : #cc#  - receive : NETWORK_WIFI	 /networkState=DISCONNECTED	 /subType=WIFI	 /wifiInfo.SSID: "LinePlusui-iMac-76", BSSID: 00:00:00:00:00:00, Supplicant state: FOUR_WAY_HANDSHAKE, RSSI: -200, Link speed: -1, Net ID: 3, Metered hint: false, mFrequency: -1
2015-08-17 19:17:09(pid=30957,tid=1) : LineNotification (D) : #cc#  -- active : NETWORK_4G	 /networkState=CONNECTED	 /subType=LTE
2015-08-17 19:17:09(pid=30957,tid=1) : LineNotification (D) :    # System.onReceive.action=android.net.conn.CONNECTIVITY_CHANGE
2015-08-17 19:17:09(pid=30957,tid=1) : LineNotification (D) : #cc#  current   : NETWORK_WIFI	 /networkState=CONNECTED	 /subType=WIFI	 /wifiInfo.SSID: "SG_QACenter", BSSID: 60:03:08:9d:9f:ea, Supplicant state: COMPLETED, RSSI: -58, Link speed: 72, Net ID: 2, Metered hint: false, mFrequency: 2412
2015-08-17 19:17:09(pid=30957,tid=1) : LineNotification (D) : #cc#  - receive : NETWORK_4G	 /networkState=CONNECTED	 /subType=LTE
2015-08-17 19:17:09(pid=30957,tid=1) : LineNotification (D) : #cc#  -- active : NETWORK_4G	 /networkState=CONNECTED	 /subType=LTE
2015-08-17 19:17:09(pid=30957,tid=1) : LineNotification (D) : #cc# @@ CHANGED @@ .networkInfo = NETWORK_4G	 /networkState=CONNECTED	 /subType=LTE
2015-08-17 19:17:24(pid=30957,tid=1) : LineNotification (D) :    # System.onReceive.action=android.net.conn.CONNECTIVITY_CHANGE
2015-08-17 19:17:24(pid=30957,tid=1) : LineNotification (D) : #cc#  current   : NETWORK_4G	 /networkState=CONNECTED	 /subType=LTE
2015-08-17 19:17:24(pid=30957,tid=1) : LineNotification (D) : #cc#  - receive : NETWORK_WIFI	 /networkState=CONNECTED	 /subType=WIFI	 /wifiInfo.SSID: "SG_QACenter", BSSID: 60:03:08:9d:9f:ea, Supplicant state: COMPLETED, RSSI: -53, Link speed: 65, Net ID: 2, Metered hint: false, mFrequency: 2412
2015-08-17 19:17:24(pid=30957,tid=1) : LineNotification (D) : #cc#  -- active : NETWORK_WIFI	 /networkState=CONNECTED	 /subType=WIFI	 /wifiInfo.SSID: "SG_QACenter", BSSID: 60:03:08:9d:9f:ea, Supplicant state: COMPLETED, RSSI: -53, Link speed: 65, Net ID: 2, Metered hint: false, mFrequency: 2412
2015-08-17 19:17:24(pid=30957,tid=1) : LineNotification (D) : #cc# @@ CHANGED @@ .networkInfo = NETWORK_WIFI	 /networkState=CONNECTED	 /subType=WIFI	 /wifiInfo.SSID: "SG_QACenter", BSSID: 60:03:08:9d:9f:ea, Supplicant state: COMPLETED, RSSI: -53, Link speed: 65, Net ID: 2, Metered hint: false, mFrequency: 2412
2015-08-17 19:17:24(pid=30957,tid=1) : LineNotification (D) :    # System.onReceive.action=android.net.conn.CONNECTIVITY_CHANGE
2015-08-17 19:17:24(pid=30957,tid=1) : LineNotification (D) : #cc#  current   : NETWORK_WIFI	 /networkState=CONNECTED	 /subType=WIFI	 /wifiInfo.SSID: "SG_QACenter", BSSID: 60:03:08:9d:9f:ea, Supplicant state: COMPLETED, RSSI: -53, Link speed: 65, Net ID: 2, Metered hint: false, mFrequency: 2412
2015-08-17 19:17:24(pid=30957,tid=1) : LineNotification (D) : #cc#  - receive : NETWORK_4G	 /networkState=DISCONNECTED	 /subType=LTE
2015-08-17 19:17:24(pid=30957,tid=1) : LineNotification (D) : #cc#  -- active : NETWORK_WIFI	 /networkState=CONNECTED	 /subType=WIFI	 /wifiInfo.SSID: "SG_QACenter", BSSID: 60:03:08:9d:9f:ea, Supplicant state: COMPLETED, RSSI: -53, Link speed: 65, Net ID: 2, Metered hint: false, mFrequency: 2412
2015-08-17 19:17:25(pid=30957,tid=1) : LineNotification (D) :    # System.onReceive.action=android.net.conn.CONNECTIVITY_CHANGE
2015-08-17 19:17:25(pid=30957,tid=1) : LineNotification (D) : #cc#  current   : NETWORK_WIFI	 /networkState=CONNECTED	 /subType=WIFI	 /wifiInfo.SSID: "SG_QACenter", BSSID: 60:03:08:9d:9f:ea, Supplicant state: COMPLETED, RSSI: -53, Link speed: 65, Net ID: 2, Metered hint: false, mFrequency: 2412
2015-08-17 19:17:25(pid=30957,tid=1) : LineNotification (D) : #cc#  - receive : NETWORK_WIFI	 /networkState=CONNECTED	 /subType=WIFI	 /wifiInfo.SSID: "SG_QACenter", BSSID: 60:03:08:9d:9f:ea, Supplicant state: COMPLETED, RSSI: -53, Link speed: 65, Net ID: 2, Metered hint: false, mFrequency: 2412
2015-08-17 19:17:25(pid=30957,tid=1) : LineNotification (D) : #cc#  -- active : NETWORK_WIFI	 /networkState=CONNECTED	 /subType=WIFI	 /wifiInfo.SSID: "SG_QACenter", BSSID: 60:03:08:9d:9f:ea, Supplicant state: COMPLETED, RSSI: -53, Link speed: 65, Net ID: 2, Metered hint: false, mFrequency: 2412
2015-08-17 19:17:26(pid=30957,tid=1) : LineNotification (D) :    # System.onReceive.action=android.net.conn.CONNECTIVITY_CHANGE
2015-08-17 19:17:26(pid=30957,tid=1) : LineNotification (D) : #cc#  current   : NETWORK_WIFI	 /networkState=CONNECTED	 /subType=WIFI	 /wifiInfo.SSID: "SG_QACenter", BSSID: 60:03:08:9d:9f:ea, Supplicant state: COMPLETED, RSSI: -53, Link speed: 65, Net ID: 2, Metered hint: false, mFrequency: 2412
2015-08-17 19:17:26(pid=30957,tid=1) : LineNotification (D) : #cc#  - receive : NETWORK_WIFI	 /networkState=DISCONNECTED	 /subType=WIFI	 /wifiInfo.SSID: "LinePlusui-iMac-76", BSSID: 00:00:00:00:00:00, Supplicant state: FOUR_WAY_HANDSHAKE, RSSI: -200, Link speed: -1, Net ID: 3, Metered hint: false, mFrequency: -1
2015-08-17 19:17:26(pid=30957,tid=1) : LineNotification (D) : #cc#  -- active : NETWORK_4G	 /networkState=CONNECTED	 /subType=LTE
2015-08-17 19:17:26(pid=30957,tid=1) : LineNotification (D) :    # System.onReceive.action=android.net.conn.CONNECTIVITY_CHANGE
2015-08-17 19:17:26(pid=30957,tid=1) : LineNotification (D) : #cc#  current   : NETWORK_WIFI	 /networkState=CONNECTED	 /subType=WIFI	 /wifiInfo.SSID: "SG_QACenter", BSSID: 60:03:08:9d:9f:ea, Supplicant state: COMPLETED, RSSI: -53, Link speed: 65, Net ID: 2, Metered hint: false, mFrequency: 2412
2015-08-17 19:17:26(pid=30957,tid=1) : LineNotification (D) : #cc#  - receive : NETWORK_4G	 /networkState=CONNECTED	 /subType=LTE
2015-08-17 19:17:26(pid=30957,tid=1) : LineNotification (D) : #cc#  -- active : NETWORK_4G	 /networkState=CONNECTED	 /subType=LTE
2015-08-17 19:17:26(pid=30957,tid=1) : LineNotification (D) : #cc# @@ CHANGED @@ .networkInfo = NETWORK_4G	 /networkState=CONNECTED	 /subType=LTE
2015-08-17 19:17:42(pid=30957,tid=1) : LineNotification (D) :    # System.onReceive.action=android.net.conn.CONNECTIVITY_CHANGE
2015-08-17 19:17:42(pid=30957,tid=1) : LineNotification (D) : #cc#  current   : NETWORK_4G	 /networkState=CONNECTED	 /subType=LTE
2015-08-17 19:17:42(pid=30957,tid=1) : LineNotification (D) : #cc#  - receive : NETWORK_WIFI	 /networkState=CONNECTED	 /subType=WIFI	 /wifiInfo.SSID: "SG_QACenter", BSSID: null, Supplicant state: ASSOCIATING, RSSI: -200, Link speed: -1, Net ID: 3, Metered hint: false, mFrequency: -1
2015-08-17 19:17:42(pid=30957,tid=1) : LineNotification (D) : #cc#  -- active : null
2015-08-17 19:17:42(pid=30957,tid=1) : LineNotification (D) : #cc# @@ CHANGED @@ .networkInfo = null
2015-08-17 19:17:43(pid=30957,tid=1) : LineNotification (D) :    # System.onReceive.action=android.net.conn.CONNECTIVITY_CHANGE
2015-08-17 19:17:43(pid=30957,tid=1) : LineNotification (D) : #cc#  current   : null
2015-08-17 19:17:43(pid=30957,tid=1) : LineNotification (D) : #cc#  - receive : NETWORK_4G	 /networkState=DISCONNECTED	 /subType=LTE
2015-08-17 19:17:43(pid=30957,tid=1) : LineNotification (D) : #cc#  -- active : NETWORK_4G	 /networkState=CONNECTED	 /subType=LTE
2015-08-17 19:17:43(pid=30957,tid=1) : LineNotification (D) :    # System.onReceive.action=android.net.conn.CONNECTIVITY_CHANGE
2015-08-17 19:17:43(pid=30957,tid=1) : LineNotification (D) : #cc#  current   : null
2015-08-17 19:17:43(pid=30957,tid=1) : LineNotification (D) : #cc#  - receive : NETWORK_WIFI	 /networkState=CONNECTED	 /subType=WIFI	 /wifiInfo.SSID: "LinePlusui-iMac-76", BSSID: 00:00:00:00:00:00, Supplicant state: FOUR_WAY_HANDSHAKE, RSSI: -200, Link speed: -1, Net ID: 3, Metered hint: false, mFrequency: -1
2015-08-17 19:17:43(pid=30957,tid=1) : LineNotification (D) : #cc#  -- active : NETWORK_4G	 /networkState=CONNECTED	 /subType=LTE
2015-08-17 19:17:43(pid=30957,tid=1) : LineNotification (D) : #cc# @@ CONNECTED @@ .networkInfo = NETWORK_WIFI	 /networkState=CONNECTED	 /subType=WIFI	 /wifiInfo.SSID: "LinePlusui-iMac-76", BSSID: 00:00:00:00:00:00, Supplicant state: FOUR_WAY_HANDSHAKE, RSSI: -200, Link speed: -1, Net ID: 3, Metered hint: false, mFrequency: -1
2015-08-17 19:17:44(pid=30957,tid=1) : LineNotification (D) :    # System.onReceive.action=android.net.conn.CONNECTIVITY_CHANGE
2015-08-17 19:17:44(pid=30957,tid=1) : LineNotification (D) : #cc#  current   : NETWORK_WIFI	 /networkState=CONNECTED	 /subType=WIFI	 /wifiInfo.SSID: "LinePlusui-iMac-76", BSSID: 00:00:00:00:00:00, Supplicant state: FOUR_WAY_HANDSHAKE, RSSI: -200, Link speed: -1, Net ID: 3, Metered hint: false, mFrequency: -1
2015-08-17 19:17:44(pid=30957,tid=1) : LineNotification (D) : #cc#  - receive : NETWORK_WIFI	 /networkState=DISCONNECTED	 /subType=WIFI	 /wifiInfo.SSID: "LinePlusui-iMac-76", BSSID: 00:00:00:00:00:00, Supplicant state: FOUR_WAY_HANDSHAKE, RSSI: -200, Link speed: -1, Net ID: 3, Metered hint: false, mFrequency: -1
2015-08-17 19:17:44(pid=30957,tid=1) : LineNotification (D) : #cc#  -- active : NETWORK_4G	 /networkState=CONNECTED	 /subType=LTE
2015-08-17 19:17:44(pid=30957,tid=1) : LineNotification (D) :    # System.onReceive.action=android.net.conn.CONNECTIVITY_CHANGE
2015-08-17 19:17:44(pid=30957,tid=1) : LineNotification (D) : #cc#  current   : NETWORK_WIFI	 /networkState=CONNECTED	 /subType=WIFI	 /wifiInfo.SSID: "LinePlusui-iMac-76", BSSID: 00:00:00:00:00:00, Supplicant state: FOUR_WAY_HANDSHAKE, RSSI: -200, Link speed: -1, Net ID: 3, Metered hint: false, mFrequency: -1
2015-08-17 19:17:44(pid=30957,tid=1) : LineNotification (D) : #cc#  - receive : NETWORK_4G	 /networkState=CONNECTED	 /subType=LTE
2015-08-17 19:17:44(pid=30957,tid=1) : LineNotification (D) : #cc#  -- active : NETWORK_4G	 /networkState=CONNECTED	 /subType=LTE
2015-08-17 19:17:44(pid=30957,tid=1) : LineNotification (D) : #cc# @@ CHANGED @@ .networkInfo = NETWORK_4G	 /networkState=CONNECTED	 /subType=LTE
2015-08-17 19:17:59(pid=30957,tid=1) : LineNotification (D) :    # System.onReceive.action=android.net.conn.CONNECTIVITY_CHANGE
2015-08-17 19:17:59(pid=30957,tid=1) : LineNotification (D) : #cc#  current   : NETWORK_4G	 /networkState=CONNECTED	 /subType=LTE
2015-08-17 19:17:59(pid=30957,tid=1) : LineNotification (D) : #cc#  - receive : NETWORK_WIFI	 /networkState=CONNECTED	 /subType=WIFI	 /wifiInfo.SSID: "SG_QACenter", BSSID: 60:03:08:9d:9f:ea, Supplicant state: COMPLETED, RSSI: -52, Link speed: 65, Net ID: 2, Metered hint: false, mFrequency: 2412
2015-08-17 19:17:59(pid=30957,tid=1) : LineNotification (D) : #cc#  -- active : NETWORK_WIFI	 /networkState=CONNECTED	 /subType=WIFI	 /wifiInfo.SSID: "SG_QACenter", BSSID: 60:03:08:9d:9f:ea, Supplicant state: COMPLETED, RSSI: -52, Link speed: 65, Net ID: 2, Metered hint: false, mFrequency: 2412
2015-08-17 19:17:59(pid=30957,tid=1) : LineNotification (D) : #cc# @@ CHANGED @@ .networkInfo = NETWORK_WIFI	 /networkState=CONNECTED	 /subType=WIFI	 /wifiInfo.SSID: "SG_QACenter", BSSID: 60:03:08:9d:9f:ea, Supplicant state: COMPLETED, RSSI: -52, Link speed: 65, Net ID: 2, Metered hint: false, mFrequency: 2412
2015-08-17 19:18:00(pid=30957,tid=1) : LineNotification (D) :    # System.onReceive.action=android.net.conn.CONNECTIVITY_CHANGE
2015-08-17 19:18:00(pid=30957,tid=1) : LineNotification (D) : #cc#  current   : NETWORK_WIFI	 /networkState=CONNECTED	 /subType=WIFI	 /wifiInfo.SSID: "SG_QACenter", BSSID: 60:03:08:9d:9f:ea, Supplicant state: COMPLETED, RSSI: -52, Link speed: 65, Net ID: 2, Metered hint: false, mFrequency: 2412
2015-08-17 19:18:00(pid=30957,tid=1) : LineNotification (D) : #cc#  - receive : NETWORK_4G	 /networkState=DISCONNECTED	 /subType=LTE
2015-08-17 19:18:00(pid=30957,tid=1) : LineNotification (D) : #cc#  -- active : NETWORK_WIFI	 /networkState=CONNECTED	 /subType=WIFI	 /wifiInfo.SSID: "SG_QACenter", BSSID: 60:03:08:9d:9f:ea, Supplicant state: COMPLETED, RSSI: -52, Link speed: 65, Net ID: 2, Metered hint: false, mFrequency: 2412
2015-08-17 19:18:00(pid=30957,tid=1) : LineNotification (D) :    # System.onReceive.action=android.net.conn.CONNECTIVITY_CHANGE
2015-08-17 19:18:00(pid=30957,tid=1) : LineNotification (D) : #cc#  current   : NETWORK_WIFI	 /networkState=CONNECTED	 /subType=WIFI	 /wifiInfo.SSID: "SG_QACenter", BSSID: 60:03:08:9d:9f:ea, Supplicant state: COMPLETED, RSSI: -52, Link speed: 65, Net ID: 2, Metered hint: false, mFrequency: 2412
2015-08-17 19:18:00(pid=30957,tid=1) : LineNotification (D) : #cc#  - receive : NETWORK_WIFI	 /networkState=CONNECTED	 /subType=WIFI	 /wifiInfo.SSID: "SG_QACenter", BSSID: 60:03:08:9d:9f:ea, Supplicant state: COMPLETED, RSSI: -52, Link speed: 65, Net ID: 2, Metered hint: false, mFrequency: 2412
2015-08-17 19:18:00(pid=30957,tid=1) : LineNotification (D) : #cc#  -- active : NETWORK_WIFI	 /networkState=CONNECTED	 /subType=WIFI	 /wifiInfo.SSID: "SG_QACenter", BSSID: 60:03:08:9d:9f:ea, Supplicant state: COMPLETED, RSSI: -52, Link speed: 65, Net ID: 2, Metered hint: false, mFrequency: 2412
2015-08-17 19:18:28(pid=30957,tid=1) : LineNotification (D) :    # System.onReceive.action=android.net.conn.CONNECTIVITY_CHANGE
2015-08-17 19:18:28(pid=30957,tid=1) : LineNotification (D) : #cc#  current   : NETWORK_WIFI	 /networkState=CONNECTED	 /subType=WIFI	 /wifiInfo.SSID: "SG_QACenter", BSSID: 60:03:08:9d:9f:ea, Supplicant state: COMPLETED, RSSI: -52, Link speed: 65, Net ID: 2, Metered hint: false, mFrequency: 2412
2015-08-17 19:18:28(pid=30957,tid=1) : LineNotification (D) : #cc#  - receive : NETWORK_WIFI	 /networkState=DISCONNECTED	 /subType=WIFI	 /wifiInfo.SSID: "LinePlusui-iMac-76", BSSID: 00:00:00:00:00:00, Supplicant state: FOUR_WAY_HANDSHAKE, RSSI: -200, Link speed: -1, Net ID: 3, Metered hint: false, mFrequency: -1
2015-08-17 19:18:28(pid=30957,tid=1) : LineNotification (D) : #cc#  -- active : NETWORK_4G	 /networkState=CONNECTED	 /subType=LTE
2015-08-17 19:18:28(pid=30957,tid=1) : LineNotification (D) :    # System.onReceive.action=android.net.conn.CONNECTIVITY_CHANGE
2015-08-17 19:18:28(pid=30957,tid=1) : LineNotification (D) : #cc#  current   : NETWORK_WIFI	 /networkState=CONNECTED	 /subType=WIFI	 /wifiInfo.SSID: "SG_QACenter", BSSID: 60:03:08:9d:9f:ea, Supplicant state: COMPLETED, RSSI: -52, Link speed: 65, Net ID: 2, Metered hint: false, mFrequency: 2412
2015-08-17 19:18:28(pid=30957,tid=1) : LineNotification (D) : #cc#  - receive : NETWORK_4G	 /networkState=CONNECTED	 /subType=LTE
2015-08-17 19:18:28(pid=30957,tid=1) : LineNotification (D) : #cc#  -- active : NETWORK_4G	 /networkState=CONNECTED	 /subType=LTE
2015-08-17 19:18:28(pid=30957,tid=1) : LineNotification (D) : #cc# @@ CHANGED @@ .networkInfo = NETWORK_4G	 /networkState=CONNECTED	 /subType=LTE
2015-08-17 19:18:29(pid=30957,tid=1611) : TokenProxy (D) :  @TokenProxy.updateToken.type=GOOGLE_GCM /token=APA91bGLLJrjHRLFE3L1baBwzpFilDiNgsMPPOIGUvn5Dku_97PlVDKB2kpr8kfg0i6_Q0kvVLisPrwKec8SDYg7Sy0YuLfm62R15PhkmVTQ_UG0lFuhUtbuhmGJU8UhIBHQY3OMnukqVC1xuQbRwCOGI-D2g7a7Ig /tryCnt=4 /retryInterval=1298000
2015-08-17 19:18:44(pid=30957,tid=1) : LineNotification (D) :    # System.onReceive.action=android.net.conn.CONNECTIVITY_CHANGE
2015-08-17 19:18:44(pid=30957,tid=1) : LineNotification (D) : #cc#  current   : NETWORK_4G	 /networkState=CONNECTED	 /subType=LTE
2015-08-17 19:18:44(pid=30957,tid=1) : LineNotification (D) : #cc#  - receive : NETWORK_WIFI	 /networkState=CONNECTED	 /subType=WIFI	 /wifiInfo.SSID: "SG_QACenter", BSSID: 60:03:08:9d:9f:ea, Supplicant state: COMPLETED, RSSI: -48, Link speed: 65, Net ID: 2, Metered hint: false, mFrequency: 2412
2015-08-17 19:18:44(pid=30957,tid=1) : LineNotification (D) : #cc#  -- active : NETWORK_WIFI	 /networkState=CONNECTED	 /subType=WIFI	 /wifiInfo.SSID: "SG_QACenter", BSSID: 60:03:08:9d:9f:ea, Supplicant state: COMPLETED, RSSI: -48, Link speed: 65, Net ID: 2, Metered hint: false, mFrequency: 2412
2015-08-17 19:18:44(pid=30957,tid=1) : LineNotification (D) : #cc# @@ CHANGED @@ .networkInfo = NETWORK_WIFI	 /networkState=CONNECTED	 /subType=WIFI	 /wifiInfo.SSID: "SG_QACenter", BSSID: 60:03:08:9d:9f:ea, Supplicant state: COMPLETED, RSSI: -48, Link speed: 65, Net ID: 2, Metered hint: false, mFrequency: 2412
2015-08-17 19:18:45(pid=30957,tid=1) : LineNotification (D) :    # System.onReceive.action=android.net.conn.CONNECTIVITY_CHANGE
2015-08-17 19:18:45(pid=30957,tid=1) : LineNotification (D) : #cc#  current   : NETWORK_WIFI	 /networkState=CONNECTED	 /subType=WIFI	 /wifiInfo.SSID: "SG_QACenter", BSSID: 60:03:08:9d:9f:ea, Supplicant state: COMPLETED, RSSI: -48, Link speed: 65, Net ID: 2, Metered hint: false, mFrequency: 2412
2015-08-17 19:18:45(pid=30957,tid=1) : LineNotification (D) : #cc#  - receive : NETWORK_4G	 /networkState=DISCONNECTED	 /subType=LTE
2015-08-17 19:18:45(pid=30957,tid=1) : LineNotification (D) : #cc#  -- active : NETWORK_WIFI	 /networkState=CONNECTED	 /subType=WIFI	 /wifiInfo.SSID: "SG_QACenter", BSSID: 60:03:08:9d:9f:ea, Supplicant state: COMPLETED, RSSI: -48, Link speed: 65, Net ID: 2, Metered hint: false, mFrequency: 2412
2015-08-17 19:18:45(pid=30957,tid=1) : LineNotification (D) :    # System.onReceive.action=android.net.conn.CONNECTIVITY_CHANGE
2015-08-17 19:18:45(pid=30957,tid=1) : LineNotification (D) : #cc#  current   : NETWORK_WIFI	 /networkState=CONNECTED	 /subType=WIFI	 /wifiInfo.SSID: "SG_QACenter", BSSID: 60:03:08:9d:9f:ea, Supplicant state: COMPLETED, RSSI: -48, Link speed: 65, Net ID: 2, Metered hint: false, mFrequency: 2412
2015-08-17 19:18:45(pid=30957,tid=1) : LineNotification (D) : #cc#  - receive : NETWORK_WIFI	 /networkState=CONNECTED	 /subType=WIFI	 /wifiInfo.SSID: "SG_QACenter", BSSID: 60:03:08:9d:9f:ea, Supplicant state: COMPLETED, RSSI: -48, Link speed: 65, Net ID: 2, Metered hint: false, mFrequency: 2412
2015-08-17 19:18:45(pid=30957,tid=1) : LineNotification (D) : #cc#  -- active : NETWORK_WIFI	 /networkState=CONNECTED	 /subType=WIFI	 /wifiInfo.SSID: "SG_QACenter", BSSID: 60:03:08:9d:9f:ea, Supplicant state: COMPLETED, RSSI: -48, Link speed: 65, Net ID: 2, Metered hint: false, mFrequency: 2412
2015-08-17 19:19:17(pid=30957,tid=1) : LineNotification (D) :    # System.onReceive.action=android.net.conn.CONNECTIVITY_CHANGE
2015-08-17 19:19:17(pid=30957,tid=1) : LineNotification (D) : #cc#  current   : NETWORK_WIFI	 /networkState=CONNECTED	 /subType=WIFI	 /wifiInfo.SSID: "SG_QACenter", BSSID: 60:03:08:9d:9f:ea, Supplicant state: COMPLETED, RSSI: -48, Link speed: 65, Net ID: 2, Metered hint: false, mFrequency: 2412
2015-08-17 19:19:17(pid=30957,tid=1) : LineNotification (D) : #cc#  - receive : NETWORK_WIFI	 /networkState=DISCONNECTED	 /subType=WIFI	 /wifiInfo.SSID: , BSSID: null, Supplicant state: SCANNING, RSSI: -200, Link speed: -1, Net ID: -1, Metered hint: false, mFrequency: -1
2015-08-17 19:19:17(pid=30957,tid=1) : LineNotification (D) : #cc#  -- active : NETWORK_4G	 /networkState=CONNECTED	 /subType=LTE
2015-08-17 19:19:18(pid=30957,tid=1) : LineNotification (D) :    # System.onReceive.action=android.net.conn.CONNECTIVITY_CHANGE
2015-08-17 19:19:18(pid=30957,tid=1) : LineNotification (D) : #cc#  current   : NETWORK_WIFI	 /networkState=CONNECTED	 /subType=WIFI	 /wifiInfo.SSID: "SG_QACenter", BSSID: 60:03:08:9d:9f:ea, Supplicant state: COMPLETED, RSSI: -48, Link speed: 65, Net ID: 2, Metered hint: false, mFrequency: 2412
2015-08-17 19:19:18(pid=30957,tid=1) : LineNotification (D) : #cc#  - receive : NETWORK_4G	 /networkState=CONNECTED	 /subType=LTE
2015-08-17 19:19:18(pid=30957,tid=1) : LineNotification (D) : #cc#  -- active : NETWORK_4G	 /networkState=CONNECTED	 /subType=LTE
2015-08-17 19:19:18(pid=30957,tid=1) : LineNotification (D) : #cc# @@ CHANGED @@ .networkInfo = NETWORK_4G	 /networkState=CONNECTED	 /subType=LTE
2015-08-17 19:20:50(pid=3684,tid=1) : LineNotification (D) :    # System.onReceive.action=android.intent.action.PACKAGE_REPLACED
2015-08-17 19:20:50(pid=3684,tid=1767) : LineNotification (D) : #cc# @@ CONNECTED @@ .networkInfo = NETWORK_WIFI	 /networkState=CONNECTED	 /subType=WIFI	 /wifiInfo.SSID: "LinePlusui-iMac-76", BSSID: 7c:c3:a1:a7:5b:7b, Supplicant state: COMPLETED, RSSI: -40, Link speed: 72, Net ID: 3, Metered hint: false, mFrequency: 2462
2015-08-17 19:20:50(pid=3684,tid=1767) : LineNotification (D) : #cc# getNetworkConnectState : 08/17 19:20:50
2015-08-17 19:20:50(pid=3684,tid=1767) : LineNotification (D) : #cc#  - getNetwork	NETWORK_WIFI	CONNECTED	WIFI
2015-08-17 19:22:40(pid=5118,tid=1) : LineNotification (D) :    # System.onReceive.action=android.intent.action.PACKAGE_REPLACED
2015-08-17 19:22:40(pid=5118,tid=1849) : LineNotification (D) : #cc# @@ CONNECTED @@ .networkInfo = NETWORK_WIFI	 /networkState=CONNECTED	 /subType=WIFI	 /wifiInfo.SSID: "LinePlusui-iMac-76", BSSID: 7c:c3:a1:a7:5b:7b, Supplicant state: COMPLETED, RSSI: -44, Link speed: 72, Net ID: 3, Metered hint: false, mFrequency: 2462
2015-08-17 19:22:40(pid=5118,tid=1849) : LineNotification (D) : #cc# getNetworkConnectState : 08/17 19:22:40
2015-08-17 19:22:40(pid=5118,tid=1849) : LineNotification (D) : #cc#  - getNetwork	NETWORK_WIFI	CONNECTED	WIFI
