2015-08-19 00:41:36(pid=24098,tid=1) : LineNotification (D) :    # System.onReceive.action=android.net.conn.CONNECTIVITY_CHANGE
2015-08-19 00:41:36(pid=24098,tid=1) : LineNotification (D) : #cc#  current   : null
2015-08-19 00:41:36(pid=24098,tid=1) : LineNotification (D) : #cc#  - receive : NETWORK_WIFI	 /networkState=DISCONNECTED	 /subType=WIFI	 /wifiInfo.SSID: "LinePlusui-iMac-76", BSSID: 7c:c3:a1:a7:5b:7b, Supplicant state: COMPLETED, RSSI: -200, Link speed: -1, Net ID: 3, Metered hint: false, mFrequency: 2462
2015-08-19 00:41:36(pid=24098,tid=1) : LineNotification (D) : #cc#  -- active : NETWORK_WIFI	 /networkState=CONNECTED	 /subType=WIFI	 /wifiInfo.SSID: "LinePlusui-iMac-76", BSSID: 7c:c3:a1:a7:5b:7b, Supplicant state: COMPLETED, RSSI: -200, Link speed: -1, Net ID: 3, Metered hint: false, mFrequency: 2462
2015-08-19 00:41:36(pid=24098,tid=8670) : LineNotification (D) : #cc# @@ CONNECTED @@ .networkInfo = NETWORK_WIFI	 /networkState=CONNECTED	 /subType=WIFI	 /wifiInfo.SSID: "LinePlusui-iMac-76", BSSID: 7c:c3:a1:a7:5b:7b, Supplicant state: COMPLETED, RSSI: -200, Link speed: -1, Net ID: 3, Metered hint: false, mFrequency: 2462
2015-08-19 00:41:36(pid=24098,tid=8670) : LineNotification (D) : #cc# getNetworkConnectState : 08/19 00:41:36
2015-08-19 00:41:36(pid=24098,tid=8670) : LineNotification (D) : #cc#  - getNetwork	NETWORK_WIFI	CONNECTED	WIFI
2015-08-19 00:41:36(pid=24098,tid=1) : LineNotification (D) :    # System.onReceive.action=android.net.conn.CONNECTIVITY_CHANGE
2015-08-19 00:41:36(pid=24098,tid=1) : LineNotification (D) : #cc#  current   : NETWORK_WIFI	 /networkState=CONNECTED	 /subType=WIFI	 /wifiInfo.SSID: "LinePlusui-iMac-76", BSSID: 7c:c3:a1:a7:5b:7b, Supplicant state: COMPLETED, RSSI: -200, Link speed: -1, Net ID: 3, Metered hint: false, mFrequency: 2462
2015-08-19 00:41:36(pid=24098,tid=1) : LineNotification (D) : #cc#  - receive : NETWORK_4G	 /networkState=CONNECTED	 /subType=LTE
2015-08-19 00:41:36(pid=24098,tid=1) : LineNotification (D) : #cc#  -- active : NETWORK_WIFI	 /networkState=CONNECTED	 /subType=WIFI	 /wifiInfo.SSID: "LinePlusui-iMac-76", BSSID: 7c:c3:a1:a7:5b:7b, Supplicant state: COMPLETED, RSSI: -200, Link speed: -1, Net ID: 3, Metered hint: false, mFrequency: 2462
2015-08-19 00:41:37(pid=24098,tid=8680) : PushManager (D) : @_@ checkNeedReigster.true - status = READY
2015-08-19 00:41:37(pid=24098,tid=8680) : PushManager (D) : @_@ checkNeedReigster.true - status = READY
2015-08-19 00:41:37(pid=24098,tid=8680) : PushManager (D) : @_@ setPriorityListAndRegister..push_priority=[GOOGLE_GCM]
2015-08-19 00:41:37(pid=24098,tid=8676) : PushManager (D) : isAvailable = true / result = SERVICE_VERSION_UPDATE_REQUIRED
2015-08-19 00:41:37(pid=24098,tid=1) : LineNotification (D) :    # System.onReceive.action=android.net.conn.CONNECTIVITY_CHANGE
2015-08-19 00:41:37(pid=24098,tid=1) : LineNotification (D) : #cc#  current   : NETWORK_WIFI	 /networkState=CONNECTED	 /subType=WIFI	 /wifiInfo.SSID: "LinePlusui-iMac-76", BSSID: 7c:c3:a1:a7:5b:7b, Supplicant state: COMPLETED, RSSI: -200, Link speed: -1, Net ID: 3, Metered hint: false, mFrequency: 2462
2015-08-19 00:41:37(pid=24098,tid=1) : LineNotification (D) : #cc#  - receive : NETWORK_WIFI	 /networkState=CONNECTED	 /subType=WIFI	 /wifiInfo.SSID: "LinePlusui-iMac-76", BSSID: 7c:c3:a1:a7:5b:7b, Supplicant state: COMPLETED, RSSI: -200, Link speed: -1, Net ID: 3, Metered hint: false, mFrequency: 2462
2015-08-19 00:41:37(pid=24098,tid=1) : LineNotification (D) : #cc#  -- active : NETWORK_WIFI	 /networkState=CONNECTED	 /subType=WIFI	 /wifiInfo.SSID: "LinePlusui-iMac-76", BSSID: 7c:c3:a1:a7:5b:7b, Supplicant state: COMPLETED, RSSI: -200, Link speed: -1, Net ID: 3, Metered hint: false, mFrequency: 2462
2015-08-19 00:41:38(pid=24098,tid=1) : LineNotification (D) :    # System.onReceive.action=android.net.conn.CONNECTIVITY_CHANGE
2015-08-19 00:41:38(pid=24098,tid=1) : LineNotification (D) : #cc#  current   : NETWORK_WIFI	 /networkState=CONNECTED	 /subType=WIFI	 /wifiInfo.SSID: "LinePlusui-iMac-76", BSSID: 7c:c3:a1:a7:5b:7b, Supplicant state: COMPLETED, RSSI: -200, Link speed: -1, Net ID: 3, Metered hint: false, mFrequency: 2462
2015-08-19 00:41:38(pid=24098,tid=1) : LineNotification (D) : #cc#  - receive : NETWORK_4G	 /networkState=DISCONNECTED	 /subType=LTE
2015-08-19 00:41:38(pid=24098,tid=1) : LineNotification (D) : #cc#  -- active : NETWORK_WIFI	 /networkState=CONNECTED	 /subType=WIFI	 /wifiInfo.SSID: "LinePlusui-iMac-76", BSSID: 7c:c3:a1:a7:5b:7b, Supplicant state: COMPLETED, RSSI: -200, Link speed: -1, Net ID: 3, Metered hint: false, mFrequency: 2462
2015-08-19 00:41:38(pid=24098,tid=1) : LineNotification (D) :    # System.onReceive.action=android.net.conn.CONNECTIVITY_CHANGE
2015-08-19 00:41:38(pid=24098,tid=1) : LineNotification (D) : #cc#  current   : NETWORK_WIFI	 /networkState=CONNECTED	 /subType=WIFI	 /wifiInfo.SSID: "LinePlusui-iMac-76", BSSID: 7c:c3:a1:a7:5b:7b, Supplicant state: COMPLETED, RSSI: -200, Link speed: -1, Net ID: 3, Metered hint: false, mFrequency: 2462
2015-08-19 00:41:38(pid=24098,tid=1) : LineNotification (D) : #cc#  - receive : NETWORK_WIFI	 /networkState=CONNECTED	 /subType=WIFI	 /wifiInfo.SSID: "LinePlusui-iMac-76", BSSID: 7c:c3:a1:a7:5b:7b, Supplicant state: COMPLETED, RSSI: -200, Link speed: -1, Net ID: 3, Metered hint: false, mFrequency: 2462
2015-08-19 00:41:38(pid=24098,tid=1) : LineNotification (D) : #cc#  -- active : NETWORK_WIFI	 /networkState=CONNECTED	 /subType=WIFI	 /wifiInfo.SSID: "LinePlusui-iMac-76", BSSID: 7c:c3:a1:a7:5b:7b, Supplicant state: COMPLETED, RSSI: -200, Link speed: -1, Net ID: 3, Metered hint: false, mFrequency: 2462
2015-08-19 00:41:38(pid=24098,tid=1) : GOOGLE_GCM (D) : __GCM onReceive.error = null /retryCnt=0 /token=APA91bGLLJrjHRLFE3L1baBwzpFilDiNgsMPPOIGUvn5Dku_97PlVDKB2kpr8kfg0i6_Q0kvVLisPrwKec8SDYg7Sy0YuLfm62R15PhkmVTQ_UG0lFuhUtbuhmGJU8UhIBHQY3OMnukqVC1xuQbRwCOGI-D2g7a7Ig
2015-08-19 00:41:38(pid=24098,tid=1) : BasePushReceiver (D) : -$$ BasePushReceiver.handleRegistration(): registration=GOOGLE_GCM:APA91bGLLJrjHRLFE3L1baBwzpFilDiNgsMPPOIGUvn5Dku_97PlVDKB2kpr8kfg0i6_Q0kvVLisPrwKec8SDYg7Sy0YuLfm62R15PhkmVTQ_UG0lFuhUtbuhmGJU8UhIBHQY3OMnukqVC1xuQbRwCOGI-D2g7a7Ig
2015-08-19 00:41:38(pid=24098,tid=1) : PushManager (D) : @_@ requestPushTokenUpdate.notiType=GOOGLE_GCM / pushToken=APA91bGLLJrjHRLFE3L1baBwzpFilDiNgsMPPOIGUvn5Dku_97PlVDKB2kpr8kfg0i6_Q0kvVLisPrwKec8SDYg7Sy0YuLfm62R15PhkmVTQ_UG0lFuhUtbuhmGJU8UhIBHQY3OMnukqVC1xuQbRwCOGI-D2g7a7Ig
2015-08-19 00:41:38(pid=24098,tid=1) : TokenProxy (D) :  @TokenProxy.updateToken.type=GOOGLE_GCM /token=APA91bGLLJrjHRLFE3L1baBwzpFilDiNgsMPPOIGUvn5Dku_97PlVDKB2kpr8kfg0i6_Q0kvVLisPrwKec8SDYg7Sy0YuLfm62R15PhkmVTQ_UG0lFuhUtbuhmGJU8UhIBHQY3OMnukqVC1xuQbRwCOGI-D2g7a7Ig /tryCnt=0 /retryInterval=100
2015-08-19 00:41:44(pid=24098,tid=8680) : TokenProxy (D) :  @TokenProxy.updateToken.type=GOOGLE_GCM /token=APA91bGLLJrjHRLFE3L1baBwzpFilDiNgsMPPOIGUvn5Dku_97PlVDKB2kpr8kfg0i6_Q0kvVLisPrwKec8SDYg7Sy0YuLfm62R15PhkmVTQ_UG0lFuhUtbuhmGJU8UhIBHQY3OMnukqVC1xuQbRwCOGI-D2g7a7Ig /tryCnt=1 /retryInterval=8000
2015-08-19 08:44:00(pid=25734,tid=1) : LineNotification (D) :    # System.onReceive.action=android.net.conn.CONNECTIVITY_CHANGE
2015-08-19 08:44:00(pid=25734,tid=1) : LineNotification (D) : #cc#  current   : null
2015-08-19 08:44:00(pid=25734,tid=1) : LineNotification (D) : #cc#  - receive : NETWORK_WIFI	 /networkState=DISCONNECTED	 /subType=WIFI	 /wifiInfo.SSID: "LinePlusui-iMac-76", BSSID: 7c:c3:a1:a7:5b:7b, Supplicant state: COMPLETED, RSSI: -200, Link speed: -1, Net ID: 3, Metered hint: false, mFrequency: 2462
2015-08-19 08:44:00(pid=25734,tid=1) : LineNotification (D) : #cc#  -- active : NETWORK_WIFI	 /networkState=CONNECTED	 /subType=WIFI	 /wifiInfo.SSID: "LinePlusui-iMac-76", BSSID: 7c:c3:a1:a7:5b:7b, Supplicant state: COMPLETED, RSSI: -200, Link speed: -1, Net ID: 3, Metered hint: false, mFrequency: 2462
2015-08-19 08:44:00(pid=25734,tid=9648) : LineNotification (D) : #cc# @@ CONNECTED @@ .networkInfo = NETWORK_WIFI	 /networkState=CONNECTED	 /subType=WIFI	 /wifiInfo.SSID: "LinePlusui-iMac-76", BSSID: 7c:c3:a1:a7:5b:7b, Supplicant state: COMPLETED, RSSI: -200, Link speed: -1, Net ID: 3, Metered hint: false, mFrequency: 2462
2015-08-19 08:44:00(pid=25734,tid=9648) : LineNotification (D) : #cc# getNetworkConnectState : 08/19 08:44:00
2015-08-19 08:44:00(pid=25734,tid=9648) : LineNotification (D) : #cc#  - getNetwork	NETWORK_WIFI	CONNECTED	WIFI
2015-08-19 08:44:00(pid=25734,tid=1) : LineNotification (D) :    # System.onReceive.action=android.net.conn.CONNECTIVITY_CHANGE
2015-08-19 08:44:00(pid=25734,tid=1) : LineNotification (D) : #cc#  current   : NETWORK_WIFI	 /networkState=CONNECTED	 /subType=WIFI	 /wifiInfo.SSID: "LinePlusui-iMac-76", BSSID: 7c:c3:a1:a7:5b:7b, Supplicant state: COMPLETED, RSSI: -200, Link speed: -1, Net ID: 3, Metered hint: false, mFrequency: 2462
2015-08-19 08:44:00(pid=25734,tid=1) : LineNotification (D) : #cc#  - receive : NETWORK_4G	 /networkState=CONNECTED	 /subType=LTE
2015-08-19 08:44:00(pid=25734,tid=1) : LineNotification (D) : #cc#  -- active : NETWORK_WIFI	 /networkState=CONNECTED	 /subType=WIFI	 /wifiInfo.SSID: "LinePlusui-iMac-76", BSSID: 7c:c3:a1:a7:5b:7b, Supplicant state: COMPLETED, RSSI: -200, Link speed: -1, Net ID: 3, Metered hint: false, mFrequency: 2462
2015-08-19 08:44:01(pid=25734,tid=9659) : PushManager (D) : @_@ checkNeedReigster.true - status = READY
2015-08-19 08:44:01(pid=25734,tid=9659) : PushManager (D) : @_@ checkNeedReigster.true - status = READY
2015-08-19 08:44:01(pid=25734,tid=9659) : PushManager (D) : @_@ setPriorityListAndRegister..push_priority=[GOOGLE_GCM]
2015-08-19 08:44:01(pid=25734,tid=9653) : PushManager (D) : isAvailable = true / result = SERVICE_VERSION_UPDATE_REQUIRED
2015-08-19 08:44:02(pid=25734,tid=1) : LineNotification (D) :    # System.onReceive.action=android.net.conn.CONNECTIVITY_CHANGE
2015-08-19 08:44:02(pid=25734,tid=1) : LineNotification (D) : #cc#  current   : NETWORK_WIFI	 /networkState=CONNECTED	 /subType=WIFI	 /wifiInfo.SSID: "LinePlusui-iMac-76", BSSID: 7c:c3:a1:a7:5b:7b, Supplicant state: COMPLETED, RSSI: -200, Link speed: -1, Net ID: 3, Metered hint: false, mFrequency: 2462
2015-08-19 08:44:02(pid=25734,tid=1) : LineNotification (D) : #cc#  - receive : NETWORK_WIFI	 /networkState=CONNECTED	 /subType=WIFI	 /wifiInfo.SSID: "LinePlusui-iMac-76", BSSID: 7c:c3:a1:a7:5b:7b, Supplicant state: COMPLETED, RSSI: -200, Link speed: -1, Net ID: 3, Metered hint: false, mFrequency: 2462
2015-08-19 08:44:02(pid=25734,tid=1) : LineNotification (D) : #cc#  -- active : NETWORK_WIFI	 /networkState=CONNECTED	 /subType=WIFI	 /wifiInfo.SSID: "LinePlusui-iMac-76", BSSID: 7c:c3:a1:a7:5b:7b, Supplicant state: COMPLETED, RSSI: -200, Link speed: -1, Net ID: 3, Metered hint: false, mFrequency: 2462
2015-08-19 08:44:03(pid=25734,tid=1) : LineNotification (D) :    # System.onReceive.action=android.net.conn.CONNECTIVITY_CHANGE
2015-08-19 08:44:03(pid=25734,tid=1) : LineNotification (D) : #cc#  current   : NETWORK_WIFI	 /networkState=CONNECTED	 /subType=WIFI	 /wifiInfo.SSID: "LinePlusui-iMac-76", BSSID: 7c:c3:a1:a7:5b:7b, Supplicant state: COMPLETED, RSSI: -200, Link speed: -1, Net ID: 3, Metered hint: false, mFrequency: 2462
2015-08-19 08:44:03(pid=25734,tid=1) : LineNotification (D) : #cc#  - receive : NETWORK_4G	 /networkState=DISCONNECTED	 /subType=LTE
2015-08-19 08:44:03(pid=25734,tid=1) : LineNotification (D) : #cc#  -- active : NETWORK_WIFI	 /networkState=CONNECTED	 /subType=WIFI	 /wifiInfo.SSID: "LinePlusui-iMac-76", BSSID: 7c:c3:a1:a7:5b:7b, Supplicant state: COMPLETED, RSSI: -200, Link speed: -1, Net ID: 3, Metered hint: false, mFrequency: 2462
2015-08-19 08:44:04(pid=25734,tid=1) : LineNotification (D) :    # System.onReceive.action=android.net.conn.CONNECTIVITY_CHANGE
2015-08-19 08:44:04(pid=25734,tid=1) : LineNotification (D) : #cc#  current   : NETWORK_WIFI	 /networkState=CONNECTED	 /subType=WIFI	 /wifiInfo.SSID: "LinePlusui-iMac-76", BSSID: 7c:c3:a1:a7:5b:7b, Supplicant state: COMPLETED, RSSI: -200, Link speed: -1, Net ID: 3, Metered hint: false, mFrequency: 2462
2015-08-19 08:44:04(pid=25734,tid=1) : LineNotification (D) : #cc#  - receive : NETWORK_WIFI	 /networkState=CONNECTED	 /subType=WIFI	 /wifiInfo.SSID: "LinePlusui-iMac-76", BSSID: 7c:c3:a1:a7:5b:7b, Supplicant state: COMPLETED, RSSI: -200, Link speed: -1, Net ID: 3, Metered hint: false, mFrequency: 2462
2015-08-19 08:44:04(pid=25734,tid=1) : LineNotification (D) : #cc#  -- active : NETWORK_WIFI	 /networkState=CONNECTED	 /subType=WIFI	 /wifiInfo.SSID: "LinePlusui-iMac-76", BSSID: 7c:c3:a1:a7:5b:7b, Supplicant state: COMPLETED, RSSI: -200, Link speed: -1, Net ID: 3, Metered hint: false, mFrequency: 2462
2015-08-19 08:44:04(pid=25734,tid=1) : GOOGLE_GCM (D) : __GCM onReceive.error = null /retryCnt=0 /token=APA91bGLLJrjHRLFE3L1baBwzpFilDiNgsMPPOIGUvn5Dku_97PlVDKB2kpr8kfg0i6_Q0kvVLisPrwKec8SDYg7Sy0YuLfm62R15PhkmVTQ_UG0lFuhUtbuhmGJU8UhIBHQY3OMnukqVC1xuQbRwCOGI-D2g7a7Ig
2015-08-19 08:44:04(pid=25734,tid=1) : BasePushReceiver (D) : -$$ BasePushReceiver.handleRegistration(): registration=GOOGLE_GCM:APA91bGLLJrjHRLFE3L1baBwzpFilDiNgsMPPOIGUvn5Dku_97PlVDKB2kpr8kfg0i6_Q0kvVLisPrwKec8SDYg7Sy0YuLfm62R15PhkmVTQ_UG0lFuhUtbuhmGJU8UhIBHQY3OMnukqVC1xuQbRwCOGI-D2g7a7Ig
2015-08-19 08:44:04(pid=25734,tid=1) : PushManager (D) : @_@ requestPushTokenUpdate.notiType=GOOGLE_GCM / pushToken=APA91bGLLJrjHRLFE3L1baBwzpFilDiNgsMPPOIGUvn5Dku_97PlVDKB2kpr8kfg0i6_Q0kvVLisPrwKec8SDYg7Sy0YuLfm62R15PhkmVTQ_UG0lFuhUtbuhmGJU8UhIBHQY3OMnukqVC1xuQbRwCOGI-D2g7a7Ig
2015-08-19 08:44:04(pid=25734,tid=1) : TokenProxy (D) :  @TokenProxy.updateToken.type=GOOGLE_GCM /token=APA91bGLLJrjHRLFE3L1baBwzpFilDiNgsMPPOIGUvn5Dku_97PlVDKB2kpr8kfg0i6_Q0kvVLisPrwKec8SDYg7Sy0YuLfm62R15PhkmVTQ_UG0lFuhUtbuhmGJU8UhIBHQY3OMnukqVC1xuQbRwCOGI-D2g7a7Ig /tryCnt=0 /retryInterval=100
2015-08-19 08:44:04(pid=25734,tid=9659) : TokenProxy (D) :  @TokenProxy.updateToken.type=GOOGLE_GCM /token=APA91bGLLJrjHRLFE3L1baBwzpFilDiNgsMPPOIGUvn5Dku_97PlVDKB2kpr8kfg0i6_Q0kvVLisPrwKec8SDYg7Sy0YuLfm62R15PhkmVTQ_UG0lFuhUtbuhmGJU8UhIBHQY3OMnukqVC1xuQbRwCOGI-D2g7a7Ig /tryCnt=1 /retryInterval=8000
2015-08-19 10:06:52(pid=31502,tid=1) : LineNotification (D) :    # System.onReceive.action=android.intent.action.USER_PRESENT
2015-08-19 10:06:52(pid=31502,tid=9813) : LineNotification (D) : #cc# @@ CONNECTED @@ .networkInfo = NETWORK_WIFI	 /networkState=CONNECTED	 /subType=WIFI	 /wifiInfo.SSID: "LinePlusui-iMac-76", BSSID: 7c:c3:a1:a7:5b:7b, Supplicant state: COMPLETED, RSSI: -40, Link speed: 72, Net ID: 3, Metered hint: false, mFrequency: 2462
2015-08-19 10:06:52(pid=31502,tid=9813) : LineNotification (D) : #cc# getNetworkConnectState : 08/19 10:06:52
2015-08-19 10:06:52(pid=31502,tid=9813) : LineNotification (D) : #cc#  - getNetwork	NETWORK_WIFI	CONNECTED	WIFI
2015-08-19 10:06:52(pid=31502,tid=9807) : LineNotification (D) : #cc# @@ CONNECTED @@ .networkInfo = NETWORK_WIFI	 /networkState=CONNECTED	 /subType=WIFI	 /wifiInfo.SSID: "LinePlusui-iMac-76", BSSID: 7c:c3:a1:a7:5b:7b, Supplicant state: COMPLETED, RSSI: -40, Link speed: 72, Net ID: 3, Metered hint: false, mFrequency: 2462
2015-08-19 10:06:52(pid=31502,tid=9807) : LineNotification (D) : #cc# getNetworkConnectState : 08/19 10:06:52
2015-08-19 10:06:52(pid=31502,tid=9807) : LineNotification (D) : #cc#  - getNetwork	NETWORK_WIFI	CONNECTED	WIFI
2015-08-19 10:06:54(pid=31502,tid=9816) : PushManager (D) : @_@ checkNeedReigster.true - status = READY
2015-08-19 10:06:54(pid=31502,tid=9816) : PushManager (D) : @_@ checkNeedReigster.true - status = READY
2015-08-19 10:06:54(pid=31502,tid=9816) : PushManager (D) : @_@ setPriorityListAndRegister..push_priority=[GOOGLE_GCM]
2015-08-19 10:06:54(pid=31502,tid=9813) : PushManager (D) : isAvailable = true / result = SERVICE_VERSION_UPDATE_REQUIRED
2015-08-19 10:06:54(pid=31502,tid=1) : GOOGLE_GCM (D) : __GCM onReceive.error = null /retryCnt=0 /token=APA91bGLLJrjHRLFE3L1baBwzpFilDiNgsMPPOIGUvn5Dku_97PlVDKB2kpr8kfg0i6_Q0kvVLisPrwKec8SDYg7Sy0YuLfm62R15PhkmVTQ_UG0lFuhUtbuhmGJU8UhIBHQY3OMnukqVC1xuQbRwCOGI-D2g7a7Ig
2015-08-19 10:06:54(pid=31502,tid=1) : BasePushReceiver (D) : -$$ BasePushReceiver.handleRegistration(): registration=GOOGLE_GCM:APA91bGLLJrjHRLFE3L1baBwzpFilDiNgsMPPOIGUvn5Dku_97PlVDKB2kpr8kfg0i6_Q0kvVLisPrwKec8SDYg7Sy0YuLfm62R15PhkmVTQ_UG0lFuhUtbuhmGJU8UhIBHQY3OMnukqVC1xuQbRwCOGI-D2g7a7Ig
2015-08-19 10:06:54(pid=31502,tid=1) : PushManager (D) : @_@ requestPushTokenUpdate.notiType=GOOGLE_GCM / pushToken=APA91bGLLJrjHRLFE3L1baBwzpFilDiNgsMPPOIGUvn5Dku_97PlVDKB2kpr8kfg0i6_Q0kvVLisPrwKec8SDYg7Sy0YuLfm62R15PhkmVTQ_UG0lFuhUtbuhmGJU8UhIBHQY3OMnukqVC1xuQbRwCOGI-D2g7a7Ig
2015-08-19 10:06:54(pid=31502,tid=1) : TokenProxy (D) :  @TokenProxy.updateToken.type=GOOGLE_GCM /token=APA91bGLLJrjHRLFE3L1baBwzpFilDiNgsMPPOIGUvn5Dku_97PlVDKB2kpr8kfg0i6_Q0kvVLisPrwKec8SDYg7Sy0YuLfm62R15PhkmVTQ_UG0lFuhUtbuhmGJU8UhIBHQY3OMnukqVC1xuQbRwCOGI-D2g7a7Ig /tryCnt=0 /retryInterval=100
2015-08-19 10:06:54(pid=31502,tid=9816) : TokenProxy (D) :  @TokenProxy.updateToken.type=GOOGLE_GCM /token=APA91bGLLJrjHRLFE3L1baBwzpFilDiNgsMPPOIGUvn5Dku_97PlVDKB2kpr8kfg0i6_Q0kvVLisPrwKec8SDYg7Sy0YuLfm62R15PhkmVTQ_UG0lFuhUtbuhmGJU8UhIBHQY3OMnukqVC1xuQbRwCOGI-D2g7a7Ig /tryCnt=1 /retryInterval=8000
2015-08-19 10:07:02(pid=31502,tid=9816) : TokenProxy (D) :  @TokenProxy.updateToken.type=GOOGLE_GCM /token=APA91bGLLJrjHRLFE3L1baBwzpFilDiNgsMPPOIGUvn5Dku_97PlVDKB2kpr8kfg0i6_Q0kvVLisPrwKec8SDYg7Sy0YuLfm62R15PhkmVTQ_UG0lFuhUtbuhmGJU8UhIBHQY3OMnukqVC1xuQbRwCOGI-D2g7a7Ig /tryCnt=2 /retryInterval=38000
2015-08-19 10:07:13(pid=31502,tid=1) : LineNotification (D) :    # System.onReceive.action=android.intent.action.USER_PRESENT
2015-08-19 10:58:15(pid=7099,tid=1) : LineNotification (D) :    # System.onReceive.action=android.intent.action.USER_PRESENT
2015-08-19 10:58:15(pid=7099,tid=9953) : LineNotification (D) : #cc# @@ CONNECTED @@ .networkInfo = NETWORK_WIFI	 /networkState=CONNECTED	 /subType=WIFI	 /wifiInfo.SSID: "LinePlusui-iMac-76", BSSID: 7c:c3:a1:a7:5b:7b, Supplicant state: COMPLETED, RSSI: -35, Link speed: 72, Net ID: 3, Metered hint: false, mFrequency: 2462
2015-08-19 10:58:15(pid=7099,tid=9953) : LineNotification (D) : #cc# getNetworkConnectState : 08/19 10:58:15
2015-08-19 10:58:15(pid=7099,tid=9953) : LineNotification (D) : #cc#  - getNetwork	NETWORK_WIFI	CONNECTED	WIFI
2015-08-19 10:58:16(pid=7099,tid=9958) : PushManager (D) : @_@ checkNeedReigster.true - status = READY
2015-08-19 10:58:16(pid=7099,tid=9958) : PushManager (D) : @_@ checkNeedReigster.true - status = READY
2015-08-19 10:58:16(pid=7099,tid=9958) : PushManager (D) : @_@ setPriorityListAndRegister..push_priority=[GOOGLE_GCM]
2015-08-19 10:58:16(pid=7099,tid=9959) : PushManager (D) : isAvailable = true / result = SERVICE_VERSION_UPDATE_REQUIRED
2015-08-19 10:58:17(pid=7099,tid=1) : GOOGLE_GCM (D) : __GCM onReceive.error = null /retryCnt=0 /token=APA91bGLLJrjHRLFE3L1baBwzpFilDiNgsMPPOIGUvn5Dku_97PlVDKB2kpr8kfg0i6_Q0kvVLisPrwKec8SDYg7Sy0YuLfm62R15PhkmVTQ_UG0lFuhUtbuhmGJU8UhIBHQY3OMnukqVC1xuQbRwCOGI-D2g7a7Ig
2015-08-19 10:58:17(pid=7099,tid=1) : BasePushReceiver (D) : -$$ BasePushReceiver.handleRegistration(): registration=GOOGLE_GCM:APA91bGLLJrjHRLFE3L1baBwzpFilDiNgsMPPOIGUvn5Dku_97PlVDKB2kpr8kfg0i6_Q0kvVLisPrwKec8SDYg7Sy0YuLfm62R15PhkmVTQ_UG0lFuhUtbuhmGJU8UhIBHQY3OMnukqVC1xuQbRwCOGI-D2g7a7Ig
2015-08-19 10:58:17(pid=7099,tid=1) : PushManager (D) : @_@ requestPushTokenUpdate.notiType=GOOGLE_GCM / pushToken=APA91bGLLJrjHRLFE3L1baBwzpFilDiNgsMPPOIGUvn5Dku_97PlVDKB2kpr8kfg0i6_Q0kvVLisPrwKec8SDYg7Sy0YuLfm62R15PhkmVTQ_UG0lFuhUtbuhmGJU8UhIBHQY3OMnukqVC1xuQbRwCOGI-D2g7a7Ig
2015-08-19 10:58:17(pid=7099,tid=1) : TokenProxy (D) :  @TokenProxy.updateToken.type=GOOGLE_GCM /token=APA91bGLLJrjHRLFE3L1baBwzpFilDiNgsMPPOIGUvn5Dku_97PlVDKB2kpr8kfg0i6_Q0kvVLisPrwKec8SDYg7Sy0YuLfm62R15PhkmVTQ_UG0lFuhUtbuhmGJU8UhIBHQY3OMnukqVC1xuQbRwCOGI-D2g7a7Ig /tryCnt=0 /retryInterval=100
2015-08-19 10:58:17(pid=7099,tid=9958) : TokenProxy (D) :  @TokenProxy.updateToken.type=GOOGLE_GCM /token=APA91bGLLJrjHRLFE3L1baBwzpFilDiNgsMPPOIGUvn5Dku_97PlVDKB2kpr8kfg0i6_Q0kvVLisPrwKec8SDYg7Sy0YuLfm62R15PhkmVTQ_UG0lFuhUtbuhmGJU8UhIBHQY3OMnukqVC1xuQbRwCOGI-D2g7a7Ig /tryCnt=1 /retryInterval=8000
2015-08-19 10:58:25(pid=7099,tid=9958) : TokenProxy (D) :  @TokenProxy.updateToken.type=GOOGLE_GCM /token=APA91bGLLJrjHRLFE3L1baBwzpFilDiNgsMPPOIGUvn5Dku_97PlVDKB2kpr8kfg0i6_Q0kvVLisPrwKec8SDYg7Sy0YuLfm62R15PhkmVTQ_UG0lFuhUtbuhmGJU8UhIBHQY3OMnukqVC1xuQbRwCOGI-D2g7a7Ig /tryCnt=2 /retryInterval=38000
2015-08-19 10:59:03(pid=7099,tid=9958) : TokenProxy (D) :  @TokenProxy.updateToken.type=GOOGLE_GCM /token=APA91bGLLJrjHRLFE3L1baBwzpFilDiNgsMPPOIGUvn5Dku_97PlVDKB2kpr8kfg0i6_Q0kvVLisPrwKec8SDYg7Sy0YuLfm62R15PhkmVTQ_UG0lFuhUtbuhmGJU8UhIBHQY3OMnukqVC1xuQbRwCOGI-D2g7a7Ig /tryCnt=3 /retryInterval=218000
2015-08-19 11:02:41(pid=7099,tid=9958) : TokenProxy (D) :  @TokenProxy.updateToken.type=GOOGLE_GCM /token=APA91bGLLJrjHRLFE3L1baBwzpFilDiNgsMPPOIGUvn5Dku_97PlVDKB2kpr8kfg0i6_Q0kvVLisPrwKec8SDYg7Sy0YuLfm62R15PhkmVTQ_UG0lFuhUtbuhmGJU8UhIBHQY3OMnukqVC1xuQbRwCOGI-D2g7a7Ig /tryCnt=4 /retryInterval=1298000
2015-08-19 11:24:19(pid=7099,tid=9958) : TokenProxy (D) :  @TokenProxy.updateToken.type=GOOGLE_GCM /token=APA91bGLLJrjHRLFE3L1baBwzpFilDiNgsMPPOIGUvn5Dku_97PlVDKB2kpr8kfg0i6_Q0kvVLisPrwKec8SDYg7Sy0YuLfm62R15PhkmVTQ_UG0lFuhUtbuhmGJU8UhIBHQY3OMnukqVC1xuQbRwCOGI-D2g7a7Ig /tryCnt=5 /retryInterval=7778000
2015-08-19 11:25:31(pid=7099,tid=1) : LineNotification (D) :    # System.onReceive.action=android.intent.action.USER_PRESENT
2015-08-19 14:09:26(pid=29478,tid=10335) : LineNotification (D) : #cc# @@ CONNECTED @@ .networkInfo = NETWORK_WIFI	 /networkState=CONNECTED	 /subType=WIFI	 /wifiInfo.SSID: "LinePlusui-iMac-76", BSSID: 7c:c3:a1:a7:5b:7b, Supplicant state: COMPLETED, RSSI: -200, Link speed: -1, Net ID: 3, Metered hint: false, mFrequency: 2462
2015-08-19 14:09:26(pid=29478,tid=10335) : LineNotification (D) : #cc# getNetworkConnectState : 08/19 14:09:26
2015-08-19 14:09:26(pid=29478,tid=10335) : LineNotification (D) : #cc#  - getNetwork	NETWORK_WIFI	CONNECTED	WIFI
2015-08-19 14:09:26(pid=29478,tid=1) : LineNotification (D) :    # System.onReceive.action=android.net.conn.CONNECTIVITY_CHANGE
2015-08-19 14:09:26(pid=29478,tid=1) : LineNotification (D) : #cc#  current   : NETWORK_WIFI	 /networkState=CONNECTED	 /subType=WIFI	 /wifiInfo.SSID: "LinePlusui-iMac-76", BSSID: 7c:c3:a1:a7:5b:7b, Supplicant state: COMPLETED, RSSI: -200, Link speed: -1, Net ID: 3, Metered hint: false, mFrequency: 2462
2015-08-19 14:09:26(pid=29478,tid=1) : LineNotification (D) : #cc#  - receive : NETWORK_WIFI	 /networkState=DISCONNECTED	 /subType=WIFI	 /wifiInfo.SSID: "LinePlusui-iMac-76", BSSID: 7c:c3:a1:a7:5b:7b, Supplicant state: COMPLETED, RSSI: -200, Link speed: -1, Net ID: 3, Metered hint: false, mFrequency: 2462
2015-08-19 14:09:26(pid=29478,tid=1) : LineNotification (D) : #cc#  -- active : NETWORK_WIFI	 /networkState=CONNECTED	 /subType=WIFI	 /wifiInfo.SSID: "LinePlusui-iMac-76", BSSID: 7c:c3:a1:a7:5b:7b, Supplicant state: COMPLETED, RSSI: -200, Link speed: -1, Net ID: 3, Metered hint: false, mFrequency: 2462
2015-08-19 14:09:27(pid=29478,tid=1) : LineNotification (D) :    # System.onReceive.action=android.net.conn.CONNECTIVITY_CHANGE
2015-08-19 14:09:27(pid=29478,tid=1) : LineNotification (D) : #cc#  current   : NETWORK_WIFI	 /networkState=CONNECTED	 /subType=WIFI	 /wifiInfo.SSID: "LinePlusui-iMac-76", BSSID: 7c:c3:a1:a7:5b:7b, Supplicant state: COMPLETED, RSSI: -200, Link speed: -1, Net ID: 3, Metered hint: false, mFrequency: 2462
2015-08-19 14:09:27(pid=29478,tid=1) : LineNotification (D) : #cc#  - receive : NETWORK_4G	 /networkState=CONNECTED	 /subType=LTE
2015-08-19 14:09:27(pid=29478,tid=1) : LineNotification (D) : #cc#  -- active : NETWORK_WIFI	 /networkState=CONNECTED	 /subType=WIFI	 /wifiInfo.SSID: "LinePlusui-iMac-76", BSSID: 7c:c3:a1:a7:5b:7b, Supplicant state: COMPLETED, RSSI: -200, Link speed: -1, Net ID: 3, Metered hint: false, mFrequency: 2462
2015-08-19 14:09:27(pid=29478,tid=1) : LineNotification (D) :    # System.onReceive.action=android.net.conn.CONNECTIVITY_CHANGE
2015-08-19 14:09:27(pid=29478,tid=1) : LineNotification (D) : #cc#  current   : NETWORK_WIFI	 /networkState=CONNECTED	 /subType=WIFI	 /wifiInfo.SSID: "LinePlusui-iMac-76", BSSID: 7c:c3:a1:a7:5b:7b, Supplicant state: COMPLETED, RSSI: -200, Link speed: -1, Net ID: 3, Metered hint: false, mFrequency: 2462
2015-08-19 14:09:27(pid=29478,tid=1) : LineNotification (D) : #cc#  - receive : NETWORK_WIFI	 /networkState=CONNECTED	 /subType=WIFI	 /wifiInfo.SSID: "LinePlusui-iMac-76", BSSID: 7c:c3:a1:a7:5b:7b, Supplicant state: COMPLETED, RSSI: -200, Link speed: -1, Net ID: 3, Metered hint: false, mFrequency: 2462
2015-08-19 14:09:27(pid=29478,tid=1) : LineNotification (D) : #cc#  -- active : NETWORK_WIFI	 /networkState=CONNECTED	 /subType=WIFI	 /wifiInfo.SSID: "LinePlusui-iMac-76", BSSID: 7c:c3:a1:a7:5b:7b, Supplicant state: COMPLETED, RSSI: -200, Link speed: -1, Net ID: 3, Metered hint: false, mFrequency: 2462
2015-08-19 14:09:27(pid=29478,tid=1) : LineNotification (D) :    # System.onReceive.action=android.net.conn.CONNECTIVITY_CHANGE
2015-08-19 14:09:27(pid=29478,tid=1) : LineNotification (D) : #cc#  current   : NETWORK_WIFI	 /networkState=CONNECTED	 /subType=WIFI	 /wifiInfo.SSID: "LinePlusui-iMac-76", BSSID: 7c:c3:a1:a7:5b:7b, Supplicant state: COMPLETED, RSSI: -200, Link speed: -1, Net ID: 3, Metered hint: false, mFrequency: 2462
2015-08-19 14:09:27(pid=29478,tid=1) : LineNotification (D) : #cc#  - receive : NETWORK_4G	 /networkState=DISCONNECTED	 /subType=LTE
2015-08-19 14:09:27(pid=29478,tid=1) : LineNotification (D) : #cc#  -- active : NETWORK_WIFI	 /networkState=CONNECTED	 /subType=WIFI	 /wifiInfo.SSID: "LinePlusui-iMac-76", BSSID: 7c:c3:a1:a7:5b:7b, Supplicant state: COMPLETED, RSSI: -200, Link speed: -1, Net ID: 3, Metered hint: false, mFrequency: 2462
2015-08-19 14:09:28(pid=29478,tid=10350) : PushManager (D) : @_@ checkNeedReigster.true - status = READY
2015-08-19 14:09:28(pid=29478,tid=10350) : PushManager (D) : @_@ checkNeedReigster.true - status = READY
2015-08-19 14:09:28(pid=29478,tid=10350) : PushManager (D) : @_@ setPriorityListAndRegister..push_priority=[GOOGLE_GCM]
2015-08-19 14:09:28(pid=29478,tid=10356) : PushManager (D) : isAvailable = true / result = SERVICE_VERSION_UPDATE_REQUIRED
2015-08-19 14:09:28(pid=29478,tid=1) : LineNotification (D) :    # System.onReceive.action=android.net.conn.CONNECTIVITY_CHANGE
2015-08-19 14:09:28(pid=29478,tid=1) : LineNotification (D) : #cc#  current   : NETWORK_WIFI	 /networkState=CONNECTED	 /subType=WIFI	 /wifiInfo.SSID: "LinePlusui-iMac-76", BSSID: 7c:c3:a1:a7:5b:7b, Supplicant state: COMPLETED, RSSI: -200, Link speed: -1, Net ID: 3, Metered hint: false, mFrequency: 2462
2015-08-19 14:09:28(pid=29478,tid=1) : LineNotification (D) : #cc#  - receive : NETWORK_WIFI	 /networkState=CONNECTED	 /subType=WIFI	 /wifiInfo.SSID: "LinePlusui-iMac-76", BSSID: 7c:c3:a1:a7:5b:7b, Supplicant state: COMPLETED, RSSI: -200, Link speed: -1, Net ID: 3, Metered hint: false, mFrequency: 2462
2015-08-19 14:09:28(pid=29478,tid=1) : LineNotification (D) : #cc#  -- active : NETWORK_WIFI	 /networkState=CONNECTED	 /subType=WIFI	 /wifiInfo.SSID: "LinePlusui-iMac-76", BSSID: 7c:c3:a1:a7:5b:7b, Supplicant state: COMPLETED, RSSI: -200, Link speed: -1, Net ID: 3, Metered hint: false, mFrequency: 2462
2015-08-19 14:09:28(pid=29478,tid=1) : GOOGLE_GCM (D) : __GCM onReceive.error = null /retryCnt=0 /token=APA91bGLLJrjHRLFE3L1baBwzpFilDiNgsMPPOIGUvn5Dku_97PlVDKB2kpr8kfg0i6_Q0kvVLisPrwKec8SDYg7Sy0YuLfm62R15PhkmVTQ_UG0lFuhUtbuhmGJU8UhIBHQY3OMnukqVC1xuQbRwCOGI-D2g7a7Ig
2015-08-19 14:09:28(pid=29478,tid=1) : BasePushReceiver (D) : -$$ BasePushReceiver.handleRegistration(): registration=GOOGLE_GCM:APA91bGLLJrjHRLFE3L1baBwzpFilDiNgsMPPOIGUvn5Dku_97PlVDKB2kpr8kfg0i6_Q0kvVLisPrwKec8SDYg7Sy0YuLfm62R15PhkmVTQ_UG0lFuhUtbuhmGJU8UhIBHQY3OMnukqVC1xuQbRwCOGI-D2g7a7Ig
2015-08-19 14:09:28(pid=29478,tid=1) : PushManager (D) : @_@ requestPushTokenUpdate.notiType=GOOGLE_GCM / pushToken=APA91bGLLJrjHRLFE3L1baBwzpFilDiNgsMPPOIGUvn5Dku_97PlVDKB2kpr8kfg0i6_Q0kvVLisPrwKec8SDYg7Sy0YuLfm62R15PhkmVTQ_UG0lFuhUtbuhmGJU8UhIBHQY3OMnukqVC1xuQbRwCOGI-D2g7a7Ig
2015-08-19 14:09:28(pid=29478,tid=1) : TokenProxy (D) :  @TokenProxy.updateToken.type=GOOGLE_GCM /token=APA91bGLLJrjHRLFE3L1baBwzpFilDiNgsMPPOIGUvn5Dku_97PlVDKB2kpr8kfg0i6_Q0kvVLisPrwKec8SDYg7Sy0YuLfm62R15PhkmVTQ_UG0lFuhUtbuhmGJU8UhIBHQY3OMnukqVC1xuQbRwCOGI-D2g7a7Ig /tryCnt=0 /retryInterval=100
2015-08-19 14:09:30(pid=29478,tid=10350) : TokenProxy (D) :  @TokenProxy.updateToken.type=GOOGLE_GCM /token=APA91bGLLJrjHRLFE3L1baBwzpFilDiNgsMPPOIGUvn5Dku_97PlVDKB2kpr8kfg0i6_Q0kvVLisPrwKec8SDYg7Sy0YuLfm62R15PhkmVTQ_UG0lFuhUtbuhmGJU8UhIBHQY3OMnukqVC1xuQbRwCOGI-D2g7a7Ig /tryCnt=1 /retryInterval=8000
2015-08-19 14:09:34(pid=29478,tid=1) : NHN_NNI (D) : __NNI.onReceive : RESPONSE_GETSTATE_INTENT : state='NNI Connected'
2015-08-19 14:09:35(pid=29478,tid=1) : NHN_NNI (D) : __NNI.onReceive : RESPONSE_GETSTATE_INTENT : state='NNI Subscribe Success'
2015-08-19 14:09:38(pid=29478,tid=10350) : TokenProxy (D) :  @TokenProxy.updateToken.type=GOOGLE_GCM /token=APA91bGLLJrjHRLFE3L1baBwzpFilDiNgsMPPOIGUvn5Dku_97PlVDKB2kpr8kfg0i6_Q0kvVLisPrwKec8SDYg7Sy0YuLfm62R15PhkmVTQ_UG0lFuhUtbuhmGJU8UhIBHQY3OMnukqVC1xuQbRwCOGI-D2g7a7Ig /tryCnt=2 /retryInterval=38000
2015-08-19 14:10:17(pid=29478,tid=10350) : TokenProxy (D) :  @TokenProxy.updateToken.type=GOOGLE_GCM /token=APA91bGLLJrjHRLFE3L1baBwzpFilDiNgsMPPOIGUvn5Dku_97PlVDKB2kpr8kfg0i6_Q0kvVLisPrwKec8SDYg7Sy0YuLfm62R15PhkmVTQ_UG0lFuhUtbuhmGJU8UhIBHQY3OMnukqVC1xuQbRwCOGI-D2g7a7Ig /tryCnt=3 /retryInterval=218000
2015-08-19 14:13:55(pid=29478,tid=10350) : TokenProxy (D) :  @TokenProxy.updateToken.type=GOOGLE_GCM /token=APA91bGLLJrjHRLFE3L1baBwzpFilDiNgsMPPOIGUvn5Dku_97PlVDKB2kpr8kfg0i6_Q0kvVLisPrwKec8SDYg7Sy0YuLfm62R15PhkmVTQ_UG0lFuhUtbuhmGJU8UhIBHQY3OMnukqVC1xuQbRwCOGI-D2g7a7Ig /tryCnt=4 /retryInterval=1298000
2015-08-19 15:40:28(pid=1944,tid=1) : LineNotification (D) :    # System.onReceive.action=android.intent.action.ACTION_POWER_CONNECTED
2015-08-19 15:40:28(pid=1944,tid=10594) : LineNotification (D) : #cc# @@ CONNECTED @@ .networkInfo = NETWORK_WIFI	 /networkState=CONNECTED	 /subType=WIFI	 /wifiInfo.SSID: "LinePlusui-iMac-76", BSSID: 7c:c3:a1:a7:5b:7b, Supplicant state: COMPLETED, RSSI: -38, Link speed: 72, Net ID: 3, Metered hint: false, mFrequency: 2462
2015-08-19 15:40:28(pid=1944,tid=10594) : LineNotification (D) : #cc# getNetworkConnectState : 08/19 15:40:28
2015-08-19 15:40:28(pid=1944,tid=10594) : LineNotification (D) : #cc#  - getNetwork	NETWORK_WIFI	CONNECTED	WIFI
2015-08-19 15:40:29(pid=1944,tid=10603) : PushManager (D) : @_@ checkNeedReigster.true - status = READY
2015-08-19 15:40:29(pid=1944,tid=10603) : PushManager (D) : @_@ checkNeedReigster.true - status = READY
2015-08-19 15:40:29(pid=1944,tid=10603) : PushManager (D) : @_@ setPriorityListAndRegister..push_priority=[GOOGLE_GCM]
2015-08-19 15:40:29(pid=1944,tid=10599) : PushManager (D) : isAvailable = true / result = SERVICE_VERSION_UPDATE_REQUIRED
2015-08-19 15:40:30(pid=1944,tid=1) : GOOGLE_GCM (D) : __GCM onReceive.error = null /retryCnt=0 /token=APA91bGLLJrjHRLFE3L1baBwzpFilDiNgsMPPOIGUvn5Dku_97PlVDKB2kpr8kfg0i6_Q0kvVLisPrwKec8SDYg7Sy0YuLfm62R15PhkmVTQ_UG0lFuhUtbuhmGJU8UhIBHQY3OMnukqVC1xuQbRwCOGI-D2g7a7Ig
2015-08-19 15:40:30(pid=1944,tid=1) : BasePushReceiver (D) : -$$ BasePushReceiver.handleRegistration(): registration=GOOGLE_GCM:APA91bGLLJrjHRLFE3L1baBwzpFilDiNgsMPPOIGUvn5Dku_97PlVDKB2kpr8kfg0i6_Q0kvVLisPrwKec8SDYg7Sy0YuLfm62R15PhkmVTQ_UG0lFuhUtbuhmGJU8UhIBHQY3OMnukqVC1xuQbRwCOGI-D2g7a7Ig
2015-08-19 15:40:30(pid=1944,tid=1) : PushManager (D) : @_@ requestPushTokenUpdate.notiType=GOOGLE_GCM / pushToken=APA91bGLLJrjHRLFE3L1baBwzpFilDiNgsMPPOIGUvn5Dku_97PlVDKB2kpr8kfg0i6_Q0kvVLisPrwKec8SDYg7Sy0YuLfm62R15PhkmVTQ_UG0lFuhUtbuhmGJU8UhIBHQY3OMnukqVC1xuQbRwCOGI-D2g7a7Ig
2015-08-19 15:40:30(pid=1944,tid=1) : TokenProxy (D) :  @TokenProxy.updateToken.type=GOOGLE_GCM /token=APA91bGLLJrjHRLFE3L1baBwzpFilDiNgsMPPOIGUvn5Dku_97PlVDKB2kpr8kfg0i6_Q0kvVLisPrwKec8SDYg7Sy0YuLfm62R15PhkmVTQ_UG0lFuhUtbuhmGJU8UhIBHQY3OMnukqVC1xuQbRwCOGI-D2g7a7Ig /tryCnt=0 /retryInterval=100
2015-08-19 15:40:30(pid=1944,tid=10603) : TokenProxy (D) :  @TokenProxy.updateToken.type=GOOGLE_GCM /token=APA91bGLLJrjHRLFE3L1baBwzpFilDiNgsMPPOIGUvn5Dku_97PlVDKB2kpr8kfg0i6_Q0kvVLisPrwKec8SDYg7Sy0YuLfm62R15PhkmVTQ_UG0lFuhUtbuhmGJU8UhIBHQY3OMnukqVC1xuQbRwCOGI-D2g7a7Ig /tryCnt=1 /retryInterval=8000
2015-08-19 15:40:38(pid=1944,tid=10603) : TokenProxy (D) :  @TokenProxy.updateToken.type=GOOGLE_GCM /token=APA91bGLLJrjHRLFE3L1baBwzpFilDiNgsMPPOIGUvn5Dku_97PlVDKB2kpr8kfg0i6_Q0kvVLisPrwKec8SDYg7Sy0YuLfm62R15PhkmVTQ_UG0lFuhUtbuhmGJU8UhIBHQY3OMnukqVC1xuQbRwCOGI-D2g7a7Ig /tryCnt=2 /retryInterval=38000
2015-08-19 15:41:16(pid=1944,tid=10603) : TokenProxy (D) :  @TokenProxy.updateToken.type=GOOGLE_GCM /token=APA91bGLLJrjHRLFE3L1baBwzpFilDiNgsMPPOIGUvn5Dku_97PlVDKB2kpr8kfg0i6_Q0kvVLisPrwKec8SDYg7Sy0YuLfm62R15PhkmVTQ_UG0lFuhUtbuhmGJU8UhIBHQY3OMnukqVC1xuQbRwCOGI-D2g7a7Ig /tryCnt=3 /retryInterval=218000
2015-08-19 15:41:26(pid=1944,tid=1) : LineNotification (D) :    # System.onReceive.action=android.intent.action.PACKAGE_REPLACED
2015-08-19 15:43:58(pid=1944,tid=1) : LineNotification (D) :    # System.onReceive.action=android.intent.action.PACKAGE_REPLACED
2015-08-19 15:44:54(pid=1944,tid=10603) : TokenProxy (D) :  @TokenProxy.updateToken.type=GOOGLE_GCM /token=APA91bGLLJrjHRLFE3L1baBwzpFilDiNgsMPPOIGUvn5Dku_97PlVDKB2kpr8kfg0i6_Q0kvVLisPrwKec8SDYg7Sy0YuLfm62R15PhkmVTQ_UG0lFuhUtbuhmGJU8UhIBHQY3OMnukqVC1xuQbRwCOGI-D2g7a7Ig /tryCnt=4 /retryInterval=1298000
2015-08-19 15:53:59(pid=1944,tid=1) : LineNotification (D) :    # System.onReceive.action=android.net.conn.CONNECTIVITY_CHANGE
2015-08-19 15:53:59(pid=1944,tid=1) : LineNotification (D) : #cc#  current   : NETWORK_WIFI	 /networkState=CONNECTED	 /subType=WIFI	 /wifiInfo.SSID: "LinePlusui-iMac-76", BSSID: 7c:c3:a1:a7:5b:7b, Supplicant state: COMPLETED, RSSI: -38, Link speed: 72, Net ID: 3, Metered hint: false, mFrequency: 2462
2015-08-19 15:53:59(pid=1944,tid=1) : LineNotification (D) : #cc#  - receive : NETWORK_WIFI	 /networkState=DISCONNECTED	 /subType=WIFI	 /wifiInfo.SSID: "LinePlusui-iMac-76", BSSID: 7c:c3:a1:a7:5b:7b, Supplicant state: COMPLETED, RSSI: -46, Link speed: 72, Net ID: 3, Metered hint: false, mFrequency: 2462
2015-08-19 15:53:59(pid=1944,tid=1) : LineNotification (D) : #cc#  -- active : NETWORK_WIFI	 /networkState=CONNECTED	 /subType=WIFI	 /wifiInfo.SSID: "LinePlusui-iMac-76", BSSID: 7c:c3:a1:a7:5b:7b, Supplicant state: COMPLETED, RSSI: -46, Link speed: 72, Net ID: 3, Metered hint: false, mFrequency: 2462
2015-08-19 15:53:59(pid=1944,tid=1) : LineNotification (D) :    # System.onReceive.action=android.net.conn.CONNECTIVITY_CHANGE
2015-08-19 15:53:59(pid=1944,tid=1) : LineNotification (D) : #cc#  current   : NETWORK_WIFI	 /networkState=CONNECTED	 /subType=WIFI	 /wifiInfo.SSID: "LinePlusui-iMac-76", BSSID: 7c:c3:a1:a7:5b:7b, Supplicant state: COMPLETED, RSSI: -38, Link speed: 72, Net ID: 3, Metered hint: false, mFrequency: 2462
2015-08-19 15:53:59(pid=1944,tid=1) : LineNotification (D) : #cc#  - receive : NETWORK_4G	 /networkState=CONNECTED	 /subType=LTE
2015-08-19 15:53:59(pid=1944,tid=1) : LineNotification (D) : #cc#  -- active : NETWORK_WIFI	 /networkState=CONNECTED	 /subType=WIFI	 /wifiInfo.SSID: "LinePlusui-iMac-76", BSSID: 7c:c3:a1:a7:5b:7b, Supplicant state: COMPLETED, RSSI: -46, Link speed: 72, Net ID: 3, Metered hint: false, mFrequency: 2462
2015-08-19 15:54:01(pid=1944,tid=1) : LineNotification (D) :    # System.onReceive.action=android.net.conn.CONNECTIVITY_CHANGE
2015-08-19 15:54:01(pid=1944,tid=1) : LineNotification (D) : #cc#  current   : NETWORK_WIFI	 /networkState=CONNECTED	 /subType=WIFI	 /wifiInfo.SSID: "LinePlusui-iMac-76", BSSID: 7c:c3:a1:a7:5b:7b, Supplicant state: COMPLETED, RSSI: -38, Link speed: 72, Net ID: 3, Metered hint: false, mFrequency: 2462
2015-08-19 15:54:01(pid=1944,tid=1) : LineNotification (D) : #cc#  - receive : NETWORK_WIFI	 /networkState=CONNECTED	 /subType=WIFI	 /wifiInfo.SSID: "LinePlusui-iMac-76", BSSID: 7c:c3:a1:a7:5b:7b, Supplicant state: COMPLETED, RSSI: -46, Link speed: 72, Net ID: 3, Metered hint: false, mFrequency: 2462
2015-08-19 15:54:01(pid=1944,tid=1) : LineNotification (D) : #cc#  -- active : NETWORK_WIFI	 /networkState=CONNECTED	 /subType=WIFI	 /wifiInfo.SSID: "LinePlusui-iMac-76", BSSID: 7c:c3:a1:a7:5b:7b, Supplicant state: COMPLETED, RSSI: -46, Link speed: 72, Net ID: 3, Metered hint: false, mFrequency: 2462
2015-08-19 15:54:01(pid=1944,tid=1) : LineNotification (D) :    # System.onReceive.action=android.net.conn.CONNECTIVITY_CHANGE
2015-08-19 15:54:01(pid=1944,tid=1) : LineNotification (D) : #cc#  current   : NETWORK_WIFI	 /networkState=CONNECTED	 /subType=WIFI	 /wifiInfo.SSID: "LinePlusui-iMac-76", BSSID: 7c:c3:a1:a7:5b:7b, Supplicant state: COMPLETED, RSSI: -38, Link speed: 72, Net ID: 3, Metered hint: false, mFrequency: 2462
2015-08-19 15:54:01(pid=1944,tid=1) : LineNotification (D) : #cc#  - receive : NETWORK_4G	 /networkState=DISCONNECTED	 /subType=LTE
2015-08-19 15:54:01(pid=1944,tid=1) : LineNotification (D) : #cc#  -- active : NETWORK_WIFI	 /networkState=CONNECTED	 /subType=WIFI	 /wifiInfo.SSID: "LinePlusui-iMac-76", BSSID: 7c:c3:a1:a7:5b:7b, Supplicant state: COMPLETED, RSSI: -43, Link speed: 72, Net ID: 3, Metered hint: false, mFrequency: 2462
2015-08-19 15:54:02(pid=1944,tid=1) : LineNotification (D) :    # System.onReceive.action=android.net.conn.CONNECTIVITY_CHANGE
2015-08-19 15:54:02(pid=1944,tid=1) : LineNotification (D) : #cc#  current   : NETWORK_WIFI	 /networkState=CONNECTED	 /subType=WIFI	 /wifiInfo.SSID: "LinePlusui-iMac-76", BSSID: 7c:c3:a1:a7:5b:7b, Supplicant state: COMPLETED, RSSI: -38, Link speed: 72, Net ID: 3, Metered hint: false, mFrequency: 2462
2015-08-19 15:54:02(pid=1944,tid=1) : LineNotification (D) : #cc#  - receive : NETWORK_WIFI	 /networkState=CONNECTED	 /subType=WIFI	 /wifiInfo.SSID: "LinePlusui-iMac-76", BSSID: 7c:c3:a1:a7:5b:7b, Supplicant state: COMPLETED, RSSI: -43, Link speed: 72, Net ID: 3, Metered hint: false, mFrequency: 2462
2015-08-19 15:54:02(pid=1944,tid=1) : LineNotification (D) : #cc#  -- active : NETWORK_WIFI	 /networkState=CONNECTED	 /subType=WIFI	 /wifiInfo.SSID: "LinePlusui-iMac-76", BSSID: 7c:c3:a1:a7:5b:7b, Supplicant state: COMPLETED, RSSI: -43, Link speed: 72, Net ID: 3, Metered hint: false, mFrequency: 2462
2015-08-19 16:48:25(pid=16570,tid=1) : LineNotification (D) :    # System.onReceive.action=android.intent.action.USER_PRESENT
2015-08-19 16:48:26(pid=16570,tid=10835) : LineNotification (D) : #cc# @@ CONNECTED @@ .networkInfo = NETWORK_WIFI	 /networkState=CONNECTED	 /subType=WIFI	 /wifiInfo.SSID: "LinePlusui-iMac-76", BSSID: 7c:c3:a1:a7:5b:7b, Supplicant state: COMPLETED, RSSI: -43, Link speed: 72, Net ID: 3, Metered hint: false, mFrequency: 2462
2015-08-19 16:48:26(pid=16570,tid=10835) : LineNotification (D) : #cc# getNetworkConnectState : 08/19 16:48:26
2015-08-19 16:48:26(pid=16570,tid=10835) : LineNotification (D) : #cc#  - getNetwork	NETWORK_WIFI	CONNECTED	WIFI
2015-08-19 16:48:26(pid=16570,tid=10830) : LineNotification (D) : #cc# @@ CONNECTED @@ .networkInfo = NETWORK_WIFI	 /networkState=CONNECTED	 /subType=WIFI	 /wifiInfo.SSID: "LinePlusui-iMac-76", BSSID: 7c:c3:a1:a7:5b:7b, Supplicant state: COMPLETED, RSSI: -43, Link speed: 72, Net ID: 3, Metered hint: false, mFrequency: 2462
2015-08-19 16:48:26(pid=16570,tid=10830) : LineNotification (D) : #cc# getNetworkConnectState : 08/19 16:48:26
2015-08-19 16:48:26(pid=16570,tid=10830) : LineNotification (D) : #cc#  - getNetwork	NETWORK_WIFI	CONNECTED	WIFI
2015-08-19 16:48:27(pid=16570,tid=10839) : PushManager (D) : @_@ checkNeedReigster.true - status = READY
2015-08-19 16:48:27(pid=16570,tid=10839) : PushManager (D) : @_@ checkNeedReigster.true - status = READY
2015-08-19 16:48:27(pid=16570,tid=10839) : PushManager (D) : @_@ setPriorityListAndRegister..push_priority=[GOOGLE_GCM]
2015-08-19 16:48:27(pid=16570,tid=10840) : PushManager (D) : isAvailable = true / result = SERVICE_VERSION_UPDATE_REQUIRED
2015-08-19 16:48:28(pid=16570,tid=1) : GOOGLE_GCM (D) : __GCM onReceive.error = null /retryCnt=0 /token=APA91bGLLJrjHRLFE3L1baBwzpFilDiNgsMPPOIGUvn5Dku_97PlVDKB2kpr8kfg0i6_Q0kvVLisPrwKec8SDYg7Sy0YuLfm62R15PhkmVTQ_UG0lFuhUtbuhmGJU8UhIBHQY3OMnukqVC1xuQbRwCOGI-D2g7a7Ig
2015-08-19 16:48:28(pid=16570,tid=1) : BasePushReceiver (D) : -$$ BasePushReceiver.handleRegistration(): registration=GOOGLE_GCM:APA91bGLLJrjHRLFE3L1baBwzpFilDiNgsMPPOIGUvn5Dku_97PlVDKB2kpr8kfg0i6_Q0kvVLisPrwKec8SDYg7Sy0YuLfm62R15PhkmVTQ_UG0lFuhUtbuhmGJU8UhIBHQY3OMnukqVC1xuQbRwCOGI-D2g7a7Ig
2015-08-19 16:48:28(pid=16570,tid=1) : PushManager (D) : @_@ requestPushTokenUpdate.notiType=GOOGLE_GCM / pushToken=APA91bGLLJrjHRLFE3L1baBwzpFilDiNgsMPPOIGUvn5Dku_97PlVDKB2kpr8kfg0i6_Q0kvVLisPrwKec8SDYg7Sy0YuLfm62R15PhkmVTQ_UG0lFuhUtbuhmGJU8UhIBHQY3OMnukqVC1xuQbRwCOGI-D2g7a7Ig
2015-08-19 16:48:28(pid=16570,tid=1) : TokenProxy (D) :  @TokenProxy.updateToken.type=GOOGLE_GCM /token=APA91bGLLJrjHRLFE3L1baBwzpFilDiNgsMPPOIGUvn5Dku_97PlVDKB2kpr8kfg0i6_Q0kvVLisPrwKec8SDYg7Sy0YuLfm62R15PhkmVTQ_UG0lFuhUtbuhmGJU8UhIBHQY3OMnukqVC1xuQbRwCOGI-D2g7a7Ig /tryCnt=0 /retryInterval=100
2015-08-19 16:48:28(pid=16570,tid=10839) : TokenProxy (D) :  @TokenProxy.updateToken.type=GOOGLE_GCM /token=APA91bGLLJrjHRLFE3L1baBwzpFilDiNgsMPPOIGUvn5Dku_97PlVDKB2kpr8kfg0i6_Q0kvVLisPrwKec8SDYg7Sy0YuLfm62R15PhkmVTQ_UG0lFuhUtbuhmGJU8UhIBHQY3OMnukqVC1xuQbRwCOGI-D2g7a7Ig /tryCnt=1 /retryInterval=8000
2015-08-19 16:48:36(pid=16570,tid=10839) : TokenProxy (D) :  @TokenProxy.updateToken.type=GOOGLE_GCM /token=APA91bGLLJrjHRLFE3L1baBwzpFilDiNgsMPPOIGUvn5Dku_97PlVDKB2kpr8kfg0i6_Q0kvVLisPrwKec8SDYg7Sy0YuLfm62R15PhkmVTQ_UG0lFuhUtbuhmGJU8UhIBHQY3OMnukqVC1xuQbRwCOGI-D2g7a7Ig /tryCnt=2 /retryInterval=38000
2015-08-19 16:49:14(pid=16570,tid=10839) : TokenProxy (D) :  @TokenProxy.updateToken.type=GOOGLE_GCM /token=APA91bGLLJrjHRLFE3L1baBwzpFilDiNgsMPPOIGUvn5Dku_97PlVDKB2kpr8kfg0i6_Q0kvVLisPrwKec8SDYg7Sy0YuLfm62R15PhkmVTQ_UG0lFuhUtbuhmGJU8UhIBHQY3OMnukqVC1xuQbRwCOGI-D2g7a7Ig /tryCnt=3 /retryInterval=218000
2015-08-19 16:52:52(pid=16570,tid=10839) : TokenProxy (D) :  @TokenProxy.updateToken.type=GOOGLE_GCM /token=APA91bGLLJrjHRLFE3L1baBwzpFilDiNgsMPPOIGUvn5Dku_97PlVDKB2kpr8kfg0i6_Q0kvVLisPrwKec8SDYg7Sy0YuLfm62R15PhkmVTQ_UG0lFuhUtbuhmGJU8UhIBHQY3OMnukqVC1xuQbRwCOGI-D2g7a7Ig /tryCnt=4 /retryInterval=1298000
2015-08-19 17:14:31(pid=16570,tid=10839) : TokenProxy (D) :  @TokenProxy.updateToken.type=GOOGLE_GCM /token=APA91bGLLJrjHRLFE3L1baBwzpFilDiNgsMPPOIGUvn5Dku_97PlVDKB2kpr8kfg0i6_Q0kvVLisPrwKec8SDYg7Sy0YuLfm62R15PhkmVTQ_UG0lFuhUtbuhmGJU8UhIBHQY3OMnukqVC1xuQbRwCOGI-D2g7a7Ig /tryCnt=5 /retryInterval=7778000
2015-08-19 19:55:30(pid=8149,tid=1) : LineNotification (D) :    # System.onReceive.action=android.intent.action.USER_PRESENT
2015-08-19 19:55:30(pid=8149,tid=11268) : LineNotification (D) : #cc# @@ CONNECTED @@ .networkInfo = NETWORK_WIFI	 /networkState=CONNECTED	 /subType=WIFI	 /wifiInfo.SSID: "LinePlusui-iMac-76", BSSID: 7c:c3:a1:a7:5b:7b, Supplicant state: COMPLETED, RSSI: -39, Link speed: 72, Net ID: 3, Metered hint: false, mFrequency: 2462
2015-08-19 19:55:30(pid=8149,tid=11275) : LineNotification (D) : #cc# @@ CONNECTED @@ .networkInfo = NETWORK_WIFI	 /networkState=CONNECTED	 /subType=WIFI	 /wifiInfo.SSID: "LinePlusui-iMac-76", BSSID: 7c:c3:a1:a7:5b:7b, Supplicant state: COMPLETED, RSSI: -39, Link speed: 72, Net ID: 3, Metered hint: false, mFrequency: 2462
2015-08-19 19:55:30(pid=8149,tid=11275) : LineNotification (D) : #cc# getNetworkConnectState : 08/19 19:55:30
2015-08-19 19:55:30(pid=8149,tid=11275) : LineNotification (D) : #cc#  - getNetwork	NETWORK_WIFI	CONNECTED	WIFI
2015-08-19 19:55:30(pid=8149,tid=11268) : LineNotification (D) : #cc# getNetworkConnectState : 08/19 19:55:30
2015-08-19 19:55:30(pid=8149,tid=11268) : LineNotification (D) : #cc#  - getNetwork	NETWORK_WIFI	CONNECTED	WIFI
2015-08-19 19:55:32(pid=8149,tid=11277) : PushManager (D) : @_@ checkNeedReigster.true - status = READY
2015-08-19 19:55:32(pid=8149,tid=11277) : PushManager (D) : @_@ checkNeedReigster.true - status = READY
2015-08-19 19:55:32(pid=8149,tid=11277) : PushManager (D) : @_@ setPriorityListAndRegister..push_priority=[GOOGLE_GCM]
2015-08-19 19:55:32(pid=8149,tid=11279) : PushManager (D) : isAvailable = true / result = SERVICE_VERSION_UPDATE_REQUIRED
2015-08-19 19:55:33(pid=8149,tid=1) : GOOGLE_GCM (D) : __GCM onReceive.error = null /retryCnt=0 /token=APA91bGLLJrjHRLFE3L1baBwzpFilDiNgsMPPOIGUvn5Dku_97PlVDKB2kpr8kfg0i6_Q0kvVLisPrwKec8SDYg7Sy0YuLfm62R15PhkmVTQ_UG0lFuhUtbuhmGJU8UhIBHQY3OMnukqVC1xuQbRwCOGI-D2g7a7Ig
2015-08-19 19:55:33(pid=8149,tid=1) : BasePushReceiver (D) : -$$ BasePushReceiver.handleRegistration(): registration=GOOGLE_GCM:APA91bGLLJrjHRLFE3L1baBwzpFilDiNgsMPPOIGUvn5Dku_97PlVDKB2kpr8kfg0i6_Q0kvVLisPrwKec8SDYg7Sy0YuLfm62R15PhkmVTQ_UG0lFuhUtbuhmGJU8UhIBHQY3OMnukqVC1xuQbRwCOGI-D2g7a7Ig
2015-08-19 19:55:33(pid=8149,tid=1) : PushManager (D) : @_@ requestPushTokenUpdate.notiType=GOOGLE_GCM / pushToken=APA91bGLLJrjHRLFE3L1baBwzpFilDiNgsMPPOIGUvn5Dku_97PlVDKB2kpr8kfg0i6_Q0kvVLisPrwKec8SDYg7Sy0YuLfm62R15PhkmVTQ_UG0lFuhUtbuhmGJU8UhIBHQY3OMnukqVC1xuQbRwCOGI-D2g7a7Ig
2015-08-19 19:55:33(pid=8149,tid=1) : TokenProxy (D) :  @TokenProxy.updateToken.type=GOOGLE_GCM /token=APA91bGLLJrjHRLFE3L1baBwzpFilDiNgsMPPOIGUvn5Dku_97PlVDKB2kpr8kfg0i6_Q0kvVLisPrwKec8SDYg7Sy0YuLfm62R15PhkmVTQ_UG0lFuhUtbuhmGJU8UhIBHQY3OMnukqVC1xuQbRwCOGI-D2g7a7Ig /tryCnt=0 /retryInterval=100
2015-08-19 19:55:33(pid=8149,tid=11277) : TokenProxy (D) :  @TokenProxy.updateToken.type=GOOGLE_GCM /token=APA91bGLLJrjHRLFE3L1baBwzpFilDiNgsMPPOIGUvn5Dku_97PlVDKB2kpr8kfg0i6_Q0kvVLisPrwKec8SDYg7Sy0YuLfm62R15PhkmVTQ_UG0lFuhUtbuhmGJU8UhIBHQY3OMnukqVC1xuQbRwCOGI-D2g7a7Ig /tryCnt=1 /retryInterval=8000
2015-08-19 19:55:41(pid=8149,tid=11277) : TokenProxy (D) :  @TokenProxy.updateToken.type=GOOGLE_GCM /token=APA91bGLLJrjHRLFE3L1baBwzpFilDiNgsMPPOIGUvn5Dku_97PlVDKB2kpr8kfg0i6_Q0kvVLisPrwKec8SDYg7Sy0YuLfm62R15PhkmVTQ_UG0lFuhUtbuhmGJU8UhIBHQY3OMnukqVC1xuQbRwCOGI-D2g7a7Ig /tryCnt=2 /retryInterval=38000
2015-08-19 19:56:19(pid=8149,tid=11277) : TokenProxy (D) :  @TokenProxy.updateToken.type=GOOGLE_GCM /token=APA91bGLLJrjHRLFE3L1baBwzpFilDiNgsMPPOIGUvn5Dku_97PlVDKB2kpr8kfg0i6_Q0kvVLisPrwKec8SDYg7Sy0YuLfm62R15PhkmVTQ_UG0lFuhUtbuhmGJU8UhIBHQY3OMnukqVC1xuQbRwCOGI-D2g7a7Ig /tryCnt=3 /retryInterval=218000
2015-08-19 19:59:57(pid=8149,tid=11277) : TokenProxy (D) :  @TokenProxy.updateToken.type=GOOGLE_GCM /token=APA91bGLLJrjHRLFE3L1baBwzpFilDiNgsMPPOIGUvn5Dku_97PlVDKB2kpr8kfg0i6_Q0kvVLisPrwKec8SDYg7Sy0YuLfm62R15PhkmVTQ_UG0lFuhUtbuhmGJU8UhIBHQY3OMnukqVC1xuQbRwCOGI-D2g7a7Ig /tryCnt=4 /retryInterval=1298000
2015-08-19 20:18:59(pid=8149,tid=1) : LineNotification (D) :    # System.onReceive.action=android.net.conn.CONNECTIVITY_CHANGE
2015-08-19 20:18:59(pid=8149,tid=1) : LineNotification (D) : #cc#  current   : NETWORK_WIFI	 /networkState=CONNECTED	 /subType=WIFI	 /wifiInfo.SSID: "LinePlusui-iMac-76", BSSID: 7c:c3:a1:a7:5b:7b, Supplicant state: COMPLETED, RSSI: -39, Link speed: 72, Net ID: 3, Metered hint: false, mFrequency: 2462
2015-08-19 20:18:59(pid=8149,tid=1) : LineNotification (D) : #cc#  - receive : NETWORK_WIFI	 /networkState=DISCONNECTED	 /subType=WIFI	 /wifiInfo.SSID: "LinePlusui-iMac-76", BSSID: 7c:c3:a1:a7:5b:7b, Supplicant state: COMPLETED, RSSI: -38, Link speed: 65, Net ID: 3, Metered hint: false, mFrequency: 2462
2015-08-19 20:18:59(pid=8149,tid=1) : LineNotification (D) : #cc#  -- active : NETWORK_WIFI	 /networkState=CONNECTED	 /subType=WIFI	 /wifiInfo.SSID: "LinePlusui-iMac-76", BSSID: 7c:c3:a1:a7:5b:7b, Supplicant state: COMPLETED, RSSI: -38, Link speed: 65, Net ID: 3, Metered hint: false, mFrequency: 2462
2015-08-19 20:19:00(pid=8149,tid=1) : LineNotification (D) :    # System.onReceive.action=android.net.conn.CONNECTIVITY_CHANGE
2015-08-19 20:19:00(pid=8149,tid=1) : LineNotification (D) : #cc#  current   : NETWORK_WIFI	 /networkState=CONNECTED	 /subType=WIFI	 /wifiInfo.SSID: "LinePlusui-iMac-76", BSSID: 7c:c3:a1:a7:5b:7b, Supplicant state: COMPLETED, RSSI: -39, Link speed: 72, Net ID: 3, Metered hint: false, mFrequency: 2462
2015-08-19 20:19:00(pid=8149,tid=1) : LineNotification (D) : #cc#  - receive : NETWORK_4G	 /networkState=CONNECTED	 /subType=LTE
2015-08-19 20:19:00(pid=8149,tid=1) : LineNotification (D) : #cc#  -- active : NETWORK_WIFI	 /networkState=CONNECTED	 /subType=WIFI	 /wifiInfo.SSID: "LinePlusui-iMac-76", BSSID: 7c:c3:a1:a7:5b:7b, Supplicant state: COMPLETED, RSSI: -40, Link speed: 65, Net ID: 3, Metered hint: false, mFrequency: 2462
2015-08-19 20:19:01(pid=8149,tid=1) : LineNotification (D) :    # System.onReceive.action=android.net.conn.CONNECTIVITY_CHANGE
2015-08-19 20:19:01(pid=8149,tid=1) : LineNotification (D) : #cc#  current   : NETWORK_WIFI	 /networkState=CONNECTED	 /subType=WIFI	 /wifiInfo.SSID: "LinePlusui-iMac-76", BSSID: 7c:c3:a1:a7:5b:7b, Supplicant state: COMPLETED, RSSI: -39, Link speed: 72, Net ID: 3, Metered hint: false, mFrequency: 2462
2015-08-19 20:19:01(pid=8149,tid=1) : LineNotification (D) : #cc#  - receive : NETWORK_WIFI	 /networkState=CONNECTED	 /subType=WIFI	 /wifiInfo.SSID: "LinePlusui-iMac-76", BSSID: 7c:c3:a1:a7:5b:7b, Supplicant state: COMPLETED, RSSI: -40, Link speed: 65, Net ID: 3, Metered hint: false, mFrequency: 2462
2015-08-19 20:19:01(pid=8149,tid=1) : LineNotification (D) : #cc#  -- active : NETWORK_WIFI	 /networkState=CONNECTED	 /subType=WIFI	 /wifiInfo.SSID: "LinePlusui-iMac-76", BSSID: 7c:c3:a1:a7:5b:7b, Supplicant state: COMPLETED, RSSI: -40, Link speed: 65, Net ID: 3, Metered hint: false, mFrequency: 2462
2015-08-19 20:19:01(pid=8149,tid=1) : LineNotification (D) :    # System.onReceive.action=android.net.conn.CONNECTIVITY_CHANGE
2015-08-19 20:19:01(pid=8149,tid=1) : LineNotification (D) : #cc#  current   : NETWORK_WIFI	 /networkState=CONNECTED	 /subType=WIFI	 /wifiInfo.SSID: "LinePlusui-iMac-76", BSSID: 7c:c3:a1:a7:5b:7b, Supplicant state: COMPLETED, RSSI: -39, Link speed: 72, Net ID: 3, Metered hint: false, mFrequency: 2462
2015-08-19 20:19:01(pid=8149,tid=1) : LineNotification (D) : #cc#  - receive : NETWORK_4G	 /networkState=DISCONNECTED	 /subType=LTE
2015-08-19 20:19:01(pid=8149,tid=1) : LineNotification (D) : #cc#  -- active : NETWORK_WIFI	 /networkState=CONNECTED	 /subType=WIFI	 /wifiInfo.SSID: "LinePlusui-iMac-76", BSSID: 7c:c3:a1:a7:5b:7b, Supplicant state: COMPLETED, RSSI: -40, Link speed: 65, Net ID: 3, Metered hint: false, mFrequency: 2462
2015-08-19 20:19:02(pid=8149,tid=1) : LineNotification (D) :    # System.onReceive.action=android.net.conn.CONNECTIVITY_CHANGE
2015-08-19 20:19:02(pid=8149,tid=1) : LineNotification (D) : #cc#  current   : NETWORK_WIFI	 /networkState=CONNECTED	 /subType=WIFI	 /wifiInfo.SSID: "LinePlusui-iMac-76", BSSID: 7c:c3:a1:a7:5b:7b, Supplicant state: COMPLETED, RSSI: -39, Link speed: 72, Net ID: 3, Metered hint: false, mFrequency: 2462
2015-08-19 20:19:02(pid=8149,tid=1) : LineNotification (D) : #cc#  - receive : NETWORK_WIFI	 /networkState=CONNECTED	 /subType=WIFI	 /wifiInfo.SSID: "LinePlusui-iMac-76", BSSID: 7c:c3:a1:a7:5b:7b, Supplicant state: COMPLETED, RSSI: -40, Link speed: 65, Net ID: 3, Metered hint: false, mFrequency: 2462
2015-08-19 20:19:02(pid=8149,tid=1) : LineNotification (D) : #cc#  -- active : NETWORK_WIFI	 /networkState=CONNECTED	 /subType=WIFI	 /wifiInfo.SSID: "LinePlusui-iMac-76", BSSID: 7c:c3:a1:a7:5b:7b, Supplicant state: COMPLETED, RSSI: -40, Link speed: 65, Net ID: 3, Metered hint: false, mFrequency: 2462
