2015-08-20 10:05:07(pid=3036,tid=1) : LineNotification (D) :    # System.onReceive.action=android.intent.action.ACTION_POWER_DISCONNECTED
2015-08-20 10:05:07(pid=3036,tid=13056) : LineNotification (D) : #cc# @@ CONNECTED @@ .networkInfo = NETWORK_WIFI	 /networkState=CONNECTED	 /subType=WIFI	 /wifiInfo.SSID: "LinePlusui-iMac-76", BSSID: 7c:c3:a1:a7:5b:7b, Supplicant state: COMPLETED, RSSI: -51, Link speed: 72, Net ID: 3, Metered hint: false, mFrequency: 2462
2015-08-20 10:05:07(pid=3036,tid=13056) : LineNotification (D) : #cc# getNetworkConnectState : 08/20 10:05:07
2015-08-20 10:05:07(pid=3036,tid=13056) : LineNotification (D) : #cc#  - getNetwork	NETWORK_WIFI	CONNECTED	WIFI
2015-08-20 10:05:08(pid=3036,tid=13065) : PushManager (D) : @_@ checkNeedReigster.true - status = READY
2015-08-20 10:05:08(pid=3036,tid=13065) : PushManager (D) : @_@ checkNeedReigster.true - status = READY
2015-08-20 10:05:08(pid=3036,tid=13065) : PushManager (D) : @_@ setPriorityListAndRegister..push_priority=[GOOGLE_GCM]
2015-08-20 10:05:08(pid=3036,tid=13062) : PushManager (D) : isAvailable = true / result = SERVICE_VERSION_UPDATE_REQUIRED
2015-08-20 10:05:08(pid=3036,tid=1) : GOOGLE_GCM (D) : __GCM onReceive.error = null /retryCnt=0 /token=APA91bGLLJrjHRLFE3L1baBwzpFilDiNgsMPPOIGUvn5Dku_97PlVDKB2kpr8kfg0i6_Q0kvVLisPrwKec8SDYg7Sy0YuLfm62R15PhkmVTQ_UG0lFuhUtbuhmGJU8UhIBHQY3OMnukqVC1xuQbRwCOGI-D2g7a7Ig
2015-08-20 10:05:08(pid=3036,tid=1) : BasePushReceiver (D) : -$$ BasePushReceiver.handleRegistration(): registration=GOOGLE_GCM:APA91bGLLJrjHRLFE3L1baBwzpFilDiNgsMPPOIGUvn5Dku_97PlVDKB2kpr8kfg0i6_Q0kvVLisPrwKec8SDYg7Sy0YuLfm62R15PhkmVTQ_UG0lFuhUtbuhmGJU8UhIBHQY3OMnukqVC1xuQbRwCOGI-D2g7a7Ig
2015-08-20 10:05:08(pid=3036,tid=1) : PushManager (D) : @_@ requestPushTokenUpdate.notiType=GOOGLE_GCM / pushToken=APA91bGLLJrjHRLFE3L1baBwzpFilDiNgsMPPOIGUvn5Dku_97PlVDKB2kpr8kfg0i6_Q0kvVLisPrwKec8SDYg7Sy0YuLfm62R15PhkmVTQ_UG0lFuhUtbuhmGJU8UhIBHQY3OMnukqVC1xuQbRwCOGI-D2g7a7Ig
2015-08-20 10:05:08(pid=3036,tid=1) : TokenProxy (D) :  @TokenProxy.updateToken.type=GOOGLE_GCM /token=APA91bGLLJrjHRLFE3L1baBwzpFilDiNgsMPPOIGUvn5Dku_97PlVDKB2kpr8kfg0i6_Q0kvVLisPrwKec8SDYg7Sy0YuLfm62R15PhkmVTQ_UG0lFuhUtbuhmGJU8UhIBHQY3OMnukqVC1xuQbRwCOGI-D2g7a7Ig /tryCnt=0 /retryInterval=100
2015-08-20 10:05:11(pid=3036,tid=13065) : TokenProxy (D) :  @TokenProxy.updateToken.type=GOOGLE_GCM /token=APA91bGLLJrjHRLFE3L1baBwzpFilDiNgsMPPOIGUvn5Dku_97PlVDKB2kpr8kfg0i6_Q0kvVLisPrwKec8SDYg7Sy0YuLfm62R15PhkmVTQ_UG0lFuhUtbuhmGJU8UhIBHQY3OMnukqVC1xuQbRwCOGI-D2g7a7Ig /tryCnt=1 /retryInterval=8000
2015-08-20 10:05:19(pid=3036,tid=13065) : TokenProxy (D) :  @TokenProxy.updateToken.type=GOOGLE_GCM /token=APA91bGLLJrjHRLFE3L1baBwzpFilDiNgsMPPOIGUvn5Dku_97PlVDKB2kpr8kfg0i6_Q0kvVLisPrwKec8SDYg7Sy0YuLfm62R15PhkmVTQ_UG0lFuhUtbuhmGJU8UhIBHQY3OMnukqVC1xuQbRwCOGI-D2g7a7Ig /tryCnt=2 /retryInterval=38000
2015-08-20 10:05:57(pid=3036,tid=13065) : TokenProxy (D) :  @TokenProxy.updateToken.type=GOOGLE_GCM /token=APA91bGLLJrjHRLFE3L1baBwzpFilDiNgsMPPOIGUvn5Dku_97PlVDKB2kpr8kfg0i6_Q0kvVLisPrwKec8SDYg7Sy0YuLfm62R15PhkmVTQ_UG0lFuhUtbuhmGJU8UhIBHQY3OMnukqVC1xuQbRwCOGI-D2g7a7Ig /tryCnt=3 /retryInterval=218000
2015-08-20 10:09:01(pid=3036,tid=1) : LineNotification (D) :    # System.onReceive.action=android.net.conn.CONNECTIVITY_CHANGE
2015-08-20 10:09:01(pid=3036,tid=1) : LineNotification (D) : #cc#  current   : NETWORK_WIFI	 /networkState=CONNECTED	 /subType=WIFI	 /wifiInfo.SSID: "LinePlusui-iMac-76", BSSID: 7c:c3:a1:a7:5b:7b, Supplicant state: COMPLETED, RSSI: -51, Link speed: 72, Net ID: 3, Metered hint: false, mFrequency: 2462
2015-08-20 10:09:01(pid=3036,tid=1) : LineNotification (D) : #cc#  - receive : NETWORK_WIFI	 /networkState=DISCONNECTED	 /subType=WIFI	 /wifiInfo.SSID: "LinePlusui-iMac-76", BSSID: 7c:c3:a1:a7:5b:7b, Supplicant state: COMPLETED, RSSI: -200, Link speed: -1, Net ID: 3, Metered hint: false, mFrequency: 2462
2015-08-20 10:09:01(pid=3036,tid=1) : LineNotification (D) : #cc#  -- active : NETWORK_WIFI	 /networkState=CONNECTED	 /subType=WIFI	 /wifiInfo.SSID: "LinePlusui-iMac-76", BSSID: 7c:c3:a1:a7:5b:7b, Supplicant state: COMPLETED, RSSI: -200, Link speed: -1, Net ID: 3, Metered hint: false, mFrequency: 2462
2015-08-20 10:09:02(pid=3036,tid=1) : LineNotification (D) :    # System.onReceive.action=android.net.conn.CONNECTIVITY_CHANGE
2015-08-20 10:09:02(pid=3036,tid=1) : LineNotification (D) : #cc#  current   : NETWORK_WIFI	 /networkState=CONNECTED	 /subType=WIFI	 /wifiInfo.SSID: "LinePlusui-iMac-76", BSSID: 7c:c3:a1:a7:5b:7b, Supplicant state: COMPLETED, RSSI: -51, Link speed: 72, Net ID: 3, Metered hint: false, mFrequency: 2462
2015-08-20 10:09:02(pid=3036,tid=1) : LineNotification (D) : #cc#  - receive : NETWORK_4G	 /networkState=CONNECTED	 /subType=LTE
2015-08-20 10:09:02(pid=3036,tid=1) : LineNotification (D) : #cc#  -- active : NETWORK_WIFI	 /networkState=CONNECTED	 /subType=WIFI	 /wifiInfo.SSID: "LinePlusui-iMac-76", BSSID: 7c:c3:a1:a7:5b:7b, Supplicant state: COMPLETED, RSSI: -200, Link speed: -1, Net ID: 3, Metered hint: false, mFrequency: 2462
2015-08-20 10:09:04(pid=3036,tid=1) : LineNotification (D) :    # System.onReceive.action=android.net.conn.CONNECTIVITY_CHANGE
2015-08-20 10:09:04(pid=3036,tid=1) : LineNotification (D) : #cc#  current   : NETWORK_WIFI	 /networkState=CONNECTED	 /subType=WIFI	 /wifiInfo.SSID: "LinePlusui-iMac-76", BSSID: 7c:c3:a1:a7:5b:7b, Supplicant state: COMPLETED, RSSI: -51, Link speed: 72, Net ID: 3, Metered hint: false, mFrequency: 2462
2015-08-20 10:09:04(pid=3036,tid=1) : LineNotification (D) : #cc#  - receive : NETWORK_WIFI	 /networkState=CONNECTED	 /subType=WIFI	 /wifiInfo.SSID: "LinePlusui-iMac-76", BSSID: 7c:c3:a1:a7:5b:7b, Supplicant state: COMPLETED, RSSI: -200, Link speed: -1, Net ID: 3, Metered hint: false, mFrequency: 2462
2015-08-20 10:09:04(pid=3036,tid=1) : LineNotification (D) : #cc#  -- active : NETWORK_WIFI	 /networkState=CONNECTED	 /subType=WIFI	 /wifiInfo.SSID: "LinePlusui-iMac-76", BSSID: 7c:c3:a1:a7:5b:7b, Supplicant state: COMPLETED, RSSI: -200, Link speed: -1, Net ID: 3, Metered hint: false, mFrequency: 2462
2015-08-20 10:09:05(pid=3036,tid=1) : LineNotification (D) :    # System.onReceive.action=android.net.conn.CONNECTIVITY_CHANGE
2015-08-20 10:09:05(pid=3036,tid=1) : LineNotification (D) : #cc#  current   : NETWORK_WIFI	 /networkState=CONNECTED	 /subType=WIFI	 /wifiInfo.SSID: "LinePlusui-iMac-76", BSSID: 7c:c3:a1:a7:5b:7b, Supplicant state: COMPLETED, RSSI: -51, Link speed: 72, Net ID: 3, Metered hint: false, mFrequency: 2462
2015-08-20 10:09:05(pid=3036,tid=1) : LineNotification (D) : #cc#  - receive : NETWORK_4G	 /networkState=DISCONNECTED	 /subType=LTE
2015-08-20 10:09:05(pid=3036,tid=1) : LineNotification (D) : #cc#  -- active : NETWORK_WIFI	 /networkState=CONNECTED	 /subType=WIFI	 /wifiInfo.SSID: "LinePlusui-iMac-76", BSSID: 7c:c3:a1:a7:5b:7b, Supplicant state: COMPLETED, RSSI: -200, Link speed: -1, Net ID: 3, Metered hint: false, mFrequency: 2462
2015-08-20 11:12:22(pid=5080,tid=1) : LineNotification (D) :    # System.onReceive.action=android.intent.action.ACTION_POWER_CONNECTED
2015-08-20 11:12:22(pid=5080,tid=13227) : LineNotification (D) : #cc# @@ CONNECTED @@ .networkInfo = NETWORK_WIFI	 /networkState=CONNECTED	 /subType=WIFI	 /wifiInfo.SSID: "LinePlusui-iMac-76", BSSID: 7c:c3:a1:a7:5b:7b, Supplicant state: COMPLETED, RSSI: -38, Link speed: 72, Net ID: 3, Metered hint: false, mFrequency: 2462
2015-08-20 11:12:22(pid=5080,tid=13227) : LineNotification (D) : #cc# getNetworkConnectState : 08/20 11:12:22
2015-08-20 11:12:22(pid=5080,tid=13227) : LineNotification (D) : #cc#  - getNetwork	NETWORK_WIFI	CONNECTED	WIFI
2015-08-20 11:12:23(pid=5080,tid=13236) : PushManager (D) : @_@ checkNeedReigster.true - status = READY
2015-08-20 11:12:23(pid=5080,tid=13236) : PushManager (D) : @_@ checkNeedReigster.true - status = READY
2015-08-20 11:12:23(pid=5080,tid=13236) : PushManager (D) : @_@ setPriorityListAndRegister..push_priority=[GOOGLE_GCM]
2015-08-20 11:12:23(pid=5080,tid=13241) : PushManager (D) : isAvailable = true / result = SERVICE_VERSION_UPDATE_REQUIRED
2015-08-20 11:12:25(pid=5080,tid=1) : GOOGLE_GCM (D) : __GCM onReceive.error = null /retryCnt=0 /token=APA91bGLLJrjHRLFE3L1baBwzpFilDiNgsMPPOIGUvn5Dku_97PlVDKB2kpr8kfg0i6_Q0kvVLisPrwKec8SDYg7Sy0YuLfm62R15PhkmVTQ_UG0lFuhUtbuhmGJU8UhIBHQY3OMnukqVC1xuQbRwCOGI-D2g7a7Ig
2015-08-20 11:12:25(pid=5080,tid=1) : BasePushReceiver (D) : -$$ BasePushReceiver.handleRegistration(): registration=GOOGLE_GCM:APA91bGLLJrjHRLFE3L1baBwzpFilDiNgsMPPOIGUvn5Dku_97PlVDKB2kpr8kfg0i6_Q0kvVLisPrwKec8SDYg7Sy0YuLfm62R15PhkmVTQ_UG0lFuhUtbuhmGJU8UhIBHQY3OMnukqVC1xuQbRwCOGI-D2g7a7Ig
2015-08-20 11:12:25(pid=5080,tid=1) : PushManager (D) : @_@ requestPushTokenUpdate.notiType=GOOGLE_GCM / pushToken=APA91bGLLJrjHRLFE3L1baBwzpFilDiNgsMPPOIGUvn5Dku_97PlVDKB2kpr8kfg0i6_Q0kvVLisPrwKec8SDYg7Sy0YuLfm62R15PhkmVTQ_UG0lFuhUtbuhmGJU8UhIBHQY3OMnukqVC1xuQbRwCOGI-D2g7a7Ig
2015-08-20 11:12:25(pid=5080,tid=1) : TokenProxy (D) :  @TokenProxy.updateToken.type=GOOGLE_GCM /token=APA91bGLLJrjHRLFE3L1baBwzpFilDiNgsMPPOIGUvn5Dku_97PlVDKB2kpr8kfg0i6_Q0kvVLisPrwKec8SDYg7Sy0YuLfm62R15PhkmVTQ_UG0lFuhUtbuhmGJU8UhIBHQY3OMnukqVC1xuQbRwCOGI-D2g7a7Ig /tryCnt=0 /retryInterval=100
2015-08-20 11:12:25(pid=5080,tid=13236) : TokenProxy (D) :  @TokenProxy.updateToken.type=GOOGLE_GCM /token=APA91bGLLJrjHRLFE3L1baBwzpFilDiNgsMPPOIGUvn5Dku_97PlVDKB2kpr8kfg0i6_Q0kvVLisPrwKec8SDYg7Sy0YuLfm62R15PhkmVTQ_UG0lFuhUtbuhmGJU8UhIBHQY3OMnukqVC1xuQbRwCOGI-D2g7a7Ig /tryCnt=1 /retryInterval=8000
2015-08-20 11:12:33(pid=5080,tid=13236) : TokenProxy (D) :  @TokenProxy.updateToken.type=GOOGLE_GCM /token=APA91bGLLJrjHRLFE3L1baBwzpFilDiNgsMPPOIGUvn5Dku_97PlVDKB2kpr8kfg0i6_Q0kvVLisPrwKec8SDYg7Sy0YuLfm62R15PhkmVTQ_UG0lFuhUtbuhmGJU8UhIBHQY3OMnukqVC1xuQbRwCOGI-D2g7a7Ig /tryCnt=2 /retryInterval=38000
2015-08-20 11:13:11(pid=5080,tid=13236) : TokenProxy (D) :  @TokenProxy.updateToken.type=GOOGLE_GCM /token=APA91bGLLJrjHRLFE3L1baBwzpFilDiNgsMPPOIGUvn5Dku_97PlVDKB2kpr8kfg0i6_Q0kvVLisPrwKec8SDYg7Sy0YuLfm62R15PhkmVTQ_UG0lFuhUtbuhmGJU8UhIBHQY3OMnukqVC1xuQbRwCOGI-D2g7a7Ig /tryCnt=3 /retryInterval=218000
2015-08-20 11:13:55(pid=5080,tid=1) : LineNotification (D) :    # System.onReceive.action=android.intent.action.USER_PRESENT
2015-08-20 11:16:49(pid=5080,tid=13236) : TokenProxy (D) :  @TokenProxy.updateToken.type=GOOGLE_GCM /token=APA91bGLLJrjHRLFE3L1baBwzpFilDiNgsMPPOIGUvn5Dku_97PlVDKB2kpr8kfg0i6_Q0kvVLisPrwKec8SDYg7Sy0YuLfm62R15PhkmVTQ_UG0lFuhUtbuhmGJU8UhIBHQY3OMnukqVC1xuQbRwCOGI-D2g7a7Ig /tryCnt=4 /retryInterval=1298000
2015-08-20 11:33:59(pid=5080,tid=1) : LineNotification (D) :    # System.onReceive.action=android.net.conn.CONNECTIVITY_CHANGE
2015-08-20 11:33:59(pid=5080,tid=1) : LineNotification (D) : #cc#  current   : NETWORK_WIFI	 /networkState=CONNECTED	 /subType=WIFI	 /wifiInfo.SSID: "LinePlusui-iMac-76", BSSID: 7c:c3:a1:a7:5b:7b, Supplicant state: COMPLETED, RSSI: -38, Link speed: 72, Net ID: 3, Metered hint: false, mFrequency: 2462
2015-08-20 11:33:59(pid=5080,tid=1) : LineNotification (D) : #cc#  - receive : NETWORK_WIFI	 /networkState=DISCONNECTED	 /subType=WIFI	 /wifiInfo.SSID: "LinePlusui-iMac-76", BSSID: 7c:c3:a1:a7:5b:7b, Supplicant state: COMPLETED, RSSI: -46, Link speed: 72, Net ID: 3, Metered hint: false, mFrequency: 2462
2015-08-20 11:33:59(pid=5080,tid=1) : LineNotification (D) : #cc#  -- active : NETWORK_WIFI	 /networkState=CONNECTED	 /subType=WIFI	 /wifiInfo.SSID: "LinePlusui-iMac-76", BSSID: 7c:c3:a1:a7:5b:7b, Supplicant state: COMPLETED, RSSI: -46, Link speed: 72, Net ID: 3, Metered hint: false, mFrequency: 2462
2015-08-20 11:34:00(pid=5080,tid=1) : LineNotification (D) :    # System.onReceive.action=android.net.conn.CONNECTIVITY_CHANGE
2015-08-20 11:34:00(pid=5080,tid=1) : LineNotification (D) : #cc#  current   : NETWORK_WIFI	 /networkState=CONNECTED	 /subType=WIFI	 /wifiInfo.SSID: "LinePlusui-iMac-76", BSSID: 7c:c3:a1:a7:5b:7b, Supplicant state: COMPLETED, RSSI: -38, Link speed: 72, Net ID: 3, Metered hint: false, mFrequency: 2462
2015-08-20 11:34:00(pid=5080,tid=1) : LineNotification (D) : #cc#  - receive : NETWORK_4G	 /networkState=CONNECTED	 /subType=LTE
2015-08-20 11:34:00(pid=5080,tid=1) : LineNotification (D) : #cc#  -- active : NETWORK_WIFI	 /networkState=CONNECTED	 /subType=WIFI	 /wifiInfo.SSID: "LinePlusui-iMac-76", BSSID: 7c:c3:a1:a7:5b:7b, Supplicant state: COMPLETED, RSSI: -45, Link speed: 65, Net ID: 3, Metered hint: false, mFrequency: 2462
2015-08-20 11:34:01(pid=5080,tid=1) : LineNotification (D) :    # System.onReceive.action=android.net.conn.CONNECTIVITY_CHANGE
2015-08-20 11:34:01(pid=5080,tid=1) : LineNotification (D) : #cc#  current   : NETWORK_WIFI	 /networkState=CONNECTED	 /subType=WIFI	 /wifiInfo.SSID: "LinePlusui-iMac-76", BSSID: 7c:c3:a1:a7:5b:7b, Supplicant state: COMPLETED, RSSI: -38, Link speed: 72, Net ID: 3, Metered hint: false, mFrequency: 2462
2015-08-20 11:34:01(pid=5080,tid=1) : LineNotification (D) : #cc#  - receive : NETWORK_WIFI	 /networkState=CONNECTED	 /subType=WIFI	 /wifiInfo.SSID: "LinePlusui-iMac-76", BSSID: 7c:c3:a1:a7:5b:7b, Supplicant state: COMPLETED, RSSI: -45, Link speed: 65, Net ID: 3, Metered hint: false, mFrequency: 2462
2015-08-20 11:34:01(pid=5080,tid=1) : LineNotification (D) : #cc#  -- active : NETWORK_WIFI	 /networkState=CONNECTED	 /subType=WIFI	 /wifiInfo.SSID: "LinePlusui-iMac-76", BSSID: 7c:c3:a1:a7:5b:7b, Supplicant state: COMPLETED, RSSI: -45, Link speed: 65, Net ID: 3, Metered hint: false, mFrequency: 2462
2015-08-20 11:34:01(pid=5080,tid=1) : LineNotification (D) :    # System.onReceive.action=android.net.conn.CONNECTIVITY_CHANGE
2015-08-20 11:34:01(pid=5080,tid=1) : LineNotification (D) : #cc#  current   : NETWORK_WIFI	 /networkState=CONNECTED	 /subType=WIFI	 /wifiInfo.SSID: "LinePlusui-iMac-76", BSSID: 7c:c3:a1:a7:5b:7b, Supplicant state: COMPLETED, RSSI: -38, Link speed: 72, Net ID: 3, Metered hint: false, mFrequency: 2462
2015-08-20 11:34:01(pid=5080,tid=1) : LineNotification (D) : #cc#  - receive : NETWORK_4G	 /networkState=DISCONNECTED	 /subType=LTE
2015-08-20 11:34:01(pid=5080,tid=1) : LineNotification (D) : #cc#  -- active : NETWORK_WIFI	 /networkState=CONNECTED	 /subType=WIFI	 /wifiInfo.SSID: "LinePlusui-iMac-76", BSSID: 7c:c3:a1:a7:5b:7b, Supplicant state: COMPLETED, RSSI: -45, Link speed: 65, Net ID: 3, Metered hint: false, mFrequency: 2462
2015-08-20 11:58:39(pid=8279,tid=1) : LineNotification (D) :    # System.onReceive.action=android.intent.action.PACKAGE_REPLACED
2015-08-20 11:58:39(pid=8279,tid=13497) : LineNotification (D) : #cc# @@ CONNECTED @@ .networkInfo = NETWORK_WIFI	 /networkState=CONNECTED	 /subType=WIFI	 /wifiInfo.SSID: "LinePlusui-iMac-76", BSSID: 7c:c3:a1:a7:5b:7b, Supplicant state: COMPLETED, RSSI: -41, Link speed: 72, Net ID: 3, Metered hint: false, mFrequency: 2462
2015-08-20 11:58:39(pid=8279,tid=13497) : LineNotification (D) : #cc# getNetworkConnectState : 08/20 11:58:39
2015-08-20 11:58:39(pid=8279,tid=13497) : LineNotification (D) : #cc#  - getNetwork	NETWORK_WIFI	CONNECTED	WIFI
2015-08-20 12:01:26(pid=9818,tid=1) : LineNotification (D) :    # System.onReceive.action=android.intent.action.PACKAGE_REPLACED
2015-08-20 12:01:26(pid=9818,tid=13596) : LineNotification (D) : #cc# @@ CONNECTED @@ .networkInfo = NETWORK_WIFI	 /networkState=CONNECTED	 /subType=WIFI	 /wifiInfo.SSID: "LinePlusui-iMac-76", BSSID: 7c:c3:a1:a7:5b:7b, Supplicant state: COMPLETED, RSSI: -40, Link speed: 72, Net ID: 3, Metered hint: false, mFrequency: 2462
2015-08-20 12:01:26(pid=9818,tid=13596) : LineNotification (D) : #cc# getNetworkConnectState : 08/20 12:01:26
2015-08-20 12:01:26(pid=9818,tid=13596) : LineNotification (D) : #cc#  - getNetwork	NETWORK_WIFI	CONNECTED	WIFI
2015-08-20 12:09:18(pid=13122,tid=1) : LineNotification (D) :    # System.onReceive.action=android.intent.action.PACKAGE_REPLACED
2015-08-20 12:09:18(pid=13122,tid=13675) : LineNotification (D) : #cc# @@ CONNECTED @@ .networkInfo = NETWORK_WIFI	 /networkState=CONNECTED	 /subType=WIFI	 /wifiInfo.SSID: "LinePlusui-iMac-76", BSSID: 7c:c3:a1:a7:5b:7b, Supplicant state: COMPLETED, RSSI: -42, Link speed: 72, Net ID: 3, Metered hint: false, mFrequency: 2462
2015-08-20 12:09:18(pid=13122,tid=13675) : LineNotification (D) : #cc# getNetworkConnectState : 08/20 12:09:18
2015-08-20 12:09:18(pid=13122,tid=13675) : LineNotification (D) : #cc#  - getNetwork	NETWORK_WIFI	CONNECTED	WIFI
2015-08-20 12:09:19(pid=13122,tid=13684) : PushManager (D) : @_@ checkNeedReigster.true - status = READY
2015-08-20 12:09:19(pid=13122,tid=13684) : PushManager (D) : @_@ checkNeedReigster.true - status = READY
2015-08-20 12:09:19(pid=13122,tid=13684) : PushManager (D) : @_@ setPriorityListAndRegister..push_priority=[GOOGLE_GCM]
2015-08-20 12:09:19(pid=13122,tid=13683) : PushManager (D) : isAvailable = true / result = SERVICE_VERSION_UPDATE_REQUIRED
2015-08-20 12:09:20(pid=13122,tid=1) : GOOGLE_GCM (D) : __GCM onReceive.error = null /retryCnt=0 /token=APA91bGLLJrjHRLFE3L1baBwzpFilDiNgsMPPOIGUvn5Dku_97PlVDKB2kpr8kfg0i6_Q0kvVLisPrwKec8SDYg7Sy0YuLfm62R15PhkmVTQ_UG0lFuhUtbuhmGJU8UhIBHQY3OMnukqVC1xuQbRwCOGI-D2g7a7Ig
2015-08-20 12:09:20(pid=13122,tid=1) : BasePushReceiver (D) : -$$ BasePushReceiver.handleRegistration(): registration=GOOGLE_GCM:APA91bGLLJrjHRLFE3L1baBwzpFilDiNgsMPPOIGUvn5Dku_97PlVDKB2kpr8kfg0i6_Q0kvVLisPrwKec8SDYg7Sy0YuLfm62R15PhkmVTQ_UG0lFuhUtbuhmGJU8UhIBHQY3OMnukqVC1xuQbRwCOGI-D2g7a7Ig
2015-08-20 12:09:20(pid=13122,tid=1) : PushManager (D) : @_@ requestPushTokenUpdate.notiType=GOOGLE_GCM / pushToken=APA91bGLLJrjHRLFE3L1baBwzpFilDiNgsMPPOIGUvn5Dku_97PlVDKB2kpr8kfg0i6_Q0kvVLisPrwKec8SDYg7Sy0YuLfm62R15PhkmVTQ_UG0lFuhUtbuhmGJU8UhIBHQY3OMnukqVC1xuQbRwCOGI-D2g7a7Ig
2015-08-20 12:09:20(pid=13122,tid=1) : TokenProxy (D) :  @TokenProxy.updateToken.type=GOOGLE_GCM /token=APA91bGLLJrjHRLFE3L1baBwzpFilDiNgsMPPOIGUvn5Dku_97PlVDKB2kpr8kfg0i6_Q0kvVLisPrwKec8SDYg7Sy0YuLfm62R15PhkmVTQ_UG0lFuhUtbuhmGJU8UhIBHQY3OMnukqVC1xuQbRwCOGI-D2g7a7Ig /tryCnt=0 /retryInterval=100
2015-08-20 12:09:20(pid=13122,tid=13684) : TokenProxy (D) :  @TokenProxy.updateToken.type=GOOGLE_GCM /token=APA91bGLLJrjHRLFE3L1baBwzpFilDiNgsMPPOIGUvn5Dku_97PlVDKB2kpr8kfg0i6_Q0kvVLisPrwKec8SDYg7Sy0YuLfm62R15PhkmVTQ_UG0lFuhUtbuhmGJU8UhIBHQY3OMnukqVC1xuQbRwCOGI-D2g7a7Ig /tryCnt=1 /retryInterval=8000
2015-08-20 12:09:28(pid=13122,tid=13684) : TokenProxy (D) :  @TokenProxy.updateToken.type=GOOGLE_GCM /token=APA91bGLLJrjHRLFE3L1baBwzpFilDiNgsMPPOIGUvn5Dku_97PlVDKB2kpr8kfg0i6_Q0kvVLisPrwKec8SDYg7Sy0YuLfm62R15PhkmVTQ_UG0lFuhUtbuhmGJU8UhIBHQY3OMnukqVC1xuQbRwCOGI-D2g7a7Ig /tryCnt=2 /retryInterval=38000
2015-08-20 12:10:06(pid=13122,tid=13684) : TokenProxy (D) :  @TokenProxy.updateToken.type=GOOGLE_GCM /token=APA91bGLLJrjHRLFE3L1baBwzpFilDiNgsMPPOIGUvn5Dku_97PlVDKB2kpr8kfg0i6_Q0kvVLisPrwKec8SDYg7Sy0YuLfm62R15PhkmVTQ_UG0lFuhUtbuhmGJU8UhIBHQY3OMnukqVC1xuQbRwCOGI-D2g7a7Ig /tryCnt=3 /retryInterval=218000
2015-08-20 12:13:44(pid=13122,tid=13684) : TokenProxy (D) :  @TokenProxy.updateToken.type=GOOGLE_GCM /token=APA91bGLLJrjHRLFE3L1baBwzpFilDiNgsMPPOIGUvn5Dku_97PlVDKB2kpr8kfg0i6_Q0kvVLisPrwKec8SDYg7Sy0YuLfm62R15PhkmVTQ_UG0lFuhUtbuhmGJU8UhIBHQY3OMnukqVC1xuQbRwCOGI-D2g7a7Ig /tryCnt=4 /retryInterval=1298000
2015-08-20 12:31:44(pid=13122,tid=1) : LineNotification (D) :    # System.onReceive.action=android.intent.action.USER_PRESENT
2015-08-20 12:35:22(pid=13122,tid=13684) : TokenProxy (D) :  @TokenProxy.updateToken.type=GOOGLE_GCM /token=APA91bGLLJrjHRLFE3L1baBwzpFilDiNgsMPPOIGUvn5Dku_97PlVDKB2kpr8kfg0i6_Q0kvVLisPrwKec8SDYg7Sy0YuLfm62R15PhkmVTQ_UG0lFuhUtbuhmGJU8UhIBHQY3OMnukqVC1xuQbRwCOGI-D2g7a7Ig /tryCnt=5 /retryInterval=7778000
2015-08-20 12:55:49(pid=13122,tid=1) : LineNotification (D) :    # System.onReceive.action=android.intent.action.ACTION_POWER_DISCONNECTED
2015-08-20 13:04:05(pid=13122,tid=1) : LineNotification (D) :    # System.onReceive.action=android.net.conn.CONNECTIVITY_CHANGE
2015-08-20 13:04:05(pid=13122,tid=1) : LineNotification (D) : #cc#  current   : NETWORK_WIFI	 /networkState=CONNECTED	 /subType=WIFI	 /wifiInfo.SSID: "LinePlusui-iMac-76", BSSID: 7c:c3:a1:a7:5b:7b, Supplicant state: COMPLETED, RSSI: -42, Link speed: 72, Net ID: 3, Metered hint: false, mFrequency: 2462
2015-08-20 13:04:05(pid=13122,tid=1) : LineNotification (D) : #cc#  - receive : NETWORK_WIFI	 /networkState=DISCONNECTED	 /subType=WIFI	 /wifiInfo.SSID: "LinePlusui-iMac-76", BSSID: 7c:c3:a1:a7:5b:7b, Supplicant state: COMPLETED, RSSI: -200, Link speed: -1, Net ID: 3, Metered hint: false, mFrequency: 2462
2015-08-20 13:04:05(pid=13122,tid=1) : LineNotification (D) : #cc#  -- active : NETWORK_WIFI	 /networkState=CONNECTED	 /subType=WIFI	 /wifiInfo.SSID: "LinePlusui-iMac-76", BSSID: 7c:c3:a1:a7:5b:7b, Supplicant state: COMPLETED, RSSI: -200, Link speed: -1, Net ID: 3, Metered hint: false, mFrequency: 2462
2015-08-20 13:04:06(pid=13122,tid=1) : LineNotification (D) :    # System.onReceive.action=android.net.conn.CONNECTIVITY_CHANGE
2015-08-20 13:04:06(pid=13122,tid=1) : LineNotification (D) : #cc#  current   : NETWORK_WIFI	 /networkState=CONNECTED	 /subType=WIFI	 /wifiInfo.SSID: "LinePlusui-iMac-76", BSSID: 7c:c3:a1:a7:5b:7b, Supplicant state: COMPLETED, RSSI: -42, Link speed: 72, Net ID: 3, Metered hint: false, mFrequency: 2462
2015-08-20 13:04:06(pid=13122,tid=1) : LineNotification (D) : #cc#  - receive : NETWORK_4G	 /networkState=CONNECTED	 /subType=LTE
2015-08-20 13:04:06(pid=13122,tid=1) : LineNotification (D) : #cc#  -- active : NETWORK_WIFI	 /networkState=CONNECTED	 /subType=WIFI	 /wifiInfo.SSID: "LinePlusui-iMac-76", BSSID: 7c:c3:a1:a7:5b:7b, Supplicant state: COMPLETED, RSSI: -200, Link speed: -1, Net ID: 3, Metered hint: false, mFrequency: 2462
2015-08-20 13:04:08(pid=13122,tid=1) : LineNotification (D) :    # System.onReceive.action=android.net.conn.CONNECTIVITY_CHANGE
2015-08-20 13:04:08(pid=13122,tid=1) : LineNotification (D) : #cc#  current   : NETWORK_WIFI	 /networkState=CONNECTED	 /subType=WIFI	 /wifiInfo.SSID: "LinePlusui-iMac-76", BSSID: 7c:c3:a1:a7:5b:7b, Supplicant state: COMPLETED, RSSI: -42, Link speed: 72, Net ID: 3, Metered hint: false, mFrequency: 2462
2015-08-20 13:04:08(pid=13122,tid=1) : LineNotification (D) : #cc#  - receive : NETWORK_WIFI	 /networkState=CONNECTED	 /subType=WIFI	 /wifiInfo.SSID: "LinePlusui-iMac-76", BSSID: 7c:c3:a1:a7:5b:7b, Supplicant state: COMPLETED, RSSI: -200, Link speed: -1, Net ID: 3, Metered hint: false, mFrequency: 2462
2015-08-20 13:04:08(pid=13122,tid=1) : LineNotification (D) : #cc#  -- active : NETWORK_WIFI	 /networkState=CONNECTED	 /subType=WIFI	 /wifiInfo.SSID: "LinePlusui-iMac-76", BSSID: 7c:c3:a1:a7:5b:7b, Supplicant state: COMPLETED, RSSI: -200, Link speed: -1, Net ID: 3, Metered hint: false, mFrequency: 2462
2015-08-20 13:04:09(pid=13122,tid=1) : LineNotification (D) :    # System.onReceive.action=android.net.conn.CONNECTIVITY_CHANGE
2015-08-20 13:04:09(pid=13122,tid=1) : LineNotification (D) : #cc#  current   : NETWORK_WIFI	 /networkState=CONNECTED	 /subType=WIFI	 /wifiInfo.SSID: "LinePlusui-iMac-76", BSSID: 7c:c3:a1:a7:5b:7b, Supplicant state: COMPLETED, RSSI: -42, Link speed: 72, Net ID: 3, Metered hint: false, mFrequency: 2462
2015-08-20 13:04:09(pid=13122,tid=1) : LineNotification (D) : #cc#  - receive : NETWORK_4G	 /networkState=DISCONNECTED	 /subType=LTE
2015-08-20 13:04:09(pid=13122,tid=1) : LineNotification (D) : #cc#  -- active : NETWORK_WIFI	 /networkState=CONNECTED	 /subType=WIFI	 /wifiInfo.SSID: "LinePlusui-iMac-76", BSSID: 7c:c3:a1:a7:5b:7b, Supplicant state: COMPLETED, RSSI: -200, Link speed: -1, Net ID: 3, Metered hint: false, mFrequency: 2462
2015-08-20 13:04:09(pid=13122,tid=1) : LineNotification (D) :    # System.onReceive.action=android.net.conn.CONNECTIVITY_CHANGE
2015-08-20 13:04:09(pid=13122,tid=1) : LineNotification (D) : #cc#  current   : NETWORK_WIFI	 /networkState=CONNECTED	 /subType=WIFI	 /wifiInfo.SSID: "LinePlusui-iMac-76", BSSID: 7c:c3:a1:a7:5b:7b, Supplicant state: COMPLETED, RSSI: -42, Link speed: 72, Net ID: 3, Metered hint: false, mFrequency: 2462
2015-08-20 13:04:09(pid=13122,tid=1) : LineNotification (D) : #cc#  - receive : NETWORK_WIFI	 /networkState=CONNECTED	 /subType=WIFI	 /wifiInfo.SSID: "LinePlusui-iMac-76", BSSID: 7c:c3:a1:a7:5b:7b, Supplicant state: COMPLETED, RSSI: -200, Link speed: -1, Net ID: 3, Metered hint: false, mFrequency: 2462
2015-08-20 13:04:09(pid=13122,tid=1) : LineNotification (D) : #cc#  -- active : NETWORK_WIFI	 /networkState=CONNECTED	 /subType=WIFI	 /wifiInfo.SSID: "LinePlusui-iMac-76", BSSID: 7c:c3:a1:a7:5b:7b, Supplicant state: COMPLETED, RSSI: -200, Link speed: -1, Net ID: 3, Metered hint: false, mFrequency: 2462
2015-08-20 13:04:13(pid=13122,tid=1) : NHN_NNI (D) : __NNI.onReceive : RESPONSE_GETSTATE_INTENT : state='NNI Connected'
2015-08-20 13:04:14(pid=13122,tid=1) : NHN_NNI (D) : __NNI.onReceive : RESPONSE_GETSTATE_INTENT : state='NNI Subscribe Success'
2015-08-20 13:12:29(pid=13122,tid=1) : NHN_NNI (D) : __NNI.onReceive : RESPONSE_GETSTATE_INTENT : state='Service onDestroy'
2015-08-20 13:19:00(pid=13122,tid=1) : LineNotification (D) :    # System.onReceive.action=android.net.conn.CONNECTIVITY_CHANGE
2015-08-20 13:19:00(pid=13122,tid=1) : LineNotification (D) : #cc#  current   : NETWORK_WIFI	 /networkState=CONNECTED	 /subType=WIFI	 /wifiInfo.SSID: "LinePlusui-iMac-76", BSSID: 7c:c3:a1:a7:5b:7b, Supplicant state: COMPLETED, RSSI: -42, Link speed: 72, Net ID: 3, Metered hint: false, mFrequency: 2462
2015-08-20 13:19:00(pid=13122,tid=1) : LineNotification (D) : #cc#  - receive : NETWORK_WIFI	 /networkState=DISCONNECTED	 /subType=WIFI	 /wifiInfo.SSID: "LinePlusui-iMac-76", BSSID: 7c:c3:a1:a7:5b:7b, Supplicant state: COMPLETED, RSSI: -200, Link speed: -1, Net ID: 3, Metered hint: false, mFrequency: 2462
2015-08-20 13:19:00(pid=13122,tid=1) : LineNotification (D) : #cc#  -- active : NETWORK_WIFI	 /networkState=CONNECTED	 /subType=WIFI	 /wifiInfo.SSID: "LinePlusui-iMac-76", BSSID: 7c:c3:a1:a7:5b:7b, Supplicant state: COMPLETED, RSSI: -200, Link speed: -1, Net ID: 3, Metered hint: false, mFrequency: 2462
2015-08-20 13:19:01(pid=13122,tid=1) : LineNotification (D) :    # System.onReceive.action=android.net.conn.CONNECTIVITY_CHANGE
2015-08-20 13:19:01(pid=13122,tid=1) : LineNotification (D) : #cc#  current   : NETWORK_WIFI	 /networkState=CONNECTED	 /subType=WIFI	 /wifiInfo.SSID: "LinePlusui-iMac-76", BSSID: 7c:c3:a1:a7:5b:7b, Supplicant state: COMPLETED, RSSI: -42, Link speed: 72, Net ID: 3, Metered hint: false, mFrequency: 2462
2015-08-20 13:19:01(pid=13122,tid=1) : LineNotification (D) : #cc#  - receive : NETWORK_4G	 /networkState=CONNECTED	 /subType=LTE
2015-08-20 13:19:01(pid=13122,tid=1) : LineNotification (D) : #cc#  -- active : NETWORK_WIFI	 /networkState=CONNECTED	 /subType=WIFI	 /wifiInfo.SSID: "LinePlusui-iMac-76", BSSID: 7c:c3:a1:a7:5b:7b, Supplicant state: COMPLETED, RSSI: -200, Link speed: -1, Net ID: 3, Metered hint: false, mFrequency: 2462
2015-08-20 13:19:02(pid=13122,tid=1) : LineNotification (D) :    # System.onReceive.action=android.net.conn.CONNECTIVITY_CHANGE
2015-08-20 13:19:02(pid=13122,tid=1) : LineNotification (D) : #cc#  current   : NETWORK_WIFI	 /networkState=CONNECTED	 /subType=WIFI	 /wifiInfo.SSID: "LinePlusui-iMac-76", BSSID: 7c:c3:a1:a7:5b:7b, Supplicant state: COMPLETED, RSSI: -42, Link speed: 72, Net ID: 3, Metered hint: false, mFrequency: 2462
2015-08-20 13:19:02(pid=13122,tid=1) : LineNotification (D) : #cc#  - receive : NETWORK_WIFI	 /networkState=CONNECTED	 /subType=WIFI	 /wifiInfo.SSID: "LinePlusui-iMac-76", BSSID: 7c:c3:a1:a7:5b:7b, Supplicant state: COMPLETED, RSSI: -200, Link speed: -1, Net ID: 3, Metered hint: false, mFrequency: 2462
2015-08-20 13:19:02(pid=13122,tid=1) : LineNotification (D) : #cc#  -- active : NETWORK_WIFI	 /networkState=CONNECTED	 /subType=WIFI	 /wifiInfo.SSID: "LinePlusui-iMac-76", BSSID: 7c:c3:a1:a7:5b:7b, Supplicant state: COMPLETED, RSSI: -200, Link speed: -1, Net ID: 3, Metered hint: false, mFrequency: 2462
2015-08-20 13:19:02(pid=13122,tid=1) : LineNotification (D) :    # System.onReceive.action=android.net.conn.CONNECTIVITY_CHANGE
2015-08-20 13:19:02(pid=13122,tid=1) : LineNotification (D) : #cc#  current   : NETWORK_WIFI	 /networkState=CONNECTED	 /subType=WIFI	 /wifiInfo.SSID: "LinePlusui-iMac-76", BSSID: 7c:c3:a1:a7:5b:7b, Supplicant state: COMPLETED, RSSI: -42, Link speed: 72, Net ID: 3, Metered hint: false, mFrequency: 2462
2015-08-20 13:19:02(pid=13122,tid=1) : LineNotification (D) : #cc#  - receive : NETWORK_4G	 /networkState=DISCONNECTED	 /subType=LTE
2015-08-20 13:19:02(pid=13122,tid=1) : LineNotification (D) : #cc#  -- active : NETWORK_WIFI	 /networkState=CONNECTED	 /subType=WIFI	 /wifiInfo.SSID: "LinePlusui-iMac-76", BSSID: 7c:c3:a1:a7:5b:7b, Supplicant state: COMPLETED, RSSI: -200, Link speed: -1, Net ID: 3, Metered hint: false, mFrequency: 2462
2015-08-20 13:19:03(pid=13122,tid=1) : LineNotification (D) :    # System.onReceive.action=android.net.conn.CONNECTIVITY_CHANGE
2015-08-20 13:19:03(pid=13122,tid=1) : LineNotification (D) : #cc#  current   : NETWORK_WIFI	 /networkState=CONNECTED	 /subType=WIFI	 /wifiInfo.SSID: "LinePlusui-iMac-76", BSSID: 7c:c3:a1:a7:5b:7b, Supplicant state: COMPLETED, RSSI: -42, Link speed: 72, Net ID: 3, Metered hint: false, mFrequency: 2462
2015-08-20 13:19:03(pid=13122,tid=1) : LineNotification (D) : #cc#  - receive : NETWORK_WIFI	 /networkState=CONNECTED	 /subType=WIFI	 /wifiInfo.SSID: "LinePlusui-iMac-76", BSSID: 7c:c3:a1:a7:5b:7b, Supplicant state: COMPLETED, RSSI: -200, Link speed: -1, Net ID: 3, Metered hint: false, mFrequency: 2462
2015-08-20 13:19:03(pid=13122,tid=1) : LineNotification (D) : #cc#  -- active : NETWORK_WIFI	 /networkState=CONNECTED	 /subType=WIFI	 /wifiInfo.SSID: "LinePlusui-iMac-76", BSSID: 7c:c3:a1:a7:5b:7b, Supplicant state: COMPLETED, RSSI: -200, Link speed: -1, Net ID: 3, Metered hint: false, mFrequency: 2462
2015-08-20 13:19:03(pid=13122,tid=1) : NHN_NNI (D) : __NNI.onReceive : INFORM_STATUS_INTENT : status = 2 : STAT_UPGRADE_STARTED
2015-08-20 13:19:03(pid=13122,tid=1) : NHN_NNI (D) : __NNI.onReceive : RESPONSE_GETSTATE_INTENT : state='Dex Library Load Completed'
2015-08-20 13:19:03(pid=13122,tid=1) : NHN_NNI (D) : __NNI.onReceive : INFORM_STATUS_INTENT : status = 3 : STAT_UPGRADE_FINISHED
2015-08-20 13:19:39(pid=13122,tid=1) : NHN_NNI (D) : __NNI.onReceive : RESPONSE_GETSTATE_INTENT : state='NNI Connected'
2015-08-20 13:19:40(pid=13122,tid=1) : NHN_NNI (D) : __NNI.onReceive : RESPONSE_GETSTATE_INTENT : state='NNI Subscribe Success'
2015-08-20 13:26:02(pid=13122,tid=1) : NHN_NNI (D) : __NNI.onReceive : RESPONSE_GETSTATE_INTENT : state='Service onDestroy'
2015-08-20 13:34:00(pid=13122,tid=1) : LineNotification (D) :    # System.onReceive.action=android.net.conn.CONNECTIVITY_CHANGE
2015-08-20 13:34:00(pid=13122,tid=1) : LineNotification (D) : #cc#  current   : NETWORK_WIFI	 /networkState=CONNECTED	 /subType=WIFI	 /wifiInfo.SSID: "LinePlusui-iMac-76", BSSID: 7c:c3:a1:a7:5b:7b, Supplicant state: COMPLETED, RSSI: -42, Link speed: 72, Net ID: 3, Metered hint: false, mFrequency: 2462
2015-08-20 13:34:00(pid=13122,tid=1) : LineNotification (D) : #cc#  - receive : NETWORK_WIFI	 /networkState=DISCONNECTED	 /subType=WIFI	 /wifiInfo.SSID: "LinePlusui-iMac-76", BSSID: 7c:c3:a1:a7:5b:7b, Supplicant state: COMPLETED, RSSI: -200, Link speed: -1, Net ID: 3, Metered hint: false, mFrequency: 2462
2015-08-20 13:34:00(pid=13122,tid=1) : LineNotification (D) : #cc#  -- active : NETWORK_WIFI	 /networkState=CONNECTED	 /subType=WIFI	 /wifiInfo.SSID: "LinePlusui-iMac-76", BSSID: 7c:c3:a1:a7:5b:7b, Supplicant state: COMPLETED, RSSI: -200, Link speed: -1, Net ID: 3, Metered hint: false, mFrequency: 2462
2015-08-20 13:34:02(pid=13122,tid=1) : LineNotification (D) :    # System.onReceive.action=android.net.conn.CONNECTIVITY_CHANGE
2015-08-20 13:34:02(pid=13122,tid=1) : LineNotification (D) : #cc#  current   : NETWORK_WIFI	 /networkState=CONNECTED	 /subType=WIFI	 /wifiInfo.SSID: "LinePlusui-iMac-76", BSSID: 7c:c3:a1:a7:5b:7b, Supplicant state: COMPLETED, RSSI: -42, Link speed: 72, Net ID: 3, Metered hint: false, mFrequency: 2462
2015-08-20 13:34:02(pid=13122,tid=1) : LineNotification (D) : #cc#  - receive : NETWORK_4G	 /networkState=CONNECTED	 /subType=LTE
2015-08-20 13:34:02(pid=13122,tid=1) : LineNotification (D) : #cc#  -- active : NETWORK_WIFI	 /networkState=CONNECTED	 /subType=WIFI	 /wifiInfo.SSID: "LinePlusui-iMac-76", BSSID: 7c:c3:a1:a7:5b:7b, Supplicant state: COMPLETED, RSSI: -200, Link speed: -1, Net ID: 3, Metered hint: false, mFrequency: 2462
2015-08-20 13:34:02(pid=13122,tid=1) : LineNotification (D) :    # System.onReceive.action=android.net.conn.CONNECTIVITY_CHANGE
2015-08-20 13:34:02(pid=13122,tid=1) : LineNotification (D) : #cc#  current   : NETWORK_WIFI	 /networkState=CONNECTED	 /subType=WIFI	 /wifiInfo.SSID: "LinePlusui-iMac-76", BSSID: 7c:c3:a1:a7:5b:7b, Supplicant state: COMPLETED, RSSI: -42, Link speed: 72, Net ID: 3, Metered hint: false, mFrequency: 2462
2015-08-20 13:34:02(pid=13122,tid=1) : LineNotification (D) : #cc#  - receive : NETWORK_WIFI	 /networkState=CONNECTED	 /subType=WIFI	 /wifiInfo.SSID: "LinePlusui-iMac-76", BSSID: 7c:c3:a1:a7:5b:7b, Supplicant state: COMPLETED, RSSI: -200, Link speed: -1, Net ID: 3, Metered hint: false, mFrequency: 2462
2015-08-20 13:34:02(pid=13122,tid=1) : LineNotification (D) : #cc#  -- active : NETWORK_WIFI	 /networkState=CONNECTED	 /subType=WIFI	 /wifiInfo.SSID: "LinePlusui-iMac-76", BSSID: 7c:c3:a1:a7:5b:7b, Supplicant state: COMPLETED, RSSI: -200, Link speed: -1, Net ID: 3, Metered hint: false, mFrequency: 2462
2015-08-20 13:34:03(pid=13122,tid=1) : LineNotification (D) :    # System.onReceive.action=android.net.conn.CONNECTIVITY_CHANGE
2015-08-20 13:34:03(pid=13122,tid=1) : LineNotification (D) : #cc#  current   : NETWORK_WIFI	 /networkState=CONNECTED	 /subType=WIFI	 /wifiInfo.SSID: "LinePlusui-iMac-76", BSSID: 7c:c3:a1:a7:5b:7b, Supplicant state: COMPLETED, RSSI: -42, Link speed: 72, Net ID: 3, Metered hint: false, mFrequency: 2462
2015-08-20 13:34:03(pid=13122,tid=1) : LineNotification (D) : #cc#  - receive : NETWORK_4G	 /networkState=DISCONNECTED	 /subType=LTE
2015-08-20 13:34:03(pid=13122,tid=1) : LineNotification (D) : #cc#  -- active : NETWORK_WIFI	 /networkState=CONNECTED	 /subType=WIFI	 /wifiInfo.SSID: "LinePlusui-iMac-76", BSSID: 7c:c3:a1:a7:5b:7b, Supplicant state: COMPLETED, RSSI: -200, Link speed: -1, Net ID: 3, Metered hint: false, mFrequency: 2462
2015-08-20 13:34:04(pid=13122,tid=1) : LineNotification (D) :    # System.onReceive.action=android.net.conn.CONNECTIVITY_CHANGE
2015-08-20 13:34:04(pid=13122,tid=1) : LineNotification (D) : #cc#  current   : NETWORK_WIFI	 /networkState=CONNECTED	 /subType=WIFI	 /wifiInfo.SSID: "LinePlusui-iMac-76", BSSID: 7c:c3:a1:a7:5b:7b, Supplicant state: COMPLETED, RSSI: -42, Link speed: 72, Net ID: 3, Metered hint: false, mFrequency: 2462
2015-08-20 13:34:04(pid=13122,tid=1) : LineNotification (D) : #cc#  - receive : NETWORK_WIFI	 /networkState=CONNECTED	 /subType=WIFI	 /wifiInfo.SSID: "LinePlusui-iMac-76", BSSID: 7c:c3:a1:a7:5b:7b, Supplicant state: COMPLETED, RSSI: -200, Link speed: -1, Net ID: 3, Metered hint: false, mFrequency: 2462
2015-08-20 13:34:04(pid=13122,tid=1) : LineNotification (D) : #cc#  -- active : NETWORK_WIFI	 /networkState=CONNECTED	 /subType=WIFI	 /wifiInfo.SSID: "LinePlusui-iMac-76", BSSID: 7c:c3:a1:a7:5b:7b, Supplicant state: COMPLETED, RSSI: -200, Link speed: -1, Net ID: 3, Metered hint: false, mFrequency: 2462
2015-08-20 13:48:06(pid=13122,tid=1) : LineNotification (D) :    # System.onReceive.action=android.intent.action.USER_PRESENT
2015-08-20 13:56:21(pid=13122,tid=1) : LineNotification (D) :    # System.onReceive.action=android.intent.action.USER_PRESENT
2015-08-20 14:03:00(pid=13122,tid=1) : LineNotification (D) :    # System.onReceive.action=android.net.conn.CONNECTIVITY_CHANGE
2015-08-20 14:03:00(pid=13122,tid=1) : LineNotification (D) : #cc#  current   : NETWORK_WIFI	 /networkState=CONNECTED	 /subType=WIFI	 /wifiInfo.SSID: "LinePlusui-iMac-76", BSSID: 7c:c3:a1:a7:5b:7b, Supplicant state: COMPLETED, RSSI: -42, Link speed: 72, Net ID: 3, Metered hint: false, mFrequency: 2462
2015-08-20 14:03:00(pid=13122,tid=1) : LineNotification (D) : #cc#  - receive : NETWORK_WIFI	 /networkState=DISCONNECTED	 /subType=WIFI	 /wifiInfo.SSID: "SG_QACenter", BSSID: 60:03:08:9d:9f:ea, Supplicant state: COMPLETED, RSSI: -53, Link speed: 72, Net ID: 2, Metered hint: false, mFrequency: 2412
2015-08-20 14:03:00(pid=13122,tid=1) : LineNotification (D) : #cc#  -- active : NETWORK_4G	 /networkState=CONNECTED	 /subType=LTE
2015-08-20 14:03:01(pid=13122,tid=1) : LineNotification (D) :    # System.onReceive.action=android.net.conn.CONNECTIVITY_CHANGE
2015-08-20 14:03:01(pid=13122,tid=1) : LineNotification (D) : #cc#  current   : NETWORK_WIFI	 /networkState=CONNECTED	 /subType=WIFI	 /wifiInfo.SSID: "LinePlusui-iMac-76", BSSID: 7c:c3:a1:a7:5b:7b, Supplicant state: COMPLETED, RSSI: -42, Link speed: 72, Net ID: 3, Metered hint: false, mFrequency: 2462
2015-08-20 14:03:01(pid=13122,tid=1) : LineNotification (D) : #cc#  - receive : NETWORK_4G	 /networkState=CONNECTED	 /subType=LTE
2015-08-20 14:03:01(pid=13122,tid=1) : LineNotification (D) : #cc#  -- active : NETWORK_4G	 /networkState=CONNECTED	 /subType=LTE
2015-08-20 14:03:01(pid=13122,tid=1) : LineNotification (D) : #cc# @@ CHANGED @@ .networkInfo = NETWORK_4G	 /networkState=CONNECTED	 /subType=LTE
2015-08-20 14:03:02(pid=13122,tid=1) : LineNotification (D) :    # System.onReceive.action=android.net.conn.CONNECTIVITY_CHANGE
2015-08-20 14:03:02(pid=13122,tid=1) : LineNotification (D) : #cc#  current   : NETWORK_4G	 /networkState=CONNECTED	 /subType=LTE
2015-08-20 14:03:02(pid=13122,tid=1) : LineNotification (D) : #cc#  - receive : NETWORK_WIFI	 /networkState=CONNECTED	 /subType=WIFI	 /wifiInfo.SSID: "SG_QACenter", BSSID: 60:03:08:9d:9f:ea, Supplicant state: COMPLETED, RSSI: -52, Link speed: 65, Net ID: 2, Metered hint: false, mFrequency: 2412
2015-08-20 14:03:02(pid=13122,tid=1) : LineNotification (D) : #cc#  -- active : NETWORK_WIFI	 /networkState=CONNECTED	 /subType=WIFI	 /wifiInfo.SSID: "SG_QACenter", BSSID: 60:03:08:9d:9f:ea, Supplicant state: COMPLETED, RSSI: -52, Link speed: 65, Net ID: 2, Metered hint: false, mFrequency: 2412
2015-08-20 14:03:02(pid=13122,tid=1) : LineNotification (D) : #cc# @@ CHANGED @@ .networkInfo = NETWORK_WIFI	 /networkState=CONNECTED	 /subType=WIFI	 /wifiInfo.SSID: "SG_QACenter", BSSID: 60:03:08:9d:9f:ea, Supplicant state: COMPLETED, RSSI: -52, Link speed: 65, Net ID: 2, Metered hint: false, mFrequency: 2412
2015-08-20 14:03:03(pid=13122,tid=1) : LineNotification (D) :    # System.onReceive.action=android.net.conn.CONNECTIVITY_CHANGE
2015-08-20 14:03:03(pid=13122,tid=1) : LineNotification (D) : #cc#  current   : NETWORK_WIFI	 /networkState=CONNECTED	 /subType=WIFI	 /wifiInfo.SSID: "SG_QACenter", BSSID: 60:03:08:9d:9f:ea, Supplicant state: COMPLETED, RSSI: -52, Link speed: 65, Net ID: 2, Metered hint: false, mFrequency: 2412
2015-08-20 14:03:03(pid=13122,tid=1) : LineNotification (D) : #cc#  - receive : NETWORK_4G	 /networkState=DISCONNECTED	 /subType=LTE
2015-08-20 14:03:03(pid=13122,tid=1) : LineNotification (D) : #cc#  -- active : NETWORK_WIFI	 /networkState=CONNECTED	 /subType=WIFI	 /wifiInfo.SSID: "SG_QACenter", BSSID: 60:03:08:9d:9f:ea, Supplicant state: COMPLETED, RSSI: -52, Link speed: 65, Net ID: 2, Metered hint: false, mFrequency: 2412
2015-08-20 14:03:03(pid=13122,tid=1) : LineNotification (D) :    # System.onReceive.action=android.net.conn.CONNECTIVITY_CHANGE
2015-08-20 14:03:03(pid=13122,tid=1) : LineNotification (D) : #cc#  current   : NETWORK_WIFI	 /networkState=CONNECTED	 /subType=WIFI	 /wifiInfo.SSID: "SG_QACenter", BSSID: 60:03:08:9d:9f:ea, Supplicant state: COMPLETED, RSSI: -52, Link speed: 65, Net ID: 2, Metered hint: false, mFrequency: 2412
2015-08-20 14:03:03(pid=13122,tid=1) : LineNotification (D) : #cc#  - receive : NETWORK_WIFI	 /networkState=CONNECTED	 /subType=WIFI	 /wifiInfo.SSID: "SG_QACenter", BSSID: 60:03:08:9d:9f:ea, Supplicant state: COMPLETED, RSSI: -52, Link speed: 65, Net ID: 2, Metered hint: false, mFrequency: 2412
2015-08-20 14:03:03(pid=13122,tid=1) : LineNotification (D) : #cc#  -- active : NETWORK_WIFI	 /networkState=CONNECTED	 /subType=WIFI	 /wifiInfo.SSID: "SG_QACenter", BSSID: 60:03:08:9d:9f:ea, Supplicant state: COMPLETED, RSSI: -52, Link speed: 65, Net ID: 2, Metered hint: false, mFrequency: 2412
2015-08-20 14:21:18(pid=13122,tid=1) : LineNotification (D) :    # System.onReceive.action=android.net.conn.CONNECTIVITY_CHANGE
2015-08-20 14:21:18(pid=13122,tid=1) : LineNotification (D) : #cc#  current   : NETWORK_WIFI	 /networkState=CONNECTED	 /subType=WIFI	 /wifiInfo.SSID: "SG_QACenter", BSSID: 60:03:08:9d:9f:ea, Supplicant state: COMPLETED, RSSI: -52, Link speed: 65, Net ID: 2, Metered hint: false, mFrequency: 2412
2015-08-20 14:21:18(pid=13122,tid=1) : LineNotification (D) : #cc#  - receive : NETWORK_WIFI	 /networkState=DISCONNECTED	 /subType=WIFI	 /wifiInfo.SSID: "LinePlusui-iMac-76", BSSID: 7c:c3:a1:a7:5b:7b, Supplicant state: COMPLETED, RSSI: -200, Link speed: -1, Net ID: 3, Metered hint: false, mFrequency: 2462
2015-08-20 14:21:18(pid=13122,tid=1) : LineNotification (D) : #cc#  -- active : NETWORK_WIFI	 /networkState=CONNECTED	 /subType=WIFI	 /wifiInfo.SSID: "LinePlusui-iMac-76", BSSID: 7c:c3:a1:a7:5b:7b, Supplicant state: COMPLETED, RSSI: -200, Link speed: -1, Net ID: 3, Metered hint: false, mFrequency: 2462
2015-08-20 14:21:18(pid=13122,tid=1) : LineNotification (D) :    # System.onReceive.action=android.net.conn.CONNECTIVITY_CHANGE
2015-08-20 14:21:18(pid=13122,tid=1) : LineNotification (D) : #cc#  current   : NETWORK_WIFI	 /networkState=CONNECTED	 /subType=WIFI	 /wifiInfo.SSID: "SG_QACenter", BSSID: 60:03:08:9d:9f:ea, Supplicant state: COMPLETED, RSSI: -52, Link speed: 65, Net ID: 2, Metered hint: false, mFrequency: 2412
2015-08-20 14:21:18(pid=13122,tid=1) : LineNotification (D) : #cc#  - receive : NETWORK_4G	 /networkState=CONNECTED	 /subType=LTE
2015-08-20 14:21:18(pid=13122,tid=1) : LineNotification (D) : #cc#  -- active : NETWORK_WIFI	 /networkState=CONNECTED	 /subType=WIFI	 /wifiInfo.SSID: "LinePlusui-iMac-76", BSSID: 7c:c3:a1:a7:5b:7b, Supplicant state: COMPLETED, RSSI: -200, Link speed: -1, Net ID: 3, Metered hint: false, mFrequency: 2462
2015-08-20 14:21:18(pid=13122,tid=1) : LineNotification (D) : #cc# @@ CHANGED @@ .networkInfo = NETWORK_WIFI	 /networkState=CONNECTED	 /subType=WIFI	 /wifiInfo.SSID: "LinePlusui-iMac-76", BSSID: 7c:c3:a1:a7:5b:7b, Supplicant state: COMPLETED, RSSI: -200, Link speed: -1, Net ID: 3, Metered hint: false, mFrequency: 2462
2015-08-20 14:21:20(pid=13122,tid=1) : LineNotification (D) :    # System.onReceive.action=android.net.conn.CONNECTIVITY_CHANGE
2015-08-20 14:21:20(pid=13122,tid=1) : LineNotification (D) : #cc#  current   : NETWORK_WIFI	 /networkState=CONNECTED	 /subType=WIFI	 /wifiInfo.SSID: "LinePlusui-iMac-76", BSSID: 7c:c3:a1:a7:5b:7b, Supplicant state: COMPLETED, RSSI: -200, Link speed: -1, Net ID: 3, Metered hint: false, mFrequency: 2462
2015-08-20 14:21:20(pid=13122,tid=1) : LineNotification (D) : #cc#  - receive : NETWORK_WIFI	 /networkState=CONNECTED	 /subType=WIFI	 /wifiInfo.SSID: "LinePlusui-iMac-76", BSSID: 7c:c3:a1:a7:5b:7b, Supplicant state: COMPLETED, RSSI: -200, Link speed: -1, Net ID: 3, Metered hint: false, mFrequency: 2462
2015-08-20 14:21:20(pid=13122,tid=1) : LineNotification (D) : #cc#  -- active : NETWORK_WIFI	 /networkState=CONNECTED	 /subType=WIFI	 /wifiInfo.SSID: "LinePlusui-iMac-76", BSSID: 7c:c3:a1:a7:5b:7b, Supplicant state: COMPLETED, RSSI: -200, Link speed: -1, Net ID: 3, Metered hint: false, mFrequency: 2462
2015-08-20 15:18:10(pid=2251,tid=1) : LineNotification (D) :    # System.onReceive.action=android.intent.action.USER_PRESENT
2015-08-20 15:18:10(pid=2251,tid=13984) : LineNotification (D) : #cc# @@ CONNECTED @@ .networkInfo = NETWORK_WIFI	 /networkState=CONNECTED	 /subType=WIFI	 /wifiInfo.SSID: "LinePlusui-iMac-76", BSSID: 7c:c3:a1:a7:5b:7b, Supplicant state: COMPLETED, RSSI: -42, Link speed: 72, Net ID: 3, Metered hint: false, mFrequency: 2462
2015-08-20 15:18:10(pid=2251,tid=13984) : LineNotification (D) : #cc# getNetworkConnectState : 08/20 15:18:10
2015-08-20 15:18:10(pid=2251,tid=13984) : LineNotification (D) : #cc#  - getNetwork	NETWORK_WIFI	CONNECTED	WIFI
2015-08-20 15:18:11(pid=2251,tid=13986) : PushManager (D) : @_@ checkNeedReigster.true - status = READY
2015-08-20 15:18:11(pid=2251,tid=13986) : PushManager (D) : @_@ checkNeedReigster.true - status = READY
2015-08-20 15:18:11(pid=2251,tid=13986) : PushManager (D) : @_@ setPriorityListAndRegister..push_priority=[GOOGLE_GCM]
2015-08-20 15:18:11(pid=2251,tid=13983) : PushManager (D) : isAvailable = true / result = SERVICE_VERSION_UPDATE_REQUIRED
2015-08-20 15:18:17(pid=2251,tid=1) : GOOGLE_GCM (D) : __GCM onReceive.error = null /retryCnt=0 /token=APA91bGLLJrjHRLFE3L1baBwzpFilDiNgsMPPOIGUvn5Dku_97PlVDKB2kpr8kfg0i6_Q0kvVLisPrwKec8SDYg7Sy0YuLfm62R15PhkmVTQ_UG0lFuhUtbuhmGJU8UhIBHQY3OMnukqVC1xuQbRwCOGI-D2g7a7Ig
2015-08-20 15:18:17(pid=2251,tid=1) : BasePushReceiver (D) : -$$ BasePushReceiver.handleRegistration(): registration=GOOGLE_GCM:APA91bGLLJrjHRLFE3L1baBwzpFilDiNgsMPPOIGUvn5Dku_97PlVDKB2kpr8kfg0i6_Q0kvVLisPrwKec8SDYg7Sy0YuLfm62R15PhkmVTQ_UG0lFuhUtbuhmGJU8UhIBHQY3OMnukqVC1xuQbRwCOGI-D2g7a7Ig
2015-08-20 15:18:17(pid=2251,tid=1) : PushManager (D) : @_@ requestPushTokenUpdate.notiType=GOOGLE_GCM / pushToken=APA91bGLLJrjHRLFE3L1baBwzpFilDiNgsMPPOIGUvn5Dku_97PlVDKB2kpr8kfg0i6_Q0kvVLisPrwKec8SDYg7Sy0YuLfm62R15PhkmVTQ_UG0lFuhUtbuhmGJU8UhIBHQY3OMnukqVC1xuQbRwCOGI-D2g7a7Ig
2015-08-20 15:18:17(pid=2251,tid=1) : TokenProxy (D) :  @TokenProxy.updateToken.type=GOOGLE_GCM /token=APA91bGLLJrjHRLFE3L1baBwzpFilDiNgsMPPOIGUvn5Dku_97PlVDKB2kpr8kfg0i6_Q0kvVLisPrwKec8SDYg7Sy0YuLfm62R15PhkmVTQ_UG0lFuhUtbuhmGJU8UhIBHQY3OMnukqVC1xuQbRwCOGI-D2g7a7Ig /tryCnt=0 /retryInterval=100
2015-08-20 15:18:17(pid=2251,tid=13986) : TokenProxy (D) :  @TokenProxy.updateToken.type=GOOGLE_GCM /token=APA91bGLLJrjHRLFE3L1baBwzpFilDiNgsMPPOIGUvn5Dku_97PlVDKB2kpr8kfg0i6_Q0kvVLisPrwKec8SDYg7Sy0YuLfm62R15PhkmVTQ_UG0lFuhUtbuhmGJU8UhIBHQY3OMnukqVC1xuQbRwCOGI-D2g7a7Ig /tryCnt=1 /retryInterval=8000
2015-08-20 15:18:25(pid=2251,tid=13986) : TokenProxy (D) :  @TokenProxy.updateToken.type=GOOGLE_GCM /token=APA91bGLLJrjHRLFE3L1baBwzpFilDiNgsMPPOIGUvn5Dku_97PlVDKB2kpr8kfg0i6_Q0kvVLisPrwKec8SDYg7Sy0YuLfm62R15PhkmVTQ_UG0lFuhUtbuhmGJU8UhIBHQY3OMnukqVC1xuQbRwCOGI-D2g7a7Ig /tryCnt=2 /retryInterval=38000
2015-08-20 15:19:03(pid=2251,tid=13986) : TokenProxy (D) :  @TokenProxy.updateToken.type=GOOGLE_GCM /token=APA91bGLLJrjHRLFE3L1baBwzpFilDiNgsMPPOIGUvn5Dku_97PlVDKB2kpr8kfg0i6_Q0kvVLisPrwKec8SDYg7Sy0YuLfm62R15PhkmVTQ_UG0lFuhUtbuhmGJU8UhIBHQY3OMnukqVC1xuQbRwCOGI-D2g7a7Ig /tryCnt=3 /retryInterval=218000
2015-08-20 15:22:41(pid=2251,tid=13986) : TokenProxy (D) :  @TokenProxy.updateToken.type=GOOGLE_GCM /token=APA91bGLLJrjHRLFE3L1baBwzpFilDiNgsMPPOIGUvn5Dku_97PlVDKB2kpr8kfg0i6_Q0kvVLisPrwKec8SDYg7Sy0YuLfm62R15PhkmVTQ_UG0lFuhUtbuhmGJU8UhIBHQY3OMnukqVC1xuQbRwCOGI-D2g7a7Ig /tryCnt=4 /retryInterval=1298000
2015-08-20 15:32:29(pid=2251,tid=1) : LineNotification (D) :    # System.onReceive.action=android.intent.action.USER_PRESENT
2015-08-20 15:44:19(pid=2251,tid=13986) : TokenProxy (D) :  @TokenProxy.updateToken.type=GOOGLE_GCM /token=APA91bGLLJrjHRLFE3L1baBwzpFilDiNgsMPPOIGUvn5Dku_97PlVDKB2kpr8kfg0i6_Q0kvVLisPrwKec8SDYg7Sy0YuLfm62R15PhkmVTQ_UG0lFuhUtbuhmGJU8UhIBHQY3OMnukqVC1xuQbRwCOGI-D2g7a7Ig /tryCnt=5 /retryInterval=7778000
2015-08-20 15:47:57(pid=2251,tid=1) : LineNotification (D) :    # System.onReceive.action=android.intent.action.USER_PRESENT
2015-08-20 16:04:03(pid=2251,tid=1) : LineNotification (D) :    # System.onReceive.action=android.net.conn.CONNECTIVITY_CHANGE
2015-08-20 16:04:03(pid=2251,tid=1) : LineNotification (D) : #cc#  current   : NETWORK_WIFI	 /networkState=CONNECTED	 /subType=WIFI	 /wifiInfo.SSID: "LinePlusui-iMac-76", BSSID: 7c:c3:a1:a7:5b:7b, Supplicant state: COMPLETED, RSSI: -42, Link speed: 72, Net ID: 3, Metered hint: false, mFrequency: 2462
2015-08-20 16:04:03(pid=2251,tid=1) : LineNotification (D) : #cc#  - receive : NETWORK_WIFI	 /networkState=DISCONNECTED	 /subType=WIFI	 /wifiInfo.SSID: "LinePlusui-iMac-76", BSSID: 00:00:00:00:00:00, Supplicant state: FOUR_WAY_HANDSHAKE, RSSI: -200, Link speed: -1, Net ID: 3, Metered hint: false, mFrequency: -1
2015-08-20 16:04:03(pid=2251,tid=1) : LineNotification (D) : #cc#  -- active : NETWORK_4G	 /networkState=CONNECTED	 /subType=LTE
2015-08-20 16:04:03(pid=2251,tid=1) : LineNotification (D) :    # System.onReceive.action=android.net.conn.CONNECTIVITY_CHANGE
2015-08-20 16:04:03(pid=2251,tid=1) : LineNotification (D) : #cc#  current   : NETWORK_WIFI	 /networkState=CONNECTED	 /subType=WIFI	 /wifiInfo.SSID: "LinePlusui-iMac-76", BSSID: 7c:c3:a1:a7:5b:7b, Supplicant state: COMPLETED, RSSI: -42, Link speed: 72, Net ID: 3, Metered hint: false, mFrequency: 2462
2015-08-20 16:04:03(pid=2251,tid=1) : LineNotification (D) : #cc#  - receive : NETWORK_4G	 /networkState=CONNECTED	 /subType=LTE
2015-08-20 16:04:03(pid=2251,tid=1) : LineNotification (D) : #cc#  -- active : NETWORK_4G	 /networkState=CONNECTED	 /subType=LTE
2015-08-20 16:04:03(pid=2251,tid=1) : LineNotification (D) : #cc# @@ CHANGED @@ .networkInfo = NETWORK_4G	 /networkState=CONNECTED	 /subType=LTE
2015-08-20 16:04:15(pid=2251,tid=1) : LineNotification (D) :    # System.onReceive.action=android.net.conn.CONNECTIVITY_CHANGE
2015-08-20 16:04:15(pid=2251,tid=1) : LineNotification (D) : #cc#  current   : NETWORK_4G	 /networkState=CONNECTED	 /subType=LTE
2015-08-20 16:04:15(pid=2251,tid=1) : LineNotification (D) : #cc#  - receive : NETWORK_WIFI	 /networkState=CONNECTED	 /subType=WIFI	 /wifiInfo.SSID: "SG_QACenter", BSSID: 60:03:08:9d:9f:ea, Supplicant state: COMPLETED, RSSI: -200, Link speed: -1, Net ID: 2, Metered hint: false, mFrequency: 2412
2015-08-20 16:04:15(pid=2251,tid=1) : LineNotification (D) : #cc#  -- active : NETWORK_WIFI	 /networkState=CONNECTED	 /subType=WIFI	 /wifiInfo.SSID: "SG_QACenter", BSSID: 60:03:08:9d:9f:ea, Supplicant state: COMPLETED, RSSI: -200, Link speed: -1, Net ID: 2, Metered hint: false, mFrequency: 2412
2015-08-20 16:04:15(pid=2251,tid=1) : LineNotification (D) : #cc# @@ CHANGED @@ .networkInfo = NETWORK_WIFI	 /networkState=CONNECTED	 /subType=WIFI	 /wifiInfo.SSID: "SG_QACenter", BSSID: 60:03:08:9d:9f:ea, Supplicant state: COMPLETED, RSSI: -200, Link speed: -1, Net ID: 2, Metered hint: false, mFrequency: 2412
2015-08-20 16:04:16(pid=2251,tid=1) : LineNotification (D) :    # System.onReceive.action=android.net.conn.CONNECTIVITY_CHANGE
2015-08-20 16:04:16(pid=2251,tid=1) : LineNotification (D) : #cc#  current   : NETWORK_WIFI	 /networkState=CONNECTED	 /subType=WIFI	 /wifiInfo.SSID: "SG_QACenter", BSSID: 60:03:08:9d:9f:ea, Supplicant state: COMPLETED, RSSI: -200, Link speed: -1, Net ID: 2, Metered hint: false, mFrequency: 2412
2015-08-20 16:04:16(pid=2251,tid=1) : LineNotification (D) : #cc#  - receive : NETWORK_4G	 /networkState=DISCONNECTED	 /subType=LTE
2015-08-20 16:04:16(pid=2251,tid=1) : LineNotification (D) : #cc#  -- active : NETWORK_WIFI	 /networkState=CONNECTED	 /subType=WIFI	 /wifiInfo.SSID: "SG_QACenter", BSSID: 60:03:08:9d:9f:ea, Supplicant state: COMPLETED, RSSI: -200, Link speed: -1, Net ID: 2, Metered hint: false, mFrequency: 2412
2015-08-20 16:04:17(pid=2251,tid=1) : LineNotification (D) :    # System.onReceive.action=android.net.conn.CONNECTIVITY_CHANGE
2015-08-20 16:04:17(pid=2251,tid=1) : LineNotification (D) : #cc#  current   : NETWORK_WIFI	 /networkState=CONNECTED	 /subType=WIFI	 /wifiInfo.SSID: "SG_QACenter", BSSID: 60:03:08:9d:9f:ea, Supplicant state: COMPLETED, RSSI: -200, Link speed: -1, Net ID: 2, Metered hint: false, mFrequency: 2412
2015-08-20 16:04:17(pid=2251,tid=1) : LineNotification (D) : #cc#  - receive : NETWORK_WIFI	 /networkState=CONNECTED	 /subType=WIFI	 /wifiInfo.SSID: "SG_QACenter", BSSID: 60:03:08:9d:9f:ea, Supplicant state: COMPLETED, RSSI: -200, Link speed: -1, Net ID: 2, Metered hint: false, mFrequency: 2412
2015-08-20 16:04:17(pid=2251,tid=1) : LineNotification (D) : #cc#  -- active : NETWORK_WIFI	 /networkState=CONNECTED	 /subType=WIFI	 /wifiInfo.SSID: "SG_QACenter", BSSID: 60:03:08:9d:9f:ea, Supplicant state: COMPLETED, RSSI: -200, Link speed: -1, Net ID: 2, Metered hint: false, mFrequency: 2412
2015-08-20 16:06:18(pid=2251,tid=1) : LineNotification (D) :    # System.onReceive.action=android.net.conn.CONNECTIVITY_CHANGE
2015-08-20 16:06:18(pid=2251,tid=1) : LineNotification (D) : #cc#  current   : NETWORK_WIFI	 /networkState=CONNECTED	 /subType=WIFI	 /wifiInfo.SSID: "SG_QACenter", BSSID: 60:03:08:9d:9f:ea, Supplicant state: COMPLETED, RSSI: -200, Link speed: -1, Net ID: 2, Metered hint: false, mFrequency: 2412
2015-08-20 16:06:18(pid=2251,tid=1) : LineNotification (D) : #cc#  - receive : NETWORK_WIFI	 /networkState=DISCONNECTED	 /subType=WIFI	 /wifiInfo.SSID: , BSSID: null, Supplicant state: SCANNING, RSSI: -200, Link speed: -1, Net ID: -1, Metered hint: false, mFrequency: -1
2015-08-20 16:06:18(pid=2251,tid=1) : LineNotification (D) : #cc#  -- active : NETWORK_4G	 /networkState=CONNECTED	 /subType=LTE
2015-08-20 16:06:19(pid=2251,tid=1) : LineNotification (D) :    # System.onReceive.action=android.net.conn.CONNECTIVITY_CHANGE
2015-08-20 16:06:19(pid=2251,tid=1) : LineNotification (D) : #cc#  current   : NETWORK_WIFI	 /networkState=CONNECTED	 /subType=WIFI	 /wifiInfo.SSID: "SG_QACenter", BSSID: 60:03:08:9d:9f:ea, Supplicant state: COMPLETED, RSSI: -200, Link speed: -1, Net ID: 2, Metered hint: false, mFrequency: 2412
2015-08-20 16:06:19(pid=2251,tid=1) : LineNotification (D) : #cc#  - receive : NETWORK_4G	 /networkState=CONNECTED	 /subType=LTE
2015-08-20 16:06:19(pid=2251,tid=1) : LineNotification (D) : #cc#  -- active : NETWORK_4G	 /networkState=CONNECTED	 /subType=LTE
2015-08-20 16:06:19(pid=2251,tid=1) : LineNotification (D) : #cc# @@ CHANGED @@ .networkInfo = NETWORK_4G	 /networkState=CONNECTED	 /subType=LTE
2015-08-20 16:06:23(pid=2251,tid=1) : LineNotification (D) :    # System.onReceive.action=android.net.conn.CONNECTIVITY_CHANGE
2015-08-20 16:06:23(pid=2251,tid=1) : LineNotification (D) : #cc#  current   : NETWORK_4G	 /networkState=CONNECTED	 /subType=LTE
2015-08-20 16:06:23(pid=2251,tid=1) : LineNotification (D) : #cc#  - receive : NETWORK_WIFI	 /networkState=CONNECTED	 /subType=WIFI	 /wifiInfo.SSID: "SG_QACenter", BSSID: 60:03:08:9d:9f:ea, Supplicant state: COMPLETED, RSSI: -200, Link speed: -1, Net ID: 2, Metered hint: false, mFrequency: 2412
2015-08-20 16:06:23(pid=2251,tid=1) : LineNotification (D) : #cc#  -- active : NETWORK_WIFI	 /networkState=CONNECTED	 /subType=WIFI	 /wifiInfo.SSID: "SG_QACenter", BSSID: 60:03:08:9d:9f:ea, Supplicant state: COMPLETED, RSSI: -200, Link speed: -1, Net ID: 2, Metered hint: false, mFrequency: 2412
2015-08-20 16:06:23(pid=2251,tid=1) : LineNotification (D) : #cc# @@ CHANGED @@ .networkInfo = NETWORK_WIFI	 /networkState=CONNECTED	 /subType=WIFI	 /wifiInfo.SSID: "SG_QACenter", BSSID: 60:03:08:9d:9f:ea, Supplicant state: COMPLETED, RSSI: -200, Link speed: -1, Net ID: 2, Metered hint: false, mFrequency: 2412
2015-08-20 16:06:23(pid=2251,tid=1) : LineNotification (D) :    # System.onReceive.action=android.net.conn.CONNECTIVITY_CHANGE
2015-08-20 16:06:23(pid=2251,tid=1) : LineNotification (D) : #cc#  current   : NETWORK_WIFI	 /networkState=CONNECTED	 /subType=WIFI	 /wifiInfo.SSID: "SG_QACenter", BSSID: 60:03:08:9d:9f:ea, Supplicant state: COMPLETED, RSSI: -200, Link speed: -1, Net ID: 2, Metered hint: false, mFrequency: 2412
2015-08-20 16:06:23(pid=2251,tid=1) : LineNotification (D) : #cc#  - receive : NETWORK_4G	 /networkState=DISCONNECTED	 /subType=LTE
2015-08-20 16:06:23(pid=2251,tid=1) : LineNotification (D) : #cc#  -- active : NETWORK_WIFI	 /networkState=CONNECTED	 /subType=WIFI	 /wifiInfo.SSID: "SG_QACenter", BSSID: 60:03:08:9d:9f:ea, Supplicant state: COMPLETED, RSSI: -200, Link speed: -1, Net ID: 2, Metered hint: false, mFrequency: 2412
2015-08-20 16:06:25(pid=2251,tid=1) : LineNotification (D) :    # System.onReceive.action=android.net.conn.CONNECTIVITY_CHANGE
2015-08-20 16:06:25(pid=2251,tid=1) : LineNotification (D) : #cc#  current   : NETWORK_WIFI	 /networkState=CONNECTED	 /subType=WIFI	 /wifiInfo.SSID: "SG_QACenter", BSSID: 60:03:08:9d:9f:ea, Supplicant state: COMPLETED, RSSI: -200, Link speed: -1, Net ID: 2, Metered hint: false, mFrequency: 2412
2015-08-20 16:06:25(pid=2251,tid=1) : LineNotification (D) : #cc#  - receive : NETWORK_WIFI	 /networkState=CONNECTED	 /subType=WIFI	 /wifiInfo.SSID: "SG_QACenter", BSSID: 60:03:08:9d:9f:ea, Supplicant state: COMPLETED, RSSI: -200, Link speed: -1, Net ID: 2, Metered hint: false, mFrequency: 2412
2015-08-20 16:06:25(pid=2251,tid=1) : LineNotification (D) : #cc#  -- active : NETWORK_WIFI	 /networkState=CONNECTED	 /subType=WIFI	 /wifiInfo.SSID: "SG_QACenter", BSSID: 60:03:08:9d:9f:ea, Supplicant state: COMPLETED, RSSI: -200, Link speed: -1, Net ID: 2, Metered hint: false, mFrequency: 2412
2015-08-20 16:16:17(pid=2251,tid=1) : LineNotification (D) :    # System.onReceive.action=android.net.conn.CONNECTIVITY_CHANGE
2015-08-20 16:16:17(pid=2251,tid=1) : LineNotification (D) : #cc#  current   : NETWORK_WIFI	 /networkState=CONNECTED	 /subType=WIFI	 /wifiInfo.SSID: "SG_QACenter", BSSID: 60:03:08:9d:9f:ea, Supplicant state: COMPLETED, RSSI: -200, Link speed: -1, Net ID: 2, Metered hint: false, mFrequency: 2412
2015-08-20 16:16:17(pid=2251,tid=1) : LineNotification (D) : #cc#  - receive : NETWORK_WIFI	 /networkState=DISCONNECTED	 /subType=WIFI	 /wifiInfo.SSID: , BSSID: null, Supplicant state: SCANNING, RSSI: -200, Link speed: -1, Net ID: -1, Metered hint: false, mFrequency: -1
2015-08-20 16:16:17(pid=2251,tid=1) : LineNotification (D) : #cc#  -- active : NETWORK_4G	 /networkState=CONNECTED	 /subType=LTE
2015-08-20 16:16:18(pid=2251,tid=1) : LineNotification (D) :    # System.onReceive.action=android.net.conn.CONNECTIVITY_CHANGE
2015-08-20 16:16:18(pid=2251,tid=1) : LineNotification (D) : #cc#  current   : NETWORK_WIFI	 /networkState=CONNECTED	 /subType=WIFI	 /wifiInfo.SSID: "SG_QACenter", BSSID: 60:03:08:9d:9f:ea, Supplicant state: COMPLETED, RSSI: -200, Link speed: -1, Net ID: 2, Metered hint: false, mFrequency: 2412
2015-08-20 16:16:18(pid=2251,tid=1) : LineNotification (D) : #cc#  - receive : NETWORK_4G	 /networkState=CONNECTED	 /subType=LTE
2015-08-20 16:16:18(pid=2251,tid=1) : LineNotification (D) : #cc#  -- active : NETWORK_4G	 /networkState=CONNECTED	 /subType=LTE
2015-08-20 16:16:18(pid=2251,tid=1) : LineNotification (D) : #cc# @@ CHANGED @@ .networkInfo = NETWORK_4G	 /networkState=CONNECTED	 /subType=LTE
2015-08-20 16:16:23(pid=2251,tid=1) : LineNotification (D) :    # System.onReceive.action=android.net.conn.CONNECTIVITY_CHANGE
2015-08-20 16:16:23(pid=2251,tid=1) : LineNotification (D) : #cc#  current   : NETWORK_4G	 /networkState=CONNECTED	 /subType=LTE
2015-08-20 16:16:23(pid=2251,tid=1) : LineNotification (D) : #cc#  - receive : NETWORK_WIFI	 /networkState=CONNECTED	 /subType=WIFI	 /wifiInfo.SSID: "SG_QACenter", BSSID: 60:03:08:9d:9f:ea, Supplicant state: COMPLETED, RSSI: -200, Link speed: -1, Net ID: 2, Metered hint: false, mFrequency: 2412
2015-08-20 16:16:23(pid=2251,tid=1) : LineNotification (D) : #cc#  -- active : NETWORK_WIFI	 /networkState=CONNECTED	 /subType=WIFI	 /wifiInfo.SSID: "SG_QACenter", BSSID: 60:03:08:9d:9f:ea, Supplicant state: COMPLETED, RSSI: -200, Link speed: -1, Net ID: 2, Metered hint: false, mFrequency: 2412
2015-08-20 16:16:23(pid=2251,tid=1) : LineNotification (D) : #cc# @@ CHANGED @@ .networkInfo = NETWORK_WIFI	 /networkState=CONNECTED	 /subType=WIFI	 /wifiInfo.SSID: "SG_QACenter", BSSID: 60:03:08:9d:9f:ea, Supplicant state: COMPLETED, RSSI: -200, Link speed: -1, Net ID: 2, Metered hint: false, mFrequency: 2412
2015-08-20 16:16:24(pid=2251,tid=1) : LineNotification (D) :    # System.onReceive.action=android.net.conn.CONNECTIVITY_CHANGE
2015-08-20 16:16:24(pid=2251,tid=1) : LineNotification (D) : #cc#  current   : NETWORK_WIFI	 /networkState=CONNECTED	 /subType=WIFI	 /wifiInfo.SSID: "SG_QACenter", BSSID: 60:03:08:9d:9f:ea, Supplicant state: COMPLETED, RSSI: -200, Link speed: -1, Net ID: 2, Metered hint: false, mFrequency: 2412
2015-08-20 16:16:24(pid=2251,tid=1) : LineNotification (D) : #cc#  - receive : NETWORK_4G	 /networkState=DISCONNECTED	 /subType=LTE
2015-08-20 16:16:24(pid=2251,tid=1) : LineNotification (D) : #cc#  -- active : NETWORK_WIFI	 /networkState=CONNECTED	 /subType=WIFI	 /wifiInfo.SSID: "SG_QACenter", BSSID: 60:03:08:9d:9f:ea, Supplicant state: COMPLETED, RSSI: -200, Link speed: -1, Net ID: 2, Metered hint: false, mFrequency: 2412
2015-08-20 16:16:25(pid=2251,tid=1) : LineNotification (D) :    # System.onReceive.action=android.net.conn.CONNECTIVITY_CHANGE
2015-08-20 16:16:25(pid=2251,tid=1) : LineNotification (D) : #cc#  current   : NETWORK_WIFI	 /networkState=CONNECTED	 /subType=WIFI	 /wifiInfo.SSID: "SG_QACenter", BSSID: 60:03:08:9d:9f:ea, Supplicant state: COMPLETED, RSSI: -200, Link speed: -1, Net ID: 2, Metered hint: false, mFrequency: 2412
2015-08-20 16:16:25(pid=2251,tid=1) : LineNotification (D) : #cc#  - receive : NETWORK_WIFI	 /networkState=CONNECTED	 /subType=WIFI	 /wifiInfo.SSID: "SG_QACenter", BSSID: 60:03:08:9d:9f:ea, Supplicant state: COMPLETED, RSSI: -200, Link speed: -1, Net ID: 2, Metered hint: false, mFrequency: 2412
2015-08-20 16:16:25(pid=2251,tid=1) : LineNotification (D) : #cc#  -- active : NETWORK_WIFI	 /networkState=CONNECTED	 /subType=WIFI	 /wifiInfo.SSID: "SG_QACenter", BSSID: 60:03:08:9d:9f:ea, Supplicant state: COMPLETED, RSSI: -200, Link speed: -1, Net ID: 2, Metered hint: false, mFrequency: 2412
2015-08-20 16:26:17(pid=2251,tid=1) : LineNotification (D) :    # System.onReceive.action=android.net.conn.CONNECTIVITY_CHANGE
2015-08-20 16:26:17(pid=2251,tid=1) : LineNotification (D) : #cc#  current   : NETWORK_WIFI	 /networkState=CONNECTED	 /subType=WIFI	 /wifiInfo.SSID: "SG_QACenter", BSSID: 60:03:08:9d:9f:ea, Supplicant state: COMPLETED, RSSI: -200, Link speed: -1, Net ID: 2, Metered hint: false, mFrequency: 2412
2015-08-20 16:26:17(pid=2251,tid=1) : LineNotification (D) : #cc#  - receive : NETWORK_WIFI	 /networkState=DISCONNECTED	 /subType=WIFI	 /wifiInfo.SSID: , BSSID: null, Supplicant state: SCANNING, RSSI: -200, Link speed: -1, Net ID: -1, Metered hint: false, mFrequency: -1
2015-08-20 16:26:17(pid=2251,tid=1) : LineNotification (D) : #cc#  -- active : NETWORK_4G	 /networkState=CONNECTED	 /subType=LTE
2015-08-20 16:26:18(pid=2251,tid=1) : LineNotification (D) :    # System.onReceive.action=android.net.conn.CONNECTIVITY_CHANGE
2015-08-20 16:26:18(pid=2251,tid=1) : LineNotification (D) : #cc#  current   : NETWORK_WIFI	 /networkState=CONNECTED	 /subType=WIFI	 /wifiInfo.SSID: "SG_QACenter", BSSID: 60:03:08:9d:9f:ea, Supplicant state: COMPLETED, RSSI: -200, Link speed: -1, Net ID: 2, Metered hint: false, mFrequency: 2412
2015-08-20 16:26:18(pid=2251,tid=1) : LineNotification (D) : #cc#  - receive : NETWORK_4G	 /networkState=CONNECTED	 /subType=LTE
2015-08-20 16:26:18(pid=2251,tid=1) : LineNotification (D) : #cc#  -- active : NETWORK_4G	 /networkState=CONNECTED	 /subType=LTE
2015-08-20 16:26:18(pid=2251,tid=1) : LineNotification (D) : #cc# @@ CHANGED @@ .networkInfo = NETWORK_4G	 /networkState=CONNECTED	 /subType=LTE
2015-08-20 16:26:21(pid=2251,tid=1) : LineNotification (D) :    # System.onReceive.action=android.net.conn.CONNECTIVITY_CHANGE
2015-08-20 16:26:21(pid=2251,tid=1) : LineNotification (D) : #cc#  current   : NETWORK_4G	 /networkState=CONNECTED	 /subType=LTE
2015-08-20 16:26:21(pid=2251,tid=1) : LineNotification (D) : #cc#  - receive : NETWORK_WIFI	 /networkState=CONNECTED	 /subType=WIFI	 /wifiInfo.SSID: "SG_QACenter", BSSID: 60:03:08:9d:9f:ea, Supplicant state: COMPLETED, RSSI: -200, Link speed: -1, Net ID: 2, Metered hint: false, mFrequency: 2412
2015-08-20 16:26:21(pid=2251,tid=1) : LineNotification (D) : #cc#  -- active : NETWORK_WIFI	 /networkState=CONNECTED	 /subType=WIFI	 /wifiInfo.SSID: "SG_QACenter", BSSID: 60:03:08:9d:9f:ea, Supplicant state: COMPLETED, RSSI: -200, Link speed: -1, Net ID: 2, Metered hint: false, mFrequency: 2412
2015-08-20 16:26:21(pid=2251,tid=1) : LineNotification (D) : #cc# @@ CHANGED @@ .networkInfo = NETWORK_WIFI	 /networkState=CONNECTED	 /subType=WIFI	 /wifiInfo.SSID: "SG_QACenter", BSSID: 60:03:08:9d:9f:ea, Supplicant state: COMPLETED, RSSI: -200, Link speed: -1, Net ID: 2, Metered hint: false, mFrequency: 2412
2015-08-20 16:26:22(pid=2251,tid=1) : LineNotification (D) :    # System.onReceive.action=android.net.conn.CONNECTIVITY_CHANGE
2015-08-20 16:26:22(pid=2251,tid=1) : LineNotification (D) : #cc#  current   : NETWORK_WIFI	 /networkState=CONNECTED	 /subType=WIFI	 /wifiInfo.SSID: "SG_QACenter", BSSID: 60:03:08:9d:9f:ea, Supplicant state: COMPLETED, RSSI: -200, Link speed: -1, Net ID: 2, Metered hint: false, mFrequency: 2412
2015-08-20 16:26:22(pid=2251,tid=1) : LineNotification (D) : #cc#  - receive : NETWORK_4G	 /networkState=DISCONNECTED	 /subType=LTE
2015-08-20 16:26:22(pid=2251,tid=1) : LineNotification (D) : #cc#  -- active : NETWORK_WIFI	 /networkState=CONNECTED	 /subType=WIFI	 /wifiInfo.SSID: "SG_QACenter", BSSID: 60:03:08:9d:9f:ea, Supplicant state: COMPLETED, RSSI: -200, Link speed: -1, Net ID: 2, Metered hint: false, mFrequency: 2412
2015-08-20 16:26:22(pid=2251,tid=1) : LineNotification (D) :    # System.onReceive.action=android.net.conn.CONNECTIVITY_CHANGE
2015-08-20 16:26:22(pid=2251,tid=1) : LineNotification (D) : #cc#  current   : NETWORK_WIFI	 /networkState=CONNECTED	 /subType=WIFI	 /wifiInfo.SSID: "SG_QACenter", BSSID: 60:03:08:9d:9f:ea, Supplicant state: COMPLETED, RSSI: -200, Link speed: -1, Net ID: 2, Metered hint: false, mFrequency: 2412
2015-08-20 16:26:22(pid=2251,tid=1) : LineNotification (D) : #cc#  - receive : NETWORK_WIFI	 /networkState=CONNECTED	 /subType=WIFI	 /wifiInfo.SSID: "SG_QACenter", BSSID: 60:03:08:9d:9f:ea, Supplicant state: COMPLETED, RSSI: -200, Link speed: -1, Net ID: 2, Metered hint: false, mFrequency: 2412
2015-08-20 16:26:22(pid=2251,tid=1) : LineNotification (D) : #cc#  -- active : NETWORK_WIFI	 /networkState=CONNECTED	 /subType=WIFI	 /wifiInfo.SSID: "SG_QACenter", BSSID: 60:03:08:9d:9f:ea, Supplicant state: COMPLETED, RSSI: -200, Link speed: -1, Net ID: 2, Metered hint: false, mFrequency: 2412
2015-08-20 16:31:18(pid=2251,tid=1) : LineNotification (D) :    # System.onReceive.action=android.net.conn.CONNECTIVITY_CHANGE
2015-08-20 16:31:18(pid=2251,tid=1) : LineNotification (D) : #cc#  current   : NETWORK_WIFI	 /networkState=CONNECTED	 /subType=WIFI	 /wifiInfo.SSID: "SG_QACenter", BSSID: 60:03:08:9d:9f:ea, Supplicant state: COMPLETED, RSSI: -200, Link speed: -1, Net ID: 2, Metered hint: false, mFrequency: 2412
2015-08-20 16:31:18(pid=2251,tid=1) : LineNotification (D) : #cc#  - receive : NETWORK_WIFI	 /networkState=DISCONNECTED	 /subType=WIFI	 /wifiInfo.SSID: , BSSID: null, Supplicant state: SCANNING, RSSI: -200, Link speed: -1, Net ID: -1, Metered hint: false, mFrequency: -1
2015-08-20 16:31:18(pid=2251,tid=1) : LineNotification (D) : #cc#  -- active : NETWORK_4G	 /networkState=CONNECTED	 /subType=LTE
2015-08-20 16:31:19(pid=2251,tid=1) : LineNotification (D) :    # System.onReceive.action=android.net.conn.CONNECTIVITY_CHANGE
2015-08-20 16:31:19(pid=2251,tid=1) : LineNotification (D) : #cc#  current   : NETWORK_WIFI	 /networkState=CONNECTED	 /subType=WIFI	 /wifiInfo.SSID: "SG_QACenter", BSSID: 60:03:08:9d:9f:ea, Supplicant state: COMPLETED, RSSI: -200, Link speed: -1, Net ID: 2, Metered hint: false, mFrequency: 2412
2015-08-20 16:31:19(pid=2251,tid=1) : LineNotification (D) : #cc#  - receive : NETWORK_4G	 /networkState=CONNECTED	 /subType=LTE
2015-08-20 16:31:19(pid=2251,tid=1) : LineNotification (D) : #cc#  -- active : NETWORK_4G	 /networkState=CONNECTED	 /subType=LTE
2015-08-20 16:31:19(pid=2251,tid=1) : LineNotification (D) : #cc# @@ CHANGED @@ .networkInfo = NETWORK_4G	 /networkState=CONNECTED	 /subType=LTE
2015-08-20 16:31:23(pid=2251,tid=1) : LineNotification (D) :    # System.onReceive.action=android.net.conn.CONNECTIVITY_CHANGE
2015-08-20 16:31:23(pid=2251,tid=1) : LineNotification (D) : #cc#  current   : NETWORK_4G	 /networkState=CONNECTED	 /subType=LTE
2015-08-20 16:31:23(pid=2251,tid=1) : LineNotification (D) : #cc#  - receive : NETWORK_WIFI	 /networkState=CONNECTED	 /subType=WIFI	 /wifiInfo.SSID: "SG_QACenter", BSSID: 60:03:08:9d:9f:ea, Supplicant state: COMPLETED, RSSI: -200, Link speed: -1, Net ID: 2, Metered hint: false, mFrequency: 2412
2015-08-20 16:31:23(pid=2251,tid=1) : LineNotification (D) : #cc#  -- active : NETWORK_WIFI	 /networkState=CONNECTED	 /subType=WIFI	 /wifiInfo.SSID: "SG_QACenter", BSSID: 60:03:08:9d:9f:ea, Supplicant state: COMPLETED, RSSI: -200, Link speed: -1, Net ID: 2, Metered hint: false, mFrequency: 2412
2015-08-20 16:31:23(pid=2251,tid=1) : LineNotification (D) : #cc# @@ CHANGED @@ .networkInfo = NETWORK_WIFI	 /networkState=CONNECTED	 /subType=WIFI	 /wifiInfo.SSID: "SG_QACenter", BSSID: 60:03:08:9d:9f:ea, Supplicant state: COMPLETED, RSSI: -200, Link speed: -1, Net ID: 2, Metered hint: false, mFrequency: 2412
2015-08-20 16:31:23(pid=2251,tid=1) : LineNotification (D) :    # System.onReceive.action=android.net.conn.CONNECTIVITY_CHANGE
2015-08-20 16:31:23(pid=2251,tid=1) : LineNotification (D) : #cc#  current   : NETWORK_WIFI	 /networkState=CONNECTED	 /subType=WIFI	 /wifiInfo.SSID: "SG_QACenter", BSSID: 60:03:08:9d:9f:ea, Supplicant state: COMPLETED, RSSI: -200, Link speed: -1, Net ID: 2, Metered hint: false, mFrequency: 2412
2015-08-20 16:31:23(pid=2251,tid=1) : LineNotification (D) : #cc#  - receive : NETWORK_4G	 /networkState=DISCONNECTED	 /subType=LTE
2015-08-20 16:31:23(pid=2251,tid=1) : LineNotification (D) : #cc#  -- active : NETWORK_WIFI	 /networkState=CONNECTED	 /subType=WIFI	 /wifiInfo.SSID: "SG_QACenter", BSSID: 60:03:08:9d:9f:ea, Supplicant state: COMPLETED, RSSI: -200, Link speed: -1, Net ID: 2, Metered hint: false, mFrequency: 2412
2015-08-20 16:31:24(pid=2251,tid=1) : LineNotification (D) :    # System.onReceive.action=android.net.conn.CONNECTIVITY_CHANGE
2015-08-20 16:31:24(pid=2251,tid=1) : LineNotification (D) : #cc#  current   : NETWORK_WIFI	 /networkState=CONNECTED	 /subType=WIFI	 /wifiInfo.SSID: "SG_QACenter", BSSID: 60:03:08:9d:9f:ea, Supplicant state: COMPLETED, RSSI: -200, Link speed: -1, Net ID: 2, Metered hint: false, mFrequency: 2412
2015-08-20 16:31:24(pid=2251,tid=1) : LineNotification (D) : #cc#  - receive : NETWORK_WIFI	 /networkState=CONNECTED	 /subType=WIFI	 /wifiInfo.SSID: "SG_QACenter", BSSID: 60:03:08:9d:9f:ea, Supplicant state: COMPLETED, RSSI: -200, Link speed: -1, Net ID: 2, Metered hint: false, mFrequency: 2412
2015-08-20 16:31:24(pid=2251,tid=1) : LineNotification (D) : #cc#  -- active : NETWORK_WIFI	 /networkState=CONNECTED	 /subType=WIFI	 /wifiInfo.SSID: "SG_QACenter", BSSID: 60:03:08:9d:9f:ea, Supplicant state: COMPLETED, RSSI: -200, Link speed: -1, Net ID: 2, Metered hint: false, mFrequency: 2412
2015-08-20 16:41:17(pid=2251,tid=1) : LineNotification (D) :    # System.onReceive.action=android.net.conn.CONNECTIVITY_CHANGE
2015-08-20 16:41:17(pid=2251,tid=1) : LineNotification (D) : #cc#  current   : NETWORK_WIFI	 /networkState=CONNECTED	 /subType=WIFI	 /wifiInfo.SSID: "SG_QACenter", BSSID: 60:03:08:9d:9f:ea, Supplicant state: COMPLETED, RSSI: -200, Link speed: -1, Net ID: 2, Metered hint: false, mFrequency: 2412
2015-08-20 16:41:17(pid=2251,tid=1) : LineNotification (D) : #cc#  - receive : NETWORK_WIFI	 /networkState=DISCONNECTED	 /subType=WIFI	 /wifiInfo.SSID: , BSSID: null, Supplicant state: SCANNING, RSSI: -200, Link speed: -1, Net ID: -1, Metered hint: false, mFrequency: -1
2015-08-20 16:41:17(pid=2251,tid=1) : LineNotification (D) : #cc#  -- active : NETWORK_4G	 /networkState=CONNECTED	 /subType=LTE
2015-08-20 16:41:18(pid=2251,tid=1) : LineNotification (D) :    # System.onReceive.action=android.net.conn.CONNECTIVITY_CHANGE
2015-08-20 16:41:18(pid=2251,tid=1) : LineNotification (D) : #cc#  current   : NETWORK_WIFI	 /networkState=CONNECTED	 /subType=WIFI	 /wifiInfo.SSID: "SG_QACenter", BSSID: 60:03:08:9d:9f:ea, Supplicant state: COMPLETED, RSSI: -200, Link speed: -1, Net ID: 2, Metered hint: false, mFrequency: 2412
2015-08-20 16:41:18(pid=2251,tid=1) : LineNotification (D) : #cc#  - receive : NETWORK_4G	 /networkState=CONNECTED	 /subType=LTE
2015-08-20 16:41:18(pid=2251,tid=1) : LineNotification (D) : #cc#  -- active : NETWORK_4G	 /networkState=CONNECTED	 /subType=LTE
2015-08-20 16:41:18(pid=2251,tid=1) : LineNotification (D) : #cc# @@ CHANGED @@ .networkInfo = NETWORK_4G	 /networkState=CONNECTED	 /subType=LTE
2015-08-20 16:41:23(pid=2251,tid=1) : LineNotification (D) :    # System.onReceive.action=android.net.conn.CONNECTIVITY_CHANGE
2015-08-20 16:41:23(pid=2251,tid=1) : LineNotification (D) : #cc#  current   : NETWORK_4G	 /networkState=CONNECTED	 /subType=LTE
2015-08-20 16:41:23(pid=2251,tid=1) : LineNotification (D) : #cc#  - receive : NETWORK_WIFI	 /networkState=CONNECTED	 /subType=WIFI	 /wifiInfo.SSID: "SG_QACenter", BSSID: 60:03:08:9d:9f:ea, Supplicant state: COMPLETED, RSSI: -200, Link speed: -1, Net ID: 2, Metered hint: false, mFrequency: 2412
2015-08-20 16:41:23(pid=2251,tid=1) : LineNotification (D) : #cc#  -- active : NETWORK_WIFI	 /networkState=CONNECTED	 /subType=WIFI	 /wifiInfo.SSID: "SG_QACenter", BSSID: 60:03:08:9d:9f:ea, Supplicant state: COMPLETED, RSSI: -200, Link speed: -1, Net ID: 2, Metered hint: false, mFrequency: 2412
2015-08-20 16:41:23(pid=2251,tid=1) : LineNotification (D) : #cc# @@ CHANGED @@ .networkInfo = NETWORK_WIFI	 /networkState=CONNECTED	 /subType=WIFI	 /wifiInfo.SSID: "SG_QACenter", BSSID: 60:03:08:9d:9f:ea, Supplicant state: COMPLETED, RSSI: -200, Link speed: -1, Net ID: 2, Metered hint: false, mFrequency: 2412
2015-08-20 16:41:24(pid=2251,tid=1) : LineNotification (D) :    # System.onReceive.action=android.net.conn.CONNECTIVITY_CHANGE
2015-08-20 16:41:24(pid=2251,tid=1) : LineNotification (D) : #cc#  current   : NETWORK_WIFI	 /networkState=CONNECTED	 /subType=WIFI	 /wifiInfo.SSID: "SG_QACenter", BSSID: 60:03:08:9d:9f:ea, Supplicant state: COMPLETED, RSSI: -200, Link speed: -1, Net ID: 2, Metered hint: false, mFrequency: 2412
2015-08-20 16:41:24(pid=2251,tid=1) : LineNotification (D) : #cc#  - receive : NETWORK_4G	 /networkState=DISCONNECTED	 /subType=LTE
2015-08-20 16:41:24(pid=2251,tid=1) : LineNotification (D) : #cc#  -- active : NETWORK_WIFI	 /networkState=CONNECTED	 /subType=WIFI	 /wifiInfo.SSID: "SG_QACenter", BSSID: 60:03:08:9d:9f:ea, Supplicant state: COMPLETED, RSSI: -200, Link speed: -1, Net ID: 2, Metered hint: false, mFrequency: 2412
2015-08-20 16:41:24(pid=2251,tid=1) : LineNotification (D) :    # System.onReceive.action=android.net.conn.CONNECTIVITY_CHANGE
2015-08-20 16:41:24(pid=2251,tid=1) : LineNotification (D) : #cc#  current   : NETWORK_WIFI	 /networkState=CONNECTED	 /subType=WIFI	 /wifiInfo.SSID: "SG_QACenter", BSSID: 60:03:08:9d:9f:ea, Supplicant state: COMPLETED, RSSI: -200, Link speed: -1, Net ID: 2, Metered hint: false, mFrequency: 2412
2015-08-20 16:41:24(pid=2251,tid=1) : LineNotification (D) : #cc#  - receive : NETWORK_WIFI	 /networkState=CONNECTED	 /subType=WIFI	 /wifiInfo.SSID: "SG_QACenter", BSSID: 60:03:08:9d:9f:ea, Supplicant state: COMPLETED, RSSI: -200, Link speed: -1, Net ID: 2, Metered hint: false, mFrequency: 2412
2015-08-20 16:41:24(pid=2251,tid=1) : LineNotification (D) : #cc#  -- active : NETWORK_WIFI	 /networkState=CONNECTED	 /subType=WIFI	 /wifiInfo.SSID: "SG_QACenter", BSSID: 60:03:08:9d:9f:ea, Supplicant state: COMPLETED, RSSI: -200, Link speed: -1, Net ID: 2, Metered hint: false, mFrequency: 2412
2015-08-20 16:47:17(pid=2251,tid=1) : LineNotification (D) :    # System.onReceive.action=android.intent.action.USER_PRESENT
2015-08-20 17:11:17(pid=2251,tid=1) : LineNotification (D) :    # System.onReceive.action=android.net.conn.CONNECTIVITY_CHANGE
2015-08-20 17:11:17(pid=2251,tid=1) : LineNotification (D) : #cc#  current   : NETWORK_WIFI	 /networkState=CONNECTED	 /subType=WIFI	 /wifiInfo.SSID: "SG_QACenter", BSSID: 60:03:08:9d:9f:ea, Supplicant state: COMPLETED, RSSI: -200, Link speed: -1, Net ID: 2, Metered hint: false, mFrequency: 2412
2015-08-20 17:11:17(pid=2251,tid=1) : LineNotification (D) : #cc#  - receive : NETWORK_WIFI	 /networkState=DISCONNECTED	 /subType=WIFI	 /wifiInfo.SSID: "SG_QACenter", BSSID: 60:03:08:9d:9f:ea, Supplicant state: COMPLETED, RSSI: -67, Link speed: 72, Net ID: 2, Metered hint: false, mFrequency: 2412
2015-08-20 17:11:17(pid=2251,tid=1) : LineNotification (D) : #cc#  -- active : NETWORK_4G	 /networkState=CONNECTED	 /subType=LTE
2015-08-20 17:11:18(pid=2251,tid=1) : LineNotification (D) :    # System.onReceive.action=android.net.conn.CONNECTIVITY_CHANGE
2015-08-20 17:11:18(pid=2251,tid=1) : LineNotification (D) : #cc#  current   : NETWORK_WIFI	 /networkState=CONNECTED	 /subType=WIFI	 /wifiInfo.SSID: "SG_QACenter", BSSID: 60:03:08:9d:9f:ea, Supplicant state: COMPLETED, RSSI: -200, Link speed: -1, Net ID: 2, Metered hint: false, mFrequency: 2412
2015-08-20 17:11:18(pid=2251,tid=1) : LineNotification (D) : #cc#  - receive : NETWORK_4G	 /networkState=CONNECTED	 /subType=LTE
2015-08-20 17:11:18(pid=2251,tid=1) : LineNotification (D) : #cc#  -- active : NETWORK_4G	 /networkState=CONNECTED	 /subType=LTE
2015-08-20 17:11:18(pid=2251,tid=1) : LineNotification (D) : #cc# @@ CHANGED @@ .networkInfo = NETWORK_4G	 /networkState=CONNECTED	 /subType=LTE
2015-08-20 17:11:19(pid=2251,tid=1) : LineNotification (D) :    # System.onReceive.action=android.net.conn.CONNECTIVITY_CHANGE
2015-08-20 17:11:19(pid=2251,tid=1) : LineNotification (D) : #cc#  current   : NETWORK_4G	 /networkState=CONNECTED	 /subType=LTE
2015-08-20 17:11:19(pid=2251,tid=1) : LineNotification (D) : #cc#  - receive : NETWORK_WIFI	 /networkState=CONNECTED	 /subType=WIFI	 /wifiInfo.SSID: "SG_QACenter", BSSID: 60:03:08:9d:9f:ea, Supplicant state: COMPLETED, RSSI: -56, Link speed: 65, Net ID: 2, Metered hint: false, mFrequency: 2412
2015-08-20 17:11:19(pid=2251,tid=1) : LineNotification (D) : #cc#  -- active : NETWORK_WIFI	 /networkState=CONNECTED	 /subType=WIFI	 /wifiInfo.SSID: "SG_QACenter", BSSID: 60:03:08:9d:9f:ea, Supplicant state: COMPLETED, RSSI: -56, Link speed: 65, Net ID: 2, Metered hint: false, mFrequency: 2412
2015-08-20 17:11:19(pid=2251,tid=1) : LineNotification (D) : #cc# @@ CHANGED @@ .networkInfo = NETWORK_WIFI	 /networkState=CONNECTED	 /subType=WIFI	 /wifiInfo.SSID: "SG_QACenter", BSSID: 60:03:08:9d:9f:ea, Supplicant state: COMPLETED, RSSI: -56, Link speed: 65, Net ID: 2, Metered hint: false, mFrequency: 2412
2015-08-20 17:11:20(pid=2251,tid=1) : LineNotification (D) :    # System.onReceive.action=android.net.conn.CONNECTIVITY_CHANGE
2015-08-20 17:11:20(pid=2251,tid=1) : LineNotification (D) : #cc#  current   : NETWORK_WIFI	 /networkState=CONNECTED	 /subType=WIFI	 /wifiInfo.SSID: "SG_QACenter", BSSID: 60:03:08:9d:9f:ea, Supplicant state: COMPLETED, RSSI: -56, Link speed: 65, Net ID: 2, Metered hint: false, mFrequency: 2412
2015-08-20 17:11:20(pid=2251,tid=1) : LineNotification (D) : #cc#  - receive : NETWORK_4G	 /networkState=DISCONNECTED	 /subType=LTE
2015-08-20 17:11:20(pid=2251,tid=1) : LineNotification (D) : #cc#  -- active : NETWORK_WIFI	 /networkState=CONNECTED	 /subType=WIFI	 /wifiInfo.SSID: "SG_QACenter", BSSID: 60:03:08:9d:9f:ea, Supplicant state: COMPLETED, RSSI: -56, Link speed: 65, Net ID: 2, Metered hint: false, mFrequency: 2412
2015-08-20 17:11:20(pid=2251,tid=1) : LineNotification (D) :    # System.onReceive.action=android.net.conn.CONNECTIVITY_CHANGE
2015-08-20 17:11:20(pid=2251,tid=1) : LineNotification (D) : #cc#  current   : NETWORK_WIFI	 /networkState=CONNECTED	 /subType=WIFI	 /wifiInfo.SSID: "SG_QACenter", BSSID: 60:03:08:9d:9f:ea, Supplicant state: COMPLETED, RSSI: -56, Link speed: 65, Net ID: 2, Metered hint: false, mFrequency: 2412
2015-08-20 17:11:20(pid=2251,tid=1) : LineNotification (D) : #cc#  - receive : NETWORK_WIFI	 /networkState=CONNECTED	 /subType=WIFI	 /wifiInfo.SSID: "SG_QACenter", BSSID: 60:03:08:9d:9f:ea, Supplicant state: COMPLETED, RSSI: -56, Link speed: 65, Net ID: 2, Metered hint: false, mFrequency: 2412
2015-08-20 17:11:20(pid=2251,tid=1) : LineNotification (D) : #cc#  -- active : NETWORK_WIFI	 /networkState=CONNECTED	 /subType=WIFI	 /wifiInfo.SSID: "SG_QACenter", BSSID: 60:03:08:9d:9f:ea, Supplicant state: COMPLETED, RSSI: -56, Link speed: 65, Net ID: 2, Metered hint: false, mFrequency: 2412
2015-08-20 17:41:17(pid=2251,tid=1) : LineNotification (D) :    # System.onReceive.action=android.net.conn.CONNECTIVITY_CHANGE
2015-08-20 17:41:17(pid=2251,tid=1) : LineNotification (D) : #cc#  current   : NETWORK_WIFI	 /networkState=CONNECTED	 /subType=WIFI	 /wifiInfo.SSID: "SG_QACenter", BSSID: 60:03:08:9d:9f:ea, Supplicant state: COMPLETED, RSSI: -56, Link speed: 65, Net ID: 2, Metered hint: false, mFrequency: 2412
2015-08-20 17:41:17(pid=2251,tid=1) : LineNotification (D) : #cc#  - receive : NETWORK_WIFI	 /networkState=DISCONNECTED	 /subType=WIFI	 /wifiInfo.SSID: , BSSID: 00:00:00:00:00:00, Supplicant state: ASSOCIATING, RSSI: -200, Link speed: -1, Net ID: -1, Metered hint: false, mFrequency: -1
2015-08-20 17:41:17(pid=2251,tid=1) : LineNotification (D) : #cc#  -- active : NETWORK_4G	 /networkState=CONNECTED	 /subType=LTE
2015-08-20 17:41:18(pid=2251,tid=1) : LineNotification (D) :    # System.onReceive.action=android.net.conn.CONNECTIVITY_CHANGE
2015-08-20 17:41:18(pid=2251,tid=1) : LineNotification (D) : #cc#  current   : NETWORK_WIFI	 /networkState=CONNECTED	 /subType=WIFI	 /wifiInfo.SSID: "SG_QACenter", BSSID: 60:03:08:9d:9f:ea, Supplicant state: COMPLETED, RSSI: -56, Link speed: 65, Net ID: 2, Metered hint: false, mFrequency: 2412
2015-08-20 17:41:18(pid=2251,tid=1) : LineNotification (D) : #cc#  - receive : NETWORK_4G	 /networkState=CONNECTED	 /subType=LTE
2015-08-20 17:41:18(pid=2251,tid=1) : LineNotification (D) : #cc#  -- active : NETWORK_4G	 /networkState=CONNECTED	 /subType=LTE
2015-08-20 17:41:18(pid=2251,tid=1) : LineNotification (D) : #cc# @@ CHANGED @@ .networkInfo = NETWORK_4G	 /networkState=CONNECTED	 /subType=LTE
2015-08-20 17:41:23(pid=2251,tid=1) : LineNotification (D) :    # System.onReceive.action=android.net.conn.CONNECTIVITY_CHANGE
2015-08-20 17:41:23(pid=2251,tid=1) : LineNotification (D) : #cc#  current   : NETWORK_4G	 /networkState=CONNECTED	 /subType=LTE
2015-08-20 17:41:23(pid=2251,tid=1) : LineNotification (D) : #cc#  - receive : NETWORK_WIFI	 /networkState=CONNECTED	 /subType=WIFI	 /wifiInfo.SSID: "LinePlusui-iMac-76", BSSID: 7c:c3:a1:a7:5b:7b, Supplicant state: COMPLETED, RSSI: -40, Link speed: 72, Net ID: 3, Metered hint: false, mFrequency: 2462
2015-08-20 17:41:23(pid=2251,tid=1) : LineNotification (D) : #cc#  -- active : NETWORK_WIFI	 /networkState=CONNECTED	 /subType=WIFI	 /wifiInfo.SSID: "LinePlusui-iMac-76", BSSID: 7c:c3:a1:a7:5b:7b, Supplicant state: COMPLETED, RSSI: -40, Link speed: 72, Net ID: 3, Metered hint: false, mFrequency: 2462
2015-08-20 17:41:23(pid=2251,tid=1) : LineNotification (D) : #cc# @@ CHANGED @@ .networkInfo = NETWORK_WIFI	 /networkState=CONNECTED	 /subType=WIFI	 /wifiInfo.SSID: "LinePlusui-iMac-76", BSSID: 7c:c3:a1:a7:5b:7b, Supplicant state: COMPLETED, RSSI: -40, Link speed: 72, Net ID: 3, Metered hint: false, mFrequency: 2462
2015-08-20 17:41:23(pid=2251,tid=1) : LineNotification (D) :    # System.onReceive.action=android.net.conn.CONNECTIVITY_CHANGE
2015-08-20 17:41:23(pid=2251,tid=1) : LineNotification (D) : #cc#  current   : NETWORK_WIFI	 /networkState=CONNECTED	 /subType=WIFI	 /wifiInfo.SSID: "LinePlusui-iMac-76", BSSID: 7c:c3:a1:a7:5b:7b, Supplicant state: COMPLETED, RSSI: -40, Link speed: 72, Net ID: 3, Metered hint: false, mFrequency: 2462
2015-08-20 17:41:23(pid=2251,tid=1) : LineNotification (D) : #cc#  - receive : NETWORK_4G	 /networkState=DISCONNECTED	 /subType=LTE
2015-08-20 17:41:23(pid=2251,tid=1) : LineNotification (D) : #cc#  -- active : NETWORK_WIFI	 /networkState=CONNECTED	 /subType=WIFI	 /wifiInfo.SSID: "LinePlusui-iMac-76", BSSID: 7c:c3:a1:a7:5b:7b, Supplicant state: COMPLETED, RSSI: -40, Link speed: 72, Net ID: 3, Metered hint: false, mFrequency: 2462
2015-08-20 17:41:24(pid=2251,tid=1) : LineNotification (D) :    # System.onReceive.action=android.net.conn.CONNECTIVITY_CHANGE
2015-08-20 17:41:24(pid=2251,tid=1) : LineNotification (D) : #cc#  current   : NETWORK_WIFI	 /networkState=CONNECTED	 /subType=WIFI	 /wifiInfo.SSID: "LinePlusui-iMac-76", BSSID: 7c:c3:a1:a7:5b:7b, Supplicant state: COMPLETED, RSSI: -40, Link speed: 72, Net ID: 3, Metered hint: false, mFrequency: 2462
2015-08-20 17:41:24(pid=2251,tid=1) : LineNotification (D) : #cc#  - receive : NETWORK_WIFI	 /networkState=CONNECTED	 /subType=WIFI	 /wifiInfo.SSID: "LinePlusui-iMac-76", BSSID: 7c:c3:a1:a7:5b:7b, Supplicant state: COMPLETED, RSSI: -42, Link speed: 65, Net ID: 3, Metered hint: false, mFrequency: 2462
2015-08-20 17:41:24(pid=2251,tid=1) : LineNotification (D) : #cc#  -- active : NETWORK_WIFI	 /networkState=CONNECTED	 /subType=WIFI	 /wifiInfo.SSID: "LinePlusui-iMac-76", BSSID: 7c:c3:a1:a7:5b:7b, Supplicant state: COMPLETED, RSSI: -42, Link speed: 65, Net ID: 3, Metered hint: false, mFrequency: 2462
2015-08-20 17:58:57(pid=2251,tid=1) : LineNotification (D) :    # System.onReceive.action=android.net.conn.CONNECTIVITY_CHANGE
2015-08-20 17:58:57(pid=2251,tid=1) : LineNotification (D) : #cc#  current   : NETWORK_WIFI	 /networkState=CONNECTED	 /subType=WIFI	 /wifiInfo.SSID: "LinePlusui-iMac-76", BSSID: 7c:c3:a1:a7:5b:7b, Supplicant state: COMPLETED, RSSI: -40, Link speed: 72, Net ID: 3, Metered hint: false, mFrequency: 2462
2015-08-20 17:58:57(pid=2251,tid=1) : LineNotification (D) : #cc#  - receive : NETWORK_WIFI	 /networkState=DISCONNECTED	 /subType=WIFI	 /wifiInfo.SSID: , BSSID: null, Supplicant state: SCANNING, RSSI: -200, Link speed: -1, Net ID: -1, Metered hint: false, mFrequency: -1
2015-08-20 17:58:57(pid=2251,tid=1) : LineNotification (D) : #cc#  -- active : NETWORK_4G	 /networkState=CONNECTED	 /subType=LTE
2015-08-20 17:58:58(pid=2251,tid=1) : LineNotification (D) :    # System.onReceive.action=android.net.conn.CONNECTIVITY_CHANGE
2015-08-20 17:58:58(pid=2251,tid=1) : LineNotification (D) : #cc#  current   : NETWORK_WIFI	 /networkState=CONNECTED	 /subType=WIFI	 /wifiInfo.SSID: "LinePlusui-iMac-76", BSSID: 7c:c3:a1:a7:5b:7b, Supplicant state: COMPLETED, RSSI: -40, Link speed: 72, Net ID: 3, Metered hint: false, mFrequency: 2462
2015-08-20 17:58:58(pid=2251,tid=1) : LineNotification (D) : #cc#  - receive : NETWORK_4G	 /networkState=CONNECTED	 /subType=LTE
2015-08-20 17:58:58(pid=2251,tid=1) : LineNotification (D) : #cc#  -- active : NETWORK_4G	 /networkState=CONNECTED	 /subType=LTE
2015-08-20 17:58:58(pid=2251,tid=1) : LineNotification (D) : #cc# @@ CHANGED @@ .networkInfo = NETWORK_4G	 /networkState=CONNECTED	 /subType=LTE
2015-08-20 17:59:02(pid=2251,tid=1) : LineNotification (D) :    # System.onReceive.action=android.net.conn.CONNECTIVITY_CHANGE
2015-08-20 17:59:02(pid=2251,tid=1) : LineNotification (D) : #cc#  current   : NETWORK_4G	 /networkState=CONNECTED	 /subType=LTE
2015-08-20 17:59:02(pid=2251,tid=1) : LineNotification (D) : #cc#  - receive : NETWORK_WIFI	 /networkState=CONNECTED	 /subType=WIFI	 /wifiInfo.SSID: "LinePlusui-iMac-76", BSSID: 7c:c3:a1:a7:5b:7b, Supplicant state: COMPLETED, RSSI: -200, Link speed: -1, Net ID: 3, Metered hint: false, mFrequency: 2462
2015-08-20 17:59:02(pid=2251,tid=1) : LineNotification (D) : #cc#  -- active : NETWORK_WIFI	 /networkState=CONNECTED	 /subType=WIFI	 /wifiInfo.SSID: "LinePlusui-iMac-76", BSSID: 7c:c3:a1:a7:5b:7b, Supplicant state: COMPLETED, RSSI: -200, Link speed: -1, Net ID: 3, Metered hint: false, mFrequency: 2462
2015-08-20 17:59:02(pid=2251,tid=1) : LineNotification (D) : #cc# @@ CHANGED @@ .networkInfo = NETWORK_WIFI	 /networkState=CONNECTED	 /subType=WIFI	 /wifiInfo.SSID: "LinePlusui-iMac-76", BSSID: 7c:c3:a1:a7:5b:7b, Supplicant state: COMPLETED, RSSI: -200, Link speed: -1, Net ID: 3, Metered hint: false, mFrequency: 2462
2015-08-20 17:59:02(pid=2251,tid=1) : LineNotification (D) :    # System.onReceive.action=android.net.conn.CONNECTIVITY_CHANGE
2015-08-20 17:59:02(pid=2251,tid=1) : LineNotification (D) : #cc#  current   : NETWORK_WIFI	 /networkState=CONNECTED	 /subType=WIFI	 /wifiInfo.SSID: "LinePlusui-iMac-76", BSSID: 7c:c3:a1:a7:5b:7b, Supplicant state: COMPLETED, RSSI: -200, Link speed: -1, Net ID: 3, Metered hint: false, mFrequency: 2462
2015-08-20 17:59:02(pid=2251,tid=1) : LineNotification (D) : #cc#  - receive : NETWORK_4G	 /networkState=DISCONNECTED	 /subType=LTE
2015-08-20 17:59:02(pid=2251,tid=1) : LineNotification (D) : #cc#  -- active : NETWORK_WIFI	 /networkState=CONNECTED	 /subType=WIFI	 /wifiInfo.SSID: "LinePlusui-iMac-76", BSSID: 7c:c3:a1:a7:5b:7b, Supplicant state: COMPLETED, RSSI: -200, Link speed: -1, Net ID: 3, Metered hint: false, mFrequency: 2462
2015-08-20 17:59:03(pid=2251,tid=1) : LineNotification (D) :    # System.onReceive.action=android.net.conn.CONNECTIVITY_CHANGE
2015-08-20 17:59:03(pid=2251,tid=1) : LineNotification (D) : #cc#  current   : NETWORK_WIFI	 /networkState=CONNECTED	 /subType=WIFI	 /wifiInfo.SSID: "LinePlusui-iMac-76", BSSID: 7c:c3:a1:a7:5b:7b, Supplicant state: COMPLETED, RSSI: -200, Link speed: -1, Net ID: 3, Metered hint: false, mFrequency: 2462
2015-08-20 17:59:03(pid=2251,tid=1) : LineNotification (D) : #cc#  - receive : NETWORK_WIFI	 /networkState=CONNECTED	 /subType=WIFI	 /wifiInfo.SSID: "LinePlusui-iMac-76", BSSID: 7c:c3:a1:a7:5b:7b, Supplicant state: COMPLETED, RSSI: -200, Link speed: -1, Net ID: 3, Metered hint: false, mFrequency: 2462
2015-08-20 17:59:03(pid=2251,tid=1) : LineNotification (D) : #cc#  -- active : NETWORK_WIFI	 /networkState=CONNECTED	 /subType=WIFI	 /wifiInfo.SSID: "LinePlusui-iMac-76", BSSID: 7c:c3:a1:a7:5b:7b, Supplicant state: COMPLETED, RSSI: -200, Link speed: -1, Net ID: 3, Metered hint: false, mFrequency: 2462
