2015-08-24 15:34:46(pid=2715,tid=2510) : Legy.dns (D) : addReservedDNSInfo address=/182.162.194.70
2015-08-24 15:34:46(pid=2715,tid=2510) : Legy.dns (D) : createDNSInfo address=/182.162.194.70, time=8/24/15 3:34 PM
2015-08-24 15:34:46(pid=2715,tid=2510) : Legy.dns (D) : addReservedDNSInfo address=/125.209.238.213
2015-08-24 15:34:46(pid=2715,tid=2510) : Legy.dns (D) : createDNSInfo address=/125.209.238.213, time=8/24/15 3:34 PM
2015-08-24 15:34:46(pid=2715,tid=1) : Legy.session.connect (D) : ################### LINE Application onCreate ###################
    processName=jp.naver.line.android

2015-08-24 15:35:22(pid=2715,tid=2526) : Legy.session.connect (D) : [connect] current channel. Channel.isConnected() = Channel is null
2015-08-24 15:35:22(pid=2715,tid=2515) : Legy (D) : lookUpFromOS address=ga2k-rc2.line.naver.jp/203.104.131.22 elapsed=2
2015-08-24 15:35:22(pid=2715,tid=2526) : Legy.heartbeat (D) : LegyStatus.bgSpdyPingIntervalSec = -1, result = 200000, isWifi=true
2015-08-24 15:35:22(pid=2715,tid=2526) : Legy.heartbeat (D) : change pingInterval{cachedValue=200000(msec), cachedTime15:35.22)
2015-08-24 15:35:22(pid=2715,tid=2526) : Legy.heartbeat (D) : change pingFaileCount{cachedValue=3(msec), cachedTime15:35.22)
2015-08-24 15:35:22(pid=2715,tid=2526) : Legy (D) : setReadTimeoutHandler(pingTimeout). timeout=240
2015-08-24 15:35:22(pid=2715,tid=2526) : Legy.session.connect (D) : [connect info] ChannelFutureListener#operationComplete. done=true, success=true, time=123, canceled=false
2015-08-24 15:35:22(pid=2715,tid=2526) : Legy.session.connect (D) : [connect(result = true)]LegyConnectionType [protocol:spdy] [host:ga2k-rc2.line.naver.jp] [port:443] [ssl:false] [priority:1][secureType:Enc][connectivityScore:1]
2015-08-24 15:35:22(pid=2715,tid=2526) : Legy.session.connect (D) : [connect start]spdy://ga2k-rc2.line.naver.jp:443obj-@4279f3d0 : currentThread = 2526
2015-08-24 15:35:22(pid=2715,tid=2526) : Legy.session (D) : setSessionStatusChanged oldSessionStatus = Init, sessionStatus = Connected
2015-08-24 15:35:22(pid=2715,tid=2526) : Legy.heartbeat (D) : #### checkConnection - checkList=[LegyConnectionType [protocol:spdy] [host:ga2k-rc2.line.naver.jp] [port:443] [ssl:false] [priority:1][secureType:Enc][connectivityScore:1], LegyConnectionType [protocol:spdy] [host:ga2x-rc2.line.naver.jp] [port:443] [ssl:false] [priority:2][secureType:Enc][connectivityScore:1]]
2015-08-24 15:35:22(pid=2715,tid=2526) : Legy.encryption (D) : expired secretKey
2015-08-24 15:35:22(pid=2715,tid=2526) : Legy.profile (D) : id='/S4(1115232832)' time='1440398122712' elapsedTime='177' 'onStart'
2015-08-24 15:35:22(pid=2715,tid=2526) : Legy.request.spdyReqMgr (D) : addRequest. streamId=1
spdy://ga2k-rc2.line.naver.jp:443obj-@4279f3d0
    reqeustMap. size=0

2015-08-24 15:35:22(pid=2715,tid=2526) : Legy.encryption (D) : #### legySessionEncryptionKey = {0xee, 0x17, 0x9d, 0xad, 0xd0, 0x04, 0x6c, 0x09, 0x77, 0xb5, 0x53, 0xb7, 0x4d, 0x82, 0x44, 0xbf}
2015-08-24 15:35:22(pid=2715,tid=2526) : Legy.encryption (D) : #### move encryptionHeader = X-Line-Access, value = ue4c192ef18b988f28b7d697f1b06e815:aWF0OiAxNDQwMzk4MTIyNTE3Cg==..SfSqPv+JLefRlNeLPMJ+R6c8cYI= 
2015-08-24 15:35:22(pid=2715,tid=2526) : Legy.encryption (D) : #### move encryptionHeader = x-ls, value = null 
2015-08-24 15:35:22(pid=2715,tid=2526) : Legy.encryption (D) : #### move encryptionHeader = X-LS, value = null 
2015-08-24 15:35:22(pid=2715,tid=2526) : Legy.encryption (D) : #### move encryptionHeader = X-Line-Access, value = ue4c192ef18b988f28b7d697f1b06e815:aWF0OiAxNDQwMzk4MTIyNTE3Cg==..SfSqPv+JLefRlNeLPMJ+R6c8cYI= 
2015-08-24 15:35:22(pid=2715,tid=2526) : Legy.encryption (D) : #### move encryptionHeader = x-ls, value = null 
2015-08-24 15:35:22(pid=2715,tid=2526) : Legy.encryption (D) : #### move encryptionHeader = X-LS, value = null 
2015-08-24 15:35:22(pid=2715,tid=2526) : Legy.encryption (D) : #### encrypt header=X-Line-Access value=ue4c192ef18b988f28b7d697f1b06e815:aWF0OiAxNDQwMzk4MTIyNTE3Cg==..SfSqPv+JLefRlNeLPMJ+R6c8cYI=
2015-08-24 15:35:22(pid=2715,tid=2526) : Legy.request (D) : connection=[LegyConnectionType [protocol:spdy] [host:ga2k-rc2.line.naver.jp] [port:443] [ssl:false] [priority:1][secureType:Enc][connectivityScore:1]] LegySpdySynStreamFrame [
 * spdySynStreamFrame=lci(last: false; unidirectional: false; deflateEnd: true)
--> Stream-ID = 1
--> Priority = 0
--> Headers:
    version: HTTP/1.1
    method: POST
    scheme: http
    host: ga2k-rc2.line.naver.jp
    url: /S4
    x-lal: en_US
    x-le: 7
    x-lap: 1
    x-lcs: 0004lWQ6rDVLenlfsU30eMK9TV6vLo//q4wn//0J92aitcAvVvGs06hBNvdHE6vkoE4vBgL8o2i0/N/HkLLrv4uuI4kwsYaxmuyYUEg/VSZW6UyiFjS5rKZGfzj9cLI/6AKt4Bbo7qdkCpN0VVjTIvE2o9VdM8AIOKD506L9JgioDABIUuHEl8q6WiWe/+cYSx5KkKBtzcbLYE9zd54QcJprAz2K2KeJ3xNfNJPFaaSKFct/sMtTRrPLZE0MKm0TdhYYFH9oixw37IDiw335Z+FcY+VwIgz9iHcUtiqa5rTpN7TFXYwsNAXnokAWMpFfed2iJn220Ly7VCg5jc7ePPypHQ==
    x-lhm: POST
    x-lpv: 1
    user-agent: Line/5.4.0
    accept: application/x-thrift
    content-type: application/x-thrift
    x-la: ANDROID_RC	5.4.0	Android OS	4.4.4
    content-length: 67
 * spdyDataFrame=lby(last: true; compressed: false)
--> Stream-ID = 1
--> Size = 196]
2015-08-24 15:35:22(pid=2715,tid=2526) : Legy.request (D) : ### SpdyFrameEncoder - resetDeflate
2015-08-24 15:35:22(pid=2715,tid=2540) : Legy.response (D) : connection=[LegyConnectionType [protocol:spdy] [host:ga2k-rc2.line.naver.jp] [port:443] [ssl:false] [priority:1][secureType:Enc][connectivityScore:1]] lcf
--> 4:70 (persist value: true; persisted: false)
--> 10001:30 (persist value: true; persisted: false)
--> 10002:3 (persist value: true; persisted: false)
--> 10003:3600 (persist value: true; persisted: false)
--> 10005:1440398121 (persist value: true; persisted: false)
--> 10006:749 (persist value: true; persisted: false)
2015-08-24 15:35:22(pid=2715,tid=2540) : Legy.response.stream (D) : receive SynReplyFrame. [streamId=1, last=false]
2015-08-24 15:35:22(pid=2715,tid=2540) : Legy.response (D) : connection=[LegyConnectionType [protocol:spdy] [host:ga2k-rc2.line.naver.jp] [port:443] [ssl:false] [priority:1][secureType:Enc][connectivityScore:1]] lch(last: false; deflateEnd: false)
--> Stream-ID = 1
--> Headers:
    content-length: 18
    content-type: application/x-thrift;charset=UTF-8
    status: 200
    version: HTTP/1.1
    x-lc: 200
    x-lcr: 193
    x-le: 7
2015-08-24 15:35:22(pid=2715,tid=2540) : Legy.request.spdyReqMgr (D) : receiveSynReply streamId=1 responseCode=200 status=OK headerFields={content-type=application/x-thrift;charset=UTF-8, x-lc=200, x-le=7, x-lcr=193, status=200, content-length=18, version=HTTP/1.1}
2015-08-24 15:35:22(pid=2715,tid=2540) : Legy.response.stream (D) : receive DataFrame.     [streamId=1, last=true]
2015-08-24 15:35:22(pid=2715,tid=2540) : Legy.response (D) : connection=[LegyConnectionType [protocol:spdy] [host:ga2k-rc2.line.naver.jp] [port:443] [ssl:false] [priority:1][secureType:Enc][connectivityScore:1]] lby(last: true; compressed: false)
--> Stream-ID = 1
--> Size = 52
2015-08-24 15:35:22(pid=2715,tid=2540) : Legy.request.spdyReqMgr (D) : receiveDataFrame. streamId=1, last=true, size=52
2015-08-24 15:35:22(pid=2715,tid=2540) : Legy.request.spdyReqMgr (D) : isFirstDataFrame=true
2015-08-24 15:35:22(pid=2715,tid=2540) : Legy (D) : receiveDataFrame : sessionKey=nR3a3w
2015-08-24 15:35:22(pid=2715,tid=2540) : Legy.request.spdyReqMgr (D) : fireComplete. streamId=1, requestMap = {1=dnw@428eafb0}
spdy://ga2k-rc2.line.naver.jp:443obj-@4279f3d0
    reqeustMap. size=1
        [streamId=1, status=200, uri=/S4]

2015-08-24 15:35:22(pid=2715,tid=2540) : Legy.request.spdyReqMgr (D) : streamId=1 responseCode=200 status=OK isFirstDataFrame=true
2015-08-24 15:35:22(pid=2715,tid=2540) : Legy.profile (D) : id='/S4(1115232832)' time='1440398122854' elapsedTime='319' 'onReceiveComplete'
