2015-08-19 01:09:22(pid=31469,tid=90963) : LineAlarmManager (D) : cancelSchedule(alarmType=FETCH_OP_TIMEOUT_FOR_PUSH)
2015-08-19 01:09:22(pid=31469,tid=90963) : LineAlarmManager (D) : cancelSchedule(alarmType=BG_POLLING_TIMEOUT)
2015-08-19 01:09:22(pid=31469,tid=90963) : LineAlarmManager (D) : setSchedule(alarmType=BG_POLLING_TIMEOUT, schedule=03:29:22)
2015-08-19 03:29:29(pid=30926,tid=1) : LineAlarmManager (D) : receive alarm. alarmType=BG_POLLING_TIMEOUT
2015-08-19 03:31:31(pid=30926,tid=98906) : LineAlarmManager (D) : cancelSchedule(alarmType=FETCH_OP_TIMEOUT_FOR_PUSH)
2015-08-19 03:31:31(pid=30926,tid=98906) : LineAlarmManager (D) : setSchedule(alarmType=FETCH_OP_SCHEDULER, schedule=03:31:32)
2015-08-19 03:31:36(pid=30926,tid=1) : LineAlarmManager (D) : receive alarm. alarmType=FETCH_OP_SCHEDULER
2015-08-19 03:31:36(pid=30926,tid=1) : LineAlarmManager (D) : cancelSchedule(alarmType=FETCH_OP_SCHEDULER)
2015-08-19 03:31:38(pid=30926,tid=98900) : LineAlarmManager (D) : cancelSchedule(alarmType=FETCH_OP_TIMEOUT_FOR_PUSH)
2015-08-19 03:31:39(pid=30926,tid=98900) : LineAlarmManager (D) : setSchedule(alarmType=FETCH_OP_SCHEDULER, schedule=06:01:39)
2015-08-19 03:31:39(pid=30926,tid=98900) : LineAlarmManager (D) : cancelSchedule(alarmType=BG_POLLING_TIMEOUT)
2015-08-19 06:01:39(pid=8363,tid=1) : LineAlarmManager (D) : receive alarm. alarmType=FETCH_OP_SCHEDULER
2015-08-19 06:19:24(pid=12767,tid=102638) : LineAlarmManager (D) : cancelSchedule(alarmType=FETCH_OP_TIMEOUT_FOR_PUSH)
2015-08-19 06:19:24(pid=12767,tid=102638) : LineAlarmManager (D) : cancelSchedule(alarmType=BG_POLLING_TIMEOUT)
2015-08-19 06:19:24(pid=12767,tid=102638) : LineAlarmManager (D) : setSchedule(alarmType=BG_POLLING_TIMEOUT, schedule=08:39:24)
2015-08-19 08:06:15(pid=22972,tid=105834) : LineAlarmManager (D) : cancelSchedule(alarmType=FETCH_OP_TIMEOUT_FOR_PUSH)
2015-08-19 08:06:15(pid=22972,tid=105834) : LineAlarmManager (D) : cancelSchedule(alarmType=BG_POLLING_TIMEOUT)
2015-08-19 08:06:15(pid=22972,tid=105834) : LineAlarmManager (D) : setSchedule(alarmType=BG_POLLING_TIMEOUT, schedule=10:26:15)
2015-08-19 08:39:29(pid=30899,tid=109791) : LineAlarmManager (D) : cancelSchedule(alarmType=FETCH_OP_TIMEOUT_FOR_PUSH)
2015-08-19 08:39:29(pid=30899,tid=109791) : LineAlarmManager (D) : setSchedule(alarmType=FETCH_OP_SCHEDULER, schedule=08:39:30)
2015-08-19 08:40:29(pid=2611,tid=1) : LineAlarmManager (D) : receive alarm. alarmType=FETCH_OP_SCHEDULER
2015-08-19 08:40:53(pid=4384,tid=110414) : LineAlarmManager (D) : cancelSchedule(alarmType=FETCH_OP_TIMEOUT_FOR_PUSH)
2015-08-19 08:40:53(pid=4384,tid=110414) : LineAlarmManager (D) : setSchedule(alarmType=FETCH_OP_SCHEDULER, schedule=08:40:54)
2015-08-19 08:41:47(pid=9485,tid=1) : LineAlarmManager (D) : receive alarm. alarmType=FETCH_OP_SCHEDULER
2015-08-19 08:44:55(pid=8729,tid=1) : LineAlarmManager (D) : setSchedule(alarmType=FETCH_OP_SCHEDULER, schedule=09:14:55)
2015-08-19 08:53:27(pid=14903,tid=1) : LineAlarmManager (D) : setSchedule(alarmType=FETCH_OP_SCHEDULER, schedule=09:27:27)
2015-08-19 08:53:27(pid=14903,tid=1) : LineAlarmManager (D) : setSchedule(alarmType=FETCH_OP_SCHEDULER, schedule=09:24:27)
2015-08-19 09:05:02(pid=17000,tid=1693) : LineAlarmManager (D) : cancelSchedule(alarmType=FETCH_OP_TIMEOUT_FOR_PUSH)
2015-08-19 09:05:02(pid=17000,tid=1693) : LineAlarmManager (D) : cancelSchedule(alarmType=BG_POLLING_TIMEOUT)
2015-08-19 09:05:02(pid=17000,tid=1685) : LineAlarmManager (D) : setSchedule(alarmType=FETCH_OP_SCHEDULER, schedule=11:35:02)
2015-08-19 09:05:16(pid=17000,tid=1681) : LineAlarmManager (D) : setSchedule(alarmType=FETCH_OP_SCHEDULER, schedule=09:40:16)
2015-08-19 09:05:34(pid=17000,tid=1682) : LineAlarmManager (D) : setSchedule(alarmType=FETCH_OP_SCHEDULER, schedule=09:35:34)
2015-08-19 09:09:03(pid=20220,tid=1933) : LineAlarmManager (D) : cancelSchedule(alarmType=FETCH_OP_TIMEOUT_FOR_PUSH)
2015-08-19 09:09:03(pid=20220,tid=1933) : LineAlarmManager (D) : cancelSchedule(alarmType=BG_POLLING_TIMEOUT)
2015-08-19 09:09:03(pid=20220,tid=1928) : LineAlarmManager (D) : setSchedule(alarmType=FETCH_OP_SCHEDULER, schedule=11:39:03)
2015-08-19 09:10:27(pid=23614,tid=2324) : LineAlarmManager (D) : cancelSchedule(alarmType=FETCH_OP_TIMEOUT_FOR_PUSH)
2015-08-19 09:10:27(pid=23614,tid=2324) : LineAlarmManager (D) : cancelSchedule(alarmType=BG_POLLING_TIMEOUT)
2015-08-19 09:10:27(pid=23614,tid=2320) : LineAlarmManager (D) : setSchedule(alarmType=FETCH_OP_SCHEDULER, schedule=11:40:27)
2015-08-19 09:11:16(pid=23614,tid=2322) : LineAlarmManager (D) : setSchedule(alarmType=FETCH_OP_SCHEDULER, schedule=09:46:16)
2015-08-19 09:35:29(pid=7615,tid=3181) : LineAlarmManager (D) : setSchedule(alarmType=FETCH_OP_SCHEDULER, schedule=10:08:29)
2015-08-19 09:35:29(pid=7615,tid=3188) : LineAlarmManager (D) : setSchedule(alarmType=FETCH_OP_SCHEDULER, schedule=10:10:29)
2015-08-19 09:35:29(pid=7615,tid=3198) : LineAlarmManager (D) : setSchedule(alarmType=FETCH_OP_SCHEDULER, schedule=10:08:29)
2015-08-19 09:35:31(pid=7615,tid=3181) : LineAlarmManager (D) : cancelSchedule(alarmType=FETCH_OP_TIMEOUT_FOR_PUSH)
2015-08-19 09:35:31(pid=7615,tid=3181) : LineAlarmManager (D) : cancelSchedule(alarmType=BG_POLLING_TIMEOUT)
2015-08-19 09:40:32(pid=10795,tid=3385) : LineAlarmManager (D) : cancelSchedule(alarmType=FETCH_OP_TIMEOUT_FOR_PUSH)
2015-08-19 09:40:32(pid=10795,tid=3385) : LineAlarmManager (D) : cancelSchedule(alarmType=BG_POLLING_TIMEOUT)
2015-08-19 09:40:32(pid=10795,tid=3382) : LineAlarmManager (D) : setSchedule(alarmType=FETCH_OP_SCHEDULER, schedule=12:10:32)
2015-08-19 09:46:59(pid=13643,tid=3533) : LineAlarmManager (D) : setSchedule(alarmType=FETCH_OP_SCHEDULER, schedule=10:16:59)
2015-08-19 09:47:00(pid=13643,tid=3535) : LineAlarmManager (D) : cancelSchedule(alarmType=FETCH_OP_TIMEOUT_FOR_PUSH)
2015-08-19 09:47:00(pid=13643,tid=3535) : LineAlarmManager (D) : cancelSchedule(alarmType=BG_POLLING_TIMEOUT)
2015-08-19 09:54:34(pid=17493,tid=1) : LineAlarmManager (D) : setSchedule(alarmType=FETCH_OP_SCHEDULER, schedule=10:25:34)
2015-08-19 09:54:41(pid=18256,tid=1) : LineAlarmManager (D) : setSchedule(alarmType=FETCH_OP_SCHEDULER, schedule=10:26:41)
2015-08-19 09:54:47(pid=18256,tid=3966) : LineAlarmManager (D) : cancelSchedule(alarmType=FETCH_OP_SCHEDULER)
2015-08-19 09:54:48(pid=18256,tid=3972) : LineAlarmManager (D) : setSchedule(alarmType=FETCH_OP_SCHEDULER, schedule=10:28:48)
2015-08-19 09:54:48(pid=18256,tid=3961) : LineAlarmManager (D) : setSchedule(alarmType=FETCH_OP_SCHEDULER, schedule=10:26:48)
2015-08-19 09:54:49(pid=18256,tid=3966) : LineAlarmManager (D) : cancelSchedule(alarmType=FETCH_OP_TIMEOUT_FOR_PUSH)
2015-08-19 09:54:49(pid=18256,tid=3966) : LineAlarmManager (D) : cancelSchedule(alarmType=BG_POLLING_TIMEOUT)
2015-08-19 09:55:07(pid=18256,tid=3995) : LineAlarmManager (D) : setSchedule(alarmType=FETCH_OP_SCHEDULER, schedule=10:25:07)
2015-08-19 09:57:23(pid=21746,tid=1) : LineAlarmManager (D) : setSchedule(alarmType=FETCH_OP_SCHEDULER, schedule=10:30:23)
2015-08-19 09:57:26(pid=21746,tid=4261) : LineAlarmManager (D) : cancelSchedule(alarmType=FETCH_OP_SCHEDULER)
2015-08-19 09:57:28(pid=21746,tid=4259) : LineAlarmManager (D) : cancelSchedule(alarmType=FETCH_OP_TIMEOUT_FOR_PUSH)
2015-08-19 09:57:28(pid=21746,tid=4259) : LineAlarmManager (D) : cancelSchedule(alarmType=BG_POLLING_TIMEOUT)
2015-08-19 09:57:28(pid=21746,tid=4264) : LineAlarmManager (D) : setSchedule(alarmType=FETCH_OP_SCHEDULER, schedule=10:27:28)
2015-08-19 09:57:29(pid=21746,tid=4260) : LineAlarmManager (D) : cancelSchedule(alarmType=FETCH_OP_SCHEDULER)
2015-08-19 09:57:29(pid=21746,tid=4282) : LineAlarmManager (D) : cancelSchedule(alarmType=FETCH_OP_TIMEOUT_FOR_PUSH)
2015-08-19 09:57:29(pid=21746,tid=4282) : LineAlarmManager (D) : setSchedule(alarmType=FETCH_OP_SCHEDULER, schedule=12:27:29)
2015-08-19 09:57:29(pid=21746,tid=4282) : LineAlarmManager (D) : cancelSchedule(alarmType=BG_POLLING_TIMEOUT)
2015-08-19 10:01:33(pid=24476,tid=1) : LineAlarmManager (D) : setSchedule(alarmType=FETCH_OP_SCHEDULER, schedule=10:32:33)
2015-08-19 10:05:21(pid=27261,tid=4557) : LineAlarmManager (D) : cancelSchedule(alarmType=FETCH_OP_TIMEOUT_FOR_PUSH)
2015-08-19 10:05:21(pid=27261,tid=4557) : LineAlarmManager (D) : cancelSchedule(alarmType=BG_POLLING_TIMEOUT)
2015-08-19 10:05:21(pid=27261,tid=4558) : LineAlarmManager (D) : setSchedule(alarmType=FETCH_OP_SCHEDULER, schedule=12:35:21)
2015-08-19 10:05:22(pid=27261,tid=4557) : LineAlarmManager (D) : setSchedule(alarmType=FETCH_OP_SCHEDULER, schedule=10:38:22)
2015-08-19 10:06:37(pid=29573,tid=1) : LineAlarmManager (D) : setSchedule(alarmType=FETCH_OP_SCHEDULER, schedule=10:40:37)
2015-08-19 10:18:10(pid=32764,tid=4933) : LineAlarmManager (D) : cancelSchedule(alarmType=FETCH_OP_TIMEOUT_FOR_PUSH)
2015-08-19 10:18:10(pid=32764,tid=4933) : LineAlarmManager (D) : cancelSchedule(alarmType=BG_POLLING_TIMEOUT)
2015-08-19 10:18:10(pid=32764,tid=4928) : LineAlarmManager (D) : setSchedule(alarmType=FETCH_OP_SCHEDULER, schedule=12:48:10)
2015-08-19 10:18:11(pid=32764,tid=4931) : LineAlarmManager (D) : setSchedule(alarmType=FETCH_OP_SCHEDULER, schedule=10:51:11)
2015-08-19 10:24:15(pid=2874,tid=1) : LineAlarmManager (D) : setSchedule(alarmType=FETCH_OP_SCHEDULER, schedule=10:56:15)
2015-08-19 10:24:45(pid=4963,tid=1) : LineAlarmManager (D) : setSchedule(alarmType=FETCH_OP_SCHEDULER, schedule=10:57:45)
2015-08-19 10:25:49(pid=8513,tid=5718) : LineAlarmManager (D) : cancelSchedule(alarmType=FETCH_OP_TIMEOUT_FOR_PUSH)
2015-08-19 10:25:49(pid=8513,tid=5718) : LineAlarmManager (D) : cancelSchedule(alarmType=BG_POLLING_TIMEOUT)
2015-08-19 10:25:50(pid=8513,tid=5719) : LineAlarmManager (D) : setSchedule(alarmType=FETCH_OP_SCHEDULER, schedule=12:55:50)
2015-08-19 11:06:24(pid=18171,tid=1) : LineAlarmManager (D) : setSchedule(alarmType=FETCH_OP_SCHEDULER, schedule=11:37:24)
2015-08-19 11:06:47(pid=19618,tid=1) : LineAlarmManager (D) : setSchedule(alarmType=FETCH_OP_SCHEDULER, schedule=11:38:47)
2015-08-19 11:07:45(pid=22815,tid=1) : LineAlarmManager (D) : setSchedule(alarmType=FETCH_OP_SCHEDULER, schedule=11:37:45)
2015-08-19 11:24:34(pid=6195,tid=1) : LineAlarmManager (D) : setSchedule(alarmType=FETCH_OP_SCHEDULER, schedule=11:59:34)
2015-08-19 11:31:39(pid=12887,tid=1) : LineAlarmManager (D) : setSchedule(alarmType=FETCH_OP_SCHEDULER, schedule=12:03:39)
2015-08-19 11:42:06(pid=16098,tid=1) : LineAlarmManager (D) : setSchedule(alarmType=FETCH_OP_SCHEDULER, schedule=12:15:06)
2015-08-19 11:44:25(pid=18124,tid=1) : LineAlarmManager (D) : setSchedule(alarmType=FETCH_OP_SCHEDULER, schedule=12:14:25)
2015-08-19 11:46:31(pid=21414,tid=1) : LineAlarmManager (D) : setSchedule(alarmType=FETCH_OP_SCHEDULER, schedule=12:21:31)
2015-08-19 11:46:41(pid=22079,tid=1) : LineAlarmManager (D) : setSchedule(alarmType=FETCH_OP_SCHEDULER, schedule=12:19:41)
2015-08-19 11:54:27(pid=27767,tid=1) : LineAlarmManager (D) : setSchedule(alarmType=FETCH_OP_SCHEDULER, schedule=12:27:27)
2015-08-19 11:54:47(pid=29359,tid=1) : LineAlarmManager (D) : setSchedule(alarmType=FETCH_OP_SCHEDULER, schedule=12:27:47)
2015-08-19 11:54:58(pid=30146,tid=1) : LineAlarmManager (D) : setSchedule(alarmType=FETCH_OP_SCHEDULER, schedule=12:26:58)
2015-08-19 12:16:04(pid=2628,tid=9842) : LineAlarmManager (D) : setSchedule(alarmType=FETCH_OP_SCHEDULER, schedule=12:49:04)
2015-08-19 12:16:05(pid=2628,tid=9840) : LineAlarmManager (D) : setSchedule(alarmType=FETCH_OP_SCHEDULER, schedule=12:46:05)
2015-08-19 12:16:05(pid=2628,tid=9837) : LineAlarmManager (D) : cancelSchedule(alarmType=FETCH_OP_TIMEOUT_FOR_PUSH)
2015-08-19 12:16:05(pid=2628,tid=9837) : LineAlarmManager (D) : cancelSchedule(alarmType=BG_POLLING_TIMEOUT)
2015-08-19 12:19:23(pid=4203,tid=1) : LineAlarmManager (D) : setSchedule(alarmType=FETCH_OP_SCHEDULER, schedule=12:53:23)
2015-08-19 12:19:24(pid=4203,tid=1) : LineAlarmManager (D) : setSchedule(alarmType=FETCH_OP_SCHEDULER, schedule=12:51:24)
2015-08-19 12:22:26(pid=6271,tid=1) : LineAlarmManager (D) : setSchedule(alarmType=FETCH_OP_SCHEDULER, schedule=12:54:26)
2015-08-19 12:24:24(pid=7677,tid=1) : LineAlarmManager (D) : setSchedule(alarmType=FETCH_OP_SCHEDULER, schedule=12:54:24)
2015-08-19 12:27:06(pid=11778,tid=1) : LineAlarmManager (D) : setSchedule(alarmType=FETCH_OP_SCHEDULER, schedule=13:00:06)
2015-08-19 12:29:27(pid=15692,tid=10865) : LineAlarmManager (D) : cancelSchedule(alarmType=FETCH_OP_TIMEOUT_FOR_PUSH)
2015-08-19 12:29:27(pid=15692,tid=10865) : LineAlarmManager (D) : cancelSchedule(alarmType=BG_POLLING_TIMEOUT)
2015-08-19 12:29:27(pid=15692,tid=10867) : LineAlarmManager (D) : setSchedule(alarmType=FETCH_OP_SCHEDULER, schedule=14:59:27)
2015-08-19 12:32:01(pid=18408,tid=10960) : LineAlarmManager (D) : cancelSchedule(alarmType=FETCH_OP_TIMEOUT_FOR_PUSH)
2015-08-19 12:32:01(pid=18408,tid=10960) : LineAlarmManager (D) : cancelSchedule(alarmType=BG_POLLING_TIMEOUT)
2015-08-19 12:32:02(pid=18408,tid=10967) : LineAlarmManager (D) : setSchedule(alarmType=FETCH_OP_SCHEDULER, schedule=15:02:02)
2015-08-19 12:35:01(pid=25221,tid=1) : LineAlarmManager (D) : setSchedule(alarmType=FETCH_OP_SCHEDULER, schedule=13:05:01)
2015-08-19 13:03:38(pid=14744,tid=11963) : LineAlarmManager (D) : cancelSchedule(alarmType=BG_POLLING_TIMEOUT)
2015-08-19 13:03:40(pid=14744,tid=11966) : LineAlarmManager (D) : cancelSchedule(alarmType=FETCH_OP_TIMEOUT_FOR_PUSH)
2015-08-19 13:03:40(pid=14744,tid=11966) : LineAlarmManager (D) : cancelSchedule(alarmType=BG_POLLING_TIMEOUT)
2015-08-19 13:03:40(pid=14744,tid=11966) : LineAlarmManager (D) : cancelSchedule(alarmType=FETCH_OP_TIMEOUT_FOR_PUSH)
2015-08-19 13:03:40(pid=14744,tid=11966) : LineAlarmManager (D) : cancelSchedule(alarmType=BG_POLLING_TIMEOUT)
2015-08-19 13:03:48(pid=14744,tid=11967) : LineAlarmManager (D) : setSchedule(alarmType=POLLING_STATE_CHECKER, schedule=13:08:48)
2015-08-19 13:03:48(pid=14744,tid=11967) : LineAlarmManager (D) : cancelSchedule(alarmType=BG_POLLING_TIMEOUT)
2015-08-19 13:05:01(pid=14744,tid=1) : LineAlarmManager (D) : receive alarm. alarmType=FETCH_OP_SCHEDULER
2015-08-19 13:05:45(pid=14744,tid=11966) : LineAlarmManager (D) : cancelSchedule(alarmType=FETCH_OP_TIMEOUT_FOR_PUSH)
2015-08-19 13:05:45(pid=14744,tid=11966) : LineAlarmManager (D) : setSchedule(alarmType=FETCH_OP_SCHEDULER, schedule=13:05:46)
2015-08-19 13:05:46(pid=14744,tid=1) : LineAlarmManager (D) : receive alarm. alarmType=FETCH_OP_SCHEDULER
2015-08-19 13:05:46(pid=14744,tid=1) : LineAlarmManager (D) : cancelSchedule(alarmType=FETCH_OP_SCHEDULER)
2015-08-19 13:05:50(pid=14744,tid=11964) : LineAlarmManager (D) : cancelSchedule(alarmType=FETCH_OP_TIMEOUT_FOR_PUSH)
2015-08-19 13:05:50(pid=14744,tid=11964) : LineAlarmManager (D) : setSchedule(alarmType=FETCH_OP_SCHEDULER, schedule=15:35:50)
2015-08-19 13:05:50(pid=14744,tid=11964) : LineAlarmManager (D) : cancelSchedule(alarmType=BG_POLLING_TIMEOUT)
2015-08-19 13:08:35(pid=14744,tid=11966) : LineAlarmManager (D) : setSchedule(alarmType=FETCH_OP_SCHEDULER, schedule=13:40:35)
2015-08-19 13:08:48(pid=14744,tid=1) : LineAlarmManager (D) : receive alarm. alarmType=POLLING_STATE_CHECKER
2015-08-19 13:40:35(pid=14744,tid=1) : LineAlarmManager (D) : receive alarm. alarmType=FETCH_OP_SCHEDULER
2015-08-19 13:40:35(pid=14744,tid=1) : LineAlarmManager (D) : cancelSchedule(alarmType=FETCH_OP_SCHEDULER)
2015-08-19 13:40:36(pid=14744,tid=11962) : LineAlarmManager (D) : cancelSchedule(alarmType=FETCH_OP_TIMEOUT_FOR_PUSH)
2015-08-19 13:40:36(pid=14744,tid=11962) : LineAlarmManager (D) : cancelSchedule(alarmType=BG_POLLING_TIMEOUT)
2015-08-19 13:40:36(pid=14744,tid=11962) : LineAlarmManager (D) : setSchedule(alarmType=FETCH_OP_SCHEDULER, schedule=16:10:36)
2015-08-19 14:00:35(pid=14744,tid=11969) : LineAlarmManager (D) : cancelSchedule(alarmType=BG_POLLING_TIMEOUT)
2015-08-19 14:00:35(pid=14744,tid=11969) : LineAlarmManager (D) : cancelSchedule(alarmType=FETCH_OP_SCHEDULER)
2015-08-19 14:00:36(pid=14744,tid=11969) : LineAlarmManager (D) : cancelSchedule(alarmType=FETCH_OP_TIMEOUT_FOR_PUSH)
2015-08-19 14:00:36(pid=14744,tid=11969) : LineAlarmManager (D) : cancelSchedule(alarmType=BG_POLLING_TIMEOUT)
2015-08-19 14:00:53(pid=14744,tid=11963) : LineAlarmManager (D) : cancelSchedule(alarmType=FETCH_OP_TIMEOUT_FOR_PUSH)
2015-08-19 14:00:53(pid=14744,tid=11963) : LineAlarmManager (D) : cancelSchedule(alarmType=BG_POLLING_TIMEOUT)
2015-08-19 14:01:04(pid=14744,tid=11963) : LineAlarmManager (D) : cancelSchedule(alarmType=FETCH_OP_TIMEOUT_FOR_PUSH)
2015-08-19 14:01:04(pid=14744,tid=11963) : LineAlarmManager (D) : cancelSchedule(alarmType=BG_POLLING_TIMEOUT)
2015-08-19 14:01:18(pid=14744,tid=11966) : LineAlarmManager (D) : cancelSchedule(alarmType=FETCH_OP_TIMEOUT_FOR_PUSH)
2015-08-19 14:01:18(pid=14744,tid=11966) : LineAlarmManager (D) : cancelSchedule(alarmType=BG_POLLING_TIMEOUT)
2015-08-19 14:01:42(pid=14744,tid=1) : LineAlarmManager (D) : setSchedule(alarmType=POLLING_STATE_CHECKER, schedule=14:06:42)
2015-08-19 14:01:43(pid=14744,tid=11967) : LineAlarmManager (D) : setSchedule(alarmType=POLLING_STATE_CHECKER, schedule=14:06:43)
2015-08-19 14:01:43(pid=14744,tid=11967) : LineAlarmManager (D) : cancelSchedule(alarmType=BG_POLLING_TIMEOUT)
2015-08-19 14:02:04(pid=14744,tid=11965) : LineAlarmManager (D) : cancelSchedule(alarmType=FETCH_OP_TIMEOUT_FOR_PUSH)
2015-08-19 14:02:04(pid=14744,tid=11965) : LineAlarmManager (D) : cancelSchedule(alarmType=BG_POLLING_TIMEOUT)
2015-08-19 14:02:37(pid=14744,tid=11956) : LineAlarmManager (D) : cancelSchedule(alarmType=FETCH_OP_TIMEOUT_FOR_PUSH)
2015-08-19 14:02:37(pid=14744,tid=11956) : LineAlarmManager (D) : cancelSchedule(alarmType=BG_POLLING_TIMEOUT)
2015-08-19 14:02:40(pid=14744,tid=11963) : LineAlarmManager (D) : cancelSchedule(alarmType=FETCH_OP_TIMEOUT_FOR_PUSH)
2015-08-19 14:02:40(pid=14744,tid=11963) : LineAlarmManager (D) : cancelSchedule(alarmType=BG_POLLING_TIMEOUT)
2015-08-19 14:04:19(pid=14744,tid=11968) : LineAlarmManager (D) : cancelSchedule(alarmType=FETCH_OP_TIMEOUT_FOR_PUSH)
2015-08-19 14:04:19(pid=14744,tid=11968) : LineAlarmManager (D) : cancelSchedule(alarmType=BG_POLLING_TIMEOUT)
2015-08-19 14:06:21(pid=14744,tid=11963) : LineAlarmManager (D) : cancelSchedule(alarmType=FETCH_OP_TIMEOUT_FOR_PUSH)
2015-08-19 14:06:21(pid=14744,tid=11963) : LineAlarmManager (D) : setSchedule(alarmType=FETCH_OP_SCHEDULER, schedule=14:06:22)
2015-08-19 14:06:23(pid=14744,tid=1) : LineAlarmManager (D) : receive alarm. alarmType=FETCH_OP_SCHEDULER
2015-08-19 14:06:23(pid=14744,tid=1) : LineAlarmManager (D) : cancelSchedule(alarmType=FETCH_OP_SCHEDULER)
2015-08-19 14:06:25(pid=14744,tid=11964) : LineAlarmManager (D) : cancelSchedule(alarmType=FETCH_OP_TIMEOUT_FOR_PUSH)
2015-08-19 14:06:25(pid=14744,tid=11964) : LineAlarmManager (D) : setSchedule(alarmType=FETCH_OP_SCHEDULER, schedule=16:36:25)
2015-08-19 14:06:25(pid=14744,tid=11964) : LineAlarmManager (D) : cancelSchedule(alarmType=BG_POLLING_TIMEOUT)
2015-08-19 14:06:43(pid=14744,tid=1) : LineAlarmManager (D) : receive alarm. alarmType=POLLING_STATE_CHECKER
2015-08-19 14:27:00(pid=14744,tid=11967) : LineAlarmManager (D) : cancelSchedule(alarmType=BG_POLLING_TIMEOUT)
2015-08-19 14:27:00(pid=14744,tid=11967) : LineAlarmManager (D) : cancelSchedule(alarmType=FETCH_OP_SCHEDULER)
2015-08-19 14:27:06(pid=14744,tid=11967) : LineAlarmManager (D) : cancelSchedule(alarmType=FETCH_OP_TIMEOUT_FOR_PUSH)
2015-08-19 14:27:06(pid=14744,tid=11967) : LineAlarmManager (D) : cancelSchedule(alarmType=BG_POLLING_TIMEOUT)
2015-08-19 14:27:10(pid=14744,tid=1) : LineAlarmManager (D) : setSchedule(alarmType=POLLING_STATE_CHECKER, schedule=14:32:10)
2015-08-19 14:28:36(pid=14744,tid=11966) : LineAlarmManager (D) : cancelSchedule(alarmType=FETCH_OP_TIMEOUT_FOR_PUSH)
2015-08-19 14:28:36(pid=14744,tid=11966) : LineAlarmManager (D) : setSchedule(alarmType=FETCH_OP_SCHEDULER, schedule=14:28:37)
2015-08-19 14:28:37(pid=14744,tid=1) : LineAlarmManager (D) : receive alarm. alarmType=FETCH_OP_SCHEDULER
2015-08-19 14:28:37(pid=14744,tid=1) : LineAlarmManager (D) : cancelSchedule(alarmType=FETCH_OP_SCHEDULER)
2015-08-19 14:28:41(pid=14744,tid=11961) : LineAlarmManager (D) : cancelSchedule(alarmType=FETCH_OP_TIMEOUT_FOR_PUSH)
2015-08-19 14:28:41(pid=14744,tid=11961) : LineAlarmManager (D) : setSchedule(alarmType=FETCH_OP_SCHEDULER, schedule=16:58:41)
2015-08-19 14:28:41(pid=14744,tid=11961) : LineAlarmManager (D) : cancelSchedule(alarmType=BG_POLLING_TIMEOUT)
2015-08-19 14:32:10(pid=14744,tid=1) : LineAlarmManager (D) : receive alarm. alarmType=POLLING_STATE_CHECKER
2015-08-19 14:42:41(pid=14744,tid=11961) : LineAlarmManager (D) : cancelSchedule(alarmType=FETCH_OP_SCHEDULER)
2015-08-19 14:42:42(pid=14744,tid=11965) : LineAlarmManager (D) : cancelSchedule(alarmType=FETCH_OP_TIMEOUT_FOR_PUSH)
2015-08-19 14:42:42(pid=14744,tid=11965) : LineAlarmManager (D) : cancelSchedule(alarmType=BG_POLLING_TIMEOUT)
2015-08-19 14:42:42(pid=14744,tid=11963) : LineAlarmManager (D) : setSchedule(alarmType=FETCH_OP_SCHEDULER, schedule=17:12:42)
2015-08-19 14:42:43(pid=14744,tid=11961) : LineAlarmManager (D) : setSchedule(alarmType=POLLING_STATE_CHECKER, schedule=14:47:43)
2015-08-19 14:42:43(pid=14744,tid=11961) : LineAlarmManager (D) : cancelSchedule(alarmType=BG_POLLING_TIMEOUT)
2015-08-19 14:47:43(pid=14744,tid=1) : LineAlarmManager (D) : receive alarm. alarmType=POLLING_STATE_CHECKER
2015-08-19 17:12:52(pid=14744,tid=1) : LineAlarmManager (D) : receive alarm. alarmType=FETCH_OP_SCHEDULER
2015-08-19 17:12:52(pid=14744,tid=1) : LineAlarmManager (D) : cancelSchedule(alarmType=FETCH_OP_SCHEDULER)
2015-08-19 17:12:55(pid=14744,tid=11956) : LineAlarmManager (D) : cancelSchedule(alarmType=FETCH_OP_TIMEOUT_FOR_PUSH)
2015-08-19 17:12:55(pid=14744,tid=11956) : LineAlarmManager (D) : cancelSchedule(alarmType=BG_POLLING_TIMEOUT)
2015-08-19 17:12:56(pid=14744,tid=11956) : LineAlarmManager (D) : setSchedule(alarmType=FETCH_OP_SCHEDULER, schedule=19:42:56)
2015-08-19 19:04:11(pid=28515,tid=1) : LineAlarmManager (D) : setSchedule(alarmType=FETCH_OP_SCHEDULER, schedule=19:37:11)
2015-08-19 19:04:19(pid=29359,tid=1) : LineAlarmManager (D) : setSchedule(alarmType=FETCH_OP_SCHEDULER, schedule=19:37:19)
2015-08-19 19:04:27(pid=30185,tid=1) : LineAlarmManager (D) : setSchedule(alarmType=FETCH_OP_SCHEDULER, schedule=19:37:27)
2015-08-19 19:14:23(pid=1452,tid=1) : LineAlarmManager (D) : setSchedule(alarmType=FETCH_OP_SCHEDULER, schedule=19:44:23)
2015-08-19 19:14:34(pid=2500,tid=1) : LineAlarmManager (D) : setSchedule(alarmType=FETCH_OP_SCHEDULER, schedule=19:49:34)
2015-08-19 19:14:41(pid=3407,tid=1) : LineAlarmManager (D) : setSchedule(alarmType=FETCH_OP_SCHEDULER, schedule=19:49:41)
2015-08-19 19:24:16(pid=6465,tid=1) : LineAlarmManager (D) : setSchedule(alarmType=FETCH_OP_SCHEDULER, schedule=19:54:16)
2015-08-19 19:24:24(pid=7307,tid=1) : LineAlarmManager (D) : setSchedule(alarmType=FETCH_OP_SCHEDULER, schedule=19:57:24)
2015-08-19 19:57:24(pid=17237,tid=1) : LineAlarmManager (D) : receive alarm. alarmType=FETCH_OP_SCHEDULER
2015-08-19 19:57:29(pid=17237,tid=20681) : LineAlarmManager (D) : cancelSchedule(alarmType=FETCH_OP_TIMEOUT_FOR_PUSH)
2015-08-19 19:57:29(pid=17237,tid=20681) : LineAlarmManager (D) : cancelSchedule(alarmType=BG_POLLING_TIMEOUT)
2015-08-19 19:57:31(pid=17237,tid=20687) : LineAlarmManager (D) : setSchedule(alarmType=FETCH_OP_SCHEDULER, schedule=22:27:31)
2015-08-19 21:37:13(pid=17772,tid=1) : LineAlarmManager (D) : setSchedule(alarmType=FETCH_OP_SCHEDULER, schedule=22:08:13)
2015-08-19 21:42:27(pid=27468,tid=1) : LineAlarmManager (D) : setSchedule(alarmType=FETCH_OP_SCHEDULER, schedule=22:13:27)
2015-08-19 21:45:52(pid=1235,tid=1) : LineAlarmManager (D) : setSchedule(alarmType=FETCH_OP_SCHEDULER, schedule=22:18:52)
2015-08-19 22:18:53(pid=12762,tid=1) : LineAlarmManager (D) : receive alarm. alarmType=FETCH_OP_SCHEDULER
2015-08-19 22:18:55(pid=12762,tid=25639) : LineAlarmManager (D) : cancelSchedule(alarmType=FETCH_OP_TIMEOUT_FOR_PUSH)
2015-08-19 22:18:55(pid=12762,tid=25639) : LineAlarmManager (D) : cancelSchedule(alarmType=BG_POLLING_TIMEOUT)
2015-08-19 22:18:55(pid=12762,tid=25637) : LineAlarmManager (D) : setSchedule(alarmType=FETCH_OP_SCHEDULER, schedule=00:48:55)
2015-08-19 23:24:12(pid=31916,tid=1) : LineAlarmManager (D) : setSchedule(alarmType=FETCH_OP_SCHEDULER, schedule=23:55:12)
2015-08-19 23:24:19(pid=32722,tid=1) : LineAlarmManager (D) : setSchedule(alarmType=FETCH_OP_SCHEDULER, schedule=23:57:19)
2015-08-19 23:34:23(pid=3646,tid=1) : LineAlarmManager (D) : setSchedule(alarmType=FETCH_OP_SCHEDULER, schedule=00:07:23)
