2015-08-18 17:54:38(pid=30420,tid=65005) : LineAlarmManager (D) : cancelSchedule(alarmType=FETCH_OP_TIMEOUT_FOR_PUSH)
2015-08-18 17:54:38(pid=30420,tid=65005) : LineAlarmManager (D) : cancelSchedule(alarmType=BG_POLLING_TIMEOUT)
2015-08-18 17:54:40(pid=30420,tid=64970) : LineAlarmManager (D) : cancelSchedule(alarmType=FETCH_OP_TIMEOUT_FOR_PUSH)
2015-08-18 17:54:40(pid=30420,tid=64970) : LineAlarmManager (D) : cancelSchedule(alarmType=BG_POLLING_TIMEOUT)
2015-08-18 17:54:40(pid=30420,tid=64970) : LineAlarmManager (D) : setSchedule(alarmType=BG_POLLING_TIMEOUT, schedule=20:14:40)
2015-08-18 17:54:58(pid=30420,tid=64961) : LineAlarmManager (D) : setSchedule(alarmType=POLLING_STATE_CHECKER, schedule=17:59:58)
2015-08-18 17:54:58(pid=30420,tid=64961) : LineAlarmManager (D) : cancelSchedule(alarmType=BG_POLLING_TIMEOUT)
2015-08-18 17:54:58(pid=30420,tid=64961) : LineAlarmManager (D) : setSchedule(alarmType=BG_POLLING_TIMEOUT, schedule=20:14:58)
2015-08-18 18:00:00(pid=30420,tid=1) : LineAlarmManager (D) : receive alarm. alarmType=POLLING_STATE_CHECKER
2015-08-18 18:03:11(pid=30420,tid=65228) : LineAlarmManager (D) : cancelSchedule(alarmType=BG_POLLING_TIMEOUT)
2015-08-18 18:03:50(pid=30420,tid=1) : LineAlarmManager (D) : setSchedule(alarmType=POLLING_STATE_CHECKER, schedule=18:08:50)
2015-08-18 18:03:51(pid=30420,tid=65219) : LineAlarmManager (D) : setSchedule(alarmType=POLLING_STATE_CHECKER, schedule=18:08:51)
2015-08-18 18:03:51(pid=30420,tid=65219) : LineAlarmManager (D) : cancelSchedule(alarmType=BG_POLLING_TIMEOUT)
2015-08-18 18:03:51(pid=30420,tid=65219) : LineAlarmManager (D) : setSchedule(alarmType=BG_POLLING_TIMEOUT, schedule=20:23:51)
2015-08-18 18:04:15(pid=30420,tid=64968) : LineAlarmManager (D) : cancelSchedule(alarmType=BG_POLLING_TIMEOUT)
2015-08-18 18:04:45(pid=30420,tid=1) : LineAlarmManager (D) : setSchedule(alarmType=POLLING_STATE_CHECKER, schedule=18:09:45)
2015-08-18 18:04:45(pid=30420,tid=65219) : LineAlarmManager (D) : setSchedule(alarmType=POLLING_STATE_CHECKER, schedule=18:09:45)
2015-08-18 18:04:45(pid=30420,tid=65219) : LineAlarmManager (D) : cancelSchedule(alarmType=BG_POLLING_TIMEOUT)
2015-08-18 18:04:45(pid=30420,tid=65219) : LineAlarmManager (D) : setSchedule(alarmType=BG_POLLING_TIMEOUT, schedule=20:24:45)
2015-08-18 18:05:15(pid=30420,tid=64969) : LineAlarmManager (D) : cancelSchedule(alarmType=BG_POLLING_TIMEOUT)
2015-08-18 18:05:49(pid=30420,tid=1) : LineAlarmManager (D) : setSchedule(alarmType=POLLING_STATE_CHECKER, schedule=18:10:49)
2015-08-18 18:07:49(pid=30420,tid=64968) : LineAlarmManager (D) : setSchedule(alarmType=POLLING_STATE_CHECKER, schedule=18:12:49)
2015-08-18 18:07:49(pid=30420,tid=64968) : LineAlarmManager (D) : cancelSchedule(alarmType=BG_POLLING_TIMEOUT)
2015-08-18 18:07:49(pid=30420,tid=64968) : LineAlarmManager (D) : setSchedule(alarmType=BG_POLLING_TIMEOUT, schedule=20:27:49)
2015-08-18 18:12:49(pid=30420,tid=1) : LineAlarmManager (D) : receive alarm. alarmType=POLLING_STATE_CHECKER
2015-08-18 18:14:32(pid=30420,tid=65261) : LineAlarmManager (D) : cancelSchedule(alarmType=BG_POLLING_TIMEOUT)
2015-08-18 18:15:27(pid=30420,tid=65219) : LineAlarmManager (D) : setSchedule(alarmType=POLLING_STATE_CHECKER, schedule=18:20:27)
2015-08-18 18:15:27(pid=30420,tid=65219) : LineAlarmManager (D) : cancelSchedule(alarmType=BG_POLLING_TIMEOUT)
2015-08-18 18:15:27(pid=30420,tid=65219) : LineAlarmManager (D) : setSchedule(alarmType=BG_POLLING_TIMEOUT, schedule=20:35:27)
2015-08-18 18:16:10(pid=30420,tid=65261) : LineAlarmManager (D) : cancelSchedule(alarmType=BG_POLLING_TIMEOUT)
2015-08-18 18:16:12(pid=30420,tid=65219) : LineAlarmManager (D) : setSchedule(alarmType=POLLING_STATE_CHECKER, schedule=18:21:12)
2015-08-18 18:16:12(pid=30420,tid=65219) : LineAlarmManager (D) : cancelSchedule(alarmType=BG_POLLING_TIMEOUT)
2015-08-18 18:16:12(pid=30420,tid=65219) : LineAlarmManager (D) : setSchedule(alarmType=BG_POLLING_TIMEOUT, schedule=20:36:12)
2015-08-18 18:21:12(pid=30420,tid=1) : LineAlarmManager (D) : receive alarm. alarmType=POLLING_STATE_CHECKER
2015-08-18 18:32:33(pid=30420,tid=64969) : LineAlarmManager (D) : cancelSchedule(alarmType=FETCH_OP_TIMEOUT_FOR_PUSH)
2015-08-18 18:32:33(pid=30420,tid=64969) : LineAlarmManager (D) : cancelSchedule(alarmType=BG_POLLING_TIMEOUT)
2015-08-18 18:32:33(pid=30420,tid=64969) : LineAlarmManager (D) : setSchedule(alarmType=BG_POLLING_TIMEOUT, schedule=20:52:33)
2015-08-18 18:43:58(pid=30420,tid=64961) : LineAlarmManager (D) : cancelSchedule(alarmType=FETCH_OP_TIMEOUT_FOR_PUSH)
2015-08-18 18:43:58(pid=30420,tid=64961) : LineAlarmManager (D) : setSchedule(alarmType=FETCH_OP_SCHEDULER, schedule=18:43:59)
2015-08-18 18:44:08(pid=30420,tid=1) : LineAlarmManager (D) : cancelSchedule(alarmType=FETCH_OP_SCHEDULER)
2015-08-18 18:44:09(pid=30420,tid=65228) : LineAlarmManager (D) : cancelSchedule(alarmType=FETCH_OP_TIMEOUT_FOR_PUSH)
2015-08-18 18:44:09(pid=30420,tid=65228) : LineAlarmManager (D) : cancelSchedule(alarmType=BG_POLLING_TIMEOUT)
2015-08-18 18:44:09(pid=30420,tid=65228) : LineAlarmManager (D) : setSchedule(alarmType=BG_POLLING_TIMEOUT, schedule=21:04:09)
2015-08-18 18:44:11(pid=30420,tid=1) : LineAlarmManager (D) : receive alarm. alarmType=FETCH_OP_SCHEDULER
2015-08-18 18:45:37(pid=30420,tid=64965) : LineAlarmManager (D) : cancelSchedule(alarmType=FETCH_OP_TIMEOUT_FOR_PUSH)
2015-08-18 18:45:37(pid=30420,tid=64965) : LineAlarmManager (D) : setSchedule(alarmType=FETCH_OP_SCHEDULER, schedule=18:45:38)
2015-08-18 18:45:38(pid=30420,tid=1) : LineAlarmManager (D) : receive alarm. alarmType=FETCH_OP_SCHEDULER
2015-08-18 18:45:38(pid=30420,tid=1) : LineAlarmManager (D) : cancelSchedule(alarmType=FETCH_OP_SCHEDULER)
2015-08-18 18:49:43(pid=30420,tid=65183) : LineAlarmManager (D) : cancelSchedule(alarmType=FETCH_OP_TIMEOUT_FOR_PUSH)
2015-08-18 18:49:43(pid=30420,tid=65183) : LineAlarmManager (D) : setSchedule(alarmType=FETCH_OP_SCHEDULER, schedule=18:49:46)
2015-08-18 18:49:48(pid=30420,tid=1) : LineAlarmManager (D) : receive alarm. alarmType=FETCH_OP_SCHEDULER
2015-08-18 18:49:48(pid=30420,tid=1) : LineAlarmManager (D) : cancelSchedule(alarmType=FETCH_OP_SCHEDULER)
2015-08-18 18:54:23(pid=30420,tid=64968) : LineAlarmManager (D) : cancelSchedule(alarmType=FETCH_OP_TIMEOUT_FOR_PUSH)
2015-08-18 18:54:23(pid=30420,tid=64968) : LineAlarmManager (D) : setSchedule(alarmType=FETCH_OP_SCHEDULER, schedule=18:54:32)
2015-08-18 18:54:32(pid=30420,tid=1) : LineAlarmManager (D) : receive alarm. alarmType=FETCH_OP_SCHEDULER
2015-08-18 18:54:32(pid=30420,tid=1) : LineAlarmManager (D) : cancelSchedule(alarmType=FETCH_OP_SCHEDULER)
2015-08-18 18:56:23(pid=30420,tid=64961) : LineAlarmManager (D) : cancelSchedule(alarmType=FETCH_OP_TIMEOUT_FOR_PUSH)
2015-08-18 18:56:23(pid=30420,tid=64961) : LineAlarmManager (D) : setSchedule(alarmType=FETCH_OP_SCHEDULER, schedule=18:56:50)
2015-08-18 18:56:50(pid=30420,tid=1) : LineAlarmManager (D) : receive alarm. alarmType=FETCH_OP_SCHEDULER
2015-08-18 18:56:50(pid=30420,tid=1) : LineAlarmManager (D) : cancelSchedule(alarmType=FETCH_OP_SCHEDULER)
2015-08-18 18:59:25(pid=30420,tid=64969) : LineAlarmManager (D) : cancelSchedule(alarmType=FETCH_OP_TIMEOUT_FOR_PUSH)
2015-08-18 18:59:25(pid=30420,tid=64969) : LineAlarmManager (D) : setSchedule(alarmType=FETCH_OP_SCHEDULER, schedule=19:00:46)
2015-08-18 18:59:37(pid=30420,tid=1) : LineAlarmManager (D) : cancelSchedule(alarmType=FETCH_OP_SCHEDULER)
2015-08-18 18:59:38(pid=30420,tid=64965) : LineAlarmManager (D) : cancelSchedule(alarmType=FETCH_OP_TIMEOUT_FOR_PUSH)
2015-08-18 18:59:38(pid=30420,tid=64965) : LineAlarmManager (D) : cancelSchedule(alarmType=BG_POLLING_TIMEOUT)
2015-08-18 18:59:38(pid=30420,tid=64965) : LineAlarmManager (D) : setSchedule(alarmType=BG_POLLING_TIMEOUT, schedule=21:19:38)
2015-08-18 19:02:05(pid=30420,tid=64969) : LineAlarmManager (D) : cancelSchedule(alarmType=FETCH_OP_TIMEOUT_FOR_PUSH)
2015-08-18 19:02:05(pid=30420,tid=64969) : LineAlarmManager (D) : setSchedule(alarmType=FETCH_OP_SCHEDULER, schedule=19:02:06)
2015-08-18 19:02:07(pid=30420,tid=1) : LineAlarmManager (D) : receive alarm. alarmType=FETCH_OP_SCHEDULER
2015-08-18 19:02:07(pid=30420,tid=1) : LineAlarmManager (D) : cancelSchedule(alarmType=FETCH_OP_SCHEDULER)
2015-08-18 19:02:15(pid=30420,tid=65183) : LineAlarmManager (D) : cancelSchedule(alarmType=FETCH_OP_TIMEOUT_FOR_PUSH)
2015-08-18 19:02:15(pid=30420,tid=65183) : LineAlarmManager (D) : cancelSchedule(alarmType=BG_POLLING_TIMEOUT)
2015-08-18 19:02:15(pid=30420,tid=65183) : LineAlarmManager (D) : setSchedule(alarmType=BG_POLLING_TIMEOUT, schedule=21:22:15)
2015-08-18 19:03:24(pid=30420,tid=64969) : LineAlarmManager (D) : cancelSchedule(alarmType=FETCH_OP_TIMEOUT_FOR_PUSH)
2015-08-18 19:03:24(pid=30420,tid=64969) : LineAlarmManager (D) : cancelSchedule(alarmType=BG_POLLING_TIMEOUT)
2015-08-18 19:03:24(pid=30420,tid=64969) : LineAlarmManager (D) : setSchedule(alarmType=BG_POLLING_TIMEOUT, schedule=21:23:24)
2015-08-18 19:09:21(pid=30420,tid=65261) : LineAlarmManager (D) : cancelSchedule(alarmType=FETCH_OP_TIMEOUT_FOR_PUSH)
2015-08-18 19:09:21(pid=30420,tid=65261) : LineAlarmManager (D) : setSchedule(alarmType=FETCH_OP_SCHEDULER, schedule=19:09:22)
2015-08-18 19:09:31(pid=30420,tid=1) : LineAlarmManager (D) : cancelSchedule(alarmType=FETCH_OP_SCHEDULER)
2015-08-18 19:09:32(pid=30420,tid=1) : LineAlarmManager (D) : receive alarm. alarmType=FETCH_OP_SCHEDULER
2015-08-18 19:12:11(pid=30420,tid=64969) : LineAlarmManager (D) : cancelSchedule(alarmType=BG_POLLING_TIMEOUT)
2015-08-18 19:12:12(pid=30420,tid=65261) : LineAlarmManager (D) : cancelSchedule(alarmType=FETCH_OP_TIMEOUT_FOR_PUSH)
2015-08-18 19:12:12(pid=30420,tid=65261) : LineAlarmManager (D) : cancelSchedule(alarmType=BG_POLLING_TIMEOUT)
2015-08-18 19:12:13(pid=30420,tid=64961) : LineAlarmManager (D) : cancelSchedule(alarmType=FETCH_OP_TIMEOUT_FOR_PUSH)
2015-08-18 19:12:13(pid=30420,tid=64961) : LineAlarmManager (D) : cancelSchedule(alarmType=BG_POLLING_TIMEOUT)
2015-08-18 19:12:15(pid=30420,tid=64961) : LineAlarmManager (D) : cancelSchedule(alarmType=FETCH_OP_TIMEOUT_FOR_PUSH)
2015-08-18 19:12:15(pid=30420,tid=64961) : LineAlarmManager (D) : cancelSchedule(alarmType=BG_POLLING_TIMEOUT)
2015-08-18 19:12:22(pid=30420,tid=65151) : LineAlarmManager (D) : setSchedule(alarmType=AUTO_RESEND_TIMEOUT, schedule=20:12:22)
2015-08-18 19:12:22(pid=30420,tid=65151) : LineAlarmManager (D) : setSchedule(alarmType=AUTO_RESEND_NEXT_RETRY, schedule=19:12:52)
2015-08-18 19:12:22(pid=30420,tid=65228) : LineAlarmManager (D) : cancelSchedule(alarmType=AUTO_RESEND_TIMEOUT)
2015-08-18 19:12:22(pid=30420,tid=65228) : LineAlarmManager (D) : cancelSchedule(alarmType=AUTO_RESEND_NEXT_RETRY)
2015-08-18 19:12:22(pid=30420,tid=64961) : LineAlarmManager (D) : cancelSchedule(alarmType=FETCH_OP_TIMEOUT_FOR_PUSH)
2015-08-18 19:12:22(pid=30420,tid=64961) : LineAlarmManager (D) : cancelSchedule(alarmType=BG_POLLING_TIMEOUT)
2015-08-18 19:12:22(pid=30420,tid=65204) : LineAlarmManager (D) : cancelSchedule(alarmType=AUTO_RESEND_TIMEOUT)
2015-08-18 19:12:22(pid=30420,tid=65204) : LineAlarmManager (D) : cancelSchedule(alarmType=AUTO_RESEND_NEXT_RETRY)
2015-08-18 19:12:23(pid=30420,tid=65204) : LineAlarmManager (D) : cancelSchedule(alarmType=FETCH_OP_TIMEOUT_FOR_PUSH)
2015-08-18 19:12:23(pid=30420,tid=65204) : LineAlarmManager (D) : cancelSchedule(alarmType=BG_POLLING_TIMEOUT)
2015-08-18 19:12:23(pid=30420,tid=65151) : LineAlarmManager (D) : cancelSchedule(alarmType=FETCH_OP_TIMEOUT_FOR_PUSH)
2015-08-18 19:12:23(pid=30420,tid=65151) : LineAlarmManager (D) : cancelSchedule(alarmType=BG_POLLING_TIMEOUT)
2015-08-18 19:12:23(pid=30420,tid=65228) : LineAlarmManager (D) : cancelSchedule(alarmType=FETCH_OP_TIMEOUT_FOR_PUSH)
2015-08-18 19:12:23(pid=30420,tid=65228) : LineAlarmManager (D) : cancelSchedule(alarmType=BG_POLLING_TIMEOUT)
2015-08-18 19:12:24(pid=30420,tid=65151) : LineAlarmManager (D) : cancelSchedule(alarmType=FETCH_OP_TIMEOUT_FOR_PUSH)
2015-08-18 19:12:24(pid=30420,tid=65151) : LineAlarmManager (D) : cancelSchedule(alarmType=BG_POLLING_TIMEOUT)
2015-08-18 19:12:25(pid=30420,tid=65316) : LineAlarmManager (D) : cancelSchedule(alarmType=FETCH_OP_TIMEOUT_FOR_PUSH)
2015-08-18 19:12:25(pid=30420,tid=65316) : LineAlarmManager (D) : cancelSchedule(alarmType=BG_POLLING_TIMEOUT)
2015-08-18 19:12:27(pid=30420,tid=64968) : LineAlarmManager (D) : cancelSchedule(alarmType=FETCH_OP_TIMEOUT_FOR_PUSH)
2015-08-18 19:12:27(pid=30420,tid=64968) : LineAlarmManager (D) : cancelSchedule(alarmType=BG_POLLING_TIMEOUT)
2015-08-18 19:12:28(pid=30420,tid=65151) : LineAlarmManager (D) : cancelSchedule(alarmType=FETCH_OP_TIMEOUT_FOR_PUSH)
2015-08-18 19:12:28(pid=30420,tid=65151) : LineAlarmManager (D) : cancelSchedule(alarmType=BG_POLLING_TIMEOUT)
2015-08-18 19:12:32(pid=30420,tid=64969) : LineAlarmManager (D) : cancelSchedule(alarmType=FETCH_OP_TIMEOUT_FOR_PUSH)
2015-08-18 19:12:32(pid=30420,tid=64969) : LineAlarmManager (D) : cancelSchedule(alarmType=BG_POLLING_TIMEOUT)
2015-08-18 19:12:33(pid=30420,tid=64969) : LineAlarmManager (D) : cancelSchedule(alarmType=FETCH_OP_TIMEOUT_FOR_PUSH)
2015-08-18 19:12:33(pid=30420,tid=64969) : LineAlarmManager (D) : cancelSchedule(alarmType=BG_POLLING_TIMEOUT)
2015-08-18 19:12:33(pid=30420,tid=64968) : LineAlarmManager (D) : cancelSchedule(alarmType=FETCH_OP_TIMEOUT_FOR_PUSH)
2015-08-18 19:12:33(pid=30420,tid=64968) : LineAlarmManager (D) : cancelSchedule(alarmType=BG_POLLING_TIMEOUT)
2015-08-18 19:12:35(pid=30420,tid=64968) : LineAlarmManager (D) : cancelSchedule(alarmType=FETCH_OP_TIMEOUT_FOR_PUSH)
2015-08-18 19:12:35(pid=30420,tid=64968) : LineAlarmManager (D) : cancelSchedule(alarmType=BG_POLLING_TIMEOUT)
2015-08-18 19:12:36(pid=30420,tid=64968) : LineAlarmManager (D) : cancelSchedule(alarmType=FETCH_OP_TIMEOUT_FOR_PUSH)
2015-08-18 19:12:36(pid=30420,tid=64968) : LineAlarmManager (D) : cancelSchedule(alarmType=BG_POLLING_TIMEOUT)
2015-08-18 19:12:36(pid=30420,tid=64969) : LineAlarmManager (D) : cancelSchedule(alarmType=FETCH_OP_TIMEOUT_FOR_PUSH)
2015-08-18 19:12:36(pid=30420,tid=64969) : LineAlarmManager (D) : cancelSchedule(alarmType=BG_POLLING_TIMEOUT)
2015-08-18 19:12:37(pid=30420,tid=65183) : LineAlarmManager (D) : cancelSchedule(alarmType=FETCH_OP_TIMEOUT_FOR_PUSH)
2015-08-18 19:12:37(pid=30420,tid=65183) : LineAlarmManager (D) : cancelSchedule(alarmType=BG_POLLING_TIMEOUT)
2015-08-18 19:12:40(pid=30420,tid=65151) : LineAlarmManager (D) : cancelSchedule(alarmType=FETCH_OP_TIMEOUT_FOR_PUSH)
2015-08-18 19:12:40(pid=30420,tid=65151) : LineAlarmManager (D) : cancelSchedule(alarmType=BG_POLLING_TIMEOUT)
2015-08-18 19:12:43(pid=30420,tid=65319) : LineAlarmManager (D) : cancelSchedule(alarmType=FETCH_OP_TIMEOUT_FOR_PUSH)
2015-08-18 19:12:43(pid=30420,tid=65319) : LineAlarmManager (D) : cancelSchedule(alarmType=BG_POLLING_TIMEOUT)
2015-08-18 19:12:44(pid=30420,tid=65151) : LineAlarmManager (D) : setSchedule(alarmType=AUTO_RESEND_TIMEOUT, schedule=20:12:44)
2015-08-18 19:12:44(pid=30420,tid=65151) : LineAlarmManager (D) : setSchedule(alarmType=AUTO_RESEND_NEXT_RETRY, schedule=19:13:14)
2015-08-18 19:12:45(pid=30420,tid=64961) : LineAlarmManager (D) : cancelSchedule(alarmType=AUTO_RESEND_TIMEOUT)
2015-08-18 19:12:45(pid=30420,tid=64961) : LineAlarmManager (D) : cancelSchedule(alarmType=AUTO_RESEND_NEXT_RETRY)
2015-08-18 19:12:45(pid=30420,tid=64969) : LineAlarmManager (D) : cancelSchedule(alarmType=FETCH_OP_TIMEOUT_FOR_PUSH)
2015-08-18 19:12:45(pid=30420,tid=64969) : LineAlarmManager (D) : cancelSchedule(alarmType=BG_POLLING_TIMEOUT)
2015-08-18 19:12:45(pid=30420,tid=64969) : LineAlarmManager (D) : cancelSchedule(alarmType=AUTO_RESEND_TIMEOUT)
2015-08-18 19:12:45(pid=30420,tid=64969) : LineAlarmManager (D) : cancelSchedule(alarmType=AUTO_RESEND_NEXT_RETRY)
2015-08-18 19:12:47(pid=30420,tid=65228) : LineAlarmManager (D) : cancelSchedule(alarmType=FETCH_OP_TIMEOUT_FOR_PUSH)
2015-08-18 19:12:47(pid=30420,tid=65228) : LineAlarmManager (D) : cancelSchedule(alarmType=BG_POLLING_TIMEOUT)
2015-08-18 19:12:50(pid=30420,tid=65228) : LineAlarmManager (D) : cancelSchedule(alarmType=FETCH_OP_TIMEOUT_FOR_PUSH)
2015-08-18 19:12:50(pid=30420,tid=65228) : LineAlarmManager (D) : cancelSchedule(alarmType=BG_POLLING_TIMEOUT)
2015-08-18 19:12:51(pid=30420,tid=64961) : LineAlarmManager (D) : cancelSchedule(alarmType=FETCH_OP_TIMEOUT_FOR_PUSH)
2015-08-18 19:12:51(pid=30420,tid=64961) : LineAlarmManager (D) : cancelSchedule(alarmType=BG_POLLING_TIMEOUT)
2015-08-18 19:13:23(pid=2515,tid=69528) : LineAlarmManager (D) : cancelSchedule(alarmType=FETCH_OP_TIMEOUT_FOR_PUSH)
2015-08-18 19:13:23(pid=2515,tid=69528) : LineAlarmManager (D) : cancelSchedule(alarmType=BG_POLLING_TIMEOUT)
2015-08-18 19:13:23(pid=2515,tid=69532) : LineAlarmManager (D) : setSchedule(alarmType=FETCH_OP_SCHEDULER, schedule=21:43:23)
2015-08-18 19:13:59(pid=4906,tid=1) : LineAlarmManager (D) : setSchedule(alarmType=FETCH_OP_SCHEDULER, schedule=19:46:59)
2015-08-18 19:14:23(pid=6278,tid=1) : LineAlarmManager (D) : setSchedule(alarmType=FETCH_OP_SCHEDULER, schedule=19:49:23)
2015-08-18 19:14:25(pid=6278,tid=1) : LineAlarmManager (D) : setSchedule(alarmType=FETCH_OP_SCHEDULER, schedule=19:46:25)
2015-08-18 19:14:32(pid=6526,tid=69952) : LineAlarmManager (D) : cancelSchedule(alarmType=FETCH_OP_TIMEOUT_FOR_PUSH)
2015-08-18 19:14:32(pid=6526,tid=69952) : LineAlarmManager (D) : cancelSchedule(alarmType=BG_POLLING_TIMEOUT)
2015-08-18 19:14:36(pid=6526,tid=69958) : LineAlarmManager (D) : setSchedule(alarmType=FETCH_OP_SCHEDULER, schedule=21:44:36)
2015-08-18 19:14:53(pid=8630,tid=1) : LineAlarmManager (D) : setSchedule(alarmType=FETCH_OP_SCHEDULER, schedule=19:46:53)
2015-08-18 19:15:02(pid=9467,tid=1) : LineAlarmManager (D) : setSchedule(alarmType=FETCH_OP_SCHEDULER, schedule=19:50:02)
2015-08-18 19:15:02(pid=9467,tid=70313) : LineAlarmManager (D) : cancelSchedule(alarmType=FETCH_OP_SCHEDULER)
2015-08-18 19:15:03(pid=9467,tid=70317) : LineAlarmManager (D) : cancelSchedule(alarmType=FETCH_OP_TIMEOUT_FOR_PUSH)
2015-08-18 19:15:03(pid=9467,tid=70317) : LineAlarmManager (D) : cancelSchedule(alarmType=BG_POLLING_TIMEOUT)
2015-08-18 19:15:03(pid=9467,tid=70318) : LineAlarmManager (D) : setSchedule(alarmType=FETCH_OP_SCHEDULER, schedule=21:45:03)
2015-08-18 19:15:15(pid=9467,tid=70313) : LineAlarmManager (D) : setSchedule(alarmType=FETCH_OP_SCHEDULER, schedule=19:50:15)
2015-08-18 19:15:37(pid=9467,tid=70316) : LineAlarmManager (D) : setSchedule(alarmType=FETCH_OP_SCHEDULER, schedule=19:47:37)
2015-08-18 19:21:03(pid=14686,tid=1) : LineAlarmManager (D) : setSchedule(alarmType=FETCH_OP_SCHEDULER, schedule=19:55:03)
2015-08-18 19:31:06(pid=30667,tid=1) : LineAlarmManager (D) : setSchedule(alarmType=FETCH_OP_SCHEDULER, schedule=20:02:06)
2015-08-18 19:36:49(pid=5960,tid=1) : LineAlarmManager (D) : setSchedule(alarmType=FETCH_OP_SCHEDULER, schedule=20:10:49)
2015-08-18 19:44:07(pid=15387,tid=1) : LineAlarmManager (D) : setSchedule(alarmType=FETCH_OP_SCHEDULER, schedule=20:16:07)
2015-08-18 19:50:22(pid=25900,tid=1) : LineAlarmManager (D) : setSchedule(alarmType=FETCH_OP_SCHEDULER, schedule=20:24:22)
2015-08-18 19:55:48(pid=32207,tid=1) : LineAlarmManager (D) : setSchedule(alarmType=FETCH_OP_SCHEDULER, schedule=20:26:48)
2015-08-18 19:55:57(pid=707,tid=1) : LineAlarmManager (D) : setSchedule(alarmType=FETCH_OP_SCHEDULER, schedule=20:29:57)
2015-08-18 19:56:05(pid=2015,tid=1) : LineAlarmManager (D) : setSchedule(alarmType=FETCH_OP_SCHEDULER, schedule=20:26:05)
2015-08-18 20:01:16(pid=8809,tid=1) : LineAlarmManager (D) : setSchedule(alarmType=FETCH_OP_SCHEDULER, schedule=20:32:16)
2015-08-18 20:05:44(pid=12589,tid=74082) : LineAlarmManager (D) : cancelSchedule(alarmType=FETCH_OP_TIMEOUT_FOR_PUSH)
2015-08-18 20:05:44(pid=12589,tid=74082) : LineAlarmManager (D) : cancelSchedule(alarmType=BG_POLLING_TIMEOUT)
2015-08-18 20:05:44(pid=12589,tid=74080) : LineAlarmManager (D) : setSchedule(alarmType=FETCH_OP_SCHEDULER, schedule=22:35:44)
2015-08-18 20:05:53(pid=12589,tid=74078) : LineAlarmManager (D) : setSchedule(alarmType=FETCH_OP_SCHEDULER, schedule=20:39:53)
2015-08-18 20:07:04(pid=14720,tid=1) : LineAlarmManager (D) : setSchedule(alarmType=FETCH_OP_SCHEDULER, schedule=20:42:04)
2015-08-18 20:07:49(pid=17184,tid=74504) : LineAlarmManager (D) : cancelSchedule(alarmType=FETCH_OP_TIMEOUT_FOR_PUSH)
2015-08-18 20:07:49(pid=17184,tid=74504) : LineAlarmManager (D) : cancelSchedule(alarmType=BG_POLLING_TIMEOUT)
2015-08-18 20:07:49(pid=17184,tid=74505) : LineAlarmManager (D) : setSchedule(alarmType=FETCH_OP_SCHEDULER, schedule=22:37:49)
2015-08-18 20:08:14(pid=17184,tid=74501) : LineAlarmManager (D) : setSchedule(alarmType=FETCH_OP_SCHEDULER, schedule=20:39:14)
2015-08-18 20:12:40(pid=23943,tid=1) : LineAlarmManager (D) : setSchedule(alarmType=FETCH_OP_SCHEDULER, schedule=20:43:40)
2015-08-18 20:17:23(pid=28626,tid=1) : LineAlarmManager (D) : setSchedule(alarmType=FETCH_OP_SCHEDULER, schedule=20:47:23)
2015-08-18 20:17:38(pid=30311,tid=1) : LineAlarmManager (D) : setSchedule(alarmType=FETCH_OP_SCHEDULER, schedule=20:50:38)
2015-08-18 20:22:35(pid=1695,tid=75293) : LineAlarmManager (D) : cancelSchedule(alarmType=FETCH_OP_TIMEOUT_FOR_PUSH)
2015-08-18 20:22:35(pid=1695,tid=75293) : LineAlarmManager (D) : cancelSchedule(alarmType=BG_POLLING_TIMEOUT)
2015-08-18 20:22:36(pid=1695,tid=75296) : LineAlarmManager (D) : setSchedule(alarmType=FETCH_OP_SCHEDULER, schedule=22:52:36)
2015-08-18 20:23:28(pid=3192,tid=75376) : LineAlarmManager (D) : cancelSchedule(alarmType=FETCH_OP_TIMEOUT_FOR_PUSH)
2015-08-18 20:23:28(pid=3192,tid=75376) : LineAlarmManager (D) : cancelSchedule(alarmType=BG_POLLING_TIMEOUT)
2015-08-18 20:23:28(pid=3192,tid=75376) : LineAlarmManager (D) : setSchedule(alarmType=BG_POLLING_TIMEOUT, schedule=22:43:28)
2015-08-18 21:22:45(pid=18689,tid=80766) : LineAlarmManager (D) : cancelSchedule(alarmType=FETCH_OP_TIMEOUT_FOR_PUSH)
2015-08-18 21:22:45(pid=18689,tid=80766) : LineAlarmManager (D) : cancelSchedule(alarmType=BG_POLLING_TIMEOUT)
2015-08-18 21:22:45(pid=18689,tid=80766) : LineAlarmManager (D) : setSchedule(alarmType=BG_POLLING_TIMEOUT, schedule=23:42:45)
2015-08-18 22:08:58(pid=7704,tid=85487) : LineAlarmManager (D) : cancelSchedule(alarmType=FETCH_OP_TIMEOUT_FOR_PUSH)
2015-08-18 22:08:58(pid=7704,tid=85487) : LineAlarmManager (D) : cancelSchedule(alarmType=BG_POLLING_TIMEOUT)
2015-08-18 22:08:58(pid=7704,tid=85487) : LineAlarmManager (D) : setSchedule(alarmType=BG_POLLING_TIMEOUT, schedule=00:28:58)
2015-08-18 22:40:53(pid=31469,tid=90998) : LineAlarmManager (D) : cancelSchedule(alarmType=BG_POLLING_TIMEOUT)
2015-08-18 22:40:53(pid=31469,tid=91025) : LineAlarmManager (D) : cancelSchedule(alarmType=FETCH_OP_TIMEOUT_FOR_PUSH)
2015-08-18 22:40:53(pid=31469,tid=91025) : LineAlarmManager (D) : cancelSchedule(alarmType=BG_POLLING_TIMEOUT)
2015-08-18 22:41:01(pid=31469,tid=91069) : LineAlarmManager (D) : cancelSchedule(alarmType=FETCH_OP_TIMEOUT_FOR_PUSH)
2015-08-18 22:41:01(pid=31469,tid=91069) : LineAlarmManager (D) : cancelSchedule(alarmType=BG_POLLING_TIMEOUT)
2015-08-18 22:41:39(pid=31469,tid=1) : LineAlarmManager (D) : setSchedule(alarmType=POLLING_STATE_CHECKER, schedule=22:46:39)
2015-08-18 22:41:39(pid=31469,tid=90964) : LineAlarmManager (D) : setSchedule(alarmType=POLLING_STATE_CHECKER, schedule=22:46:39)
2015-08-18 22:41:39(pid=31469,tid=90964) : LineAlarmManager (D) : cancelSchedule(alarmType=BG_POLLING_TIMEOUT)
2015-08-18 22:41:39(pid=31469,tid=90964) : LineAlarmManager (D) : setSchedule(alarmType=BG_POLLING_TIMEOUT, schedule=01:01:39)
2015-08-18 22:42:24(pid=31469,tid=90999) : LineAlarmManager (D) : cancelSchedule(alarmType=BG_POLLING_TIMEOUT)
2015-08-18 22:44:03(pid=31469,tid=90964) : LineAlarmManager (D) : setSchedule(alarmType=POLLING_STATE_CHECKER, schedule=22:49:03)
2015-08-18 22:44:03(pid=31469,tid=90964) : LineAlarmManager (D) : cancelSchedule(alarmType=BG_POLLING_TIMEOUT)
2015-08-18 22:44:03(pid=31469,tid=90964) : LineAlarmManager (D) : setSchedule(alarmType=BG_POLLING_TIMEOUT, schedule=01:04:03)
2015-08-18 22:49:04(pid=31469,tid=1) : LineAlarmManager (D) : receive alarm. alarmType=POLLING_STATE_CHECKER
2015-08-18 22:52:36(pid=31469,tid=1) : LineAlarmManager (D) : receive alarm. alarmType=FETCH_OP_SCHEDULER
2015-08-18 23:49:26(pid=31469,tid=91074) : LineAlarmManager (D) : cancelSchedule(alarmType=FETCH_OP_TIMEOUT_FOR_PUSH)
2015-08-18 23:49:26(pid=31469,tid=91074) : LineAlarmManager (D) : cancelSchedule(alarmType=BG_POLLING_TIMEOUT)
2015-08-18 23:49:26(pid=31469,tid=91074) : LineAlarmManager (D) : setSchedule(alarmType=BG_POLLING_TIMEOUT, schedule=02:09:26)
