2015-08-27 17:36:05(pid=5705,tid=29495) : LExecutorService (V) : worker wait (8,8) : [LINE] #2 
2015-08-27 17:36:05(pid=5705,tid=1) : LExecutorService (D) : execute : jp.naver.line.android.activity.chathistory.ChatCheckedQueue$1
2015-08-27 17:36:05(pid=5705,tid=29496) : LExecutorService (V) : worker awake (8,7) : [LINE] #3 
2015-08-27 17:36:05(pid=5705,tid=29496) : LExecutorService (D) : run : jp.naver.line.android.activity.chathistory.ChatCheckedQueue$1
2015-08-27 17:36:05(pid=5705,tid=29496) : LExecutorService (V) : worker wait (8,8) : [LINE] #3 
2015-08-27 17:36:05(pid=5705,tid=1) : LExecutorService (D) : execute : jp.naver.line.android.util.LineExecutorFutureTask
2015-08-27 17:36:05(pid=5705,tid=1) : LExecutorService (D) : execute : jp.naver.line.android.util.FixedThreadPoolDecorator$FWorker
2015-08-27 17:36:05(pid=5705,tid=29503) : LExecutorService (V) : worker awake (8,7) : [LINE] #8 
2015-08-27 17:36:05(pid=5705,tid=29503) : LExecutorService (D) : run : FWorker
2015-08-27 17:36:05(pid=5705,tid=29503) : LExecutorService (V) : f worker start (1) : [LINE] #8 FWorker 
2015-08-27 17:36:05(pid=5705,tid=29503) : LExecutorService (D) : run : jp.naver.line.android.analytics.AnalyticsLogWriter$1
2015-08-27 17:36:05(pid=5705,tid=29503) : LExecutorService (D) : execute : jp.naver.line.android.analytics.AnalyticsLogWriter$DeleteFileTask
2015-08-27 17:36:05(pid=5705,tid=29503) : LExecutorService (D) : run : jp.naver.line.android.analytics.AnalyticsLogWriter$DeleteFileTask
2015-08-27 17:36:05(pid=5705,tid=29503) : LExecutorService (V) : f worker end (0) : [LINE] #8 FWorker 
2015-08-27 17:36:05(pid=5705,tid=29503) : LExecutorService (V) : worker wait (8,8) : [LINE] #8 
2015-08-27 17:45:25(pid=5705,tid=1) : LExecutorService (D) : execute : jp.naver.line.android.service.push.SystemBroadcastReceiver$2
2015-08-27 17:45:25(pid=5705,tid=1) : LExecutorService (D) : execute : jp.naver.line.android.util.FixedThreadPoolDecorator$FWorker
2015-08-27 17:45:25(pid=5705,tid=29502) : LExecutorService (V) : worker awake (8,7) : [LINE] #7 
2015-08-27 17:45:25(pid=5705,tid=29502) : LExecutorService (D) : run : FWorker
2015-08-27 17:45:25(pid=5705,tid=29502) : LExecutorService (V) : f worker start (1) : [LINE] #7 FWorker 
2015-08-27 17:45:25(pid=5705,tid=29502) : LExecutorService (D) : run : jp.naver.line.android.service.push.SystemBroadcastReceiver$2
2015-08-27 17:45:25(pid=5705,tid=29502) : LExecutorService (V) : f worker end (0) : [LINE] #7 FWorker 
2015-08-27 17:45:25(pid=5705,tid=29502) : LExecutorService (V) : worker wait (8,8) : [LINE] #7 
2015-08-27 17:45:59(pid=5705,tid=1) : LExecutorService (D) : execute : jp.naver.line.android.activity.chathistory.ChatCheckedQueue$1
2015-08-27 17:45:59(pid=5705,tid=29490) : LExecutorService (V) : worker awake (8,7) : [LINE] #1 
2015-08-27 17:45:59(pid=5705,tid=29490) : LExecutorService (D) : run : jp.naver.line.android.activity.chathistory.ChatCheckedQueue$1
2015-08-27 17:45:59(pid=5705,tid=29490) : LExecutorService (V) : worker wait (8,8) : [LINE] #1 
2015-08-27 17:45:59(pid=5705,tid=1) : LExecutorService (D) : execute : jp.naver.line.android.debug.LineLogger$FileLogTask
2015-08-27 17:45:59(pid=5705,tid=29498) : LExecutorService (V) : worker awake (8,7) : [LINE] #5 
2015-08-27 17:45:59(pid=5705,tid=29498) : LExecutorService (D) : run : jp.naver.line.android.debug.LineLogger$FileLogTask
2015-08-27 17:45:59(pid=5705,tid=29498) : LExecutorService (V) : worker wait (8,8) : [LINE] #5 
2015-08-27 17:46:00(pid=5705,tid=1) : LExecutorService (D) : execute : jp.naver.line.android.activity.chathistory.ChatCheckedQueue$1
2015-08-27 17:46:00(pid=5705,tid=29500) : LExecutorService (V) : worker awake (8,7) : [LINE] #6 
2015-08-27 17:46:00(pid=5705,tid=29500) : LExecutorService (D) : run : jp.naver.line.android.activity.chathistory.ChatCheckedQueue$1
2015-08-27 17:46:00(pid=5705,tid=29500) : LExecutorService (V) : worker wait (8,8) : [LINE] #6 
2015-08-27 17:46:00(pid=5705,tid=1) : LExecutorService (D) : execute : jp.naver.line.android.status.UserStatusManager$1
2015-08-27 17:46:00(pid=5705,tid=29497) : LExecutorService (V) : worker awake (8,7) : [LINE] #4 
2015-08-27 17:46:00(pid=5705,tid=29497) : LExecutorService (D) : run : jp.naver.line.android.status.UserStatusManager$1
2015-08-27 17:46:00(pid=5705,tid=29497) : LExecutorService (V) : worker wait (8,8) : [LINE] #4 
2015-08-27 17:46:01(pid=5705,tid=1) : LExecutorService (D) : execute : jp.naver.line.android.activity.chathistory.ChatCheckedQueue$1
2015-08-27 17:46:01(pid=5705,tid=29495) : LExecutorService (V) : worker awake (8,7) : [LINE] #2 
2015-08-27 17:46:01(pid=5705,tid=29495) : LExecutorService (D) : run : jp.naver.line.android.activity.chathistory.ChatCheckedQueue$1
2015-08-27 17:46:01(pid=5705,tid=29495) : LExecutorService (V) : worker wait (8,8) : [LINE] #2 
2015-08-27 17:46:02(pid=5705,tid=1) : LExecutorService (D) : execute : jp.naver.line.android.activity.chathistory.ChatCheckedQueue$1
2015-08-27 17:46:02(pid=5705,tid=29496) : LExecutorService (V) : worker awake (8,7) : [LINE] #3 
2015-08-27 17:46:02(pid=5705,tid=29496) : LExecutorService (D) : run : jp.naver.line.android.activity.chathistory.ChatCheckedQueue$1
2015-08-27 17:46:02(pid=5705,tid=29496) : LExecutorService (V) : worker wait (8,8) : [LINE] #3 
2015-08-27 17:46:08(pid=5705,tid=1) : LExecutorService (D) : execute : jp.naver.line.android.debug.LineLogger$FileLogTask
2015-08-27 17:46:08(pid=5705,tid=29503) : LExecutorService (V) : worker awake (8,7) : [LINE] #8 
2015-08-27 17:46:08(pid=5705,tid=29503) : LExecutorService (D) : run : jp.naver.line.android.debug.LineLogger$FileLogTask
2015-08-27 17:46:08(pid=5705,tid=1) : LExecutorService (D) : execute : jp.naver.line.android.activity.chathistory.ChatCheckedQueue$1
2015-08-27 17:46:08(pid=5705,tid=29502) : LExecutorService (V) : worker awake (8,6) : [LINE] #7 
2015-08-27 17:46:08(pid=5705,tid=29502) : LExecutorService (D) : run : jp.naver.line.android.activity.chathistory.ChatCheckedQueue$1
2015-08-27 17:46:08(pid=5705,tid=29502) : LExecutorService (V) : worker wait (8,7) : [LINE] #7 
2015-08-27 17:46:08(pid=5705,tid=1) : LExecutorService (D) : execute : jp.naver.line.android.status.UserStatusManager$1
2015-08-27 17:46:08(pid=5705,tid=29490) : LExecutorService (V) : worker awake (8,6) : [LINE] #1 
2015-08-27 17:46:08(pid=5705,tid=29490) : LExecutorService (D) : run : jp.naver.line.android.status.UserStatusManager$1
2015-08-27 17:46:08(pid=5705,tid=29490) : LExecutorService (V) : worker wait (8,7) : [LINE] #1 
2015-08-27 17:46:08(pid=5705,tid=29503) : LExecutorService (V) : worker wait (8,8) : [LINE] #8 
2015-08-27 17:46:09(pid=5705,tid=1) : LExecutorService (D) : execute : jp.naver.line.android.activity.chathistory.ChatCheckedQueue$1
2015-08-27 17:46:09(pid=5705,tid=29498) : LExecutorService (V) : worker awake (8,7) : [LINE] #5 
2015-08-27 17:46:09(pid=5705,tid=29498) : LExecutorService (D) : run : jp.naver.line.android.activity.chathistory.ChatCheckedQueue$1
2015-08-27 17:46:09(pid=5705,tid=29498) : LExecutorService (V) : worker wait (8,8) : [LINE] #5 
2015-08-27 17:46:10(pid=5705,tid=1) : LExecutorService (D) : execute : jp.naver.line.android.activity.chathistory.ChatCheckedQueue$1
2015-08-27 17:46:10(pid=5705,tid=29500) : LExecutorService (V) : worker awake (8,7) : [LINE] #6 
2015-08-27 17:46:10(pid=5705,tid=29500) : LExecutorService (D) : run : jp.naver.line.android.activity.chathistory.ChatCheckedQueue$1
2015-08-27 17:46:10(pid=5705,tid=29500) : LExecutorService (V) : worker wait (8,8) : [LINE] #6 
2015-08-27 17:56:00(pid=5705,tid=1) : LExecutorService (D) : execute : jp.naver.line.android.activity.chathistory.ChatCheckedQueue$1
2015-08-27 17:56:00(pid=5705,tid=29497) : LExecutorService (V) : worker awake (8,7) : [LINE] #4 
2015-08-27 17:56:00(pid=5705,tid=29497) : LExecutorService (D) : run : jp.naver.line.android.activity.chathistory.ChatCheckedQueue$1
2015-08-27 17:56:00(pid=5705,tid=29497) : LExecutorService (V) : worker wait (8,8) : [LINE] #4 
2015-08-27 17:56:00(pid=5705,tid=1) : LExecutorService (D) : execute : jp.naver.line.android.activity.chathistory.ChatCheckedQueue$1
2015-08-27 17:56:00(pid=5705,tid=29495) : LExecutorService (V) : worker awake (8,7) : [LINE] #2 
2015-08-27 17:56:00(pid=5705,tid=29495) : LExecutorService (D) : run : jp.naver.line.android.activity.chathistory.ChatCheckedQueue$1
2015-08-27 17:56:00(pid=5705,tid=29495) : LExecutorService (D) : execute : jp.naver.line.android.debug.LineLogger$FileLogTask
2015-08-27 17:56:00(pid=5705,tid=29495) : LExecutorService (D) : run : jp.naver.line.android.debug.LineLogger$FileLogTask
2015-08-27 17:56:00(pid=5705,tid=29496) : LExecutorService (V) : worker awake (8,6) : [LINE] #3 
2015-08-27 17:56:00(pid=5705,tid=29496) : LExecutorService (V) : worker wait (8,7) : [LINE] #3 
2015-08-27 17:56:00(pid=5705,tid=1) : LExecutorService (D) : execute : jp.naver.line.android.status.UserStatusManager$1
2015-08-27 17:56:00(pid=5705,tid=29502) : LExecutorService (V) : worker awake (8,6) : [LINE] #7 
2015-08-27 17:56:00(pid=5705,tid=29502) : LExecutorService (D) : run : jp.naver.line.android.status.UserStatusManager$1
2015-08-27 17:56:00(pid=5705,tid=29502) : LExecutorService (V) : worker wait (8,7) : [LINE] #7 
2015-08-27 17:56:00(pid=5705,tid=29495) : LExecutorService (V) : worker wait (8,8) : [LINE] #2 
2015-08-27 17:56:01(pid=5705,tid=1) : LExecutorService (D) : execute : jp.naver.line.android.activity.chathistory.ChatCheckedQueue$1
2015-08-27 17:56:01(pid=5705,tid=29490) : LExecutorService (V) : worker awake (8,7) : [LINE] #1 
2015-08-27 17:56:01(pid=5705,tid=29490) : LExecutorService (D) : run : jp.naver.line.android.activity.chathistory.ChatCheckedQueue$1
2015-08-27 17:56:01(pid=5705,tid=29490) : LExecutorService (V) : worker wait (8,8) : [LINE] #1 
2015-08-27 17:56:02(pid=5705,tid=1) : LExecutorService (D) : execute : jp.naver.line.android.activity.chathistory.ChatCheckedQueue$1
2015-08-27 17:56:02(pid=5705,tid=29503) : LExecutorService (V) : worker awake (8,7) : [LINE] #8 
2015-08-27 17:56:02(pid=5705,tid=29503) : LExecutorService (D) : run : jp.naver.line.android.activity.chathistory.ChatCheckedQueue$1
2015-08-27 17:56:02(pid=5705,tid=29503) : LExecutorService (V) : worker wait (8,8) : [LINE] #8 
2015-08-27 17:56:07(pid=5705,tid=1) : LExecutorService (D) : execute : jp.naver.line.android.activity.chathistory.ChatCheckedQueue$1
2015-08-27 17:56:07(pid=5705,tid=29498) : LExecutorService (V) : worker awake (8,7) : [LINE] #5 
2015-08-27 17:56:07(pid=5705,tid=29498) : LExecutorService (D) : run : jp.naver.line.android.activity.chathistory.ChatCheckedQueue$1
2015-08-27 17:56:07(pid=5705,tid=29498) : LExecutorService (V) : worker wait (8,8) : [LINE] #5 
2015-08-27 17:56:07(pid=5705,tid=1) : LExecutorService (D) : execute : jp.naver.line.android.status.UserStatusManager$1
2015-08-27 17:56:07(pid=5705,tid=29500) : LExecutorService (V) : worker awake (8,7) : [LINE] #6 
2015-08-27 17:56:07(pid=5705,tid=29500) : LExecutorService (D) : run : jp.naver.line.android.status.UserStatusManager$1
2015-08-27 17:56:07(pid=5705,tid=29500) : LExecutorService (V) : worker wait (8,8) : [LINE] #6 
2015-08-27 17:56:08(pid=5705,tid=1) : LExecutorService (D) : execute : jp.naver.line.android.debug.LineLogger$FileLogTask
2015-08-27 17:56:08(pid=5705,tid=29497) : LExecutorService (V) : worker awake (8,7) : [LINE] #4 
2015-08-27 17:56:08(pid=5705,tid=29497) : LExecutorService (D) : run : jp.naver.line.android.debug.LineLogger$FileLogTask
2015-08-27 17:56:08(pid=5705,tid=1) : LExecutorService (D) : execute : jp.naver.line.android.activity.chathistory.ChatCheckedQueue$1
2015-08-27 17:56:08(pid=5705,tid=29496) : LExecutorService (V) : worker awake (8,6) : [LINE] #3 
2015-08-27 17:56:08(pid=5705,tid=29496) : LExecutorService (D) : run : jp.naver.line.android.activity.chathistory.ChatCheckedQueue$1
2015-08-27 17:56:08(pid=5705,tid=29496) : LExecutorService (V) : worker wait (8,7) : [LINE] #3 
2015-08-27 17:56:08(pid=5705,tid=29497) : LExecutorService (V) : worker wait (8,8) : [LINE] #4 
2015-08-27 17:56:08(pid=5705,tid=1) : LExecutorService (D) : execute : jp.naver.line.android.activity.chathistory.ChatCheckedQueue$1
2015-08-27 17:56:08(pid=5705,tid=29502) : LExecutorService (V) : worker awake (8,7) : [LINE] #7 
2015-08-27 17:56:08(pid=5705,tid=29502) : LExecutorService (D) : run : jp.naver.line.android.activity.chathistory.ChatCheckedQueue$1
2015-08-27 17:56:08(pid=5705,tid=29502) : LExecutorService (V) : worker wait (8,8) : [LINE] #7 
2015-08-27 18:05:59(pid=5705,tid=1) : LExecutorService (D) : execute : jp.naver.line.android.activity.chathistory.ChatCheckedQueue$1
2015-08-27 18:05:59(pid=5705,tid=29495) : LExecutorService (V) : worker awake (8,7) : [LINE] #2 
2015-08-27 18:05:59(pid=5705,tid=29495) : LExecutorService (D) : run : jp.naver.line.android.activity.chathistory.ChatCheckedQueue$1
2015-08-27 18:05:59(pid=5705,tid=29495) : LExecutorService (V) : worker wait (8,8) : [LINE] #2 
2015-08-27 18:05:59(pid=5705,tid=1) : LExecutorService (D) : execute : jp.naver.line.android.activity.chathistory.ChatCheckedQueue$1
2015-08-27 18:05:59(pid=5705,tid=29490) : LExecutorService (V) : worker awake (8,7) : [LINE] #1 
2015-08-27 18:05:59(pid=5705,tid=29490) : LExecutorService (D) : run : jp.naver.line.android.activity.chathistory.ChatCheckedQueue$1
2015-08-27 18:05:59(pid=5705,tid=29490) : LExecutorService (V) : worker wait (8,8) : [LINE] #1 
2015-08-27 18:05:59(pid=5705,tid=1) : LExecutorService (D) : execute : jp.naver.line.android.status.UserStatusManager$1
2015-08-27 18:05:59(pid=5705,tid=29503) : LExecutorService (V) : worker awake (8,7) : [LINE] #8 
2015-08-27 18:05:59(pid=5705,tid=29503) : LExecutorService (D) : run : jp.naver.line.android.status.UserStatusManager$1
2015-08-27 18:05:59(pid=5705,tid=29503) : LExecutorService (V) : worker wait (8,8) : [LINE] #8 
2015-08-27 18:06:02(pid=5705,tid=29548) : LExecutorService (D) : execute : jp.naver.line.android.debug.LineLogger$FileLogTask
2015-08-27 18:06:02(pid=5705,tid=29498) : LExecutorService (V) : worker awake (8,7) : [LINE] #5 
2015-08-27 18:06:02(pid=5705,tid=29498) : LExecutorService (D) : run : jp.naver.line.android.debug.LineLogger$FileLogTask
2015-08-27 18:06:02(pid=5705,tid=29498) : LExecutorService (V) : worker wait (8,8) : [LINE] #5 
2015-08-27 18:06:06(pid=5705,tid=1) : LExecutorService (D) : execute : jp.naver.line.android.activity.chathistory.ChatCheckedQueue$1
2015-08-27 18:06:06(pid=5705,tid=29500) : LExecutorService (V) : worker awake (8,7) : [LINE] #6 
2015-08-27 18:06:06(pid=5705,tid=29500) : LExecutorService (D) : run : jp.naver.line.android.activity.chathistory.ChatCheckedQueue$1
2015-08-27 18:06:06(pid=5705,tid=29500) : LExecutorService (V) : worker wait (8,8) : [LINE] #6 
2015-08-27 18:06:06(pid=5705,tid=1) : LExecutorService (D) : execute : jp.naver.line.android.status.UserStatusManager$1
2015-08-27 18:06:06(pid=5705,tid=29496) : LExecutorService (V) : worker awake (8,7) : [LINE] #3 
2015-08-27 18:06:06(pid=5705,tid=29496) : LExecutorService (D) : run : jp.naver.line.android.status.UserStatusManager$1
2015-08-27 18:06:06(pid=5705,tid=29496) : LExecutorService (V) : worker wait (8,8) : [LINE] #3 
2015-08-27 18:06:07(pid=5705,tid=1) : LExecutorService (D) : execute : jp.naver.line.android.activity.chathistory.ChatCheckedQueue$1
2015-08-27 18:06:07(pid=5705,tid=29497) : LExecutorService (V) : worker awake (8,7) : [LINE] #4 
2015-08-27 18:06:07(pid=5705,tid=29497) : LExecutorService (D) : run : jp.naver.line.android.activity.chathistory.ChatCheckedQueue$1
2015-08-27 18:06:07(pid=5705,tid=29497) : LExecutorService (V) : worker wait (8,8) : [LINE] #4 
2015-08-27 18:06:08(pid=5705,tid=1) : LExecutorService (D) : execute : jp.naver.line.android.activity.chathistory.ChatCheckedQueue$1
2015-08-27 18:06:08(pid=5705,tid=29502) : LExecutorService (V) : worker awake (8,7) : [LINE] #7 
2015-08-27 18:06:08(pid=5705,tid=29502) : LExecutorService (D) : run : jp.naver.line.android.activity.chathistory.ChatCheckedQueue$1
2015-08-27 18:06:08(pid=5705,tid=29502) : LExecutorService (V) : worker wait (8,8) : [LINE] #7 
2015-08-27 18:10:59(pid=5705,tid=1) : LExecutorService (D) : execute : jp.naver.line.android.debug.LineLogger$FileLogTask
2015-08-27 18:10:59(pid=5705,tid=29495) : LExecutorService (V) : worker awake (8,7) : [LINE] #2 
2015-08-27 18:10:59(pid=5705,tid=1) : LExecutorService (D) : execute : jp.naver.line.android.activity.chathistory.ChatCheckedQueue$1
2015-08-27 18:10:59(pid=5705,tid=29495) : LExecutorService (D) : run : jp.naver.line.android.debug.LineLogger$FileLogTask
2015-08-27 18:10:59(pid=5705,tid=29490) : LExecutorService (V) : worker awake (8,6) : [LINE] #1 
2015-08-27 18:10:59(pid=5705,tid=29490) : LExecutorService (D) : run : jp.naver.line.android.activity.chathistory.ChatCheckedQueue$1
2015-08-27 18:10:59(pid=5705,tid=29490) : LExecutorService (V) : worker wait (8,7) : [LINE] #1 
2015-08-27 18:10:59(pid=5705,tid=1) : LExecutorService (D) : execute : jp.naver.line.android.util.LineExecutorFutureTask
2015-08-27 18:10:59(pid=5705,tid=1) : LExecutorService (D) : execute : jp.naver.line.android.util.FixedThreadPoolDecorator$FWorker
2015-08-27 18:10:59(pid=5705,tid=29503) : LExecutorService (V) : worker awake (8,6) : [LINE] #8 
2015-08-27 18:10:59(pid=5705,tid=29503) : LExecutorService (D) : run : FWorker
2015-08-27 18:10:59(pid=5705,tid=29503) : LExecutorService (V) : f worker start (1) : [LINE] #8 FWorker 
2015-08-27 18:10:59(pid=5705,tid=29503) : LExecutorService (D) : run : jp.naver.line.android.analytics.AnalyticsLogWriter$1
2015-08-27 18:10:59(pid=5705,tid=29503) : LExecutorService (V) : f worker end (0) : [LINE] #8 FWorker 
2015-08-27 18:10:59(pid=5705,tid=29503) : LExecutorService (V) : worker wait (8,7) : [LINE] #8 
2015-08-27 18:10:59(pid=5705,tid=29495) : LExecutorService (V) : worker wait (8,8) : [LINE] #2 
2015-08-27 18:11:00(pid=5705,tid=1) : LExecutorService (D) : execute : jp.naver.line.android.activity.chathistory.ChatCheckedQueue$1
2015-08-27 18:11:00(pid=5705,tid=29498) : LExecutorService (V) : worker awake (8,7) : [LINE] #5 
2015-08-27 18:11:00(pid=5705,tid=29498) : LExecutorService (D) : run : jp.naver.line.android.activity.chathistory.ChatCheckedQueue$1
2015-08-27 18:11:00(pid=5705,tid=29498) : LExecutorService (V) : worker wait (8,8) : [LINE] #5 
2015-08-27 18:11:00(pid=5705,tid=1) : LExecutorService (D) : execute : jp.naver.line.android.status.UserStatusManager$1
2015-08-27 18:11:00(pid=5705,tid=29500) : LExecutorService (V) : worker awake (8,7) : [LINE] #6 
2015-08-27 18:11:00(pid=5705,tid=29500) : LExecutorService (D) : run : jp.naver.line.android.status.UserStatusManager$1
2015-08-27 18:11:00(pid=5705,tid=29500) : LExecutorService (V) : worker wait (8,8) : [LINE] #6 
2015-08-27 18:11:06(pid=5705,tid=1) : LExecutorService (D) : execute : jp.naver.line.android.activity.chathistory.ChatCheckedQueue$1
2015-08-27 18:11:06(pid=5705,tid=29496) : LExecutorService (V) : worker awake (8,7) : [LINE] #3 
2015-08-27 18:11:06(pid=5705,tid=29496) : LExecutorService (D) : run : jp.naver.line.android.activity.chathistory.ChatCheckedQueue$1
2015-08-27 18:11:06(pid=5705,tid=29496) : LExecutorService (V) : worker wait (8,8) : [LINE] #3 
2015-08-27 18:11:06(pid=5705,tid=1) : LExecutorService (D) : execute : jp.naver.line.android.status.UserStatusManager$1
2015-08-27 18:11:06(pid=5705,tid=29497) : LExecutorService (V) : worker awake (8,7) : [LINE] #4 
2015-08-27 18:11:06(pid=5705,tid=29497) : LExecutorService (D) : run : jp.naver.line.android.status.UserStatusManager$1
2015-08-27 18:11:06(pid=5705,tid=29497) : LExecutorService (V) : worker wait (8,8) : [LINE] #4 
2015-08-27 18:11:07(pid=5705,tid=1) : LExecutorService (D) : execute : jp.naver.line.android.activity.chathistory.ChatCheckedQueue$1
2015-08-27 18:11:07(pid=5705,tid=29502) : LExecutorService (V) : worker awake (8,7) : [LINE] #7 
2015-08-27 18:11:07(pid=5705,tid=29502) : LExecutorService (D) : run : jp.naver.line.android.activity.chathistory.ChatCheckedQueue$1
2015-08-27 18:11:07(pid=5705,tid=29502) : LExecutorService (V) : worker wait (8,8) : [LINE] #7 
2015-08-27 18:11:07(pid=5705,tid=1) : LExecutorService (D) : execute : jp.naver.line.android.debug.LineLogger$FileLogTask
2015-08-27 18:11:07(pid=5705,tid=29490) : LExecutorService (V) : worker awake (8,7) : [LINE] #1 
2015-08-27 18:11:07(pid=5705,tid=29490) : LExecutorService (D) : run : jp.naver.line.android.debug.LineLogger$FileLogTask
2015-08-27 18:11:07(pid=5705,tid=29490) : LExecutorService (V) : worker wait (8,8) : [LINE] #1 
2015-08-27 18:11:07(pid=5705,tid=1) : LExecutorService (D) : execute : jp.naver.line.android.activity.chathistory.ChatCheckedQueue$1
2015-08-27 18:11:07(pid=5705,tid=29503) : LExecutorService (V) : worker awake (8,7) : [LINE] #8 
2015-08-27 18:11:07(pid=5705,tid=29503) : LExecutorService (D) : run : jp.naver.line.android.activity.chathistory.ChatCheckedQueue$1
2015-08-27 18:11:07(pid=5705,tid=29503) : LExecutorService (V) : worker wait (8,8) : [LINE] #8 
2015-08-27 18:20:59(pid=5705,tid=1) : LExecutorService (D) : execute : jp.naver.line.android.activity.chathistory.ChatCheckedQueue$1
2015-08-27 18:20:59(pid=5705,tid=29495) : LExecutorService (V) : worker awake (8,7) : [LINE] #2 
2015-08-27 18:20:59(pid=5705,tid=29495) : LExecutorService (D) : run : jp.naver.line.android.activity.chathistory.ChatCheckedQueue$1
2015-08-27 18:20:59(pid=5705,tid=29495) : LExecutorService (V) : worker wait (8,8) : [LINE] #2 
2015-08-27 18:21:00(pid=5705,tid=1) : LExecutorService (D) : execute : jp.naver.line.android.activity.chathistory.ChatCheckedQueue$1
2015-08-27 18:21:00(pid=5705,tid=29498) : LExecutorService (V) : worker awake (8,7) : [LINE] #5 
2015-08-27 18:21:00(pid=5705,tid=29498) : LExecutorService (D) : run : jp.naver.line.android.activity.chathistory.ChatCheckedQueue$1
2015-08-27 18:21:00(pid=5705,tid=29498) : LExecutorService (V) : worker wait (8,8) : [LINE] #5 
2015-08-27 18:21:00(pid=5705,tid=1) : LExecutorService (D) : execute : jp.naver.line.android.status.UserStatusManager$1
2015-08-27 18:21:00(pid=5705,tid=29500) : LExecutorService (V) : worker awake (8,7) : [LINE] #6 
2015-08-27 18:21:00(pid=5705,tid=29500) : LExecutorService (D) : run : jp.naver.line.android.status.UserStatusManager$1
2015-08-27 18:21:00(pid=5705,tid=29500) : LExecutorService (V) : worker wait (8,8) : [LINE] #6 
2015-08-27 18:21:01(pid=5705,tid=29548) : LExecutorService (D) : execute : jp.naver.line.android.debug.LineLogger$FileLogTask
2015-08-27 18:21:01(pid=5705,tid=29496) : LExecutorService (V) : worker awake (8,7) : [LINE] #3 
2015-08-27 18:21:01(pid=5705,tid=29496) : LExecutorService (D) : run : jp.naver.line.android.debug.LineLogger$FileLogTask
2015-08-27 18:21:01(pid=5705,tid=29496) : LExecutorService (V) : worker wait (8,8) : [LINE] #3 
2015-08-27 18:21:05(pid=5705,tid=1) : LExecutorService (D) : execute : jp.naver.line.android.activity.chathistory.ChatCheckedQueue$1
2015-08-27 18:21:05(pid=5705,tid=29497) : LExecutorService (V) : worker awake (8,7) : [LINE] #4 
2015-08-27 18:21:05(pid=5705,tid=29497) : LExecutorService (D) : run : jp.naver.line.android.activity.chathistory.ChatCheckedQueue$1
2015-08-27 18:21:05(pid=5705,tid=29497) : LExecutorService (V) : worker wait (8,8) : [LINE] #4 
2015-08-27 18:21:05(pid=5705,tid=1) : LExecutorService (D) : execute : jp.naver.line.android.status.UserStatusManager$1
2015-08-27 18:21:05(pid=5705,tid=29502) : LExecutorService (V) : worker awake (8,7) : [LINE] #7 
2015-08-27 18:21:05(pid=5705,tid=29502) : LExecutorService (D) : run : jp.naver.line.android.status.UserStatusManager$1
2015-08-27 18:21:05(pid=5705,tid=29502) : LExecutorService (V) : worker wait (8,8) : [LINE] #7 
2015-08-27 18:21:06(pid=5705,tid=1) : LExecutorService (D) : execute : jp.naver.line.android.activity.chathistory.ChatCheckedQueue$1
2015-08-27 18:21:06(pid=5705,tid=29490) : LExecutorService (V) : worker awake (8,7) : [LINE] #1 
2015-08-27 18:21:06(pid=5705,tid=29490) : LExecutorService (D) : run : jp.naver.line.android.activity.chathistory.ChatCheckedQueue$1
2015-08-27 18:21:06(pid=5705,tid=29490) : LExecutorService (V) : worker wait (8,8) : [LINE] #1 
2015-08-27 18:21:07(pid=5705,tid=1) : LExecutorService (D) : execute : jp.naver.line.android.activity.chathistory.ChatCheckedQueue$1
2015-08-27 18:21:07(pid=5705,tid=29503) : LExecutorService (V) : worker awake (8,7) : [LINE] #8 
2015-08-27 18:21:07(pid=5705,tid=29503) : LExecutorService (D) : run : jp.naver.line.android.activity.chathistory.ChatCheckedQueue$1
2015-08-27 18:21:07(pid=5705,tid=29503) : LExecutorService (V) : worker wait (8,8) : [LINE] #8 
2015-08-27 18:27:22(pid=5705,tid=1) : LExecutorService (D) : execute : jp.naver.line.android.debug.LineLogger$FileLogTask
2015-08-27 18:27:22(pid=5705,tid=1) : LExecutorService (D) : execute : jp.naver.line.android.activity.chathistory.ChatCheckedQueue$1
2015-08-27 18:27:22(pid=5705,tid=29498) : LExecutorService (V) : worker awake (8,6) : [LINE] #5 
2015-08-27 18:27:22(pid=5705,tid=29498) : LExecutorService (D) : run : jp.naver.line.android.activity.chathistory.ChatCheckedQueue$1
2015-08-27 18:27:22(pid=5705,tid=29498) : LExecutorService (D) : run : jp.naver.line.android.debug.LineLogger$FileLogTask
2015-08-27 18:27:22(pid=5705,tid=29495) : LExecutorService (V) : worker awake (8,6) : [LINE] #2 
2015-08-27 18:27:22(pid=5705,tid=29495) : LExecutorService (V) : worker wait (8,7) : [LINE] #2 
2015-08-27 18:27:22(pid=5705,tid=29498) : LExecutorService (V) : worker wait (8,8) : [LINE] #5 
2015-08-27 18:27:23(pid=5705,tid=1) : LExecutorService (D) : execute : jp.naver.line.android.activity.chathistory.ChatCheckedQueue$1
2015-08-27 18:27:23(pid=5705,tid=29500) : LExecutorService (V) : worker awake (8,7) : [LINE] #6 
2015-08-27 18:27:23(pid=5705,tid=29500) : LExecutorService (D) : run : jp.naver.line.android.activity.chathistory.ChatCheckedQueue$1
2015-08-27 18:27:23(pid=5705,tid=29500) : LExecutorService (V) : worker wait (8,8) : [LINE] #6 
2015-08-27 18:27:25(pid=5705,tid=1) : LExecutorService (D) : execute : jp.naver.line.android.activity.chathistory.ChatCheckedQueue$1
2015-08-27 18:27:25(pid=5705,tid=29496) : LExecutorService (V) : worker awake (8,7) : [LINE] #3 
2015-08-27 18:27:25(pid=5705,tid=29496) : LExecutorService (D) : run : jp.naver.line.android.activity.chathistory.ChatCheckedQueue$1
2015-08-27 18:27:25(pid=5705,tid=29496) : LExecutorService (V) : worker wait (8,8) : [LINE] #3 
2015-08-27 18:27:25(pid=5705,tid=1) : LExecutorService (D) : execute : jp.naver.line.android.activity.chathistory.ChatCheckedQueue$1
2015-08-27 18:27:25(pid=5705,tid=29497) : LExecutorService (V) : worker awake (8,7) : [LINE] #4 
2015-08-27 18:27:25(pid=5705,tid=29497) : LExecutorService (D) : run : jp.naver.line.android.activity.chathistory.ChatCheckedQueue$1
2015-08-27 18:27:25(pid=5705,tid=29497) : LExecutorService (V) : worker wait (8,8) : [LINE] #4 
2015-08-27 18:27:26(pid=5705,tid=1) : LExecutorService (D) : execute : jp.naver.line.android.activity.chathistory.ChatCheckedQueue$1
2015-08-27 18:27:26(pid=5705,tid=29502) : LExecutorService (V) : worker awake (8,7) : [LINE] #7 
2015-08-27 18:27:26(pid=5705,tid=29502) : LExecutorService (D) : run : jp.naver.line.android.activity.chathistory.ChatCheckedQueue$1
2015-08-27 18:27:26(pid=5705,tid=29502) : LExecutorService (V) : worker wait (8,8) : [LINE] #7 
2015-08-27 18:27:26(pid=5705,tid=1) : LExecutorService (D) : execute : jp.naver.line.android.debug.LineLogger$FileLogTask
2015-08-27 18:27:26(pid=5705,tid=29490) : LExecutorService (V) : worker awake (8,7) : [LINE] #1 
2015-08-27 18:27:26(pid=5705,tid=29490) : LExecutorService (D) : run : jp.naver.line.android.debug.LineLogger$FileLogTask
2015-08-27 18:27:26(pid=5705,tid=29490) : LExecutorService (V) : worker wait (8,8) : [LINE] #1 
2015-08-27 18:42:22(pid=5705,tid=1) : LExecutorService (D) : execute : jp.naver.line.android.activity.chathistory.ChatCheckedQueue$1
2015-08-27 18:42:22(pid=5705,tid=29503) : LExecutorService (V) : worker awake (8,7) : [LINE] #8 
2015-08-27 18:42:22(pid=5705,tid=29503) : LExecutorService (D) : run : jp.naver.line.android.activity.chathistory.ChatCheckedQueue$1
2015-08-27 18:42:22(pid=5705,tid=29503) : LExecutorService (V) : worker wait (8,8) : [LINE] #8 
2015-08-27 18:42:23(pid=5705,tid=1) : LExecutorService (D) : execute : jp.naver.line.android.activity.chathistory.ChatCheckedQueue$1
2015-08-27 18:42:23(pid=5705,tid=29495) : LExecutorService (V) : worker awake (8,7) : [LINE] #2 
2015-08-27 18:42:23(pid=5705,tid=29495) : LExecutorService (D) : run : jp.naver.line.android.activity.chathistory.ChatCheckedQueue$1
2015-08-27 18:42:23(pid=5705,tid=29495) : LExecutorService (V) : worker wait (8,8) : [LINE] #2 
2015-08-27 18:42:23(pid=5705,tid=1) : LExecutorService (D) : execute : jp.naver.line.android.status.UserStatusManager$1
2015-08-27 18:42:23(pid=5705,tid=29498) : LExecutorService (V) : worker awake (8,7) : [LINE] #5 
2015-08-27 18:42:23(pid=5705,tid=29498) : LExecutorService (D) : run : jp.naver.line.android.status.UserStatusManager$1
2015-08-27 18:42:23(pid=5705,tid=29498) : LExecutorService (V) : worker wait (8,8) : [LINE] #5 
2015-08-27 18:42:23(pid=5705,tid=1) : LExecutorService (D) : execute : jp.naver.line.android.activity.chathistory.ChatCheckedQueue$1
2015-08-27 18:42:23(pid=5705,tid=29500) : LExecutorService (V) : worker awake (8,7) : [LINE] #6 
2015-08-27 18:42:23(pid=5705,tid=29500) : LExecutorService (D) : run : jp.naver.line.android.activity.chathistory.ChatCheckedQueue$1
2015-08-27 18:42:23(pid=5705,tid=29500) : LExecutorService (V) : worker wait (8,8) : [LINE] #6 
2015-08-27 18:42:24(pid=5705,tid=29548) : LExecutorService (D) : execute : jp.naver.line.android.debug.LineLogger$FileLogTask
2015-08-27 18:42:24(pid=5705,tid=29496) : LExecutorService (V) : worker awake (8,7) : [LINE] #3 
2015-08-27 18:42:24(pid=5705,tid=29496) : LExecutorService (D) : run : jp.naver.line.android.debug.LineLogger$FileLogTask
2015-08-27 18:42:24(pid=5705,tid=1) : LExecutorService (D) : execute : jp.naver.line.android.activity.chathistory.ChatCheckedQueue$1
2015-08-27 18:42:24(pid=5705,tid=29497) : LExecutorService (V) : worker awake (8,6) : [LINE] #4 
2015-08-27 18:42:24(pid=5705,tid=29497) : LExecutorService (D) : run : jp.naver.line.android.activity.chathistory.ChatCheckedQueue$1
2015-08-27 18:42:24(pid=5705,tid=29497) : LExecutorService (V) : worker wait (8,7) : [LINE] #4 
2015-08-27 18:42:24(pid=5705,tid=29496) : LExecutorService (V) : worker wait (8,8) : [LINE] #3 
2015-08-27 18:42:27(pid=5705,tid=1) : LExecutorService (D) : execute : jp.naver.line.android.activity.chathistory.ChatCheckedQueue$1
2015-08-27 18:42:27(pid=5705,tid=29502) : LExecutorService (V) : worker awake (8,7) : [LINE] #7 
2015-08-27 18:42:27(pid=5705,tid=29502) : LExecutorService (D) : run : jp.naver.line.android.activity.chathistory.ChatCheckedQueue$1
2015-08-27 18:42:27(pid=5705,tid=29502) : LExecutorService (V) : worker wait (8,8) : [LINE] #7 
2015-08-27 18:42:27(pid=5705,tid=1) : LExecutorService (D) : execute : jp.naver.line.android.status.UserStatusManager$1
2015-08-27 18:42:27(pid=5705,tid=29490) : LExecutorService (V) : worker awake (8,7) : [LINE] #1 
2015-08-27 18:42:27(pid=5705,tid=29490) : LExecutorService (D) : run : jp.naver.line.android.status.UserStatusManager$1
2015-08-27 18:42:27(pid=5705,tid=29490) : LExecutorService (V) : worker wait (8,8) : [LINE] #1 
2015-08-27 18:42:28(pid=5705,tid=1) : LExecutorService (D) : execute : jp.naver.line.android.activity.chathistory.ChatCheckedQueue$1
2015-08-27 18:42:28(pid=5705,tid=29503) : LExecutorService (V) : worker awake (8,7) : [LINE] #8 
2015-08-27 18:42:28(pid=5705,tid=29503) : LExecutorService (D) : run : jp.naver.line.android.activity.chathistory.ChatCheckedQueue$1
2015-08-27 18:42:28(pid=5705,tid=29503) : LExecutorService (V) : worker wait (8,8) : [LINE] #8 
2015-08-27 18:42:29(pid=5705,tid=1) : LExecutorService (D) : execute : jp.naver.line.android.activity.chathistory.ChatCheckedQueue$1
2015-08-27 18:42:29(pid=5705,tid=29495) : LExecutorService (V) : worker awake (8,7) : [LINE] #2 
2015-08-27 18:42:29(pid=5705,tid=29495) : LExecutorService (D) : run : jp.naver.line.android.activity.chathistory.ChatCheckedQueue$1
2015-08-27 18:42:29(pid=5705,tid=29495) : LExecutorService (V) : worker wait (8,8) : [LINE] #2 
2015-08-27 18:42:29(pid=5705,tid=1) : LExecutorService (D) : execute : jp.naver.line.android.util.LineExecutorFutureTask
2015-08-27 18:42:29(pid=5705,tid=1) : LExecutorService (D) : execute : jp.naver.line.android.util.FixedThreadPoolDecorator$FWorker
2015-08-27 18:42:29(pid=5705,tid=29498) : LExecutorService (V) : worker awake (8,7) : [LINE] #5 
2015-08-27 18:42:29(pid=5705,tid=29498) : LExecutorService (D) : run : FWorker
2015-08-27 18:42:29(pid=5705,tid=29498) : LExecutorService (V) : f worker start (1) : [LINE] #5 FWorker 
2015-08-27 18:42:29(pid=5705,tid=29498) : LExecutorService (D) : run : jp.naver.line.android.analytics.AnalyticsLogWriter$1
2015-08-27 18:42:29(pid=5705,tid=29498) : LExecutorService (D) : execute : jp.naver.line.android.debug.LineLogger$FileLogTask
2015-08-27 18:42:29(pid=5705,tid=29498) : LExecutorService (V) : f worker end (0) : [LINE] #5 FWorker 
2015-08-27 18:42:29(pid=5705,tid=29498) : LExecutorService (D) : run : jp.naver.line.android.debug.LineLogger$FileLogTask
2015-08-27 18:42:29(pid=5705,tid=29500) : LExecutorService (V) : worker awake (8,6) : [LINE] #6 
2015-08-27 18:42:29(pid=5705,tid=29500) : LExecutorService (V) : worker wait (8,7) : [LINE] #6 
2015-08-27 18:42:29(pid=5705,tid=29498) : LExecutorService (V) : worker wait (8,8) : [LINE] #5 
2015-08-27 18:52:22(pid=5705,tid=1) : LExecutorService (D) : execute : jp.naver.line.android.activity.chathistory.ChatCheckedQueue$1
2015-08-27 18:52:22(pid=5705,tid=29497) : LExecutorService (V) : worker awake (8,7) : [LINE] #4 
2015-08-27 18:52:22(pid=5705,tid=29497) : LExecutorService (D) : run : jp.naver.line.android.activity.chathistory.ChatCheckedQueue$1
2015-08-27 18:52:22(pid=5705,tid=29497) : LExecutorService (V) : worker wait (8,8) : [LINE] #4 
2015-08-27 18:52:22(pid=5705,tid=1) : LExecutorService (D) : execute : jp.naver.line.android.thrift.client.AuthErrorChecker$1
2015-08-27 18:52:22(pid=5705,tid=1) : LExecutorService (D) : execute : jp.naver.line.android.util.FixedThreadPoolDecorator$FWorker
2015-08-27 18:52:22(pid=5705,tid=29496) : LExecutorService (V) : worker awake (8,7) : [LINE] #3 
2015-08-27 18:52:22(pid=5705,tid=29496) : LExecutorService (D) : run : FWorker
2015-08-27 18:52:22(pid=5705,tid=29496) : LExecutorService (V) : f worker start (1) : [LINE] #3 FWorker 
2015-08-27 18:52:22(pid=5705,tid=29496) : LExecutorService (D) : run : jp.naver.line.android.thrift.client.AuthErrorChecker$1
2015-08-27 18:52:22(pid=5705,tid=29496) : LExecutorService (V) : f worker end (0) : [LINE] #3 FWorker 
2015-08-27 18:52:22(pid=5705,tid=29496) : LExecutorService (V) : worker wait (8,8) : [LINE] #3 
2015-08-27 18:52:23(pid=5705,tid=1) : LExecutorService (D) : execute : jp.naver.line.android.activity.chathistory.ChatCheckedQueue$1
2015-08-27 18:52:23(pid=5705,tid=29502) : LExecutorService (V) : worker awake (8,7) : [LINE] #7 
2015-08-27 18:52:23(pid=5705,tid=29502) : LExecutorService (D) : run : jp.naver.line.android.activity.chathistory.ChatCheckedQueue$1
2015-08-27 18:52:23(pid=5705,tid=29502) : LExecutorService (V) : worker wait (8,8) : [LINE] #7 
2015-08-27 18:52:23(pid=5705,tid=1) : LExecutorService (D) : execute : jp.naver.line.android.status.UserStatusManager$1
2015-08-27 18:52:23(pid=5705,tid=29490) : LExecutorService (V) : worker awake (8,7) : [LINE] #1 
2015-08-27 18:52:23(pid=5705,tid=29490) : LExecutorService (D) : run : jp.naver.line.android.status.UserStatusManager$1
2015-08-27 18:52:23(pid=5705,tid=29490) : LExecutorService (V) : worker wait (8,8) : [LINE] #1 
2015-08-27 18:52:26(pid=5705,tid=1) : LExecutorService (D) : execute : jp.naver.line.android.activity.chathistory.ChatCheckedQueue$1
2015-08-27 18:52:26(pid=5705,tid=29503) : LExecutorService (V) : worker awake (8,7) : [LINE] #8 
2015-08-27 18:52:26(pid=5705,tid=29503) : LExecutorService (D) : execute : jp.naver.line.android.debug.LineLogger$FileLogTask
2015-08-27 18:52:26(pid=5705,tid=29503) : LExecutorService (D) : run : jp.naver.line.android.activity.chathistory.ChatCheckedQueue$1
2015-08-27 18:52:26(pid=5705,tid=29503) : LExecutorService (D) : run : jp.naver.line.android.debug.LineLogger$FileLogTask
2015-08-27 18:52:26(pid=5705,tid=29495) : LExecutorService (V) : worker awake (8,6) : [LINE] #2 
2015-08-27 18:52:26(pid=5705,tid=29495) : LExecutorService (V) : worker wait (8,7) : [LINE] #2 
2015-08-27 18:52:26(pid=5705,tid=1) : LExecutorService (D) : execute : jp.naver.line.android.status.UserStatusManager$1
2015-08-27 18:52:26(pid=5705,tid=29500) : LExecutorService (V) : worker awake (8,6) : [LINE] #6 
2015-08-27 18:52:26(pid=5705,tid=29500) : LExecutorService (D) : run : jp.naver.line.android.status.UserStatusManager$1
2015-08-27 18:52:26(pid=5705,tid=29500) : LExecutorService (V) : worker wait (8,7) : [LINE] #6 
2015-08-27 18:52:27(pid=5705,tid=29503) : LExecutorService (V) : worker wait (8,8) : [LINE] #8 
2015-08-27 18:52:27(pid=5705,tid=1) : LExecutorService (D) : execute : jp.naver.line.android.activity.chathistory.ChatCheckedQueue$1
2015-08-27 18:52:27(pid=5705,tid=29498) : LExecutorService (V) : worker awake (8,7) : [LINE] #5 
2015-08-27 18:52:27(pid=5705,tid=29498) : LExecutorService (D) : run : jp.naver.line.android.activity.chathistory.ChatCheckedQueue$1
2015-08-27 18:52:27(pid=5705,tid=29498) : LExecutorService (V) : worker wait (8,8) : [LINE] #5 
2015-08-27 18:52:28(pid=5705,tid=1) : LExecutorService (D) : execute : jp.naver.line.android.activity.chathistory.ChatCheckedQueue$1
2015-08-27 18:52:28(pid=5705,tid=29497) : LExecutorService (V) : worker awake (8,7) : [LINE] #4 
2015-08-27 18:52:28(pid=5705,tid=29497) : LExecutorService (D) : run : jp.naver.line.android.activity.chathistory.ChatCheckedQueue$1
2015-08-27 18:52:28(pid=5705,tid=29497) : LExecutorService (V) : worker wait (8,8) : [LINE] #4 
2015-08-27 19:07:22(pid=5705,tid=1) : LExecutorService (D) : execute : jp.naver.line.android.activity.chathistory.ChatCheckedQueue$1
2015-08-27 19:07:22(pid=5705,tid=29496) : LExecutorService (V) : worker awake (8,7) : [LINE] #3 
2015-08-27 19:07:22(pid=5705,tid=29496) : LExecutorService (D) : run : jp.naver.line.android.activity.chathistory.ChatCheckedQueue$1
2015-08-27 19:07:22(pid=5705,tid=29496) : LExecutorService (V) : worker wait (8,8) : [LINE] #3 
2015-08-27 19:07:23(pid=5705,tid=1) : LExecutorService (D) : execute : jp.naver.line.android.activity.chathistory.ChatCheckedQueue$1
2015-08-27 19:07:23(pid=5705,tid=29502) : LExecutorService (V) : worker awake (8,7) : [LINE] #7 
2015-08-27 19:07:23(pid=5705,tid=29502) : LExecutorService (D) : run : jp.naver.line.android.activity.chathistory.ChatCheckedQueue$1
2015-08-27 19:07:23(pid=5705,tid=29502) : LExecutorService (V) : worker wait (8,8) : [LINE] #7 
2015-08-27 19:07:23(pid=5705,tid=1) : LExecutorService (D) : execute : jp.naver.line.android.debug.LineLogger$FileLogTask
2015-08-27 19:07:23(pid=5705,tid=29490) : LExecutorService (V) : worker awake (8,7) : [LINE] #1 
2015-08-27 19:07:23(pid=5705,tid=29490) : LExecutorService (D) : run : jp.naver.line.android.debug.LineLogger$FileLogTask
2015-08-27 19:07:23(pid=5705,tid=1) : LExecutorService (D) : execute : jp.naver.line.android.status.UserStatusManager$1
2015-08-27 19:07:23(pid=5705,tid=29495) : LExecutorService (V) : worker awake (8,6) : [LINE] #2 
2015-08-27 19:07:23(pid=5705,tid=29495) : LExecutorService (D) : run : jp.naver.line.android.status.UserStatusManager$1
2015-08-27 19:07:23(pid=5705,tid=29495) : LExecutorService (V) : worker wait (8,7) : [LINE] #2 
2015-08-27 19:07:23(pid=5705,tid=29490) : LExecutorService (V) : worker wait (8,8) : [LINE] #1 
2015-08-27 19:07:27(pid=5705,tid=1) : LExecutorService (D) : execute : jp.naver.line.android.activity.chathistory.ChatCheckedQueue$1
2015-08-27 19:07:27(pid=5705,tid=29500) : LExecutorService (V) : worker awake (8,7) : [LINE] #6 
2015-08-27 19:07:27(pid=5705,tid=29500) : LExecutorService (D) : run : jp.naver.line.android.activity.chathistory.ChatCheckedQueue$1
2015-08-27 19:07:27(pid=5705,tid=29500) : LExecutorService (V) : worker wait (8,8) : [LINE] #6 
2015-08-27 19:07:27(pid=5705,tid=1) : LExecutorService (D) : execute : jp.naver.line.android.status.UserStatusManager$1
2015-08-27 19:07:27(pid=5705,tid=29503) : LExecutorService (V) : worker awake (8,7) : [LINE] #8 
2015-08-27 19:07:27(pid=5705,tid=29503) : LExecutorService (D) : run : jp.naver.line.android.status.UserStatusManager$1
2015-08-27 19:07:27(pid=5705,tid=29503) : LExecutorService (V) : worker wait (8,8) : [LINE] #8 
2015-08-27 19:07:28(pid=5705,tid=1) : LExecutorService (D) : execute : jp.naver.line.android.activity.chathistory.ChatCheckedQueue$1
2015-08-27 19:07:28(pid=5705,tid=29498) : LExecutorService (V) : worker awake (8,7) : [LINE] #5 
2015-08-27 19:07:28(pid=5705,tid=29498) : LExecutorService (D) : run : jp.naver.line.android.activity.chathistory.ChatCheckedQueue$1
2015-08-27 19:07:28(pid=5705,tid=29498) : LExecutorService (V) : worker wait (8,8) : [LINE] #5 
2015-08-27 19:07:29(pid=5705,tid=1) : LExecutorService (D) : execute : jp.naver.line.android.activity.chathistory.ChatCheckedQueue$1
2015-08-27 19:07:29(pid=5705,tid=29497) : LExecutorService (V) : worker awake (8,7) : [LINE] #4 
2015-08-27 19:07:29(pid=5705,tid=29497) : LExecutorService (D) : run : jp.naver.line.android.activity.chathistory.ChatCheckedQueue$1
2015-08-27 19:07:29(pid=5705,tid=29497) : LExecutorService (V) : worker wait (8,8) : [LINE] #4 
2015-08-27 19:07:31(pid=5705,tid=29548) : LExecutorService (D) : execute : jp.naver.line.android.debug.LineLogger$FileLogTask
2015-08-27 19:07:31(pid=5705,tid=29496) : LExecutorService (V) : worker awake (8,7) : [LINE] #3 
2015-08-27 19:07:31(pid=5705,tid=29496) : LExecutorService (D) : run : jp.naver.line.android.debug.LineLogger$FileLogTask
2015-08-27 19:07:31(pid=5705,tid=29496) : LExecutorService (V) : worker wait (8,8) : [LINE] #3 
2015-08-27 19:22:23(pid=5705,tid=1) : LExecutorService (D) : execute : jp.naver.line.android.activity.chathistory.ChatCheckedQueue$1
2015-08-27 19:22:23(pid=5705,tid=29502) : LExecutorService (V) : worker awake (8,7) : [LINE] #7 
2015-08-27 19:22:23(pid=5705,tid=29502) : LExecutorService (D) : run : jp.naver.line.android.activity.chathistory.ChatCheckedQueue$1
2015-08-27 19:22:23(pid=5705,tid=29502) : LExecutorService (V) : worker wait (8,8) : [LINE] #7 
2015-08-27 19:22:24(pid=5705,tid=1) : LExecutorService (D) : execute : jp.naver.line.android.activity.chathistory.ChatCheckedQueue$1
2015-08-27 19:22:24(pid=5705,tid=29495) : LExecutorService (V) : worker awake (8,7) : [LINE] #2 
2015-08-27 19:22:24(pid=5705,tid=29495) : LExecutorService (D) : run : jp.naver.line.android.activity.chathistory.ChatCheckedQueue$1
2015-08-27 19:22:24(pid=5705,tid=29495) : LExecutorService (V) : worker wait (8,8) : [LINE] #2 
2015-08-27 19:22:25(pid=5705,tid=1) : LExecutorService (D) : execute : jp.naver.line.android.activity.chathistory.ChatCheckedQueue$1
2015-08-27 19:22:25(pid=5705,tid=29490) : LExecutorService (V) : worker awake (8,7) : [LINE] #1 
2015-08-27 19:22:25(pid=5705,tid=29490) : LExecutorService (D) : run : jp.naver.line.android.activity.chathistory.ChatCheckedQueue$1
2015-08-27 19:22:25(pid=5705,tid=29490) : LExecutorService (V) : worker wait (8,8) : [LINE] #1 
2015-08-27 19:22:25(pid=5705,tid=1) : LExecutorService (D) : execute : jp.naver.line.android.activity.chathistory.ChatCheckedQueue$1
2015-08-27 19:22:25(pid=5705,tid=29500) : LExecutorService (V) : worker awake (8,7) : [LINE] #6 
2015-08-27 19:22:25(pid=5705,tid=29500) : LExecutorService (D) : run : jp.naver.line.android.activity.chathistory.ChatCheckedQueue$1
2015-08-27 19:22:25(pid=5705,tid=29500) : LExecutorService (V) : worker wait (8,8) : [LINE] #6 
2015-08-27 19:22:25(pid=5705,tid=1) : LExecutorService (D) : execute : jp.naver.line.android.debug.LineLogger$FileLogTask
2015-08-27 19:22:25(pid=5705,tid=29503) : LExecutorService (V) : worker awake (8,7) : [LINE] #8 
2015-08-27 19:22:25(pid=5705,tid=29503) : LExecutorService (D) : run : jp.naver.line.android.debug.LineLogger$FileLogTask
2015-08-27 19:22:25(pid=5705,tid=29503) : LExecutorService (V) : worker wait (8,8) : [LINE] #8 
2015-08-27 19:22:26(pid=5705,tid=1) : LExecutorService (D) : execute : jp.naver.line.android.activity.chathistory.ChatCheckedQueue$1
2015-08-27 19:22:26(pid=5705,tid=29498) : LExecutorService (V) : worker awake (8,7) : [LINE] #5 
2015-08-27 19:22:26(pid=5705,tid=29498) : LExecutorService (D) : run : jp.naver.line.android.activity.chathistory.ChatCheckedQueue$1
2015-08-27 19:22:26(pid=5705,tid=29498) : LExecutorService (V) : worker wait (8,8) : [LINE] #5 
2015-08-27 19:42:22(pid=5705,tid=1) : LExecutorService (D) : execute : jp.naver.line.android.activity.chathistory.ChatCheckedQueue$1
2015-08-27 19:42:22(pid=5705,tid=29497) : LExecutorService (V) : worker awake (8,7) : [LINE] #4 
2015-08-27 19:42:22(pid=5705,tid=29497) : LExecutorService (D) : run : jp.naver.line.android.activity.chathistory.ChatCheckedQueue$1
2015-08-27 19:42:22(pid=5705,tid=29497) : LExecutorService (V) : worker wait (8,8) : [LINE] #4 
2015-08-27 19:42:23(pid=5705,tid=1) : LExecutorService (D) : execute : jp.naver.line.android.activity.chathistory.ChatCheckedQueue$1
2015-08-27 19:42:23(pid=5705,tid=29496) : LExecutorService (V) : worker awake (8,7) : [LINE] #3 
2015-08-27 19:42:23(pid=5705,tid=29496) : LExecutorService (D) : run : jp.naver.line.android.activity.chathistory.ChatCheckedQueue$1
2015-08-27 19:42:23(pid=5705,tid=29496) : LExecutorService (V) : worker wait (8,8) : [LINE] #3 
2015-08-27 19:42:25(pid=5705,tid=1) : LExecutorService (D) : execute : jp.naver.line.android.activity.chathistory.ChatCheckedQueue$1
2015-08-27 19:42:25(pid=5705,tid=1) : LExecutorService (D) : execute : jp.naver.line.android.debug.LineLogger$FileLogTask
2015-08-27 19:42:25(pid=5705,tid=29495) : LExecutorService (V) : worker awake (8,6) : [LINE] #2 
2015-08-27 19:42:25(pid=5705,tid=29495) : LExecutorService (D) : run : jp.naver.line.android.activity.chathistory.ChatCheckedQueue$1
2015-08-27 19:42:25(pid=5705,tid=29495) : LExecutorService (D) : run : jp.naver.line.android.debug.LineLogger$FileLogTask
2015-08-27 19:42:25(pid=5705,tid=29502) : LExecutorService (V) : worker awake (8,6) : [LINE] #7 
2015-08-27 19:42:25(pid=5705,tid=29502) : LExecutorService (V) : worker wait (8,7) : [LINE] #7 
2015-08-27 19:42:25(pid=5705,tid=29495) : LExecutorService (V) : worker wait (8,8) : [LINE] #2 
2015-08-27 19:42:26(pid=5705,tid=1) : LExecutorService (D) : execute : jp.naver.line.android.activity.chathistory.ChatCheckedQueue$1
2015-08-27 19:42:26(pid=5705,tid=29490) : LExecutorService (V) : worker awake (8,7) : [LINE] #1 
2015-08-27 19:42:26(pid=5705,tid=29490) : LExecutorService (D) : run : jp.naver.line.android.activity.chathistory.ChatCheckedQueue$1
2015-08-27 19:42:26(pid=5705,tid=29490) : LExecutorService (V) : worker wait (8,8) : [LINE] #1 
2015-08-27 19:42:27(pid=5705,tid=1) : LExecutorService (D) : execute : jp.naver.line.android.activity.chathistory.ChatCheckedQueue$1
2015-08-27 19:42:27(pid=5705,tid=29500) : LExecutorService (V) : worker awake (8,7) : [LINE] #6 
2015-08-27 19:42:27(pid=5705,tid=29500) : LExecutorService (D) : run : jp.naver.line.android.activity.chathistory.ChatCheckedQueue$1
2015-08-27 19:42:27(pid=5705,tid=29500) : LExecutorService (V) : worker wait (8,8) : [LINE] #6 
2015-08-27 19:57:22(pid=5705,tid=1) : LExecutorService (D) : execute : jp.naver.line.android.activity.chathistory.ChatCheckedQueue$1
2015-08-27 19:57:22(pid=5705,tid=29503) : LExecutorService (V) : worker awake (8,7) : [LINE] #8 
2015-08-27 19:57:22(pid=5705,tid=29503) : LExecutorService (D) : run : jp.naver.line.android.activity.chathistory.ChatCheckedQueue$1
2015-08-27 19:57:22(pid=5705,tid=29503) : LExecutorService (V) : worker wait (8,8) : [LINE] #8 
2015-08-27 19:57:22(pid=5705,tid=1) : LExecutorService (D) : execute : jp.naver.line.android.util.LineExecutorFutureTask
2015-08-27 19:57:22(pid=5705,tid=1) : LExecutorService (D) : execute : jp.naver.line.android.util.FixedThreadPoolDecorator$FWorker
2015-08-27 19:57:22(pid=5705,tid=29498) : LExecutorService (V) : worker awake (8,7) : [LINE] #5 
2015-08-27 19:57:22(pid=5705,tid=29498) : LExecutorService (D) : run : FWorker
2015-08-27 19:57:22(pid=5705,tid=29498) : LExecutorService (V) : f worker start (1) : [LINE] #5 FWorker 
2015-08-27 19:57:22(pid=5705,tid=29498) : LExecutorService (D) : run : jp.naver.line.android.analytics.AnalyticsLogWriter$1
2015-08-27 19:57:22(pid=5705,tid=29498) : LExecutorService (V) : f worker end (0) : [LINE] #5 FWorker 
2015-08-27 19:57:22(pid=5705,tid=29498) : LExecutorService (V) : worker wait (8,8) : [LINE] #5 
2015-08-27 19:57:22(pid=5705,tid=1) : LExecutorService (D) : execute : jp.naver.line.android.debug.LineLogger$FileLogTask
2015-08-27 19:57:22(pid=5705,tid=29497) : LExecutorService (V) : worker awake (8,7) : [LINE] #4 
2015-08-27 19:57:22(pid=5705,tid=29497) : LExecutorService (D) : run : jp.naver.line.android.debug.LineLogger$FileLogTask
2015-08-27 19:57:22(pid=5705,tid=29497) : LExecutorService (V) : worker wait (8,8) : [LINE] #4 
2015-08-27 19:57:23(pid=5705,tid=1) : LExecutorService (D) : execute : jp.naver.line.android.activity.chathistory.ChatCheckedQueue$1
2015-08-27 19:57:23(pid=5705,tid=29496) : LExecutorService (V) : worker awake (8,7) : [LINE] #3 
2015-08-27 19:57:23(pid=5705,tid=29496) : LExecutorService (D) : run : jp.naver.line.android.activity.chathistory.ChatCheckedQueue$1
2015-08-27 19:57:23(pid=5705,tid=29496) : LExecutorService (V) : worker wait (8,8) : [LINE] #3 
2015-08-27 19:57:25(pid=5705,tid=1) : LExecutorService (D) : execute : jp.naver.line.android.activity.chathistory.ChatCheckedQueue$1
2015-08-27 19:57:25(pid=5705,tid=29502) : LExecutorService (V) : worker awake (8,7) : [LINE] #7 
2015-08-27 19:57:25(pid=5705,tid=29502) : LExecutorService (D) : run : jp.naver.line.android.activity.chathistory.ChatCheckedQueue$1
2015-08-27 19:57:25(pid=5705,tid=29502) : LExecutorService (V) : worker wait (8,8) : [LINE] #7 
2015-08-27 19:57:25(pid=5705,tid=1) : LExecutorService (D) : execute : jp.naver.line.android.activity.chathistory.ChatCheckedQueue$1
2015-08-27 19:57:25(pid=5705,tid=29495) : LExecutorService (V) : worker awake (8,7) : [LINE] #2 
2015-08-27 19:57:25(pid=5705,tid=29495) : LExecutorService (D) : run : jp.naver.line.android.activity.chathistory.ChatCheckedQueue$1
2015-08-27 19:57:25(pid=5705,tid=29495) : LExecutorService (V) : worker wait (8,8) : [LINE] #2 
2015-08-27 19:57:26(pid=5705,tid=1) : LExecutorService (D) : execute : jp.naver.line.android.activity.chathistory.ChatCheckedQueue$1
2015-08-27 19:57:26(pid=5705,tid=29490) : LExecutorService (V) : worker awake (8,7) : [LINE] #1 
2015-08-27 19:57:26(pid=5705,tid=29490) : LExecutorService (D) : run : jp.naver.line.android.activity.chathistory.ChatCheckedQueue$1
2015-08-27 19:57:26(pid=5705,tid=29490) : LExecutorService (V) : worker wait (8,8) : [LINE] #1 
2015-08-27 19:57:26(pid=5705,tid=1) : LExecutorService (D) : execute : jp.naver.line.android.debug.LineLogger$FileLogTask
2015-08-27 19:57:26(pid=5705,tid=29500) : LExecutorService (V) : worker awake (8,7) : [LINE] #6 
2015-08-27 19:57:26(pid=5705,tid=29500) : LExecutorService (D) : run : jp.naver.line.android.debug.LineLogger$FileLogTask
2015-08-27 19:57:26(pid=5705,tid=29500) : LExecutorService (V) : worker wait (8,8) : [LINE] #6 
2015-08-27 20:17:22(pid=5705,tid=1) : LExecutorService (D) : execute : jp.naver.line.android.activity.chathistory.ChatCheckedQueue$1
2015-08-27 20:17:22(pid=5705,tid=29503) : LExecutorService (V) : worker awake (8,7) : [LINE] #8 
2015-08-27 20:17:22(pid=5705,tid=29503) : LExecutorService (D) : run : jp.naver.line.android.activity.chathistory.ChatCheckedQueue$1
2015-08-27 20:17:22(pid=5705,tid=29503) : LExecutorService (V) : worker wait (8,8) : [LINE] #8 
2015-08-27 20:17:23(pid=5705,tid=1) : LExecutorService (D) : execute : jp.naver.line.android.activity.chathistory.ChatCheckedQueue$1
2015-08-27 20:17:23(pid=5705,tid=29498) : LExecutorService (V) : worker awake (8,7) : [LINE] #5 
2015-08-27 20:17:23(pid=5705,tid=29498) : LExecutorService (D) : run : jp.naver.line.android.activity.chathistory.ChatCheckedQueue$1
2015-08-27 20:17:23(pid=5705,tid=29498) : LExecutorService (V) : worker wait (8,8) : [LINE] #5 
2015-08-27 20:17:23(pid=5705,tid=1) : LExecutorService (D) : execute : jp.naver.line.android.status.UserStatusManager$1
2015-08-27 20:17:23(pid=5705,tid=29497) : LExecutorService (V) : worker awake (8,7) : [LINE] #4 
2015-08-27 20:17:23(pid=5705,tid=29497) : LExecutorService (D) : run : jp.naver.line.android.status.UserStatusManager$1
2015-08-27 20:17:23(pid=5705,tid=29497) : LExecutorService (V) : worker wait (8,8) : [LINE] #4 
2015-08-27 20:17:26(pid=5705,tid=1) : LExecutorService (D) : execute : jp.naver.line.android.activity.chathistory.ChatCheckedQueue$1
2015-08-27 20:17:26(pid=5705,tid=29496) : LExecutorService (V) : worker awake (8,7) : [LINE] #3 
2015-08-27 20:17:26(pid=5705,tid=29496) : LExecutorService (D) : run : jp.naver.line.android.activity.chathistory.ChatCheckedQueue$1
2015-08-27 20:17:27(pid=5705,tid=29496) : LExecutorService (V) : worker wait (8,8) : [LINE] #3 
2015-08-27 20:17:27(pid=5705,tid=1) : LExecutorService (D) : execute : jp.naver.line.android.debug.LineLogger$FileLogTask
2015-08-27 20:17:27(pid=5705,tid=29502) : LExecutorService (V) : worker awake (8,7) : [LINE] #7 
2015-08-27 20:17:27(pid=5705,tid=29502) : LExecutorService (D) : run : jp.naver.line.android.debug.LineLogger$FileLogTask
2015-08-27 20:17:27(pid=5705,tid=1) : LExecutorService (D) : execute : jp.naver.line.android.status.UserStatusManager$1
2015-08-27 20:17:27(pid=5705,tid=29495) : LExecutorService (V) : worker awake (8,6) : [LINE] #2 
2015-08-27 20:17:27(pid=5705,tid=29495) : LExecutorService (D) : run : jp.naver.line.android.status.UserStatusManager$1
2015-08-27 20:17:27(pid=5705,tid=29495) : LExecutorService (V) : worker wait (8,7) : [LINE] #2 
2015-08-27 20:17:27(pid=5705,tid=29502) : LExecutorService (V) : worker wait (8,8) : [LINE] #7 
2015-08-27 20:17:27(pid=5705,tid=1) : LExecutorService (D) : execute : jp.naver.line.android.activity.chathistory.ChatCheckedQueue$1
2015-08-27 20:17:27(pid=5705,tid=29490) : LExecutorService (V) : worker awake (8,7) : [LINE] #1 
2015-08-27 20:17:27(pid=5705,tid=29490) : LExecutorService (D) : run : jp.naver.line.android.activity.chathistory.ChatCheckedQueue$1
2015-08-27 20:17:27(pid=5705,tid=29490) : LExecutorService (V) : worker wait (8,8) : [LINE] #1 
2015-08-27 20:17:28(pid=5705,tid=1) : LExecutorService (D) : execute : jp.naver.line.android.activity.chathistory.ChatCheckedQueue$1
2015-08-27 20:17:28(pid=5705,tid=29500) : LExecutorService (V) : worker awake (8,7) : [LINE] #6 
2015-08-27 20:17:28(pid=5705,tid=29500) : LExecutorService (D) : run : jp.naver.line.android.activity.chathistory.ChatCheckedQueue$1
2015-08-27 20:17:28(pid=5705,tid=29500) : LExecutorService (V) : worker wait (8,8) : [LINE] #6 
2015-08-27 20:32:22(pid=5705,tid=1) : LExecutorService (D) : execute : jp.naver.line.android.activity.chathistory.ChatCheckedQueue$1
2015-08-27 20:32:22(pid=5705,tid=29503) : LExecutorService (V) : worker awake (8,7) : [LINE] #8 
2015-08-27 20:32:22(pid=5705,tid=29503) : LExecutorService (D) : run : jp.naver.line.android.activity.chathistory.ChatCheckedQueue$1
2015-08-27 20:32:22(pid=5705,tid=29503) : LExecutorService (V) : worker wait (8,8) : [LINE] #8 
2015-08-27 20:32:22(pid=5705,tid=1) : LExecutorService (D) : execute : jp.naver.line.android.thrift.client.AuthErrorChecker$1
2015-08-27 20:32:22(pid=5705,tid=1) : LExecutorService (D) : execute : jp.naver.line.android.util.FixedThreadPoolDecorator$FWorker
2015-08-27 20:32:22(pid=5705,tid=29498) : LExecutorService (V) : worker awake (8,7) : [LINE] #5 
2015-08-27 20:32:22(pid=5705,tid=29498) : LExecutorService (D) : run : FWorker
2015-08-27 20:32:22(pid=5705,tid=29498) : LExecutorService (V) : f worker start (1) : [LINE] #5 FWorker 
2015-08-27 20:32:22(pid=5705,tid=29498) : LExecutorService (D) : run : jp.naver.line.android.thrift.client.AuthErrorChecker$1
2015-08-27 20:32:22(pid=5705,tid=29498) : LExecutorService (V) : f worker end (0) : [LINE] #5 FWorker 
2015-08-27 20:32:22(pid=5705,tid=29498) : LExecutorService (V) : worker wait (8,8) : [LINE] #5 
2015-08-27 20:32:22(pid=5705,tid=29498) : LExecutorService (D) : execute : jp.naver.line.android.debug.LineLogger$FileLogTask
2015-08-27 20:32:22(pid=5705,tid=29497) : LExecutorService (V) : worker awake (8,7) : [LINE] #4 
2015-08-27 20:32:22(pid=5705,tid=29497) : LExecutorService (D) : run : jp.naver.line.android.debug.LineLogger$FileLogTask
2015-08-27 20:32:22(pid=5705,tid=29497) : LExecutorService (V) : worker wait (8,8) : [LINE] #4 
2015-08-27 20:32:24(pid=5705,tid=1) : LExecutorService (D) : execute : jp.naver.line.android.activity.chathistory.ChatCheckedQueue$1
2015-08-27 20:32:24(pid=5705,tid=29496) : LExecutorService (V) : worker awake (8,7) : [LINE] #3 
2015-08-27 20:32:24(pid=5705,tid=29496) : LExecutorService (D) : run : jp.naver.line.android.activity.chathistory.ChatCheckedQueue$1
2015-08-27 20:32:24(pid=5705,tid=29496) : LExecutorService (V) : worker wait (8,8) : [LINE] #3 
2015-08-27 20:32:24(pid=5705,tid=1) : LExecutorService (D) : execute : jp.naver.line.android.activity.chathistory.ChatCheckedQueue$1
2015-08-27 20:32:24(pid=5705,tid=29495) : LExecutorService (V) : worker awake (8,7) : [LINE] #2 
2015-08-27 20:32:24(pid=5705,tid=29495) : LExecutorService (D) : run : jp.naver.line.android.activity.chathistory.ChatCheckedQueue$1
2015-08-27 20:32:24(pid=5705,tid=29495) : LExecutorService (V) : worker wait (8,8) : [LINE] #2 
2015-08-27 20:32:25(pid=5705,tid=1) : LExecutorService (D) : execute : jp.naver.line.android.activity.chathistory.ChatCheckedQueue$1
2015-08-27 20:32:25(pid=5705,tid=29502) : LExecutorService (V) : worker awake (8,7) : [LINE] #7 
2015-08-27 20:32:25(pid=5705,tid=29502) : LExecutorService (D) : run : jp.naver.line.android.activity.chathistory.ChatCheckedQueue$1
2015-08-27 20:32:25(pid=5705,tid=29502) : LExecutorService (V) : worker wait (8,8) : [LINE] #7 
2015-08-27 20:32:26(pid=5705,tid=1) : LExecutorService (D) : execute : jp.naver.line.android.activity.chathistory.ChatCheckedQueue$1
2015-08-27 20:32:26(pid=5705,tid=29490) : LExecutorService (V) : worker awake (8,7) : [LINE] #1 
2015-08-27 20:32:26(pid=5705,tid=29490) : LExecutorService (D) : run : jp.naver.line.android.activity.chathistory.ChatCheckedQueue$1
2015-08-27 20:32:26(pid=5705,tid=29490) : LExecutorService (V) : worker wait (8,8) : [LINE] #1 
2015-08-27 20:32:26(pid=5705,tid=1) : LExecutorService (D) : execute : jp.naver.line.android.debug.LineLogger$FileLogTask
2015-08-27 20:32:26(pid=5705,tid=29500) : LExecutorService (V) : worker awake (8,7) : [LINE] #6 
2015-08-27 20:32:26(pid=5705,tid=29500) : LExecutorService (D) : run : jp.naver.line.android.debug.LineLogger$FileLogTask
2015-08-27 20:32:26(pid=5705,tid=29500) : LExecutorService (V) : worker wait (8,8) : [LINE] #6 
2015-08-27 20:52:22(pid=5705,tid=1) : LExecutorService (D) : execute : jp.naver.line.android.activity.chathistory.ChatCheckedQueue$1
2015-08-27 20:52:22(pid=5705,tid=29503) : LExecutorService (V) : worker awake (8,7) : [LINE] #8 
2015-08-27 20:52:22(pid=5705,tid=29503) : LExecutorService (D) : run : jp.naver.line.android.activity.chathistory.ChatCheckedQueue$1
2015-08-27 20:52:22(pid=5705,tid=29503) : LExecutorService (V) : worker wait (8,8) : [LINE] #8 
2015-08-27 20:52:23(pid=5705,tid=1) : LExecutorService (D) : execute : jp.naver.line.android.activity.chathistory.ChatCheckedQueue$1
2015-08-27 20:52:23(pid=5705,tid=29498) : LExecutorService (V) : worker awake (8,7) : [LINE] #5 
2015-08-27 20:52:23(pid=5705,tid=29498) : LExecutorService (D) : run : jp.naver.line.android.activity.chathistory.ChatCheckedQueue$1
2015-08-27 20:52:23(pid=5705,tid=29498) : LExecutorService (V) : worker wait (8,8) : [LINE] #5 
2015-08-27 20:52:24(pid=5705,tid=1) : LExecutorService (D) : execute : jp.naver.line.android.activity.chathistory.ChatCheckedQueue$1
2015-08-27 20:52:24(pid=5705,tid=29497) : LExecutorService (V) : worker awake (8,7) : [LINE] #4 
2015-08-27 20:52:24(pid=5705,tid=29497) : LExecutorService (D) : run : jp.naver.line.android.activity.chathistory.ChatCheckedQueue$1
2015-08-27 20:52:24(pid=5705,tid=29497) : LExecutorService (V) : worker wait (8,8) : [LINE] #4 
2015-08-27 20:52:25(pid=5705,tid=1) : LExecutorService (D) : execute : jp.naver.line.android.activity.chathistory.ChatCheckedQueue$1
2015-08-27 20:52:25(pid=5705,tid=29496) : LExecutorService (V) : worker awake (8,7) : [LINE] #3 
2015-08-27 20:52:25(pid=5705,tid=29496) : LExecutorService (D) : run : jp.naver.line.android.activity.chathistory.ChatCheckedQueue$1
2015-08-27 20:52:25(pid=5705,tid=29496) : LExecutorService (D) : execute : jp.naver.line.android.debug.LineLogger$FileLogTask
2015-08-27 20:52:25(pid=5705,tid=29495) : LExecutorService (V) : worker awake (8,6) : [LINE] #2 
2015-08-27 20:52:25(pid=5705,tid=29496) : LExecutorService (V) : worker wait (8,7) : [LINE] #3 
2015-08-27 20:52:25(pid=5705,tid=29495) : LExecutorService (D) : run : jp.naver.line.android.debug.LineLogger$FileLogTask
2015-08-27 20:52:26(pid=5705,tid=29495) : LExecutorService (V) : worker wait (8,8) : [LINE] #2 
2015-08-27 20:52:26(pid=5705,tid=1) : LExecutorService (D) : execute : jp.naver.line.android.activity.chathistory.ChatCheckedQueue$1
2015-08-27 20:52:26(pid=5705,tid=29502) : LExecutorService (V) : worker awake (8,7) : [LINE] #7 
2015-08-27 20:52:26(pid=5705,tid=29502) : LExecutorService (D) : run : jp.naver.line.android.activity.chathistory.ChatCheckedQueue$1
2015-08-27 20:52:26(pid=5705,tid=29502) : LExecutorService (V) : worker wait (8,8) : [LINE] #7 
2015-08-27 21:12:22(pid=5705,tid=1) : LExecutorService (D) : execute : jp.naver.line.android.activity.chathistory.ChatCheckedQueue$1
2015-08-27 21:12:22(pid=5705,tid=29490) : LExecutorService (V) : worker awake (8,7) : [LINE] #1 
2015-08-27 21:12:22(pid=5705,tid=29490) : LExecutorService (D) : run : jp.naver.line.android.activity.chathistory.ChatCheckedQueue$1
2015-08-27 21:12:22(pid=5705,tid=29490) : LExecutorService (V) : worker wait (8,8) : [LINE] #1 
2015-08-27 21:12:23(pid=5705,tid=1) : LExecutorService (D) : execute : jp.naver.line.android.activity.chathistory.ChatCheckedQueue$1
2015-08-27 21:12:23(pid=5705,tid=29500) : LExecutorService (V) : worker awake (8,7) : [LINE] #6 
2015-08-27 21:12:23(pid=5705,tid=29500) : LExecutorService (D) : run : jp.naver.line.android.activity.chathistory.ChatCheckedQueue$1
2015-08-27 21:12:23(pid=5705,tid=29500) : LExecutorService (V) : worker wait (8,8) : [LINE] #6 
2015-08-27 21:12:23(pid=5705,tid=1) : LExecutorService (D) : execute : jp.naver.line.android.util.LineExecutorFutureTask
2015-08-27 21:12:23(pid=5705,tid=1) : LExecutorService (D) : execute : jp.naver.line.android.util.FixedThreadPoolDecorator$FWorker
2015-08-27 21:12:23(pid=5705,tid=29503) : LExecutorService (V) : worker awake (8,7) : [LINE] #8 
2015-08-27 21:12:23(pid=5705,tid=29503) : LExecutorService (D) : run : FWorker
2015-08-27 21:12:23(pid=5705,tid=29503) : LExecutorService (V) : f worker start (1) : [LINE] #8 FWorker 
2015-08-27 21:12:23(pid=5705,tid=29503) : LExecutorService (D) : run : jp.naver.line.android.analytics.AnalyticsLogWriter$1
2015-08-27 21:12:23(pid=5705,tid=29503) : LExecutorService (V) : f worker end (0) : [LINE] #8 FWorker 
2015-08-27 21:12:23(pid=5705,tid=29503) : LExecutorService (V) : worker wait (8,8) : [LINE] #8 
2015-08-27 21:12:23(pid=5705,tid=1) : LExecutorService (D) : execute : jp.naver.line.android.debug.LineLogger$FileLogTask
2015-08-27 21:12:23(pid=5705,tid=29498) : LExecutorService (V) : worker awake (8,7) : [LINE] #5 
2015-08-27 21:12:23(pid=5705,tid=29498) : LExecutorService (D) : run : jp.naver.line.android.debug.LineLogger$FileLogTask
2015-08-27 21:12:23(pid=5705,tid=29498) : LExecutorService (V) : worker wait (8,8) : [LINE] #5 
2015-08-27 21:12:25(pid=5705,tid=1) : LExecutorService (D) : execute : jp.naver.line.android.activity.chathistory.ChatCheckedQueue$1
2015-08-27 21:12:25(pid=5705,tid=29497) : LExecutorService (V) : worker awake (8,7) : [LINE] #4 
2015-08-27 21:12:25(pid=5705,tid=29497) : LExecutorService (D) : run : jp.naver.line.android.activity.chathistory.ChatCheckedQueue$1
2015-08-27 21:12:25(pid=5705,tid=29497) : LExecutorService (V) : worker wait (8,8) : [LINE] #4 
2015-08-27 21:12:25(pid=5705,tid=1) : LExecutorService (D) : execute : jp.naver.line.android.activity.chathistory.ChatCheckedQueue$1
2015-08-27 21:12:25(pid=5705,tid=29496) : LExecutorService (V) : worker awake (8,7) : [LINE] #3 
2015-08-27 21:12:25(pid=5705,tid=29496) : LExecutorService (D) : run : jp.naver.line.android.activity.chathistory.ChatCheckedQueue$1
2015-08-27 21:12:25(pid=5705,tid=29496) : LExecutorService (V) : worker wait (8,8) : [LINE] #3 
2015-08-27 21:12:26(pid=5705,tid=1) : LExecutorService (D) : execute : jp.naver.line.android.activity.chathistory.ChatCheckedQueue$1
2015-08-27 21:12:26(pid=5705,tid=29495) : LExecutorService (V) : worker awake (8,7) : [LINE] #2 
2015-08-27 21:12:26(pid=5705,tid=29495) : LExecutorService (D) : run : jp.naver.line.android.activity.chathistory.ChatCheckedQueue$1
2015-08-27 21:12:26(pid=5705,tid=29495) : LExecutorService (V) : worker wait (8,8) : [LINE] #2 
2015-08-27 21:32:22(pid=5705,tid=1) : LExecutorService (D) : execute : jp.naver.line.android.activity.chathistory.ChatCheckedQueue$1
2015-08-27 21:32:22(pid=5705,tid=1) : LExecutorService (D) : execute : jp.naver.line.android.debug.LineLogger$FileLogTask
2015-08-27 21:32:22(pid=5705,tid=29490) : LExecutorService (V) : worker awake (8,6) : [LINE] #1 
2015-08-27 21:32:22(pid=5705,tid=29490) : LExecutorService (D) : run : jp.naver.line.android.activity.chathistory.ChatCheckedQueue$1
2015-08-27 21:32:22(pid=5705,tid=29502) : LExecutorService (V) : worker awake (8,6) : [LINE] #7 
2015-08-27 21:32:22(pid=5705,tid=29490) : LExecutorService (V) : worker wait (8,7) : [LINE] #1 
2015-08-27 21:32:22(pid=5705,tid=29502) : LExecutorService (D) : run : jp.naver.line.android.debug.LineLogger$FileLogTask
2015-08-27 21:32:22(pid=5705,tid=29502) : LExecutorService (V) : worker wait (8,8) : [LINE] #7 
2015-08-27 21:32:24(pid=5705,tid=1) : LExecutorService (D) : execute : jp.naver.line.android.activity.chathistory.ChatCheckedQueue$1
2015-08-27 21:32:24(pid=5705,tid=29500) : LExecutorService (V) : worker awake (8,7) : [LINE] #6 
2015-08-27 21:32:24(pid=5705,tid=29500) : LExecutorService (D) : run : jp.naver.line.android.activity.chathistory.ChatCheckedQueue$1
2015-08-27 21:32:24(pid=5705,tid=29500) : LExecutorService (V) : worker wait (8,8) : [LINE] #6 
2015-08-27 21:32:24(pid=5705,tid=1) : LExecutorService (D) : execute : jp.naver.line.android.activity.chathistory.ChatCheckedQueue$1
2015-08-27 21:32:24(pid=5705,tid=29503) : LExecutorService (V) : worker awake (8,7) : [LINE] #8 
2015-08-27 21:32:24(pid=5705,tid=29503) : LExecutorService (D) : run : jp.naver.line.android.activity.chathistory.ChatCheckedQueue$1
2015-08-27 21:32:24(pid=5705,tid=29503) : LExecutorService (V) : worker wait (8,8) : [LINE] #8 
2015-08-27 21:32:25(pid=5705,tid=1) : LExecutorService (D) : execute : jp.naver.line.android.activity.chathistory.ChatCheckedQueue$1
2015-08-27 21:32:25(pid=5705,tid=29498) : LExecutorService (V) : worker awake (8,7) : [LINE] #5 
2015-08-27 21:32:25(pid=5705,tid=29498) : LExecutorService (D) : run : jp.naver.line.android.activity.chathistory.ChatCheckedQueue$1
2015-08-27 21:32:25(pid=5705,tid=29498) : LExecutorService (V) : worker wait (8,8) : [LINE] #5 
2015-08-27 21:32:26(pid=5705,tid=1) : LExecutorService (D) : execute : jp.naver.line.android.activity.chathistory.ChatCheckedQueue$1
2015-08-27 21:32:26(pid=5705,tid=29497) : LExecutorService (V) : worker awake (8,7) : [LINE] #4 
2015-08-27 21:32:26(pid=5705,tid=29497) : LExecutorService (D) : run : jp.naver.line.android.activity.chathistory.ChatCheckedQueue$1
2015-08-27 21:32:26(pid=5705,tid=29497) : LExecutorService (V) : worker wait (8,8) : [LINE] #4 
2015-08-27 21:32:26(pid=5705,tid=1) : LExecutorService (D) : execute : jp.naver.line.android.debug.LineLogger$FileLogTask
2015-08-27 21:32:26(pid=5705,tid=29496) : LExecutorService (V) : worker awake (8,7) : [LINE] #3 
2015-08-27 21:32:26(pid=5705,tid=29496) : LExecutorService (D) : run : jp.naver.line.android.debug.LineLogger$FileLogTask
2015-08-27 21:32:26(pid=5705,tid=29496) : LExecutorService (V) : worker wait (8,8) : [LINE] #3 
2015-08-27 21:52:22(pid=5705,tid=1) : LExecutorService (D) : execute : jp.naver.line.android.activity.chathistory.ChatCheckedQueue$1
2015-08-27 21:52:22(pid=5705,tid=29495) : LExecutorService (V) : worker awake (8,7) : [LINE] #2 
2015-08-27 21:52:22(pid=5705,tid=29495) : LExecutorService (D) : run : jp.naver.line.android.activity.chathistory.ChatCheckedQueue$1
2015-08-27 21:52:22(pid=5705,tid=29495) : LExecutorService (V) : worker wait (8,8) : [LINE] #2 
2015-08-27 21:52:24(pid=5705,tid=1) : LExecutorService (D) : execute : jp.naver.line.android.activity.chathistory.ChatCheckedQueue$1
2015-08-27 21:52:24(pid=5705,tid=29490) : LExecutorService (V) : worker awake (8,7) : [LINE] #1 
2015-08-27 21:52:24(pid=5705,tid=29490) : LExecutorService (D) : run : jp.naver.line.android.activity.chathistory.ChatCheckedQueue$1
2015-08-27 21:52:24(pid=5705,tid=29490) : LExecutorService (V) : worker wait (8,8) : [LINE] #1 
2015-08-27 21:52:25(pid=5705,tid=1) : LExecutorService (D) : execute : jp.naver.line.android.activity.chathistory.ChatCheckedQueue$1
2015-08-27 21:52:25(pid=5705,tid=29502) : LExecutorService (V) : worker awake (8,7) : [LINE] #7 
2015-08-27 21:52:25(pid=5705,tid=29502) : LExecutorService (D) : run : jp.naver.line.android.activity.chathistory.ChatCheckedQueue$1
2015-08-27 21:52:25(pid=5705,tid=29502) : LExecutorService (V) : worker wait (8,8) : [LINE] #7 
2015-08-27 21:52:26(pid=5705,tid=1) : LExecutorService (D) : execute : jp.naver.line.android.activity.chathistory.ChatCheckedQueue$1
2015-08-27 21:52:26(pid=5705,tid=29500) : LExecutorService (V) : worker awake (8,7) : [LINE] #6 
2015-08-27 21:52:26(pid=5705,tid=29500) : LExecutorService (D) : run : jp.naver.line.android.activity.chathistory.ChatCheckedQueue$1
2015-08-27 21:52:26(pid=5705,tid=29500) : LExecutorService (D) : execute : jp.naver.line.android.debug.LineLogger$FileLogTask
2015-08-27 21:52:26(pid=5705,tid=29503) : LExecutorService (V) : worker awake (8,6) : [LINE] #8 
2015-08-27 21:52:26(pid=5705,tid=29503) : LExecutorService (D) : run : jp.naver.line.android.debug.LineLogger$FileLogTask
2015-08-27 21:52:26(pid=5705,tid=29500) : LExecutorService (V) : worker wait (8,7) : [LINE] #6 
2015-08-27 21:52:26(pid=5705,tid=29503) : LExecutorService (V) : worker wait (8,8) : [LINE] #8 
2015-08-27 21:52:27(pid=5705,tid=1) : LExecutorService (D) : execute : jp.naver.line.android.activity.chathistory.ChatCheckedQueue$1
2015-08-27 21:52:27(pid=5705,tid=29498) : LExecutorService (V) : worker awake (8,7) : [LINE] #5 
2015-08-27 21:52:27(pid=5705,tid=29498) : LExecutorService (D) : run : jp.naver.line.android.activity.chathistory.ChatCheckedQueue$1
2015-08-27 21:52:27(pid=5705,tid=29498) : LExecutorService (V) : worker wait (8,8) : [LINE] #5 
2015-08-27 22:13:20(pid=5705,tid=1) : LExecutorService (D) : execute : jp.naver.line.android.activity.chathistory.ChatCheckedQueue$1
2015-08-27 22:13:20(pid=5705,tid=29497) : LExecutorService (V) : worker awake (8,7) : [LINE] #4 
2015-08-27 22:13:20(pid=5705,tid=29497) : LExecutorService (D) : run : jp.naver.line.android.activity.chathistory.ChatCheckedQueue$1
2015-08-27 22:13:20(pid=5705,tid=29497) : LExecutorService (V) : worker wait (8,8) : [LINE] #4 
2015-08-27 22:13:20(pid=5705,tid=1) : LExecutorService (D) : execute : jp.naver.line.android.thrift.client.AuthErrorChecker$1
2015-08-27 22:13:20(pid=5705,tid=1) : LExecutorService (D) : execute : jp.naver.line.android.util.FixedThreadPoolDecorator$FWorker
2015-08-27 22:13:20(pid=5705,tid=29496) : LExecutorService (V) : worker awake (8,7) : [LINE] #3 
2015-08-27 22:13:20(pid=5705,tid=29496) : LExecutorService (D) : run : FWorker
2015-08-27 22:13:20(pid=5705,tid=29496) : LExecutorService (V) : f worker start (1) : [LINE] #3 FWorker 
2015-08-27 22:13:20(pid=5705,tid=29496) : LExecutorService (D) : run : jp.naver.line.android.thrift.client.AuthErrorChecker$1
2015-08-27 22:13:20(pid=5705,tid=29496) : LExecutorService (V) : f worker end (0) : [LINE] #3 FWorker 
2015-08-27 22:13:20(pid=5705,tid=29496) : LExecutorService (V) : worker wait (8,8) : [LINE] #3 
2015-08-27 22:13:21(pid=5705,tid=1) : LExecutorService (D) : execute : jp.naver.line.android.activity.chathistory.ChatCheckedQueue$1
2015-08-27 22:13:21(pid=5705,tid=29495) : LExecutorService (V) : worker awake (8,7) : [LINE] #2 
2015-08-27 22:13:21(pid=5705,tid=29495) : LExecutorService (D) : run : jp.naver.line.android.activity.chathistory.ChatCheckedQueue$1
2015-08-27 22:13:21(pid=5705,tid=29495) : LExecutorService (V) : worker wait (8,8) : [LINE] #2 
2015-08-27 22:13:21(pid=5705,tid=1) : LExecutorService (D) : execute : jp.naver.line.android.debug.LineLogger$FileLogTask
2015-08-27 22:13:21(pid=5705,tid=29490) : LExecutorService (V) : worker awake (8,7) : [LINE] #1 
2015-08-27 22:13:21(pid=5705,tid=29490) : LExecutorService (D) : run : jp.naver.line.android.debug.LineLogger$FileLogTask
2015-08-27 22:13:21(pid=5705,tid=29490) : LExecutorService (V) : worker wait (8,8) : [LINE] #1 
2015-08-27 22:13:23(pid=5705,tid=1) : LExecutorService (D) : execute : jp.naver.line.android.activity.chathistory.ChatCheckedQueue$1
2015-08-27 22:13:23(pid=5705,tid=29502) : LExecutorService (V) : worker awake (8,7) : [LINE] #7 
2015-08-27 22:13:23(pid=5705,tid=29502) : LExecutorService (D) : run : jp.naver.line.android.activity.chathistory.ChatCheckedQueue$1
2015-08-27 22:13:23(pid=5705,tid=29502) : LExecutorService (V) : worker wait (8,8) : [LINE] #7 
2015-08-27 22:13:23(pid=5705,tid=1) : LExecutorService (D) : execute : jp.naver.line.android.activity.chathistory.ChatCheckedQueue$1
2015-08-27 22:13:23(pid=5705,tid=29500) : LExecutorService (V) : worker awake (8,7) : [LINE] #6 
2015-08-27 22:13:23(pid=5705,tid=29500) : LExecutorService (D) : run : jp.naver.line.android.activity.chathistory.ChatCheckedQueue$1
2015-08-27 22:13:23(pid=5705,tid=29500) : LExecutorService (V) : worker wait (8,8) : [LINE] #6 
2015-08-27 22:13:24(pid=5705,tid=1) : LExecutorService (D) : execute : jp.naver.line.android.activity.chathistory.ChatCheckedQueue$1
2015-08-27 22:13:24(pid=5705,tid=29503) : LExecutorService (V) : worker awake (8,7) : [LINE] #8 
2015-08-27 22:13:24(pid=5705,tid=29503) : LExecutorService (D) : run : jp.naver.line.android.activity.chathistory.ChatCheckedQueue$1
2015-08-27 22:13:24(pid=5705,tid=29503) : LExecutorService (V) : worker wait (8,8) : [LINE] #8 
2015-08-27 22:32:22(pid=5705,tid=1) : LExecutorService (D) : execute : jp.naver.line.android.activity.chathistory.ChatCheckedQueue$1
2015-08-27 22:32:22(pid=5705,tid=1) : LExecutorService (D) : execute : jp.naver.line.android.debug.LineLogger$FileLogTask
2015-08-27 22:32:22(pid=5705,tid=29497) : LExecutorService (V) : worker awake (8,6) : [LINE] #4 
2015-08-27 22:32:22(pid=5705,tid=29497) : LExecutorService (D) : run : jp.naver.line.android.activity.chathistory.ChatCheckedQueue$1
2015-08-27 22:32:22(pid=5705,tid=29497) : LExecutorService (D) : run : jp.naver.line.android.debug.LineLogger$FileLogTask
2015-08-27 22:32:22(pid=5705,tid=29498) : LExecutorService (V) : worker awake (8,6) : [LINE] #5 
2015-08-27 22:32:22(pid=5705,tid=29498) : LExecutorService (V) : worker wait (8,7) : [LINE] #5 
2015-08-27 22:32:22(pid=5705,tid=29497) : LExecutorService (V) : worker wait (8,8) : [LINE] #4 
2015-08-27 22:32:23(pid=5705,tid=1) : LExecutorService (D) : execute : jp.naver.line.android.activity.chathistory.ChatCheckedQueue$1
2015-08-27 22:32:23(pid=5705,tid=29496) : LExecutorService (V) : worker awake (8,7) : [LINE] #3 
2015-08-27 22:32:23(pid=5705,tid=29496) : LExecutorService (D) : run : jp.naver.line.android.activity.chathistory.ChatCheckedQueue$1
2015-08-27 22:32:23(pid=5705,tid=29496) : LExecutorService (V) : worker wait (8,8) : [LINE] #3 
2015-08-27 22:32:23(pid=5705,tid=1) : LExecutorService (D) : execute : jp.naver.line.android.status.UserStatusManager$1
2015-08-27 22:32:23(pid=5705,tid=29495) : LExecutorService (V) : worker awake (8,7) : [LINE] #2 
2015-08-27 22:32:23(pid=5705,tid=29495) : LExecutorService (D) : run : jp.naver.line.android.status.UserStatusManager$1
2015-08-27 22:32:23(pid=5705,tid=29495) : LExecutorService (V) : worker wait (8,8) : [LINE] #2 
2015-08-27 22:32:27(pid=5705,tid=1) : LExecutorService (D) : execute : jp.naver.line.android.activity.chathistory.ChatCheckedQueue$1
2015-08-27 22:32:27(pid=5705,tid=29490) : LExecutorService (V) : worker awake (8,7) : [LINE] #1 
2015-08-27 22:32:27(pid=5705,tid=29490) : LExecutorService (D) : run : jp.naver.line.android.activity.chathistory.ChatCheckedQueue$1
2015-08-27 22:32:27(pid=5705,tid=29490) : LExecutorService (V) : worker wait (8,8) : [LINE] #1 
2015-08-27 22:32:27(pid=5705,tid=1) : LExecutorService (D) : execute : jp.naver.line.android.util.LineExecutorFutureTask
2015-08-27 22:32:27(pid=5705,tid=1) : LExecutorService (D) : execute : jp.naver.line.android.util.FixedThreadPoolDecorator$FWorker
2015-08-27 22:32:27(pid=5705,tid=29502) : LExecutorService (V) : worker awake (8,7) : [LINE] #7 
2015-08-27 22:32:27(pid=5705,tid=29502) : LExecutorService (D) : run : FWorker
2015-08-27 22:32:27(pid=5705,tid=29502) : LExecutorService (V) : f worker start (1) : [LINE] #7 FWorker 
2015-08-27 22:32:27(pid=5705,tid=29502) : LExecutorService (D) : run : jp.naver.line.android.analytics.AnalyticsLogWriter$1
2015-08-27 22:32:27(pid=5705,tid=29502) : LExecutorService (V) : f worker end (0) : [LINE] #7 FWorker 
2015-08-27 22:32:27(pid=5705,tid=29502) : LExecutorService (V) : worker wait (8,8) : [LINE] #7 
2015-08-27 22:32:27(pid=5705,tid=1) : LExecutorService (D) : execute : jp.naver.line.android.status.UserStatusManager$1
2015-08-27 22:32:27(pid=5705,tid=29500) : LExecutorService (V) : worker awake (8,7) : [LINE] #6 
2015-08-27 22:32:27(pid=5705,tid=29500) : LExecutorService (D) : run : jp.naver.line.android.status.UserStatusManager$1
2015-08-27 22:32:27(pid=5705,tid=29500) : LExecutorService (V) : worker wait (8,8) : [LINE] #6 
2015-08-27 22:32:27(pid=5705,tid=1) : LExecutorService (D) : execute : jp.naver.line.android.activity.chathistory.ChatCheckedQueue$1
2015-08-27 22:32:27(pid=5705,tid=1) : LExecutorService (D) : execute : jp.naver.line.android.debug.LineLogger$FileLogTask
2015-08-27 22:32:27(pid=5705,tid=29503) : LExecutorService (V) : worker awake (8,6) : [LINE] #8 
2015-08-27 22:32:27(pid=5705,tid=29503) : LExecutorService (D) : run : jp.naver.line.android.activity.chathistory.ChatCheckedQueue$1
2015-08-27 22:32:27(pid=5705,tid=29503) : LExecutorService (D) : run : jp.naver.line.android.debug.LineLogger$FileLogTask
2015-08-27 22:32:27(pid=5705,tid=29498) : LExecutorService (V) : worker awake (8,6) : [LINE] #5 
2015-08-27 22:32:27(pid=5705,tid=29498) : LExecutorService (V) : worker wait (8,7) : [LINE] #5 
2015-08-27 22:32:28(pid=5705,tid=29503) : LExecutorService (V) : worker wait (8,8) : [LINE] #8 
2015-08-27 22:32:28(pid=5705,tid=1) : LExecutorService (D) : execute : jp.naver.line.android.activity.chathistory.ChatCheckedQueue$1
2015-08-27 22:32:28(pid=5705,tid=29497) : LExecutorService (V) : worker awake (8,7) : [LINE] #4 
2015-08-27 22:32:28(pid=5705,tid=29497) : LExecutorService (D) : run : jp.naver.line.android.activity.chathistory.ChatCheckedQueue$1
2015-08-27 22:32:28(pid=5705,tid=29497) : LExecutorService (V) : worker wait (8,8) : [LINE] #4 
2015-08-27 22:57:22(pid=5705,tid=1) : LExecutorService (D) : execute : jp.naver.line.android.activity.chathistory.ChatCheckedQueue$1
2015-08-27 22:57:22(pid=5705,tid=29496) : LExecutorService (V) : worker awake (8,7) : [LINE] #3 
2015-08-27 22:57:22(pid=5705,tid=29496) : LExecutorService (D) : run : jp.naver.line.android.activity.chathistory.ChatCheckedQueue$1
2015-08-27 22:57:22(pid=5705,tid=29496) : LExecutorService (V) : worker wait (8,8) : [LINE] #3 
2015-08-27 22:57:23(pid=5705,tid=1) : LExecutorService (D) : execute : jp.naver.line.android.activity.chathistory.ChatCheckedQueue$1
2015-08-27 22:57:23(pid=5705,tid=29495) : LExecutorService (V) : worker awake (8,7) : [LINE] #2 
2015-08-27 22:57:23(pid=5705,tid=29495) : LExecutorService (D) : run : jp.naver.line.android.activity.chathistory.ChatCheckedQueue$1
2015-08-27 22:57:23(pid=5705,tid=29495) : LExecutorService (V) : worker wait (8,8) : [LINE] #2 
2015-08-27 22:57:23(pid=5705,tid=1) : LExecutorService (D) : execute : jp.naver.line.android.status.UserStatusManager$1
2015-08-27 22:57:23(pid=5705,tid=29490) : LExecutorService (V) : worker awake (8,7) : [LINE] #1 
2015-08-27 22:57:23(pid=5705,tid=29490) : LExecutorService (D) : run : jp.naver.line.android.status.UserStatusManager$1
2015-08-27 22:57:23(pid=5705,tid=29490) : LExecutorService (V) : worker wait (8,8) : [LINE] #1 
2015-08-27 22:57:24(pid=5705,tid=29548) : LExecutorService (D) : execute : jp.naver.line.android.debug.LineLogger$FileLogTask
2015-08-27 22:57:24(pid=5705,tid=29502) : LExecutorService (V) : worker awake (8,7) : [LINE] #7 
2015-08-27 22:57:24(pid=5705,tid=29502) : LExecutorService (D) : run : jp.naver.line.android.debug.LineLogger$FileLogTask
2015-08-27 22:57:24(pid=5705,tid=29502) : LExecutorService (V) : worker wait (8,8) : [LINE] #7 
2015-08-27 22:57:26(pid=5705,tid=1) : LExecutorService (D) : execute : jp.naver.line.android.activity.chathistory.ChatCheckedQueue$1
2015-08-27 22:57:26(pid=5705,tid=29500) : LExecutorService (V) : worker awake (8,7) : [LINE] #6 
2015-08-27 22:57:26(pid=5705,tid=29500) : LExecutorService (D) : run : jp.naver.line.android.activity.chathistory.ChatCheckedQueue$1
2015-08-27 22:57:26(pid=5705,tid=29500) : LExecutorService (V) : worker wait (8,8) : [LINE] #6 
2015-08-27 22:57:26(pid=5705,tid=1) : LExecutorService (D) : execute : jp.naver.line.android.status.UserStatusManager$1
2015-08-27 22:57:26(pid=5705,tid=29498) : LExecutorService (V) : worker awake (8,7) : [LINE] #5 
2015-08-27 22:57:26(pid=5705,tid=29498) : LExecutorService (D) : run : jp.naver.line.android.status.UserStatusManager$1
2015-08-27 22:57:26(pid=5705,tid=29498) : LExecutorService (V) : worker wait (8,8) : [LINE] #5 
2015-08-27 22:57:27(pid=5705,tid=1) : LExecutorService (D) : execute : jp.naver.line.android.activity.chathistory.ChatCheckedQueue$1
2015-08-27 22:57:27(pid=5705,tid=29503) : LExecutorService (V) : worker awake (8,7) : [LINE] #8 
2015-08-27 22:57:27(pid=5705,tid=29503) : LExecutorService (D) : run : jp.naver.line.android.activity.chathistory.ChatCheckedQueue$1
2015-08-27 22:57:27(pid=5705,tid=29503) : LExecutorService (V) : worker wait (8,8) : [LINE] #8 
2015-08-27 22:57:28(pid=5705,tid=1) : LExecutorService (D) : execute : jp.naver.line.android.activity.chathistory.ChatCheckedQueue$1
2015-08-27 22:57:28(pid=5705,tid=29497) : LExecutorService (V) : worker awake (8,7) : [LINE] #4 
2015-08-27 22:57:28(pid=5705,tid=29497) : LExecutorService (D) : run : jp.naver.line.android.activity.chathistory.ChatCheckedQueue$1
2015-08-27 22:57:28(pid=5705,tid=29497) : LExecutorService (V) : worker wait (8,8) : [LINE] #4 
2015-08-27 23:17:22(pid=5705,tid=1) : LExecutorService (D) : execute : jp.naver.line.android.debug.LineLogger$FileLogTask
2015-08-27 23:17:22(pid=5705,tid=1) : LExecutorService (D) : execute : jp.naver.line.android.activity.chathistory.ChatCheckedQueue$1
2015-08-27 23:17:22(pid=5705,tid=29496) : LExecutorService (V) : worker awake (8,6) : [LINE] #3 
2015-08-27 23:17:22(pid=5705,tid=29496) : LExecutorService (D) : run : jp.naver.line.android.activity.chathistory.ChatCheckedQueue$1
2015-08-27 23:17:22(pid=5705,tid=29496) : LExecutorService (D) : run : jp.naver.line.android.debug.LineLogger$FileLogTask
2015-08-27 23:17:22(pid=5705,tid=29495) : LExecutorService (V) : worker awake (8,6) : [LINE] #2 
2015-08-27 23:17:22(pid=5705,tid=29495) : LExecutorService (V) : worker wait (8,7) : [LINE] #2 
2015-08-27 23:17:22(pid=5705,tid=29496) : LExecutorService (V) : worker wait (8,8) : [LINE] #3 
2015-08-27 23:17:24(pid=5705,tid=1) : LExecutorService (D) : execute : jp.naver.line.android.activity.chathistory.ChatCheckedQueue$1
2015-08-27 23:17:24(pid=5705,tid=29490) : LExecutorService (V) : worker awake (8,7) : [LINE] #1 
2015-08-27 23:17:24(pid=5705,tid=29490) : LExecutorService (D) : run : jp.naver.line.android.activity.chathistory.ChatCheckedQueue$1
2015-08-27 23:17:24(pid=5705,tid=29490) : LExecutorService (V) : worker wait (8,8) : [LINE] #1 
2015-08-27 23:17:24(pid=5705,tid=1) : LExecutorService (D) : execute : jp.naver.line.android.status.UserStatusManager$1
2015-08-27 23:17:24(pid=5705,tid=29502) : LExecutorService (V) : worker awake (8,7) : [LINE] #7 
2015-08-27 23:17:24(pid=5705,tid=29502) : LExecutorService (D) : run : jp.naver.line.android.status.UserStatusManager$1
2015-08-27 23:17:24(pid=5705,tid=29502) : LExecutorService (V) : worker wait (8,8) : [LINE] #7 
2015-08-27 23:17:25(pid=5705,tid=1) : LExecutorService (D) : execute : jp.naver.line.android.activity.chathistory.ChatCheckedQueue$1
2015-08-27 23:17:25(pid=5705,tid=29500) : LExecutorService (V) : worker awake (8,7) : [LINE] #6 
2015-08-27 23:17:25(pid=5705,tid=29500) : LExecutorService (D) : run : jp.naver.line.android.activity.chathistory.ChatCheckedQueue$1
2015-08-27 23:17:25(pid=5705,tid=29500) : LExecutorService (V) : worker wait (8,8) : [LINE] #6 
2015-08-27 23:17:26(pid=5705,tid=1) : LExecutorService (D) : execute : jp.naver.line.android.activity.chathistory.ChatCheckedQueue$1
2015-08-27 23:17:26(pid=5705,tid=29498) : LExecutorService (V) : worker awake (8,7) : [LINE] #5 
2015-08-27 23:17:26(pid=5705,tid=29498) : LExecutorService (D) : run : jp.naver.line.android.activity.chathistory.ChatCheckedQueue$1
2015-08-27 23:17:26(pid=5705,tid=29498) : LExecutorService (V) : worker wait (8,8) : [LINE] #5 
2015-08-27 23:17:28(pid=5705,tid=1) : LExecutorService (D) : execute : jp.naver.line.android.debug.LineLogger$FileLogTask
2015-08-27 23:17:28(pid=5705,tid=29503) : LExecutorService (V) : worker awake (8,7) : [LINE] #8 
2015-08-27 23:17:28(pid=5705,tid=29503) : LExecutorService (D) : run : jp.naver.line.android.debug.LineLogger$FileLogTask
2015-08-27 23:17:28(pid=5705,tid=1) : LExecutorService (D) : execute : jp.naver.line.android.activity.chathistory.ChatCheckedQueue$1
2015-08-27 23:17:28(pid=5705,tid=29497) : LExecutorService (V) : worker awake (8,6) : [LINE] #4 
2015-08-27 23:17:28(pid=5705,tid=29497) : LExecutorService (D) : run : jp.naver.line.android.activity.chathistory.ChatCheckedQueue$1
2015-08-27 23:17:28(pid=5705,tid=29497) : LExecutorService (V) : worker wait (8,7) : [LINE] #4 
2015-08-27 23:17:28(pid=5705,tid=1) : LExecutorService (D) : execute : jp.naver.line.android.status.UserStatusManager$1
2015-08-27 23:17:28(pid=5705,tid=29495) : LExecutorService (V) : worker awake (8,6) : [LINE] #2 
2015-08-27 23:17:28(pid=5705,tid=29495) : LExecutorService (D) : run : jp.naver.line.android.status.UserStatusManager$1
2015-08-27 23:17:28(pid=5705,tid=29495) : LExecutorService (V) : worker wait (8,7) : [LINE] #2 
2015-08-27 23:17:28(pid=5705,tid=29503) : LExecutorService (V) : worker wait (8,8) : [LINE] #8 
2015-08-27 23:17:28(pid=5705,tid=1) : LExecutorService (D) : execute : jp.naver.line.android.activity.chathistory.ChatCheckedQueue$1
2015-08-27 23:17:28(pid=5705,tid=29496) : LExecutorService (V) : worker awake (8,7) : [LINE] #3 
2015-08-27 23:17:28(pid=5705,tid=29496) : LExecutorService (D) : run : jp.naver.line.android.activity.chathistory.ChatCheckedQueue$1
2015-08-27 23:17:28(pid=5705,tid=29496) : LExecutorService (V) : worker wait (8,8) : [LINE] #3 
2015-08-27 23:17:29(pid=5705,tid=1) : LExecutorService (D) : execute : jp.naver.line.android.activity.chathistory.ChatCheckedQueue$1
2015-08-27 23:17:29(pid=5705,tid=29490) : LExecutorService (V) : worker awake (8,7) : [LINE] #1 
2015-08-27 23:17:29(pid=5705,tid=29490) : LExecutorService (D) : run : jp.naver.line.android.activity.chathistory.ChatCheckedQueue$1
2015-08-27 23:17:29(pid=5705,tid=29490) : LExecutorService (V) : worker wait (8,8) : [LINE] #1 
2015-08-27 23:37:22(pid=5705,tid=1) : LExecutorService (D) : execute : jp.naver.line.android.activity.chathistory.ChatCheckedQueue$1
2015-08-27 23:37:22(pid=5705,tid=29502) : LExecutorService (V) : worker awake (8,7) : [LINE] #7 
2015-08-27 23:37:22(pid=5705,tid=29502) : LExecutorService (D) : run : jp.naver.line.android.activity.chathistory.ChatCheckedQueue$1
2015-08-27 23:37:22(pid=5705,tid=29502) : LExecutorService (V) : worker wait (8,8) : [LINE] #7 
2015-08-27 23:37:24(pid=5705,tid=1) : LExecutorService (D) : execute : jp.naver.line.android.activity.chathistory.ChatCheckedQueue$1
2015-08-27 23:37:24(pid=5705,tid=1) : LExecutorService (D) : execute : jp.naver.line.android.debug.LineLogger$FileLogTask
2015-08-27 23:37:24(pid=5705,tid=29500) : LExecutorService (V) : worker awake (8,6) : [LINE] #6 
2015-08-27 23:37:24(pid=5705,tid=29498) : LExecutorService (V) : worker awake (8,6) : [LINE] #5 
2015-08-27 23:37:24(pid=5705,tid=29498) : LExecutorService (D) : run : jp.naver.line.android.debug.LineLogger$FileLogTask
2015-08-27 23:37:24(pid=5705,tid=29500) : LExecutorService (D) : run : jp.naver.line.android.activity.chathistory.ChatCheckedQueue$1
2015-08-27 23:37:24(pid=5705,tid=29500) : LExecutorService (V) : worker wait (8,7) : [LINE] #6 
