2015-08-28 10:47:23(pid=5705,tid=29503) : LExecutorService (V) : worker wait (8,8) : [LINE] #8 
2015-08-28 10:47:24(pid=5705,tid=1) : LExecutorService (D) : execute : jp.naver.line.android.activity.chathistory.ChatCheckedQueue$1
2015-08-28 10:47:24(pid=5705,tid=29497) : LExecutorService (V) : worker awake (8,7) : [LINE] #4 
2015-08-28 10:47:24(pid=5705,tid=29497) : LExecutorService (D) : run : jp.naver.line.android.activity.chathistory.ChatCheckedQueue$1
2015-08-28 10:47:24(pid=5705,tid=29497) : LExecutorService (V) : worker wait (8,8) : [LINE] #4 
2015-08-28 10:47:25(pid=5705,tid=1) : LExecutorService (D) : execute : jp.naver.line.android.activity.chathistory.ChatCheckedQueue$1
2015-08-28 10:47:25(pid=5705,tid=29490) : LExecutorService (V) : worker awake (8,7) : [LINE] #1 
2015-08-28 10:47:25(pid=5705,tid=29490) : LExecutorService (D) : run : jp.naver.line.android.activity.chathistory.ChatCheckedQueue$1
2015-08-28 10:47:25(pid=5705,tid=29490) : LExecutorService (V) : worker wait (8,8) : [LINE] #1 
2015-08-28 10:52:15(pid=5705,tid=1) : LExecutorService (D) : execute : jp.naver.line.android.service.push.SystemBroadcastReceiver$2
2015-08-28 10:52:15(pid=5705,tid=1) : LExecutorService (D) : execute : jp.naver.line.android.util.FixedThreadPoolDecorator$FWorker
2015-08-28 10:52:15(pid=5705,tid=29495) : LExecutorService (V) : worker awake (8,7) : [LINE] #2 
2015-08-28 10:52:15(pid=5705,tid=29495) : LExecutorService (D) : run : FWorker
2015-08-28 10:52:15(pid=5705,tid=29495) : LExecutorService (V) : f worker start (1) : [LINE] #2 FWorker 
2015-08-28 10:52:15(pid=5705,tid=29495) : LExecutorService (D) : run : jp.naver.line.android.service.push.SystemBroadcastReceiver$2
2015-08-28 10:52:15(pid=5705,tid=29495) : LExecutorService (V) : f worker end (0) : [LINE] #2 FWorker 
2015-08-28 10:52:15(pid=5705,tid=29495) : LExecutorService (V) : worker wait (8,8) : [LINE] #2 
2015-08-28 10:52:59(pid=5705,tid=1) : LExecutorService (D) : execute : jp.naver.line.android.thrift.client.AuthErrorChecker$1
2015-08-28 10:52:59(pid=5705,tid=1) : LExecutorService (D) : execute : jp.naver.line.android.util.FixedThreadPoolDecorator$FWorker
2015-08-28 10:52:59(pid=5705,tid=29496) : LExecutorService (V) : worker awake (8,7) : [LINE] #3 
2015-08-28 10:52:59(pid=5705,tid=29496) : LExecutorService (D) : run : FWorker
2015-08-28 10:52:59(pid=5705,tid=29496) : LExecutorService (V) : f worker start (1) : [LINE] #3 FWorker 
2015-08-28 10:52:59(pid=5705,tid=29496) : LExecutorService (D) : execute : jp.naver.line.android.debug.LineLogger$FileLogTask
2015-08-28 10:52:59(pid=5705,tid=29496) : LExecutorService (D) : run : jp.naver.line.android.thrift.client.AuthErrorChecker$1
2015-08-28 10:52:59(pid=5705,tid=29496) : LExecutorService (V) : f worker end (0) : [LINE] #3 FWorker 
2015-08-28 10:52:59(pid=5705,tid=29496) : LExecutorService (D) : run : jp.naver.line.android.debug.LineLogger$FileLogTask
2015-08-28 10:52:59(pid=5705,tid=29500) : LExecutorService (V) : worker awake (8,6) : [LINE] #6 
2015-08-28 10:52:59(pid=5705,tid=29500) : LExecutorService (V) : worker wait (8,7) : [LINE] #6 
2015-08-28 10:52:59(pid=5705,tid=29496) : LExecutorService (V) : worker wait (8,8) : [LINE] #3 
2015-08-28 11:02:21(pid=5705,tid=1) : LExecutorService (D) : execute : jp.naver.line.android.activity.chathistory.ChatCheckedQueue$1
2015-08-28 11:02:21(pid=5705,tid=29498) : LExecutorService (V) : worker awake (8,7) : [LINE] #5 
2015-08-28 11:02:21(pid=5705,tid=29498) : LExecutorService (D) : run : jp.naver.line.android.activity.chathistory.ChatCheckedQueue$1
2015-08-28 11:02:21(pid=5705,tid=29498) : LExecutorService (V) : worker wait (8,8) : [LINE] #5 
2015-08-28 11:02:22(pid=5705,tid=1) : LExecutorService (D) : execute : jp.naver.line.android.activity.chathistory.ChatCheckedQueue$1
2015-08-28 11:02:22(pid=5705,tid=29502) : LExecutorService (V) : worker awake (8,7) : [LINE] #7 
2015-08-28 11:02:22(pid=5705,tid=29502) : LExecutorService (D) : run : jp.naver.line.android.activity.chathistory.ChatCheckedQueue$1
2015-08-28 11:02:22(pid=5705,tid=29502) : LExecutorService (V) : worker wait (8,8) : [LINE] #7 
2015-08-28 11:02:22(pid=5705,tid=1) : LExecutorService (D) : execute : jp.naver.line.android.status.UserStatusManager$1
2015-08-28 11:02:22(pid=5705,tid=29503) : LExecutorService (V) : worker awake (8,7) : [LINE] #8 
2015-08-28 11:02:22(pid=5705,tid=29503) : LExecutorService (D) : run : jp.naver.line.android.status.UserStatusManager$1
2015-08-28 11:02:22(pid=5705,tid=29503) : LExecutorService (V) : worker wait (8,8) : [LINE] #8 
2015-08-28 11:02:26(pid=5705,tid=1) : LExecutorService (D) : execute : jp.naver.line.android.activity.chathistory.ChatCheckedQueue$1
2015-08-28 11:02:26(pid=5705,tid=29497) : LExecutorService (V) : worker awake (8,7) : [LINE] #4 
2015-08-28 11:02:26(pid=5705,tid=29497) : LExecutorService (D) : run : jp.naver.line.android.activity.chathistory.ChatCheckedQueue$1
2015-08-28 11:02:26(pid=5705,tid=29497) : LExecutorService (V) : worker wait (8,8) : [LINE] #4 
2015-08-28 11:02:26(pid=5705,tid=1) : LExecutorService (D) : execute : jp.naver.line.android.status.UserStatusManager$1
2015-08-28 11:02:26(pid=5705,tid=29490) : LExecutorService (V) : worker awake (8,7) : [LINE] #1 
2015-08-28 11:02:26(pid=5705,tid=29490) : LExecutorService (D) : run : jp.naver.line.android.status.UserStatusManager$1
2015-08-28 11:02:26(pid=5705,tid=29490) : LExecutorService (V) : worker wait (8,8) : [LINE] #1 
2015-08-28 11:02:26(pid=5705,tid=29490) : LExecutorService (D) : execute : jp.naver.line.android.debug.LineLogger$FileLogTask
2015-08-28 11:02:26(pid=5705,tid=29495) : LExecutorService (V) : worker awake (8,7) : [LINE] #2 
2015-08-28 11:02:26(pid=5705,tid=29495) : LExecutorService (D) : run : jp.naver.line.android.debug.LineLogger$FileLogTask
2015-08-28 11:02:26(pid=5705,tid=29495) : LExecutorService (V) : worker wait (8,8) : [LINE] #2 
2015-08-28 11:02:26(pid=5705,tid=1) : LExecutorService (D) : execute : jp.naver.line.android.activity.chathistory.ChatCheckedQueue$1
2015-08-28 11:02:26(pid=5705,tid=29500) : LExecutorService (V) : worker awake (8,7) : [LINE] #6 
2015-08-28 11:02:26(pid=5705,tid=29500) : LExecutorService (D) : run : jp.naver.line.android.activity.chathistory.ChatCheckedQueue$1
2015-08-28 11:02:26(pid=5705,tid=29500) : LExecutorService (V) : worker wait (8,8) : [LINE] #6 
2015-08-28 11:02:27(pid=5705,tid=1) : LExecutorService (D) : execute : jp.naver.line.android.activity.chathistory.ChatCheckedQueue$1
2015-08-28 11:02:27(pid=5705,tid=29496) : LExecutorService (V) : worker awake (8,7) : [LINE] #3 
2015-08-28 11:02:27(pid=5705,tid=29496) : LExecutorService (D) : run : jp.naver.line.android.activity.chathistory.ChatCheckedQueue$1
2015-08-28 11:02:27(pid=5705,tid=29496) : LExecutorService (V) : worker wait (8,8) : [LINE] #3 
2015-08-28 11:12:21(pid=5705,tid=1) : LExecutorService (D) : execute : jp.naver.line.android.activity.chathistory.ChatCheckedQueue$1
2015-08-28 11:12:21(pid=5705,tid=29498) : LExecutorService (V) : worker awake (8,7) : [LINE] #5 
2015-08-28 11:12:21(pid=5705,tid=29498) : LExecutorService (D) : run : jp.naver.line.android.activity.chathistory.ChatCheckedQueue$1
2015-08-28 11:12:21(pid=5705,tid=29498) : LExecutorService (V) : worker wait (8,8) : [LINE] #5 
2015-08-28 11:12:22(pid=5705,tid=1) : LExecutorService (D) : execute : jp.naver.line.android.activity.chathistory.ChatCheckedQueue$1
2015-08-28 11:12:22(pid=5705,tid=29502) : LExecutorService (V) : worker awake (8,7) : [LINE] #7 
2015-08-28 11:12:22(pid=5705,tid=29502) : LExecutorService (D) : run : jp.naver.line.android.activity.chathistory.ChatCheckedQueue$1
2015-08-28 11:12:22(pid=5705,tid=29502) : LExecutorService (D) : execute : jp.naver.line.android.debug.LineLogger$FileLogTask
2015-08-28 11:12:22(pid=5705,tid=29502) : LExecutorService (D) : run : jp.naver.line.android.debug.LineLogger$FileLogTask
2015-08-28 11:12:22(pid=5705,tid=29503) : LExecutorService (V) : worker awake (8,6) : [LINE] #8 
2015-08-28 11:12:22(pid=5705,tid=29503) : LExecutorService (V) : worker wait (8,7) : [LINE] #8 
2015-08-28 11:12:23(pid=5705,tid=29502) : LExecutorService (V) : worker wait (8,8) : [LINE] #7 
2015-08-28 11:12:23(pid=5705,tid=1) : LExecutorService (D) : execute : jp.naver.line.android.activity.chathistory.ChatCheckedQueue$1
2015-08-28 11:12:23(pid=5705,tid=29497) : LExecutorService (V) : worker awake (8,7) : [LINE] #4 
2015-08-28 11:12:23(pid=5705,tid=29497) : LExecutorService (D) : run : jp.naver.line.android.activity.chathistory.ChatCheckedQueue$1
2015-08-28 11:12:23(pid=5705,tid=29497) : LExecutorService (V) : worker wait (8,8) : [LINE] #4 
2015-08-28 11:12:23(pid=5705,tid=1) : LExecutorService (D) : execute : jp.naver.line.android.util.LineExecutorFutureTask
2015-08-28 11:12:23(pid=5705,tid=1) : LExecutorService (D) : execute : jp.naver.line.android.util.FixedThreadPoolDecorator$FWorker
2015-08-28 11:12:23(pid=5705,tid=29490) : LExecutorService (V) : worker awake (8,7) : [LINE] #1 
2015-08-28 11:12:23(pid=5705,tid=29490) : LExecutorService (D) : run : FWorker
2015-08-28 11:12:23(pid=5705,tid=29490) : LExecutorService (V) : f worker start (1) : [LINE] #1 FWorker 
2015-08-28 11:12:23(pid=5705,tid=29490) : LExecutorService (D) : run : jp.naver.line.android.analytics.AnalyticsLogWriter$1
2015-08-28 11:12:23(pid=5705,tid=29490) : LExecutorService (V) : f worker end (0) : [LINE] #1 FWorker 
2015-08-28 11:12:23(pid=5705,tid=29490) : LExecutorService (V) : worker wait (8,8) : [LINE] #1 
2015-08-28 11:12:24(pid=5705,tid=1) : LExecutorService (D) : execute : jp.naver.line.android.activity.chathistory.ChatCheckedQueue$1
2015-08-28 11:12:24(pid=5705,tid=29495) : LExecutorService (V) : worker awake (8,7) : [LINE] #2 
2015-08-28 11:12:24(pid=5705,tid=29495) : LExecutorService (D) : run : jp.naver.line.android.activity.chathistory.ChatCheckedQueue$1
2015-08-28 11:12:24(pid=5705,tid=29495) : LExecutorService (V) : worker wait (8,8) : [LINE] #2 
2015-08-28 11:12:25(pid=5705,tid=1) : LExecutorService (D) : execute : jp.naver.line.android.activity.chathistory.ChatCheckedQueue$1
2015-08-28 11:12:25(pid=5705,tid=29500) : LExecutorService (V) : worker awake (8,7) : [LINE] #6 
2015-08-28 11:12:25(pid=5705,tid=29500) : LExecutorService (D) : run : jp.naver.line.android.activity.chathistory.ChatCheckedQueue$1
2015-08-28 11:12:25(pid=5705,tid=29500) : LExecutorService (V) : worker wait (8,8) : [LINE] #6 
2015-08-28 11:12:25(pid=5705,tid=29548) : LExecutorService (D) : execute : jp.naver.line.android.debug.LineLogger$FileLogTask
2015-08-28 11:12:25(pid=5705,tid=29496) : LExecutorService (V) : worker awake (8,7) : [LINE] #3 
2015-08-28 11:12:25(pid=5705,tid=29496) : LExecutorService (D) : run : jp.naver.line.android.debug.LineLogger$FileLogTask
2015-08-28 11:12:25(pid=5705,tid=29496) : LExecutorService (V) : worker wait (8,8) : [LINE] #3 
2015-08-28 11:22:21(pid=5705,tid=1) : LExecutorService (D) : execute : jp.naver.line.android.activity.chathistory.ChatCheckedQueue$1
2015-08-28 11:22:21(pid=5705,tid=29498) : LExecutorService (V) : worker awake (8,7) : [LINE] #5 
2015-08-28 11:22:21(pid=5705,tid=29498) : LExecutorService (D) : run : jp.naver.line.android.activity.chathistory.ChatCheckedQueue$1
2015-08-28 11:22:21(pid=5705,tid=29498) : LExecutorService (V) : worker wait (8,8) : [LINE] #5 
2015-08-28 11:22:22(pid=5705,tid=1) : LExecutorService (D) : execute : jp.naver.line.android.activity.chathistory.ChatCheckedQueue$1
2015-08-28 11:22:22(pid=5705,tid=29503) : LExecutorService (V) : worker awake (8,7) : [LINE] #8 
2015-08-28 11:22:22(pid=5705,tid=29503) : LExecutorService (D) : run : jp.naver.line.android.activity.chathistory.ChatCheckedQueue$1
2015-08-28 11:22:22(pid=5705,tid=29503) : LExecutorService (V) : worker wait (8,8) : [LINE] #8 
2015-08-28 11:22:23(pid=5705,tid=1) : LExecutorService (D) : execute : jp.naver.line.android.activity.chathistory.ChatCheckedQueue$1
2015-08-28 11:22:23(pid=5705,tid=29502) : LExecutorService (V) : worker awake (8,7) : [LINE] #7 
2015-08-28 11:22:23(pid=5705,tid=29502) : LExecutorService (D) : run : jp.naver.line.android.activity.chathistory.ChatCheckedQueue$1
2015-08-28 11:22:23(pid=5705,tid=29502) : LExecutorService (V) : worker wait (8,8) : [LINE] #7 
2015-08-28 11:22:24(pid=5705,tid=1) : LExecutorService (D) : execute : jp.naver.line.android.activity.chathistory.ChatCheckedQueue$1
2015-08-28 11:22:24(pid=5705,tid=29497) : LExecutorService (V) : worker awake (8,7) : [LINE] #4 
2015-08-28 11:22:24(pid=5705,tid=29497) : LExecutorService (D) : run : jp.naver.line.android.activity.chathistory.ChatCheckedQueue$1
2015-08-28 11:22:24(pid=5705,tid=29497) : LExecutorService (V) : worker wait (8,8) : [LINE] #4 
2015-08-28 11:22:24(pid=5705,tid=1) : LExecutorService (D) : execute : jp.naver.line.android.debug.LineLogger$FileLogTask
2015-08-28 11:22:24(pid=5705,tid=29490) : LExecutorService (V) : worker awake (8,7) : [LINE] #1 
2015-08-28 11:22:24(pid=5705,tid=29490) : LExecutorService (D) : run : jp.naver.line.android.debug.LineLogger$FileLogTask
2015-08-28 11:22:24(pid=5705,tid=29490) : LExecutorService (V) : worker wait (8,8) : [LINE] #1 
2015-08-28 11:22:25(pid=5705,tid=1) : LExecutorService (D) : execute : jp.naver.line.android.activity.chathistory.ChatCheckedQueue$1
2015-08-28 11:22:25(pid=5705,tid=29495) : LExecutorService (V) : worker awake (8,7) : [LINE] #2 
2015-08-28 11:22:25(pid=5705,tid=29495) : LExecutorService (D) : run : jp.naver.line.android.activity.chathistory.ChatCheckedQueue$1
2015-08-28 11:22:25(pid=5705,tid=29495) : LExecutorService (V) : worker wait (8,8) : [LINE] #2 
2015-08-28 11:32:21(pid=5705,tid=1) : LExecutorService (D) : execute : jp.naver.line.android.activity.chathistory.ChatCheckedQueue$1
2015-08-28 11:32:21(pid=5705,tid=29500) : LExecutorService (V) : worker awake (8,7) : [LINE] #6 
2015-08-28 11:32:21(pid=5705,tid=29500) : LExecutorService (D) : run : jp.naver.line.android.activity.chathistory.ChatCheckedQueue$1
2015-08-28 11:32:21(pid=5705,tid=29500) : LExecutorService (V) : worker wait (8,8) : [LINE] #6 
2015-08-28 11:32:21(pid=5705,tid=1) : LExecutorService (D) : execute : jp.naver.line.android.activity.chathistory.ChatCheckedQueue$1
2015-08-28 11:32:21(pid=5705,tid=29496) : LExecutorService (V) : worker awake (8,7) : [LINE] #3 
2015-08-28 11:32:21(pid=5705,tid=29496) : LExecutorService (D) : run : jp.naver.line.android.activity.chathistory.ChatCheckedQueue$1
2015-08-28 11:32:21(pid=5705,tid=29496) : LExecutorService (V) : worker wait (8,8) : [LINE] #3 
2015-08-28 11:32:23(pid=5705,tid=1) : LExecutorService (D) : execute : jp.naver.line.android.activity.chathistory.ChatCheckedQueue$1
2015-08-28 11:32:23(pid=5705,tid=1) : LExecutorService (D) : execute : jp.naver.line.android.debug.LineLogger$FileLogTask
2015-08-28 11:32:23(pid=5705,tid=29503) : LExecutorService (V) : worker awake (8,6) : [LINE] #8 
2015-08-28 11:32:23(pid=5705,tid=29503) : LExecutorService (D) : run : jp.naver.line.android.activity.chathistory.ChatCheckedQueue$1
2015-08-28 11:32:23(pid=5705,tid=29503) : LExecutorService (D) : run : jp.naver.line.android.debug.LineLogger$FileLogTask
2015-08-28 11:32:23(pid=5705,tid=29498) : LExecutorService (V) : worker awake (8,6) : [LINE] #5 
2015-08-28 11:32:23(pid=5705,tid=29498) : LExecutorService (V) : worker wait (8,7) : [LINE] #5 
2015-08-28 11:32:23(pid=5705,tid=29503) : LExecutorService (V) : worker wait (8,8) : [LINE] #8 
2015-08-28 11:32:24(pid=5705,tid=1) : LExecutorService (D) : execute : jp.naver.line.android.activity.chathistory.ChatCheckedQueue$1
2015-08-28 11:32:24(pid=5705,tid=29502) : LExecutorService (V) : worker awake (8,7) : [LINE] #7 
2015-08-28 11:32:24(pid=5705,tid=29502) : LExecutorService (D) : run : jp.naver.line.android.activity.chathistory.ChatCheckedQueue$1
2015-08-28 11:32:24(pid=5705,tid=29502) : LExecutorService (V) : worker wait (8,8) : [LINE] #7 
2015-08-28 11:32:25(pid=5705,tid=1) : LExecutorService (D) : execute : jp.naver.line.android.activity.chathistory.ChatCheckedQueue$1
2015-08-28 11:32:25(pid=5705,tid=29497) : LExecutorService (V) : worker awake (8,7) : [LINE] #4 
2015-08-28 11:32:25(pid=5705,tid=29497) : LExecutorService (D) : run : jp.naver.line.android.activity.chathistory.ChatCheckedQueue$1
2015-08-28 11:32:25(pid=5705,tid=29497) : LExecutorService (V) : worker wait (8,8) : [LINE] #4 
2015-08-28 11:47:21(pid=5705,tid=1) : LExecutorService (D) : execute : jp.naver.line.android.activity.chathistory.ChatCheckedQueue$1
2015-08-28 11:47:21(pid=5705,tid=29490) : LExecutorService (V) : worker awake (8,7) : [LINE] #1 
2015-08-28 11:47:21(pid=5705,tid=29490) : LExecutorService (D) : run : jp.naver.line.android.activity.chathistory.ChatCheckedQueue$1
2015-08-28 11:47:21(pid=5705,tid=29490) : LExecutorService (V) : worker wait (8,8) : [LINE] #1 
2015-08-28 11:47:22(pid=5705,tid=1) : LExecutorService (D) : execute : jp.naver.line.android.activity.chathistory.ChatCheckedQueue$1
2015-08-28 11:47:22(pid=5705,tid=29495) : LExecutorService (V) : worker awake (8,7) : [LINE] #2 
2015-08-28 11:47:22(pid=5705,tid=29495) : LExecutorService (D) : run : jp.naver.line.android.activity.chathistory.ChatCheckedQueue$1
2015-08-28 11:47:22(pid=5705,tid=29495) : LExecutorService (V) : worker wait (8,8) : [LINE] #2 
2015-08-28 11:47:22(pid=5705,tid=1) : LExecutorService (D) : execute : jp.naver.line.android.debug.LineLogger$FileLogTask
2015-08-28 11:47:22(pid=5705,tid=29500) : LExecutorService (V) : worker awake (8,7) : [LINE] #6 
2015-08-28 11:47:22(pid=5705,tid=29500) : LExecutorService (D) : run : jp.naver.line.android.debug.LineLogger$FileLogTask
2015-08-28 11:47:22(pid=5705,tid=1) : LExecutorService (D) : execute : jp.naver.line.android.status.UserStatusManager$1
2015-08-28 11:47:22(pid=5705,tid=29496) : LExecutorService (V) : worker awake (8,6) : [LINE] #3 
2015-08-28 11:47:22(pid=5705,tid=29496) : LExecutorService (D) : run : jp.naver.line.android.status.UserStatusManager$1
2015-08-28 11:47:22(pid=5705,tid=29496) : LExecutorService (V) : worker wait (8,7) : [LINE] #3 
2015-08-28 11:47:22(pid=5705,tid=29500) : LExecutorService (V) : worker wait (8,8) : [LINE] #6 
2015-08-28 11:47:26(pid=5705,tid=1) : LExecutorService (D) : execute : jp.naver.line.android.activity.chathistory.ChatCheckedQueue$1
2015-08-28 11:47:26(pid=5705,tid=29498) : LExecutorService (V) : worker awake (8,7) : [LINE] #5 
2015-08-28 11:47:26(pid=5705,tid=29498) : LExecutorService (D) : run : jp.naver.line.android.activity.chathistory.ChatCheckedQueue$1
2015-08-28 11:47:26(pid=5705,tid=29498) : LExecutorService (V) : worker wait (8,8) : [LINE] #5 
2015-08-28 11:47:26(pid=5705,tid=1) : LExecutorService (D) : execute : jp.naver.line.android.status.UserStatusManager$1
2015-08-28 11:47:26(pid=5705,tid=29503) : LExecutorService (V) : worker awake (8,7) : [LINE] #8 
2015-08-28 11:47:26(pid=5705,tid=29503) : LExecutorService (D) : run : jp.naver.line.android.status.UserStatusManager$1
2015-08-28 11:47:26(pid=5705,tid=29503) : LExecutorService (V) : worker wait (8,8) : [LINE] #8 
2015-08-28 11:47:26(pid=5705,tid=1) : LExecutorService (D) : execute : jp.naver.line.android.activity.chathistory.ChatCheckedQueue$1
2015-08-28 11:47:26(pid=5705,tid=29502) : LExecutorService (V) : worker awake (8,7) : [LINE] #7 
2015-08-28 11:47:26(pid=5705,tid=29502) : LExecutorService (D) : run : jp.naver.line.android.activity.chathistory.ChatCheckedQueue$1
2015-08-28 11:47:26(pid=5705,tid=29502) : LExecutorService (V) : worker wait (8,8) : [LINE] #7 
2015-08-28 11:47:27(pid=5705,tid=1) : LExecutorService (D) : execute : jp.naver.line.android.activity.chathistory.ChatCheckedQueue$1
2015-08-28 11:47:27(pid=5705,tid=29497) : LExecutorService (V) : worker awake (8,7) : [LINE] #4 
2015-08-28 11:47:27(pid=5705,tid=29497) : LExecutorService (D) : run : jp.naver.line.android.activity.chathistory.ChatCheckedQueue$1
2015-08-28 11:47:27(pid=5705,tid=29497) : LExecutorService (V) : worker wait (8,8) : [LINE] #4 
2015-08-28 11:47:29(pid=5705,tid=29548) : LExecutorService (D) : execute : jp.naver.line.android.debug.LineLogger$FileLogTask
2015-08-28 11:47:29(pid=5705,tid=29490) : LExecutorService (V) : worker awake (8,7) : [LINE] #1 
2015-08-28 11:47:29(pid=5705,tid=29490) : LExecutorService (D) : run : jp.naver.line.android.debug.LineLogger$FileLogTask
