2015-08-28 10:47:24(pid=5705,tid=29548) : PushManager (D) : @_@ checkNeedReigster.true - status = READY
2015-08-28 10:47:24(pid=5705,tid=29548) : PushManager (D) : @_@ checkNeedReigster.true - status = READY
2015-08-28 10:47:24(pid=5705,tid=1) : LineNotification (D) :    # System.onReceive.action=android.net.conn.CONNECTIVITY_CHANGE
2015-08-28 10:47:24(pid=5705,tid=1) : LineNotification (D) : #cc#  current   : NETWORK_WIFI	 /networkState=CONNECTED	 /subType=WIFI	 /wifiInfo.SSID: "LinePlusui-iMac-76", BSSID: 7c:c3:a1:a7:5b:7b, Supplicant state: COMPLETED, RSSI: -200, Link speed: -1, Net ID: 3, Metered hint: false, mFrequency: 2462
2015-08-28 10:47:24(pid=5705,tid=1) : LineNotification (D) : #cc#  - receive : NETWORK_4G	 /networkState=DISCONNECTED	 /subType=LTE
2015-08-28 10:47:24(pid=5705,tid=1) : LineNotification (D) : #cc#  -- active : NETWORK_WIFI	 /networkState=CONNECTED	 /subType=WIFI	 /wifiInfo.SSID: "LinePlusui-iMac-76", BSSID: 7c:c3:a1:a7:5b:7b, Supplicant state: COMPLETED, RSSI: -200, Link speed: -1, Net ID: 3, Metered hint: false, mFrequency: 2462
2015-08-28 10:47:25(pid=5705,tid=29548) : PushManager (D) : @_@ checkNeedReigster.true - status = READY
2015-08-28 10:47:25(pid=5705,tid=29548) : PushManager (D) : @_@ checkNeedReigster.true - status = READY
2015-08-28 10:47:25(pid=5705,tid=1) : LineNotification (D) :    # System.onReceive.action=android.net.conn.CONNECTIVITY_CHANGE
2015-08-28 10:47:25(pid=5705,tid=1) : LineNotification (D) : #cc#  current   : NETWORK_WIFI	 /networkState=CONNECTED	 /subType=WIFI	 /wifiInfo.SSID: "LinePlusui-iMac-76", BSSID: 7c:c3:a1:a7:5b:7b, Supplicant state: COMPLETED, RSSI: -200, Link speed: -1, Net ID: 3, Metered hint: false, mFrequency: 2462
2015-08-28 10:47:25(pid=5705,tid=1) : LineNotification (D) : #cc#  - receive : NETWORK_WIFI	 /networkState=CONNECTED	 /subType=WIFI	 /wifiInfo.SSID: "LinePlusui-iMac-76", BSSID: 7c:c3:a1:a7:5b:7b, Supplicant state: COMPLETED, RSSI: -200, Link speed: -1, Net ID: 3, Metered hint: false, mFrequency: 2462
2015-08-28 10:47:25(pid=5705,tid=1) : LineNotification (D) : #cc#  -- active : NETWORK_WIFI	 /networkState=CONNECTED	 /subType=WIFI	 /wifiInfo.SSID: "LinePlusui-iMac-76", BSSID: 7c:c3:a1:a7:5b:7b, Supplicant state: COMPLETED, RSSI: -200, Link speed: -1, Net ID: 3, Metered hint: false, mFrequency: 2462
2015-08-28 10:47:26(pid=5705,tid=29548) : PushManager (D) : @_@ checkNeedReigster.true - status = READY
2015-08-28 10:47:26(pid=5705,tid=29548) : PushManager (D) : @_@ checkNeedReigster.true - status = READY
2015-08-28 10:47:27(pid=5705,tid=29548) : PushManager (D) : @_@ checkNeedReigster.true - status = READY
2015-08-28 10:47:27(pid=5705,tid=29548) : PushManager (D) : @_@ checkNeedReigster.true - status = READY
2015-08-28 10:52:15(pid=5705,tid=1) : LineNotification (D) :    # System.onReceive.action=android.intent.action.USER_PRESENT
2015-08-28 10:52:16(pid=5705,tid=29548) : PushManager (D) : @_@ checkNeedReigster.true - status = READY
2015-08-28 10:52:16(pid=5705,tid=29548) : PushManager (D) : @_@ checkNeedReigster.true - status = READY
2015-08-28 11:02:21(pid=5705,tid=1) : LineNotification (D) :    # System.onReceive.action=android.net.conn.CONNECTIVITY_CHANGE
2015-08-28 11:02:21(pid=5705,tid=1) : LineNotification (D) : #cc#  current   : NETWORK_WIFI	 /networkState=CONNECTED	 /subType=WIFI	 /wifiInfo.SSID: "LinePlusui-iMac-76", BSSID: 7c:c3:a1:a7:5b:7b, Supplicant state: COMPLETED, RSSI: -200, Link speed: -1, Net ID: 3, Metered hint: false, mFrequency: 2462
2015-08-28 11:02:21(pid=5705,tid=1) : LineNotification (D) : #cc#  - receive : NETWORK_WIFI	 /networkState=DISCONNECTED	 /subType=WIFI	 /wifiInfo.SSID: , BSSID: null, Supplicant state: SCANNING, RSSI: -200, Link speed: -1, Net ID: -1, Metered hint: false, mFrequency: -1
2015-08-28 11:02:21(pid=5705,tid=1) : LineNotification (D) : #cc#  -- active : NETWORK_4G	 /networkState=CONNECTED	 /subType=LTE
2015-08-28 11:02:22(pid=5705,tid=1) : LineNotification (D) :    # System.onReceive.action=android.net.conn.CONNECTIVITY_CHANGE
2015-08-28 11:02:22(pid=5705,tid=1) : LineNotification (D) : #cc#  current   : NETWORK_WIFI	 /networkState=CONNECTED	 /subType=WIFI	 /wifiInfo.SSID: "LinePlusui-iMac-76", BSSID: 7c:c3:a1:a7:5b:7b, Supplicant state: COMPLETED, RSSI: -200, Link speed: -1, Net ID: 3, Metered hint: false, mFrequency: 2462
2015-08-28 11:02:22(pid=5705,tid=1) : LineNotification (D) : #cc#  - receive : NETWORK_4G	 /networkState=CONNECTED	 /subType=LTE
2015-08-28 11:02:22(pid=5705,tid=1) : LineNotification (D) : #cc#  -- active : NETWORK_4G	 /networkState=CONNECTED	 /subType=LTE
2015-08-28 11:02:22(pid=5705,tid=1) : LineNotification (D) : #cc# @@ CHANGED @@ .networkInfo = NETWORK_4G	 /networkState=CONNECTED	 /subType=LTE
2015-08-28 11:02:23(pid=5705,tid=29548) : PushManager (D) : @_@ checkNeedReigster.true - status = READY
2015-08-28 11:02:23(pid=5705,tid=29548) : PushManager (D) : @_@ checkNeedReigster.true - status = READY
2015-08-28 11:02:23(pid=5705,tid=29548) : PushManager (D) : @_@ checkNeedReigster.true - status = READY
2015-08-28 11:02:23(pid=5705,tid=29548) : PushManager (D) : @_@ checkNeedReigster.true - status = READY
2015-08-28 11:02:26(pid=5705,tid=1) : LineNotification (D) :    # System.onReceive.action=android.net.conn.CONNECTIVITY_CHANGE
2015-08-28 11:02:26(pid=5705,tid=1) : LineNotification (D) : #cc#  current   : NETWORK_4G	 /networkState=CONNECTED	 /subType=LTE
2015-08-28 11:02:26(pid=5705,tid=1) : LineNotification (D) : #cc#  - receive : NETWORK_WIFI	 /networkState=CONNECTED	 /subType=WIFI	 /wifiInfo.SSID: "LinePlusui-iMac-76", BSSID: 7c:c3:a1:a7:5b:7b, Supplicant state: COMPLETED, RSSI: -200, Link speed: -1, Net ID: 3, Metered hint: false, mFrequency: 2462
2015-08-28 11:02:26(pid=5705,tid=1) : LineNotification (D) : #cc#  -- active : NETWORK_WIFI	 /networkState=CONNECTED	 /subType=WIFI	 /wifiInfo.SSID: "LinePlusui-iMac-76", BSSID: 7c:c3:a1:a7:5b:7b, Supplicant state: COMPLETED, RSSI: -200, Link speed: -1, Net ID: 3, Metered hint: false, mFrequency: 2462
2015-08-28 11:02:26(pid=5705,tid=1) : LineNotification (D) : #cc# @@ CHANGED @@ .networkInfo = NETWORK_WIFI	 /networkState=CONNECTED	 /subType=WIFI	 /wifiInfo.SSID: "LinePlusui-iMac-76", BSSID: 7c:c3:a1:a7:5b:7b, Supplicant state: COMPLETED, RSSI: -200, Link speed: -1, Net ID: 3, Metered hint: false, mFrequency: 2462
2015-08-28 11:02:26(pid=5705,tid=1) : LineNotification (D) :    # System.onReceive.action=android.net.conn.CONNECTIVITY_CHANGE
2015-08-28 11:02:26(pid=5705,tid=1) : LineNotification (D) : #cc#  current   : NETWORK_WIFI	 /networkState=CONNECTED	 /subType=WIFI	 /wifiInfo.SSID: "LinePlusui-iMac-76", BSSID: 7c:c3:a1:a7:5b:7b, Supplicant state: COMPLETED, RSSI: -200, Link speed: -1, Net ID: 3, Metered hint: false, mFrequency: 2462
2015-08-28 11:02:26(pid=5705,tid=1) : LineNotification (D) : #cc#  - receive : NETWORK_4G	 /networkState=DISCONNECTED	 /subType=LTE
2015-08-28 11:02:26(pid=5705,tid=1) : LineNotification (D) : #cc#  -- active : NETWORK_WIFI	 /networkState=CONNECTED	 /subType=WIFI	 /wifiInfo.SSID: "LinePlusui-iMac-76", BSSID: 7c:c3:a1:a7:5b:7b, Supplicant state: COMPLETED, RSSI: -200, Link speed: -1, Net ID: 3, Metered hint: false, mFrequency: 2462
2015-08-28 11:02:27(pid=5705,tid=29548) : PushManager (D) : @_@ checkNeedReigster.true - status = READY
2015-08-28 11:02:27(pid=5705,tid=29548) : PushManager (D) : @_@ checkNeedReigster.true - status = READY
2015-08-28 11:02:27(pid=5705,tid=1) : LineNotification (D) :    # System.onReceive.action=android.net.conn.CONNECTIVITY_CHANGE
2015-08-28 11:02:27(pid=5705,tid=1) : LineNotification (D) : #cc#  current   : NETWORK_WIFI	 /networkState=CONNECTED	 /subType=WIFI	 /wifiInfo.SSID: "LinePlusui-iMac-76", BSSID: 7c:c3:a1:a7:5b:7b, Supplicant state: COMPLETED, RSSI: -200, Link speed: -1, Net ID: 3, Metered hint: false, mFrequency: 2462
2015-08-28 11:02:27(pid=5705,tid=1) : LineNotification (D) : #cc#  - receive : NETWORK_WIFI	 /networkState=CONNECTED	 /subType=WIFI	 /wifiInfo.SSID: "LinePlusui-iMac-76", BSSID: 7c:c3:a1:a7:5b:7b, Supplicant state: COMPLETED, RSSI: -200, Link speed: -1, Net ID: 3, Metered hint: false, mFrequency: 2462
2015-08-28 11:02:27(pid=5705,tid=1) : LineNotification (D) : #cc#  -- active : NETWORK_WIFI	 /networkState=CONNECTED	 /subType=WIFI	 /wifiInfo.SSID: "LinePlusui-iMac-76", BSSID: 7c:c3:a1:a7:5b:7b, Supplicant state: COMPLETED, RSSI: -200, Link speed: -1, Net ID: 3, Metered hint: false, mFrequency: 2462
2015-08-28 11:02:28(pid=5705,tid=29548) : PushManager (D) : @_@ checkNeedReigster.true - status = READY
2015-08-28 11:02:28(pid=5705,tid=29548) : PushManager (D) : @_@ checkNeedReigster.true - status = READY
2015-08-28 11:02:29(pid=5705,tid=29548) : PushManager (D) : @_@ checkNeedReigster.true - status = READY
2015-08-28 11:02:29(pid=5705,tid=29548) : PushManager (D) : @_@ checkNeedReigster.true - status = READY
2015-08-28 11:12:21(pid=5705,tid=1) : LineNotification (D) :    # System.onReceive.action=android.net.conn.CONNECTIVITY_CHANGE
2015-08-28 11:12:21(pid=5705,tid=1) : LineNotification (D) : #cc#  current   : NETWORK_WIFI	 /networkState=CONNECTED	 /subType=WIFI	 /wifiInfo.SSID: "LinePlusui-iMac-76", BSSID: 7c:c3:a1:a7:5b:7b, Supplicant state: COMPLETED, RSSI: -200, Link speed: -1, Net ID: 3, Metered hint: false, mFrequency: 2462
2015-08-28 11:12:21(pid=5705,tid=1) : LineNotification (D) : #cc#  - receive : NETWORK_WIFI	 /networkState=DISCONNECTED	 /subType=WIFI	 /wifiInfo.SSID: "LinePlusui-iMac-76", BSSID: 7c:c3:a1:a7:5b:7b, Supplicant state: COMPLETED, RSSI: -200, Link speed: -1, Net ID: 3, Metered hint: false, mFrequency: 2462
2015-08-28 11:12:21(pid=5705,tid=1) : LineNotification (D) : #cc#  -- active : NETWORK_WIFI	 /networkState=CONNECTED	 /subType=WIFI	 /wifiInfo.SSID: "LinePlusui-iMac-76", BSSID: 7c:c3:a1:a7:5b:7b, Supplicant state: COMPLETED, RSSI: -200, Link speed: -1, Net ID: 3, Metered hint: false, mFrequency: 2462
2015-08-28 11:12:22(pid=5705,tid=29548) : PushManager (D) : @_@ checkNeedReigster.true - status = READY
2015-08-28 11:12:22(pid=5705,tid=29548) : PushManager (D) : @_@ checkNeedReigster.true - status = READY
2015-08-28 11:12:22(pid=5705,tid=1) : LineNotification (D) :    # System.onReceive.action=android.net.conn.CONNECTIVITY_CHANGE
2015-08-28 11:12:23(pid=5705,tid=1) : LineNotification (D) : #cc#  current   : NETWORK_WIFI	 /networkState=CONNECTED	 /subType=WIFI	 /wifiInfo.SSID: "LinePlusui-iMac-76", BSSID: 7c:c3:a1:a7:5b:7b, Supplicant state: COMPLETED, RSSI: -200, Link speed: -1, Net ID: 3, Metered hint: false, mFrequency: 2462
2015-08-28 11:12:23(pid=5705,tid=1) : LineNotification (D) : #cc#  - receive : NETWORK_4G	 /networkState=CONNECTED	 /subType=LTE
2015-08-28 11:12:23(pid=5705,tid=1) : LineNotification (D) : #cc#  -- active : NETWORK_WIFI	 /networkState=CONNECTED	 /subType=WIFI	 /wifiInfo.SSID: "LinePlusui-iMac-76", BSSID: 7c:c3:a1:a7:5b:7b, Supplicant state: COMPLETED, RSSI: -200, Link speed: -1, Net ID: 3, Metered hint: false, mFrequency: 2462
2015-08-28 11:12:23(pid=5705,tid=1) : LineNotification (D) :    # System.onReceive.action=android.net.conn.CONNECTIVITY_CHANGE
2015-08-28 11:12:23(pid=5705,tid=1) : LineNotification (D) : #cc#  current   : NETWORK_WIFI	 /networkState=CONNECTED	 /subType=WIFI	 /wifiInfo.SSID: "LinePlusui-iMac-76", BSSID: 7c:c3:a1:a7:5b:7b, Supplicant state: COMPLETED, RSSI: -200, Link speed: -1, Net ID: 3, Metered hint: false, mFrequency: 2462
2015-08-28 11:12:23(pid=5705,tid=1) : LineNotification (D) : #cc#  - receive : NETWORK_WIFI	 /networkState=CONNECTED	 /subType=WIFI	 /wifiInfo.SSID: "LinePlusui-iMac-76", BSSID: 7c:c3:a1:a7:5b:7b, Supplicant state: COMPLETED, RSSI: -200, Link speed: -1, Net ID: 3, Metered hint: false, mFrequency: 2462
2015-08-28 11:12:23(pid=5705,tid=1) : LineNotification (D) : #cc#  -- active : NETWORK_WIFI	 /networkState=CONNECTED	 /subType=WIFI	 /wifiInfo.SSID: "LinePlusui-iMac-76", BSSID: 7c:c3:a1:a7:5b:7b, Supplicant state: COMPLETED, RSSI: -200, Link speed: -1, Net ID: 3, Metered hint: false, mFrequency: 2462
2015-08-28 11:12:24(pid=5705,tid=1) : LineNotification (D) :    # System.onReceive.action=android.net.conn.CONNECTIVITY_CHANGE
2015-08-28 11:12:24(pid=5705,tid=1) : LineNotification (D) : #cc#  current   : NETWORK_WIFI	 /networkState=CONNECTED	 /subType=WIFI	 /wifiInfo.SSID: "LinePlusui-iMac-76", BSSID: 7c:c3:a1:a7:5b:7b, Supplicant state: COMPLETED, RSSI: -200, Link speed: -1, Net ID: 3, Metered hint: false, mFrequency: 2462
2015-08-28 11:12:24(pid=5705,tid=1) : LineNotification (D) : #cc#  - receive : NETWORK_4G	 /networkState=DISCONNECTED	 /subType=LTE
2015-08-28 11:12:24(pid=5705,tid=1) : LineNotification (D) : #cc#  -- active : NETWORK_WIFI	 /networkState=CONNECTED	 /subType=WIFI	 /wifiInfo.SSID: "LinePlusui-iMac-76", BSSID: 7c:c3:a1:a7:5b:7b, Supplicant state: COMPLETED, RSSI: -200, Link speed: -1, Net ID: 3, Metered hint: false, mFrequency: 2462
2015-08-28 11:12:24(pid=5705,tid=29548) : PushManager (D) : @_@ checkNeedReigster.true - status = READY
2015-08-28 11:12:24(pid=5705,tid=29548) : PushManager (D) : @_@ checkNeedReigster.true - status = READY
2015-08-28 11:12:25(pid=5705,tid=29548) : PushManager (D) : @_@ checkNeedReigster.true - status = READY
2015-08-28 11:12:25(pid=5705,tid=29548) : PushManager (D) : @_@ checkNeedReigster.true - status = READY
2015-08-28 11:12:25(pid=5705,tid=1) : LineNotification (D) :    # System.onReceive.action=android.net.conn.CONNECTIVITY_CHANGE
2015-08-28 11:12:25(pid=5705,tid=1) : LineNotification (D) : #cc#  current   : NETWORK_WIFI	 /networkState=CONNECTED	 /subType=WIFI	 /wifiInfo.SSID: "LinePlusui-iMac-76", BSSID: 7c:c3:a1:a7:5b:7b, Supplicant state: COMPLETED, RSSI: -200, Link speed: -1, Net ID: 3, Metered hint: false, mFrequency: 2462
2015-08-28 11:12:25(pid=5705,tid=1) : LineNotification (D) : #cc#  - receive : NETWORK_WIFI	 /networkState=CONNECTED	 /subType=WIFI	 /wifiInfo.SSID: "LinePlusui-iMac-76", BSSID: 7c:c3:a1:a7:5b:7b, Supplicant state: COMPLETED, RSSI: -200, Link speed: -1, Net ID: 3, Metered hint: false, mFrequency: 2462
2015-08-28 11:12:25(pid=5705,tid=1) : LineNotification (D) : #cc#  -- active : NETWORK_WIFI	 /networkState=CONNECTED	 /subType=WIFI	 /wifiInfo.SSID: "LinePlusui-iMac-76", BSSID: 7c:c3:a1:a7:5b:7b, Supplicant state: COMPLETED, RSSI: -200, Link speed: -1, Net ID: 3, Metered hint: false, mFrequency: 2462
2015-08-28 11:12:25(pid=5705,tid=29548) : PushManager (D) : @_@ checkNeedReigster.true - status = READY
2015-08-28 11:12:25(pid=5705,tid=29548) : PushManager (D) : @_@ checkNeedReigster.true - status = READY
2015-08-28 11:12:26(pid=5705,tid=29548) : PushManager (D) : @_@ checkNeedReigster.true - status = READY
2015-08-28 11:12:26(pid=5705,tid=29548) : PushManager (D) : @_@ checkNeedReigster.true - status = READY
2015-08-28 11:22:21(pid=5705,tid=1) : LineNotification (D) :    # System.onReceive.action=android.net.conn.CONNECTIVITY_CHANGE
2015-08-28 11:22:21(pid=5705,tid=1) : LineNotification (D) : #cc#  current   : NETWORK_WIFI	 /networkState=CONNECTED	 /subType=WIFI	 /wifiInfo.SSID: "LinePlusui-iMac-76", BSSID: 7c:c3:a1:a7:5b:7b, Supplicant state: COMPLETED, RSSI: -200, Link speed: -1, Net ID: 3, Metered hint: false, mFrequency: 2462
2015-08-28 11:22:21(pid=5705,tid=1) : LineNotification (D) : #cc#  - receive : NETWORK_WIFI	 /networkState=DISCONNECTED	 /subType=WIFI	 /wifiInfo.SSID: "LinePlusui-iMac-76", BSSID: 7c:c3:a1:a7:5b:7b, Supplicant state: COMPLETED, RSSI: -200, Link speed: -1, Net ID: 3, Metered hint: false, mFrequency: 2462
2015-08-28 11:22:21(pid=5705,tid=1) : LineNotification (D) : #cc#  -- active : NETWORK_WIFI	 /networkState=CONNECTED	 /subType=WIFI	 /wifiInfo.SSID: "LinePlusui-iMac-76", BSSID: 7c:c3:a1:a7:5b:7b, Supplicant state: COMPLETED, RSSI: -200, Link speed: -1, Net ID: 3, Metered hint: false, mFrequency: 2462
2015-08-28 11:22:22(pid=5705,tid=1) : LineNotification (D) :    # System.onReceive.action=android.net.conn.CONNECTIVITY_CHANGE
2015-08-28 11:22:22(pid=5705,tid=1) : LineNotification (D) : #cc#  current   : NETWORK_WIFI	 /networkState=CONNECTED	 /subType=WIFI	 /wifiInfo.SSID: "LinePlusui-iMac-76", BSSID: 7c:c3:a1:a7:5b:7b, Supplicant state: COMPLETED, RSSI: -200, Link speed: -1, Net ID: 3, Metered hint: false, mFrequency: 2462
2015-08-28 11:22:22(pid=5705,tid=1) : LineNotification (D) : #cc#  - receive : NETWORK_4G	 /networkState=CONNECTED	 /subType=LTE
2015-08-28 11:22:22(pid=5705,tid=1) : LineNotification (D) : #cc#  -- active : NETWORK_WIFI	 /networkState=CONNECTED	 /subType=WIFI	 /wifiInfo.SSID: "LinePlusui-iMac-76", BSSID: 7c:c3:a1:a7:5b:7b, Supplicant state: COMPLETED, RSSI: -200, Link speed: -1, Net ID: 3, Metered hint: false, mFrequency: 2462
2015-08-28 11:22:22(pid=5705,tid=29548) : PushManager (D) : @_@ checkNeedReigster.true - status = READY
2015-08-28 11:22:22(pid=5705,tid=29548) : PushManager (D) : @_@ checkNeedReigster.true - status = READY
2015-08-28 11:22:23(pid=5705,tid=1) : LineNotification (D) :    # System.onReceive.action=android.net.conn.CONNECTIVITY_CHANGE
2015-08-28 11:22:23(pid=5705,tid=1) : LineNotification (D) : #cc#  current   : NETWORK_WIFI	 /networkState=CONNECTED	 /subType=WIFI	 /wifiInfo.SSID: "LinePlusui-iMac-76", BSSID: 7c:c3:a1:a7:5b:7b, Supplicant state: COMPLETED, RSSI: -200, Link speed: -1, Net ID: 3, Metered hint: false, mFrequency: 2462
2015-08-28 11:22:23(pid=5705,tid=1) : LineNotification (D) : #cc#  - receive : NETWORK_WIFI	 /networkState=CONNECTED	 /subType=WIFI	 /wifiInfo.SSID: "LinePlusui-iMac-76", BSSID: 7c:c3:a1:a7:5b:7b, Supplicant state: COMPLETED, RSSI: -200, Link speed: -1, Net ID: 3, Metered hint: false, mFrequency: 2462
2015-08-28 11:22:23(pid=5705,tid=1) : LineNotification (D) : #cc#  -- active : NETWORK_WIFI	 /networkState=CONNECTED	 /subType=WIFI	 /wifiInfo.SSID: "LinePlusui-iMac-76", BSSID: 7c:c3:a1:a7:5b:7b, Supplicant state: COMPLETED, RSSI: -200, Link speed: -1, Net ID: 3, Metered hint: false, mFrequency: 2462
2015-08-28 11:22:24(pid=5705,tid=29548) : PushManager (D) : @_@ checkNeedReigster.true - status = READY
2015-08-28 11:22:24(pid=5705,tid=29548) : PushManager (D) : @_@ checkNeedReigster.true - status = READY
2015-08-28 11:22:24(pid=5705,tid=1) : LineNotification (D) :    # System.onReceive.action=android.net.conn.CONNECTIVITY_CHANGE
2015-08-28 11:22:24(pid=5705,tid=1) : LineNotification (D) : #cc#  current   : NETWORK_WIFI	 /networkState=CONNECTED	 /subType=WIFI	 /wifiInfo.SSID: "LinePlusui-iMac-76", BSSID: 7c:c3:a1:a7:5b:7b, Supplicant state: COMPLETED, RSSI: -200, Link speed: -1, Net ID: 3, Metered hint: false, mFrequency: 2462
2015-08-28 11:22:24(pid=5705,tid=1) : LineNotification (D) : #cc#  - receive : NETWORK_4G	 /networkState=DISCONNECTED	 /subType=LTE
2015-08-28 11:22:24(pid=5705,tid=1) : LineNotification (D) : #cc#  -- active : NETWORK_WIFI	 /networkState=CONNECTED	 /subType=WIFI	 /wifiInfo.SSID: "LinePlusui-iMac-76", BSSID: 7c:c3:a1:a7:5b:7b, Supplicant state: COMPLETED, RSSI: -200, Link speed: -1, Net ID: 3, Metered hint: false, mFrequency: 2462
2015-08-28 11:22:25(pid=5705,tid=29548) : PushManager (D) : @_@ checkNeedReigster.true - status = READY
2015-08-28 11:22:25(pid=5705,tid=29548) : PushManager (D) : @_@ checkNeedReigster.true - status = READY
2015-08-28 11:22:25(pid=5705,tid=1) : LineNotification (D) :    # System.onReceive.action=android.net.conn.CONNECTIVITY_CHANGE
2015-08-28 11:22:25(pid=5705,tid=1) : LineNotification (D) : #cc#  current   : NETWORK_WIFI	 /networkState=CONNECTED	 /subType=WIFI	 /wifiInfo.SSID: "LinePlusui-iMac-76", BSSID: 7c:c3:a1:a7:5b:7b, Supplicant state: COMPLETED, RSSI: -200, Link speed: -1, Net ID: 3, Metered hint: false, mFrequency: 2462
2015-08-28 11:22:25(pid=5705,tid=1) : LineNotification (D) : #cc#  - receive : NETWORK_WIFI	 /networkState=CONNECTED	 /subType=WIFI	 /wifiInfo.SSID: "LinePlusui-iMac-76", BSSID: 7c:c3:a1:a7:5b:7b, Supplicant state: COMPLETED, RSSI: -200, Link speed: -1, Net ID: 3, Metered hint: false, mFrequency: 2462
2015-08-28 11:22:25(pid=5705,tid=1) : LineNotification (D) : #cc#  -- active : NETWORK_WIFI	 /networkState=CONNECTED	 /subType=WIFI	 /wifiInfo.SSID: "LinePlusui-iMac-76", BSSID: 7c:c3:a1:a7:5b:7b, Supplicant state: COMPLETED, RSSI: -200, Link speed: -1, Net ID: 3, Metered hint: false, mFrequency: 2462
2015-08-28 11:22:26(pid=5705,tid=29548) : PushManager (D) : @_@ checkNeedReigster.true - status = READY
2015-08-28 11:22:26(pid=5705,tid=29548) : PushManager (D) : @_@ checkNeedReigster.true - status = READY
2015-08-28 11:22:26(pid=5705,tid=29548) : PushManager (D) : @_@ checkNeedReigster.true - status = READY
2015-08-28 11:22:26(pid=5705,tid=29548) : PushManager (D) : @_@ checkNeedReigster.true - status = READY
2015-08-28 11:32:21(pid=5705,tid=1) : LineNotification (D) :    # System.onReceive.action=android.net.conn.CONNECTIVITY_CHANGE
2015-08-28 11:32:21(pid=5705,tid=1) : LineNotification (D) : #cc#  current   : NETWORK_WIFI	 /networkState=CONNECTED	 /subType=WIFI	 /wifiInfo.SSID: "LinePlusui-iMac-76", BSSID: 7c:c3:a1:a7:5b:7b, Supplicant state: COMPLETED, RSSI: -200, Link speed: -1, Net ID: 3, Metered hint: false, mFrequency: 2462
2015-08-28 11:32:21(pid=5705,tid=1) : LineNotification (D) : #cc#  - receive : NETWORK_WIFI	 /networkState=DISCONNECTED	 /subType=WIFI	 /wifiInfo.SSID: "LinePlusui-iMac-76", BSSID: 7c:c3:a1:a7:5b:7b, Supplicant state: COMPLETED, RSSI: -200, Link speed: -1, Net ID: 3, Metered hint: false, mFrequency: 2462
2015-08-28 11:32:21(pid=5705,tid=1) : LineNotification (D) : #cc#  -- active : NETWORK_WIFI	 /networkState=CONNECTED	 /subType=WIFI	 /wifiInfo.SSID: "LinePlusui-iMac-76", BSSID: 7c:c3:a1:a7:5b:7b, Supplicant state: COMPLETED, RSSI: -200, Link speed: -1, Net ID: 3, Metered hint: false, mFrequency: 2462
2015-08-28 11:32:21(pid=5705,tid=1) : LineNotification (D) :    # System.onReceive.action=android.net.conn.CONNECTIVITY_CHANGE
2015-08-28 11:32:21(pid=5705,tid=1) : LineNotification (D) : #cc#  current   : NETWORK_WIFI	 /networkState=CONNECTED	 /subType=WIFI	 /wifiInfo.SSID: "LinePlusui-iMac-76", BSSID: 7c:c3:a1:a7:5b:7b, Supplicant state: COMPLETED, RSSI: -200, Link speed: -1, Net ID: 3, Metered hint: false, mFrequency: 2462
2015-08-28 11:32:21(pid=5705,tid=1) : LineNotification (D) : #cc#  - receive : NETWORK_4G	 /networkState=CONNECTED	 /subType=LTE
2015-08-28 11:32:21(pid=5705,tid=1) : LineNotification (D) : #cc#  -- active : NETWORK_WIFI	 /networkState=CONNECTED	 /subType=WIFI	 /wifiInfo.SSID: "LinePlusui-iMac-76", BSSID: 7c:c3:a1:a7:5b:7b, Supplicant state: COMPLETED, RSSI: -200, Link speed: -1, Net ID: 3, Metered hint: false, mFrequency: 2462
2015-08-28 11:32:22(pid=5705,tid=29548) : PushManager (D) : @_@ checkNeedReigster.true - status = READY
2015-08-28 11:32:22(pid=5705,tid=29548) : PushManager (D) : @_@ checkNeedReigster.true - status = READY
2015-08-28 11:32:23(pid=5705,tid=29548) : PushManager (D) : @_@ checkNeedReigster.true - status = READY
2015-08-28 11:32:23(pid=5705,tid=29548) : PushManager (D) : @_@ checkNeedReigster.true - status = READY
2015-08-28 11:32:23(pid=5705,tid=1) : LineNotification (D) :    # System.onReceive.action=android.net.conn.CONNECTIVITY_CHANGE
2015-08-28 11:32:23(pid=5705,tid=1) : LineNotification (D) : #cc#  current   : NETWORK_WIFI	 /networkState=CONNECTED	 /subType=WIFI	 /wifiInfo.SSID: "LinePlusui-iMac-76", BSSID: 7c:c3:a1:a7:5b:7b, Supplicant state: COMPLETED, RSSI: -200, Link speed: -1, Net ID: 3, Metered hint: false, mFrequency: 2462
2015-08-28 11:32:23(pid=5705,tid=1) : LineNotification (D) : #cc#  - receive : NETWORK_WIFI	 /networkState=CONNECTED	 /subType=WIFI	 /wifiInfo.SSID: "LinePlusui-iMac-76", BSSID: 7c:c3:a1:a7:5b:7b, Supplicant state: COMPLETED, RSSI: -200, Link speed: -1, Net ID: 3, Metered hint: false, mFrequency: 2462
2015-08-28 11:32:23(pid=5705,tid=1) : LineNotification (D) : #cc#  -- active : NETWORK_WIFI	 /networkState=CONNECTED	 /subType=WIFI	 /wifiInfo.SSID: "LinePlusui-iMac-76", BSSID: 7c:c3:a1:a7:5b:7b, Supplicant state: COMPLETED, RSSI: -200, Link speed: -1, Net ID: 3, Metered hint: false, mFrequency: 2462
2015-08-28 11:32:24(pid=5705,tid=1) : LineNotification (D) :    # System.onReceive.action=android.net.conn.CONNECTIVITY_CHANGE
2015-08-28 11:32:24(pid=5705,tid=1) : LineNotification (D) : #cc#  current   : NETWORK_WIFI	 /networkState=CONNECTED	 /subType=WIFI	 /wifiInfo.SSID: "LinePlusui-iMac-76", BSSID: 7c:c3:a1:a7:5b:7b, Supplicant state: COMPLETED, RSSI: -200, Link speed: -1, Net ID: 3, Metered hint: false, mFrequency: 2462
2015-08-28 11:32:24(pid=5705,tid=1) : LineNotification (D) : #cc#  - receive : NETWORK_4G	 /networkState=DISCONNECTED	 /subType=LTE
2015-08-28 11:32:24(pid=5705,tid=1) : LineNotification (D) : #cc#  -- active : NETWORK_WIFI	 /networkState=CONNECTED	 /subType=WIFI	 /wifiInfo.SSID: "LinePlusui-iMac-76", BSSID: 7c:c3:a1:a7:5b:7b, Supplicant state: COMPLETED, RSSI: -200, Link speed: -1, Net ID: 3, Metered hint: false, mFrequency: 2462
2015-08-28 11:32:25(pid=5705,tid=1) : LineNotification (D) :    # System.onReceive.action=android.net.conn.CONNECTIVITY_CHANGE
2015-08-28 11:32:25(pid=5705,tid=1) : LineNotification (D) : #cc#  current   : NETWORK_WIFI	 /networkState=CONNECTED	 /subType=WIFI	 /wifiInfo.SSID: "LinePlusui-iMac-76", BSSID: 7c:c3:a1:a7:5b:7b, Supplicant state: COMPLETED, RSSI: -200, Link speed: -1, Net ID: 3, Metered hint: false, mFrequency: 2462
2015-08-28 11:32:25(pid=5705,tid=1) : LineNotification (D) : #cc#  - receive : NETWORK_WIFI	 /networkState=CONNECTED	 /subType=WIFI	 /wifiInfo.SSID: "LinePlusui-iMac-76", BSSID: 7c:c3:a1:a7:5b:7b, Supplicant state: COMPLETED, RSSI: -200, Link speed: -1, Net ID: 3, Metered hint: false, mFrequency: 2462
2015-08-28 11:32:25(pid=5705,tid=1) : LineNotification (D) : #cc#  -- active : NETWORK_WIFI	 /networkState=CONNECTED	 /subType=WIFI	 /wifiInfo.SSID: "LinePlusui-iMac-76", BSSID: 7c:c3:a1:a7:5b:7b, Supplicant state: COMPLETED, RSSI: -200, Link speed: -1, Net ID: 3, Metered hint: false, mFrequency: 2462
2015-08-28 11:32:25(pid=5705,tid=29548) : PushManager (D) : @_@ checkNeedReigster.true - status = READY
2015-08-28 11:32:25(pid=5705,tid=29548) : PushManager (D) : @_@ checkNeedReigster.true - status = READY
2015-08-28 11:32:25(pid=5705,tid=29548) : PushManager (D) : @_@ checkNeedReigster.true - status = READY
2015-08-28 11:32:25(pid=5705,tid=29548) : PushManager (D) : @_@ checkNeedReigster.true - status = READY
2015-08-28 11:32:26(pid=5705,tid=29548) : PushManager (D) : @_@ checkNeedReigster.true - status = READY
2015-08-28 11:32:26(pid=5705,tid=29548) : PushManager (D) : @_@ checkNeedReigster.true - status = READY
2015-08-28 11:47:21(pid=5705,tid=1) : LineNotification (D) :    # System.onReceive.action=android.net.conn.CONNECTIVITY_CHANGE
2015-08-28 11:47:21(pid=5705,tid=1) : LineNotification (D) : #cc#  current   : NETWORK_WIFI	 /networkState=CONNECTED	 /subType=WIFI	 /wifiInfo.SSID: "LinePlusui-iMac-76", BSSID: 7c:c3:a1:a7:5b:7b, Supplicant state: COMPLETED, RSSI: -200, Link speed: -1, Net ID: 3, Metered hint: false, mFrequency: 2462
2015-08-28 11:47:21(pid=5705,tid=1) : LineNotification (D) : #cc#  - receive : NETWORK_WIFI	 /networkState=DISCONNECTED	 /subType=WIFI	 /wifiInfo.SSID: , BSSID: null, Supplicant state: SCANNING, RSSI: -200, Link speed: -1, Net ID: -1, Metered hint: false, mFrequency: -1
2015-08-28 11:47:21(pid=5705,tid=1) : LineNotification (D) : #cc#  -- active : NETWORK_4G	 /networkState=CONNECTED	 /subType=LTE
2015-08-28 11:47:22(pid=5705,tid=1) : LineNotification (D) :    # System.onReceive.action=android.net.conn.CONNECTIVITY_CHANGE
2015-08-28 11:47:22(pid=5705,tid=1) : LineNotification (D) : #cc#  current   : NETWORK_WIFI	 /networkState=CONNECTED	 /subType=WIFI	 /wifiInfo.SSID: "LinePlusui-iMac-76", BSSID: 7c:c3:a1:a7:5b:7b, Supplicant state: COMPLETED, RSSI: -200, Link speed: -1, Net ID: 3, Metered hint: false, mFrequency: 2462
2015-08-28 11:47:22(pid=5705,tid=1) : LineNotification (D) : #cc#  - receive : NETWORK_4G	 /networkState=CONNECTED	 /subType=LTE
2015-08-28 11:47:22(pid=5705,tid=1) : LineNotification (D) : #cc#  -- active : NETWORK_4G	 /networkState=CONNECTED	 /subType=LTE
2015-08-28 11:47:22(pid=5705,tid=1) : LineNotification (D) : #cc# @@ CHANGED @@ .networkInfo = NETWORK_4G	 /networkState=CONNECTED	 /subType=LTE
2015-08-28 11:47:23(pid=5705,tid=29548) : PushManager (D) : @_@ checkNeedReigster.true - status = READY
2015-08-28 11:47:23(pid=5705,tid=29548) : PushManager (D) : @_@ checkNeedReigster.true - status = READY
2015-08-28 11:47:24(pid=5705,tid=29548) : PushManager (D) : @_@ checkNeedReigster.true - status = READY
2015-08-28 11:47:24(pid=5705,tid=29548) : PushManager (D) : @_@ checkNeedReigster.true - status = READY
2015-08-28 11:47:26(pid=5705,tid=1) : LineNotification (D) :    # System.onReceive.action=android.net.conn.CONNECTIVITY_CHANGE
2015-08-28 11:47:26(pid=5705,tid=1) : LineNotification (D) : #cc#  current   : NETWORK_4G	 /networkState=CONNECTED	 /subType=LTE
2015-08-28 11:47:26(pid=5705,tid=1) : LineNotification (D) : #cc#  - receive : NETWORK_WIFI	 /networkState=CONNECTED	 /subType=WIFI	 /wifiInfo.SSID: "LinePlusui-iMac-76", BSSID: 7c:c3:a1:a7:5b:7b, Supplicant state: COMPLETED, RSSI: -200, Link speed: -1, Net ID: 3, Metered hint: false, mFrequency: 2462
2015-08-28 11:47:26(pid=5705,tid=1) : LineNotification (D) : #cc#  -- active : NETWORK_WIFI	 /networkState=CONNECTED	 /subType=WIFI	 /wifiInfo.SSID: "LinePlusui-iMac-76", BSSID: 7c:c3:a1:a7:5b:7b, Supplicant state: COMPLETED, RSSI: -200, Link speed: -1, Net ID: 3, Metered hint: false, mFrequency: 2462
2015-08-28 11:47:26(pid=5705,tid=1) : LineNotification (D) : #cc# @@ CHANGED @@ .networkInfo = NETWORK_WIFI	 /networkState=CONNECTED	 /subType=WIFI	 /wifiInfo.SSID: "LinePlusui-iMac-76", BSSID: 7c:c3:a1:a7:5b:7b, Supplicant state: COMPLETED, RSSI: -200, Link speed: -1, Net ID: 3, Metered hint: false, mFrequency: 2462
2015-08-28 11:47:26(pid=5705,tid=1) : LineNotification (D) :    # System.onReceive.action=android.net.conn.CONNECTIVITY_CHANGE
2015-08-28 11:47:26(pid=5705,tid=1) : LineNotification (D) : #cc#  current   : NETWORK_WIFI	 /networkState=CONNECTED	 /subType=WIFI	 /wifiInfo.SSID: "LinePlusui-iMac-76", BSSID: 7c:c3:a1:a7:5b:7b, Supplicant state: COMPLETED, RSSI: -200, Link speed: -1, Net ID: 3, Metered hint: false, mFrequency: 2462
2015-08-28 11:47:26(pid=5705,tid=1) : LineNotification (D) : #cc#  - receive : NETWORK_4G	 /networkState=DISCONNECTED	 /subType=LTE
2015-08-28 11:47:26(pid=5705,tid=1) : LineNotification (D) : #cc#  -- active : NETWORK_WIFI	 /networkState=CONNECTED	 /subType=WIFI	 /wifiInfo.SSID: "LinePlusui-iMac-76", BSSID: 7c:c3:a1:a7:5b:7b, Supplicant state: COMPLETED, RSSI: -200, Link speed: -1, Net ID: 3, Metered hint: false, mFrequency: 2462
2015-08-28 11:47:27(pid=5705,tid=29548) : PushManager (D) : @_@ checkNeedReigster.true - status = READY
2015-08-28 11:47:27(pid=5705,tid=29548) : PushManager (D) : @_@ checkNeedReigster.true - status = READY
2015-08-28 11:47:27(pid=5705,tid=1) : LineNotification (D) :    # System.onReceive.action=android.net.conn.CONNECTIVITY_CHANGE
2015-08-28 11:47:27(pid=5705,tid=1) : LineNotification (D) : #cc#  current   : NETWORK_WIFI	 /networkState=CONNECTED	 /subType=WIFI	 /wifiInfo.SSID: "LinePlusui-iMac-76", BSSID: 7c:c3:a1:a7:5b:7b, Supplicant state: COMPLETED, RSSI: -200, Link speed: -1, Net ID: 3, Metered hint: false, mFrequency: 2462
2015-08-28 11:47:27(pid=5705,tid=1) : LineNotification (D) : #cc#  - receive : NETWORK_WIFI	 /networkState=CONNECTED	 /subType=WIFI	 /wifiInfo.SSID: "LinePlusui-iMac-76", BSSID: 7c:c3:a1:a7:5b:7b, Supplicant state: COMPLETED, RSSI: -200, Link speed: -1, Net ID: 3, Metered hint: false, mFrequency: 2462
2015-08-28 11:47:27(pid=5705,tid=1) : LineNotification (D) : #cc#  -- active : NETWORK_WIFI	 /networkState=CONNECTED	 /subType=WIFI	 /wifiInfo.SSID: "LinePlusui-iMac-76", BSSID: 7c:c3:a1:a7:5b:7b, Supplicant state: COMPLETED, RSSI: -200, Link speed: -1, Net ID: 3, Metered hint: false, mFrequency: 2462
2015-08-28 11:47:28(pid=5705,tid=29548) : PushManager (D) : @_@ checkNeedReigster.true - status = READY
2015-08-28 11:47:28(pid=5705,tid=29548) : PushManager (D) : @_@ checkNeedReigster.true - status = READY
2015-08-28 11:47:29(pid=5705,tid=29548) : PushManager (D) : @_@ checkNeedReigster.true - status = READY
2015-08-28 11:47:29(pid=5705,tid=29548) : PushManager (D) : @_@ checkNeedReigster.true - status = READY
