2015-08-20 00:07:25(pid=16840,tid=1) : FetchOp.Scheduler (D) : [# receive alarm]
2015-08-20 00:07:25(pid=16840,tid=1) : FetchOp (D) : requestFetchOperation
2015-08-20 00:07:25(pid=16840,tid=27578) : FetchOp.PollingChecker (D) : FetchOperationPollingStateChecker#isActiveLine: isScreenOn=true, isForeground=false, PushDialog.activeFlag=false, VoipInfo.isOnCalling=false
2015-08-20 00:07:25(pid=16840,tid=27578) : FetchOp.Manager (D) : executeFetchOp(isFetchLongPollingLastConnection=false)
2015-08-20 00:07:27(pid=16840,tid=1) : FetchOp.Scheduler (D) : [# onReceivedSleepOffBroadcast]
2015-08-20 00:07:27(pid=16840,tid=1) : FetchOp.Scheduler (D) : [onReceivedSleepOffBroadcast] already on background.
2015-08-20 00:07:29(pid=16840,tid=27579) : FetchOp.Manager (D) : success fetchOp. responseHeader={x-le=7, content-length=0, x-lcr=193, x-ls=Gt+33Q, status=200, x-lc=204, version=HTTP/1.1}
2015-08-20 00:07:29(pid=16840,tid=27579) : FetchOp.Manager (D) : success fetchOp.(operationCount=0)
2015-08-20 00:07:29(pid=16840,tid=27579) : FetchOp.Scheduler (D) : [# onSuccessFetchOp] operationReceived=false
2015-08-20 00:07:29(pid=16840,tid=27579) : FetchOp.PollingChecker (D) : FetchOperationPollingStateChecker#isActiveLine: isScreenOn=false, isForeground=false, PushDialog.activeFlag=false, VoipInfo.isOnCalling=false
2015-08-20 00:07:29(pid=16840,tid=27579) : FetchOp.Scheduler (D) : calcAndSetNextSchedule : waitTime=9000000
2015-08-20 00:07:29(pid=16840,tid=27579) : FetchOp.Scheduler (D) : setNextSchedule : nextSchedule=02:37:29
2015-08-20 00:34:32(pid=21689,tid=1) : FetchOp.Scheduler (D) : [# onConnected] lastConnectedTime=null, lastDisconnectedTime=null, currentTime=00:34:32
2015-08-20 00:34:32(pid=21689,tid=1) : FetchOp.PollingChecker (D) : FetchOperationPollingStateChecker#isActiveLine: isScreenOn=false, isForeground=false, PushDialog.activeFlag=false, VoipInfo.isOnCalling=false
2015-08-20 00:34:32(pid=21689,tid=1) : FetchOp.Scheduler (D) : calcAndSetNextSchedule : waitTime=1980000
2015-08-20 00:34:32(pid=21689,tid=1) : FetchOp.Scheduler (D) : setNextSchedule : nextSchedule=01:07:32
2015-08-20 00:44:23(pid=23488,tid=1) : FetchOp.Scheduler (D) : [# onConnected] lastConnectedTime=null, lastDisconnectedTime=null, currentTime=00:44:23
2015-08-20 00:44:23(pid=23488,tid=1) : FetchOp.PollingChecker (D) : FetchOperationPollingStateChecker#isActiveLine: isScreenOn=false, isForeground=false, PushDialog.activeFlag=false, VoipInfo.isOnCalling=false
2015-08-20 00:44:23(pid=23488,tid=1) : FetchOp.Scheduler (D) : calcAndSetNextSchedule : waitTime=1860000
2015-08-20 00:44:23(pid=23488,tid=1) : FetchOp.Scheduler (D) : setNextSchedule : nextSchedule=01:15:23
2015-08-20 00:44:34(pid=24410,tid=1) : FetchOp.Scheduler (D) : [# onConnected] lastConnectedTime=null, lastDisconnectedTime=null, currentTime=00:44:34
2015-08-20 00:44:34(pid=24410,tid=1) : FetchOp.PollingChecker (D) : FetchOperationPollingStateChecker#isActiveLine: isScreenOn=false, isForeground=false, PushDialog.activeFlag=false, VoipInfo.isOnCalling=false
2015-08-20 00:44:34(pid=24410,tid=1) : FetchOp.Scheduler (D) : calcAndSetNextSchedule : waitTime=2100000
2015-08-20 00:44:34(pid=24410,tid=1) : FetchOp.Scheduler (D) : setNextSchedule : nextSchedule=01:19:34
2015-08-20 00:54:23(pid=27065,tid=1) : FetchOp.Scheduler (D) : [# onConnected] lastConnectedTime=null, lastDisconnectedTime=null, currentTime=00:54:23
2015-08-20 00:54:23(pid=27065,tid=1) : FetchOp.PollingChecker (D) : FetchOperationPollingStateChecker#isActiveLine: isScreenOn=false, isForeground=false, PushDialog.activeFlag=false, VoipInfo.isOnCalling=false
2015-08-20 00:54:23(pid=27065,tid=1) : FetchOp.Scheduler (D) : calcAndSetNextSchedule : waitTime=2100000
2015-08-20 00:54:23(pid=27065,tid=1) : FetchOp.Scheduler (D) : setNextSchedule : nextSchedule=01:29:23
2015-08-20 01:04:30(pid=29775,tid=1) : FetchOp.Scheduler (D) : [# onConnected] lastConnectedTime=null, lastDisconnectedTime=null, currentTime=01:04:30
2015-08-20 01:04:30(pid=29775,tid=1) : FetchOp.PollingChecker (D) : FetchOperationPollingStateChecker#isActiveLine: isScreenOn=false, isForeground=false, PushDialog.activeFlag=false, VoipInfo.isOnCalling=false
2015-08-20 01:04:30(pid=29775,tid=1) : FetchOp.Scheduler (D) : calcAndSetNextSchedule : waitTime=1860000
2015-08-20 01:04:30(pid=29775,tid=1) : FetchOp.Scheduler (D) : setNextSchedule : nextSchedule=01:35:30
2015-08-20 01:24:22(pid=1646,tid=1) : FetchOp.Scheduler (D) : [# onConnected] lastConnectedTime=null, lastDisconnectedTime=null, currentTime=01:24:22
2015-08-20 01:34:22(pid=4107,tid=1) : FetchOp.Scheduler (D) : [# onConnected] lastConnectedTime=null, lastDisconnectedTime=null, currentTime=01:34:22
2015-08-20 01:34:22(pid=4107,tid=1) : FetchOp.PollingChecker (D) : FetchOperationPollingStateChecker#isActiveLine: isScreenOn=false, isForeground=false, PushDialog.activeFlag=false, VoipInfo.isOnCalling=false
2015-08-20 01:34:22(pid=4107,tid=1) : FetchOp.Scheduler (D) : calcAndSetNextSchedule : waitTime=1800000
2015-08-20 01:34:22(pid=4107,tid=1) : FetchOp.Scheduler (D) : setNextSchedule : nextSchedule=02:04:22
2015-08-20 02:04:23(pid=9511,tid=1) : FetchOp.Scheduler (D) : [# receive alarm]
2015-08-20 02:04:23(pid=9511,tid=1) : FetchOp (D) : requestFetchOperation
2015-08-20 02:04:23(pid=9511,tid=29304) : FetchOp.PollingChecker (D) : FetchOperationPollingStateChecker#isActiveLine: isScreenOn=false, isForeground=false, PushDialog.activeFlag=false, VoipInfo.isOnCalling=false
2015-08-20 02:04:23(pid=9511,tid=29304) : FetchOp.Manager (D) : executeFetchOp(isFetchLongPollingLastConnection=false)
2015-08-20 02:04:24(pid=9511,tid=29292) : FetchOp.Manager (D) : success fetchOp. responseHeader={x-le=7, content-length=0, x-lcr=193, x-ls=MnxB1A, status=200, x-lc=204, version=HTTP/1.1}
2015-08-20 02:04:24(pid=9511,tid=29292) : FetchOp.Manager (D) : success fetchOp.(operationCount=0)
2015-08-20 02:04:24(pid=9511,tid=29292) : FetchOp.Scheduler (D) : [# onSuccessFetchOp] operationReceived=false
2015-08-20 02:04:24(pid=9511,tid=29292) : FetchOp.PollingChecker (D) : FetchOperationPollingStateChecker#isActiveLine: isScreenOn=false, isForeground=false, PushDialog.activeFlag=false, VoipInfo.isOnCalling=false
2015-08-20 02:04:24(pid=9511,tid=29292) : FetchOp.Scheduler (D) : calcAndSetNextSchedule : waitTime=9000000
2015-08-20 02:04:24(pid=9511,tid=29292) : FetchOp.Scheduler (D) : setNextSchedule : nextSchedule=04:34:24
2015-08-20 02:34:19(pid=15847,tid=1) : FetchOp.Scheduler (D) : [# onConnected] lastConnectedTime=null, lastDisconnectedTime=null, currentTime=02:34:19
2015-08-20 02:34:19(pid=15847,tid=1) : FetchOp.PollingChecker (D) : FetchOperationPollingStateChecker#isActiveLine: isScreenOn=false, isForeground=false, PushDialog.activeFlag=false, VoipInfo.isOnCalling=false
2015-08-20 02:34:19(pid=15847,tid=1) : FetchOp.Scheduler (D) : calcAndSetNextSchedule : waitTime=1980000
2015-08-20 02:34:19(pid=15847,tid=1) : FetchOp.Scheduler (D) : setNextSchedule : nextSchedule=03:07:19
2015-08-20 02:44:25(pid=18175,tid=1) : FetchOp.Scheduler (D) : [# onConnected] lastConnectedTime=null, lastDisconnectedTime=null, currentTime=02:44:25
2015-08-20 02:44:25(pid=18175,tid=1) : FetchOp.PollingChecker (D) : FetchOperationPollingStateChecker#isActiveLine: isScreenOn=false, isForeground=false, PushDialog.activeFlag=false, VoipInfo.isOnCalling=false
2015-08-20 02:44:25(pid=18175,tid=1) : FetchOp.Scheduler (D) : calcAndSetNextSchedule : waitTime=1920000
2015-08-20 02:44:25(pid=18175,tid=1) : FetchOp.Scheduler (D) : setNextSchedule : nextSchedule=03:16:25
2015-08-20 02:44:31(pid=18892,tid=1) : FetchOp.Scheduler (D) : [# onConnected] lastConnectedTime=null, lastDisconnectedTime=null, currentTime=02:44:31
2015-08-20 02:44:31(pid=18892,tid=1) : FetchOp.PollingChecker (D) : FetchOperationPollingStateChecker#isActiveLine: isScreenOn=false, isForeground=false, PushDialog.activeFlag=false, VoipInfo.isOnCalling=false
2015-08-20 02:44:31(pid=18892,tid=1) : FetchOp.Scheduler (D) : calcAndSetNextSchedule : waitTime=2100000
2015-08-20 02:44:31(pid=18892,tid=1) : FetchOp.Scheduler (D) : setNextSchedule : nextSchedule=03:19:31
2015-08-20 02:54:29(pid=21759,tid=1) : FetchOp.Scheduler (D) : [# onConnected] lastConnectedTime=null, lastDisconnectedTime=null, currentTime=02:54:29
2015-08-20 02:54:29(pid=21759,tid=1) : FetchOp.PollingChecker (D) : FetchOperationPollingStateChecker#isActiveLine: isScreenOn=false, isForeground=false, PushDialog.activeFlag=false, VoipInfo.isOnCalling=false
2015-08-20 02:54:29(pid=21759,tid=1) : FetchOp.Scheduler (D) : calcAndSetNextSchedule : waitTime=1920000
2015-08-20 02:54:29(pid=21759,tid=1) : FetchOp.Scheduler (D) : setNextSchedule : nextSchedule=03:26:29
2015-08-20 03:04:22(pid=23879,tid=1) : FetchOp.Scheduler (D) : [# onConnected] lastConnectedTime=null, lastDisconnectedTime=null, currentTime=03:04:22
2015-08-20 03:04:22(pid=23879,tid=1) : FetchOp.PollingChecker (D) : FetchOperationPollingStateChecker#isActiveLine: isScreenOn=false, isForeground=false, PushDialog.activeFlag=false, VoipInfo.isOnCalling=false
2015-08-20 03:04:22(pid=23879,tid=1) : FetchOp.Scheduler (D) : calcAndSetNextSchedule : waitTime=1980000
2015-08-20 03:04:22(pid=23879,tid=1) : FetchOp.Scheduler (D) : setNextSchedule : nextSchedule=03:37:22
2015-08-20 03:04:31(pid=24688,tid=1) : FetchOp.Scheduler (D) : [# onConnected] lastConnectedTime=null, lastDisconnectedTime=null, currentTime=03:04:31
2015-08-20 03:04:31(pid=24688,tid=1) : FetchOp.PollingChecker (D) : FetchOperationPollingStateChecker#isActiveLine: isScreenOn=false, isForeground=false, PushDialog.activeFlag=false, VoipInfo.isOnCalling=false
2015-08-20 03:04:31(pid=24688,tid=1) : FetchOp.Scheduler (D) : calcAndSetNextSchedule : waitTime=2040000
2015-08-20 03:04:31(pid=24688,tid=1) : FetchOp.Scheduler (D) : setNextSchedule : nextSchedule=03:38:31
2015-08-20 03:34:20(pid=30883,tid=1) : FetchOp.Scheduler (D) : [# onConnected] lastConnectedTime=null, lastDisconnectedTime=null, currentTime=03:34:20
2015-08-20 03:34:26(pid=31635,tid=1) : FetchOp.Scheduler (D) : [# onConnected] lastConnectedTime=null, lastDisconnectedTime=null, currentTime=03:34:26
2015-08-20 03:34:26(pid=31635,tid=1) : FetchOp.PollingChecker (D) : FetchOperationPollingStateChecker#isActiveLine: isScreenOn=false, isForeground=false, PushDialog.activeFlag=false, VoipInfo.isOnCalling=false
2015-08-20 03:34:26(pid=31635,tid=1) : FetchOp.Scheduler (D) : calcAndSetNextSchedule : waitTime=2040000
2015-08-20 03:34:26(pid=31635,tid=1) : FetchOp.Scheduler (D) : setNextSchedule : nextSchedule=04:08:26
2015-08-20 04:08:27(pid=4075,tid=1) : FetchOp.Scheduler (D) : [# receive alarm]
2015-08-20 04:08:27(pid=4075,tid=1) : FetchOp (D) : requestFetchOperation
2015-08-20 04:08:27(pid=4075,tid=30936) : FetchOp.PollingChecker (D) : FetchOperationPollingStateChecker#isActiveLine: isScreenOn=false, isForeground=false, PushDialog.activeFlag=false, VoipInfo.isOnCalling=false
2015-08-20 04:08:27(pid=4075,tid=30936) : FetchOp.Manager (D) : executeFetchOp(isFetchLongPollingLastConnection=false)
2015-08-20 04:08:32(pid=4075,tid=30937) : FetchOp.Manager (D) : success fetchOp. responseHeader={x-le=7, content-length=0, x-lcr=193, x-ls=LOfJxg, status=200, x-lc=204, version=HTTP/1.1}
2015-08-20 04:08:32(pid=4075,tid=30937) : FetchOp.Manager (D) : success fetchOp.(operationCount=0)
2015-08-20 04:08:32(pid=4075,tid=30937) : FetchOp.Scheduler (D) : [# onSuccessFetchOp] operationReceived=false
2015-08-20 04:08:32(pid=4075,tid=30937) : FetchOp.PollingChecker (D) : FetchOperationPollingStateChecker#isActiveLine: isScreenOn=false, isForeground=false, PushDialog.activeFlag=false, VoipInfo.isOnCalling=false
2015-08-20 04:08:32(pid=4075,tid=30937) : FetchOp.Scheduler (D) : calcAndSetNextSchedule : waitTime=9000000
2015-08-20 04:08:32(pid=4075,tid=30937) : FetchOp.Scheduler (D) : setNextSchedule : nextSchedule=06:38:32
2015-08-20 04:44:21(pid=10716,tid=1) : FetchOp.Scheduler (D) : [# onConnected] lastConnectedTime=null, lastDisconnectedTime=null, currentTime=04:44:21
2015-08-20 04:54:17(pid=13990,tid=1) : FetchOp.Scheduler (D) : [# onConnected] lastConnectedTime=null, lastDisconnectedTime=null, currentTime=04:54:16
2015-08-20 04:54:17(pid=13990,tid=1) : FetchOp.PollingChecker (D) : FetchOperationPollingStateChecker#isActiveLine: isScreenOn=false, isForeground=false, PushDialog.activeFlag=false, VoipInfo.isOnCalling=false
2015-08-20 04:54:17(pid=13990,tid=1) : FetchOp.Scheduler (D) : calcAndSetNextSchedule : waitTime=1860000
2015-08-20 04:54:17(pid=13990,tid=1) : FetchOp.Scheduler (D) : setNextSchedule : nextSchedule=05:25:17
2015-08-20 05:04:28(pid=16618,tid=1) : FetchOp.Scheduler (D) : [# onConnected] lastConnectedTime=null, lastDisconnectedTime=null, currentTime=05:04:28
2015-08-20 05:04:28(pid=16618,tid=1) : FetchOp.PollingChecker (D) : FetchOperationPollingStateChecker#isActiveLine: isScreenOn=false, isForeground=false, PushDialog.activeFlag=false, VoipInfo.isOnCalling=false
2015-08-20 05:04:28(pid=16618,tid=1) : FetchOp.Scheduler (D) : calcAndSetNextSchedule : waitTime=1920000
2015-08-20 05:04:28(pid=16618,tid=1) : FetchOp.Scheduler (D) : setNextSchedule : nextSchedule=05:36:28
2015-08-20 05:14:22(pid=18378,tid=1) : FetchOp.Scheduler (D) : [# onConnected] lastConnectedTime=null, lastDisconnectedTime=null, currentTime=05:14:22
2015-08-20 05:14:22(pid=18378,tid=1) : FetchOp.PollingChecker (D) : FetchOperationPollingStateChecker#isActiveLine: isScreenOn=false, isForeground=false, PushDialog.activeFlag=false, VoipInfo.isOnCalling=false
2015-08-20 05:14:22(pid=18378,tid=1) : FetchOp.Scheduler (D) : calcAndSetNextSchedule : waitTime=2100000
2015-08-20 05:14:22(pid=18378,tid=1) : FetchOp.Scheduler (D) : setNextSchedule : nextSchedule=05:49:22
2015-08-20 05:21:54(pid=22257,tid=1) : FetchOp.Scheduler (D) : [# onConnected] lastConnectedTime=null, lastDisconnectedTime=null, currentTime=05:21:54
2015-08-20 05:21:54(pid=22257,tid=1) : FetchOp.PollingChecker (D) : FetchOperationPollingStateChecker#isActiveLine: isScreenOn=false, isForeground=false, PushDialog.activeFlag=false, VoipInfo.isOnCalling=false
2015-08-20 05:21:54(pid=22257,tid=1) : FetchOp.Scheduler (D) : calcAndSetNextSchedule : waitTime=2040000
2015-08-20 05:21:54(pid=22257,tid=1) : FetchOp.Scheduler (D) : setNextSchedule : nextSchedule=05:55:54
2015-08-20 05:22:03(pid=23094,tid=1) : FetchOp.Scheduler (D) : [# onConnected] lastConnectedTime=null, lastDisconnectedTime=null, currentTime=05:22:03
2015-08-20 05:24:18(pid=27814,tid=1) : FetchOp.Scheduler (D) : [# onConnected] lastConnectedTime=null, lastDisconnectedTime=null, currentTime=05:24:18
2015-08-20 05:24:18(pid=27814,tid=1) : FetchOp.PollingChecker (D) : FetchOperationPollingStateChecker#isActiveLine: isScreenOn=false, isForeground=false, PushDialog.activeFlag=false, VoipInfo.isOnCalling=false
2015-08-20 05:24:18(pid=27814,tid=1) : FetchOp.Scheduler (D) : calcAndSetNextSchedule : waitTime=2100000
2015-08-20 05:24:18(pid=27814,tid=1) : FetchOp.Scheduler (D) : setNextSchedule : nextSchedule=05:59:18
2015-08-20 05:24:37(pid=29743,tid=1) : FetchOp.Scheduler (D) : [# onConnected] lastConnectedTime=null, lastDisconnectedTime=null, currentTime=05:24:37
2015-08-20 05:24:48(pid=31125,tid=1) : FetchOp.Scheduler (D) : [# onConnected] lastConnectedTime=null, lastDisconnectedTime=null, currentTime=05:24:48
2015-08-20 05:34:23(pid=611,tid=1) : FetchOp.Scheduler (D) : [# onConnected] lastConnectedTime=null, lastDisconnectedTime=null, currentTime=05:34:23
2015-08-20 05:34:23(pid=611,tid=1) : FetchOp.PollingChecker (D) : FetchOperationPollingStateChecker#isActiveLine: isScreenOn=false, isForeground=false, PushDialog.activeFlag=false, VoipInfo.isOnCalling=false
2015-08-20 05:34:23(pid=611,tid=1) : FetchOp.Scheduler (D) : calcAndSetNextSchedule : waitTime=1920000
2015-08-20 05:34:23(pid=611,tid=1) : FetchOp.Scheduler (D) : setNextSchedule : nextSchedule=06:06:23
2015-08-20 06:06:45(pid=6466,tid=1) : FetchOp.Scheduler (D) : [# receive alarm]
2015-08-20 06:06:45(pid=6466,tid=1) : FetchOp (D) : requestFetchOperation
2015-08-20 06:06:45(pid=6466,tid=33478) : FetchOp.PollingChecker (D) : FetchOperationPollingStateChecker#isActiveLine: isScreenOn=false, isForeground=false, PushDialog.activeFlag=false, VoipInfo.isOnCalling=false
2015-08-20 06:06:45(pid=6466,tid=33478) : FetchOp.Manager (D) : executeFetchOp(isFetchLongPollingLastConnection=false)
2015-08-20 06:06:45(pid=6466,tid=33485) : FetchOp.Manager (D) : success fetchOp.(operationCount=1)
2015-08-20 06:06:45(pid=6466,tid=33485) : FetchOp.Scheduler (D) : [# onSuccessFetchOp] operationReceived=true
2015-08-20 06:06:45(pid=6466,tid=33484) : FetchOp.OpProcessor (D) : start handleOperationTask.
2015-08-20 06:06:45(pid=6466,tid=33484) : FetchOp.OpProcessor (D) : processOperations. opCount=1
2015-08-20 06:06:45(pid=6466,tid=33484) : FetchOp.OpProcessor (D) : success.Operation(revision:-1, createdTime:0, type:END_OF_OPERATION, reqSeq:-1, param2:14741stickershop146)
2015-08-20 06:06:45(pid=6466,tid=33484) : FetchOp.OpProcessor (D) : stop handleOperationTask. processingTime=23
2015-08-20 06:06:45(pid=6466,tid=33484) : FetchOp.Scheduler (D) : [# onReceiveOpProcessorFinished]
2015-08-20 06:06:45(pid=6466,tid=33484) : FetchOp.PollingChecker (D) : FetchOperationPollingStateChecker#isActiveLine: isScreenOn=false, isForeground=false, PushDialog.activeFlag=false, VoipInfo.isOnCalling=false
2015-08-20 06:06:45(pid=6466,tid=33484) : FetchOp.Scheduler (D) : calcAndSetNextSchedule : waitTime=9000000
2015-08-20 06:06:45(pid=6466,tid=33484) : FetchOp.Scheduler (D) : setNextSchedule : nextSchedule=08:36:45
2015-08-20 07:04:24(pid=15327,tid=1) : FetchOp.Scheduler (D) : [# onConnected] lastConnectedTime=null, lastDisconnectedTime=null, currentTime=07:04:24
2015-08-20 07:04:24(pid=15327,tid=1) : FetchOp.PollingChecker (D) : FetchOperationPollingStateChecker#isActiveLine: isScreenOn=false, isForeground=false, PushDialog.activeFlag=false, VoipInfo.isOnCalling=false
2015-08-20 07:04:24(pid=15327,tid=1) : FetchOp.Scheduler (D) : calcAndSetNextSchedule : waitTime=1920000
2015-08-20 07:04:24(pid=15327,tid=1) : FetchOp.Scheduler (D) : setNextSchedule : nextSchedule=07:36:24
2015-08-20 07:14:10(pid=18052,tid=1) : FetchOp.Scheduler (D) : [# onConnected] lastConnectedTime=null, lastDisconnectedTime=null, currentTime=07:14:10
2015-08-20 07:48:24(pid=25955,tid=1) : FetchOp.Scheduler (D) : [# receive alarm]
2015-08-20 07:48:24(pid=25955,tid=1) : FetchOp (D) : requestFetchOperation
2015-08-20 07:48:24(pid=25955,tid=34247) : FetchOp.PollingChecker (D) : FetchOperationPollingStateChecker#isActiveLine: isScreenOn=false, isForeground=false, PushDialog.activeFlag=false, VoipInfo.isOnCalling=false
2015-08-20 07:48:25(pid=25955,tid=34247) : FetchOp.Manager (D) : executeFetchOp(isFetchLongPollingLastConnection=false)
2015-08-20 07:48:25(pid=25955,tid=34249) : FetchOp.Manager (D) : success fetchOp. responseHeader={x-le=7, content-length=0, x-lcr=193, x-ls=H3Cabg, status=200, x-lc=204, version=HTTP/1.1}
2015-08-20 07:48:25(pid=25955,tid=34249) : FetchOp.Manager (D) : success fetchOp.(operationCount=0)
2015-08-20 07:48:25(pid=25955,tid=34249) : FetchOp.Scheduler (D) : [# onSuccessFetchOp] operationReceived=false
2015-08-20 07:48:25(pid=25955,tid=34249) : FetchOp.PollingChecker (D) : FetchOperationPollingStateChecker#isActiveLine: isScreenOn=false, isForeground=false, PushDialog.activeFlag=false, VoipInfo.isOnCalling=false
2015-08-20 07:48:25(pid=25955,tid=34249) : FetchOp.Scheduler (D) : calcAndSetNextSchedule : waitTime=9000000
2015-08-20 07:48:25(pid=25955,tid=34249) : FetchOp.Scheduler (D) : setNextSchedule : nextSchedule=10:18:25
2015-08-20 07:50:23(pid=25955,tid=1) : FetchOp.Scheduler (D) : [# onReceivedSleepOffBroadcast]
2015-08-20 07:50:23(pid=25955,tid=1) : FetchOp.Scheduler (D) : [onReceivedSleepOffBroadcast] already on background.
2015-08-20 08:14:32(pid=5854,tid=1) : FetchOp.Scheduler (D) : [# onConnected] lastConnectedTime=null, lastDisconnectedTime=null, currentTime=08:14:32
2015-08-20 08:41:59(pid=20459,tid=1) : FetchOp.Scheduler (D) : [# onConnected] lastConnectedTime=null, lastDisconnectedTime=null, currentTime=08:41:59
2015-08-20 08:41:59(pid=20459,tid=1) : FetchOp.PollingChecker (D) : FetchOperationPollingStateChecker#isActiveLine: isScreenOn=false, isForeground=false, PushDialog.activeFlag=false, VoipInfo.isOnCalling=false
2015-08-20 08:41:59(pid=20459,tid=1) : FetchOp.Scheduler (D) : calcAndSetNextSchedule : waitTime=1800000
2015-08-20 08:41:59(pid=20459,tid=1) : FetchOp.Scheduler (D) : setNextSchedule : nextSchedule=09:11:59
2015-08-20 08:42:47(pid=24824,tid=1) : FetchOp.Scheduler (D) : [# onConnected] lastConnectedTime=null, lastDisconnectedTime=null, currentTime=08:42:47
2015-08-20 08:42:47(pid=24824,tid=1) : FetchOp.PollingChecker (D) : FetchOperationPollingStateChecker#isActiveLine: isScreenOn=false, isForeground=false, PushDialog.activeFlag=false, VoipInfo.isOnCalling=false
2015-08-20 08:42:47(pid=24824,tid=1) : FetchOp.Scheduler (D) : calcAndSetNextSchedule : waitTime=1860000
2015-08-20 08:42:47(pid=24824,tid=1) : FetchOp.Scheduler (D) : setNextSchedule : nextSchedule=09:13:47
2015-08-20 08:44:30(pid=29870,tid=1) : FetchOp.Scheduler (D) : [# onConnected] lastConnectedTime=null, lastDisconnectedTime=null, currentTime=08:44:30
2015-08-20 08:44:46(pid=31231,tid=1) : FetchOp.Scheduler (D) : [# onConnected] lastConnectedTime=null, lastDisconnectedTime=null, currentTime=08:44:46
2015-08-20 08:45:47(pid=477,tid=1) : FetchOp.Scheduler (D) : [# onConnected] lastConnectedTime=null, lastDisconnectedTime=null, currentTime=08:45:47
2015-08-20 08:45:48(pid=477,tid=1) : FetchOp.PollingChecker (D) : FetchOperationPollingStateChecker#isActiveLine: isScreenOn=false, isForeground=false, PushDialog.activeFlag=false, VoipInfo.isOnCalling=false
2015-08-20 08:45:48(pid=477,tid=1) : FetchOp.Scheduler (D) : calcAndSetNextSchedule : waitTime=1920000
2015-08-20 08:45:48(pid=477,tid=1) : FetchOp.Scheduler (D) : setNextSchedule : nextSchedule=09:17:48
2015-08-20 08:45:49(pid=477,tid=1) : FetchOp.Scheduler (D) : [# onConnected] lastConnectedTime=08:45:47, lastDisconnectedTime=null, currentTime=08:45:49
2015-08-20 08:45:49(pid=477,tid=1) : FetchOp.PollingChecker (D) : FetchOperationPollingStateChecker#isActiveLine: isScreenOn=false, isForeground=false, PushDialog.activeFlag=false, VoipInfo.isOnCalling=false
2015-08-20 08:45:49(pid=477,tid=1) : FetchOp.Scheduler (D) : calcAndSetNextSchedule : waitTime=1980000
2015-08-20 08:45:49(pid=477,tid=1) : FetchOp.Scheduler (D) : setNextSchedule : wait last schedule.(lastSchedule=09:17:48)
2015-08-20 08:46:26(pid=4145,tid=1) : FetchOp.Scheduler (D) : [# onConnected] lastConnectedTime=null, lastDisconnectedTime=null, currentTime=08:46:26
2015-08-20 08:46:26(pid=4145,tid=1) : FetchOp.PollingChecker (D) : FetchOperationPollingStateChecker#isActiveLine: isScreenOn=false, isForeground=false, PushDialog.activeFlag=false, VoipInfo.isOnCalling=false
2015-08-20 08:46:26(pid=4145,tid=1) : FetchOp.Scheduler (D) : calcAndSetNextSchedule : waitTime=1860000
2015-08-20 08:46:26(pid=4145,tid=1) : FetchOp.Scheduler (D) : setNextSchedule : nextSchedule=09:17:26
2015-08-20 08:46:26(pid=4145,tid=1) : FetchOp.Scheduler (D) : [# onConnected] lastConnectedTime=08:46:26, lastDisconnectedTime=null, currentTime=08:46:26
2015-08-20 08:46:26(pid=4145,tid=1) : FetchOp.PollingChecker (D) : FetchOperationPollingStateChecker#isActiveLine: isScreenOn=false, isForeground=false, PushDialog.activeFlag=false, VoipInfo.isOnCalling=false
2015-08-20 08:46:26(pid=4145,tid=1) : FetchOp.Scheduler (D) : calcAndSetNextSchedule : waitTime=1800000
2015-08-20 08:46:26(pid=4145,tid=1) : FetchOp.Scheduler (D) : setNextSchedule : nextSchedule=09:16:26
2015-08-20 08:48:42(pid=8815,tid=1) : FetchOp.Scheduler (D) : [# onConnected] lastConnectedTime=null, lastDisconnectedTime=null, currentTime=08:48:42
2015-08-20 08:48:42(pid=8815,tid=1) : FetchOp.PollingChecker (D) : FetchOperationPollingStateChecker#isActiveLine: isScreenOn=true, isForeground=false, PushDialog.activeFlag=false, VoipInfo.isOnCalling=false
2015-08-20 08:48:42(pid=8815,tid=1) : FetchOp.Scheduler (D) : calcAndSetNextSchedule : waitTime=2100000
2015-08-20 08:48:42(pid=8815,tid=1) : FetchOp.Scheduler (D) : setNextSchedule : nextSchedule=09:23:42
2015-08-20 09:04:24(pid=25530,tid=1) : FetchOp.Scheduler (D) : [# onConnected] lastConnectedTime=null, lastDisconnectedTime=null, currentTime=09:04:24
2015-08-20 09:04:24(pid=25530,tid=1) : FetchOp.PollingChecker (D) : FetchOperationPollingStateChecker#isActiveLine: isScreenOn=true, isForeground=false, PushDialog.activeFlag=false, VoipInfo.isOnCalling=false
2015-08-20 09:04:24(pid=25530,tid=1) : FetchOp.Scheduler (D) : calcAndSetNextSchedule : waitTime=1980000
2015-08-20 09:04:24(pid=25530,tid=1) : FetchOp.Scheduler (D) : setNextSchedule : nextSchedule=09:37:24
2015-08-20 09:13:51(pid=30753,tid=1) : FetchOp.Scheduler (D) : [# onConnected] lastConnectedTime=null, lastDisconnectedTime=null, currentTime=09:13:51
2015-08-20 09:13:51(pid=30753,tid=1) : FetchOp.PollingChecker (D) : FetchOperationPollingStateChecker#isActiveLine: isScreenOn=false, isForeground=false, PushDialog.activeFlag=false, VoipInfo.isOnCalling=false
2015-08-20 09:13:51(pid=30753,tid=1) : FetchOp.Scheduler (D) : calcAndSetNextSchedule : waitTime=2040000
2015-08-20 09:13:51(pid=30753,tid=1) : FetchOp.Scheduler (D) : setNextSchedule : nextSchedule=09:47:51
2015-08-20 09:13:57(pid=31523,tid=1) : FetchOp.Scheduler (D) : [# onConnected] lastConnectedTime=null, lastDisconnectedTime=null, currentTime=09:13:57
2015-08-20 09:13:57(pid=31523,tid=1) : FetchOp.PollingChecker (D) : FetchOperationPollingStateChecker#isActiveLine: isScreenOn=false, isForeground=false, PushDialog.activeFlag=false, VoipInfo.isOnCalling=false
2015-08-20 09:13:57(pid=31523,tid=1) : FetchOp.Scheduler (D) : calcAndSetNextSchedule : waitTime=2040000
2015-08-20 09:13:57(pid=31523,tid=1) : FetchOp.Scheduler (D) : setNextSchedule : nextSchedule=09:47:57
2015-08-20 09:28:25(pid=13101,tid=1) : FetchOp.Scheduler (D) : [# onConnected] lastConnectedTime=null, lastDisconnectedTime=null, currentTime=09:28:25
2015-08-20 09:28:25(pid=13101,tid=1) : FetchOp.PollingChecker (D) : FetchOperationPollingStateChecker#isActiveLine: isScreenOn=false, isForeground=false, PushDialog.activeFlag=false, VoipInfo.isOnCalling=false
2015-08-20 09:28:25(pid=13101,tid=1) : FetchOp.Scheduler (D) : calcAndSetNextSchedule : waitTime=1860000
2015-08-20 09:28:25(pid=13101,tid=1) : FetchOp.Scheduler (D) : setNextSchedule : nextSchedule=09:59:25
2015-08-20 09:28:41(pid=14680,tid=1) : FetchOp.Scheduler (D) : [# onConnected] lastConnectedTime=null, lastDisconnectedTime=null, currentTime=09:28:41
2015-08-20 09:28:41(pid=14680,tid=1) : FetchOp.PollingChecker (D) : FetchOperationPollingStateChecker#isActiveLine: isScreenOn=false, isForeground=false, PushDialog.activeFlag=false, VoipInfo.isOnCalling=false
2015-08-20 09:28:41(pid=14680,tid=1) : FetchOp.Scheduler (D) : calcAndSetNextSchedule : waitTime=1860000
2015-08-20 09:28:41(pid=14680,tid=1) : FetchOp.Scheduler (D) : setNextSchedule : nextSchedule=09:59:41
2015-08-20 09:34:22(pid=18181,tid=1) : FetchOp.Scheduler (D) : [# onConnected] lastConnectedTime=null, lastDisconnectedTime=null, currentTime=09:34:22
2015-08-20 09:34:22(pid=18181,tid=1) : FetchOp.PollingChecker (D) : FetchOperationPollingStateChecker#isActiveLine: isScreenOn=true, isForeground=false, PushDialog.activeFlag=false, VoipInfo.isOnCalling=false
2015-08-20 09:34:22(pid=18181,tid=1) : FetchOp.Scheduler (D) : calcAndSetNextSchedule : waitTime=1920000
2015-08-20 09:34:22(pid=18181,tid=1) : FetchOp.Scheduler (D) : setNextSchedule : nextSchedule=10:06:22
2015-08-20 09:59:31(pid=31891,tid=1) : FetchOp.Scheduler (D) : [# onConnected] lastConnectedTime=null, lastDisconnectedTime=null, currentTime=09:59:31
2015-08-20 09:59:31(pid=31891,tid=1) : FetchOp.PollingChecker (D) : FetchOperationPollingStateChecker#isActiveLine: isScreenOn=false, isForeground=false, PushDialog.activeFlag=false, VoipInfo.isOnCalling=false
2015-08-20 09:59:31(pid=31891,tid=1) : FetchOp.Scheduler (D) : calcAndSetNextSchedule : waitTime=1860000
2015-08-20 09:59:31(pid=31891,tid=1) : FetchOp.Scheduler (D) : setNextSchedule : nextSchedule=10:30:31
2015-08-20 10:01:15(pid=5654,tid=1) : FetchOp.Scheduler (D) : [# onConnected] lastConnectedTime=null, lastDisconnectedTime=null, currentTime=10:01:15
2015-08-20 10:01:15(pid=5654,tid=1) : FetchOp.PollingChecker (D) : FetchOperationPollingStateChecker#isActiveLine: isScreenOn=false, isForeground=false, PushDialog.activeFlag=false, VoipInfo.isOnCalling=false
2015-08-20 10:01:15(pid=5654,tid=1) : FetchOp.Scheduler (D) : calcAndSetNextSchedule : waitTime=1860000
2015-08-20 10:01:15(pid=5654,tid=1) : FetchOp.Scheduler (D) : setNextSchedule : nextSchedule=10:32:15
2015-08-20 10:20:20(pid=20669,tid=1) : FetchOp.Scheduler (D) : [# onConnected] lastConnectedTime=null, lastDisconnectedTime=null, currentTime=10:20:20
2015-08-20 10:20:20(pid=20669,tid=1) : FetchOp.PollingChecker (D) : FetchOperationPollingStateChecker#isActiveLine: isScreenOn=true, isForeground=false, PushDialog.activeFlag=false, VoipInfo.isOnCalling=false
2015-08-20 10:20:20(pid=20669,tid=1) : FetchOp.Scheduler (D) : calcAndSetNextSchedule : waitTime=2100000
2015-08-20 10:20:20(pid=20669,tid=1) : FetchOp.Scheduler (D) : setNextSchedule : nextSchedule=10:55:20
2015-08-20 10:39:21(pid=27080,tid=1) : FetchOp.Scheduler (D) : [# onConnected] lastConnectedTime=null, lastDisconnectedTime=null, currentTime=10:39:21
2015-08-20 10:39:21(pid=27080,tid=1) : FetchOp.PollingChecker (D) : FetchOperationPollingStateChecker#isActiveLine: isScreenOn=false, isForeground=false, PushDialog.activeFlag=false, VoipInfo.isOnCalling=false
2015-08-20 10:39:21(pid=27080,tid=1) : FetchOp.Scheduler (D) : calcAndSetNextSchedule : waitTime=1800000
2015-08-20 10:39:21(pid=27080,tid=1) : FetchOp.Scheduler (D) : setNextSchedule : nextSchedule=11:09:21
2015-08-20 10:39:30(pid=27995,tid=1) : FetchOp.Scheduler (D) : [# onConnected] lastConnectedTime=null, lastDisconnectedTime=null, currentTime=10:39:30
2015-08-20 11:10:31(pid=18483,tid=1) : FetchOp.Scheduler (D) : [# receive alarm]
2015-08-20 11:10:31(pid=18483,tid=1) : FetchOp (D) : requestFetchOperation
2015-08-20 11:10:31(pid=18483,tid=46335) : FetchOp.PollingChecker (D) : FetchOperationPollingStateChecker#isActiveLine: isScreenOn=false, isForeground=false, PushDialog.activeFlag=false, VoipInfo.isOnCalling=false
2015-08-20 11:10:31(pid=18483,tid=46335) : FetchOp.Manager (D) : executeFetchOp(isFetchLongPollingLastConnection=false)
2015-08-20 11:10:32(pid=18483,tid=46337) : FetchOp.Manager (D) : success fetchOp.(operationCount=78)
2015-08-20 11:10:32(pid=18483,tid=46337) : FetchOp.Scheduler (D) : [# onSuccessFetchOp] operationReceived=true
2015-08-20 11:10:32(pid=18483,tid=46341) : FetchOp.OpProcessor (D) : start handleOperationTask.
2015-08-20 11:10:32(pid=18483,tid=46341) : FetchOp.OpProcessor (D) : processOperations. opCount=78
2015-08-20 11:19:46(pid=23632,tid=1) : FetchOp.Scheduler (D) : [# onConnected] lastConnectedTime=null, lastDisconnectedTime=null, currentTime=11:19:46
2015-08-20 11:19:55(pid=24490,tid=1) : FetchOp.Scheduler (D) : [# onConnected] lastConnectedTime=null, lastDisconnectedTime=null, currentTime=11:19:55
2015-08-20 11:19:55(pid=24490,tid=1) : FetchOp.PollingChecker (D) : FetchOperationPollingStateChecker#isActiveLine: isScreenOn=false, isForeground=false, PushDialog.activeFlag=false, VoipInfo.isOnCalling=false
2015-08-20 11:19:55(pid=24490,tid=1) : FetchOp.Scheduler (D) : calcAndSetNextSchedule : waitTime=1920000
2015-08-20 11:19:55(pid=24490,tid=1) : FetchOp.Scheduler (D) : setNextSchedule : nextSchedule=11:51:55
2015-08-20 11:22:31(pid=27419,tid=1) : FetchOp.Scheduler (D) : [# onConnected] lastConnectedTime=null, lastDisconnectedTime=null, currentTime=11:22:31
2015-08-20 11:24:30(pid=29861,tid=1) : FetchOp.Scheduler (D) : [# onConnected] lastConnectedTime=null, lastDisconnectedTime=null, currentTime=11:24:30
2015-08-20 11:24:31(pid=29861,tid=1) : FetchOp.PollingChecker (D) : FetchOperationPollingStateChecker#isActiveLine: isScreenOn=false, isForeground=false, PushDialog.activeFlag=false, VoipInfo.isOnCalling=false
2015-08-20 11:24:31(pid=29861,tid=1) : FetchOp.Scheduler (D) : calcAndSetNextSchedule : waitTime=1860000
2015-08-20 11:24:31(pid=29861,tid=1) : FetchOp.Scheduler (D) : setNextSchedule : nextSchedule=11:55:31
2015-08-20 11:36:47(pid=4727,tid=1) : FetchOp.Scheduler (D) : [# onConnected] lastConnectedTime=null, lastDisconnectedTime=null, currentTime=11:36:47
2015-08-20 11:36:47(pid=4727,tid=1) : FetchOp.PollingChecker (D) : FetchOperationPollingStateChecker#isActiveLine: isScreenOn=true, isForeground=false, PushDialog.activeFlag=false, VoipInfo.isOnCalling=false
2015-08-20 11:36:47(pid=4727,tid=1) : FetchOp.Scheduler (D) : calcAndSetNextSchedule : waitTime=1860000
2015-08-20 11:36:47(pid=4727,tid=1) : FetchOp.Scheduler (D) : setNextSchedule : nextSchedule=12:07:47
2015-08-20 11:37:09(pid=6140,tid=1) : FetchOp.Scheduler (D) : [# onConnected] lastConnectedTime=null, lastDisconnectedTime=null, currentTime=11:37:09
2015-08-20 11:37:09(pid=6140,tid=1) : FetchOp.PollingChecker (D) : FetchOperationPollingStateChecker#isActiveLine: isScreenOn=true, isForeground=false, PushDialog.activeFlag=false, VoipInfo.isOnCalling=false
2015-08-20 11:37:09(pid=6140,tid=1) : FetchOp.Scheduler (D) : calcAndSetNextSchedule : waitTime=1800000
2015-08-20 11:37:09(pid=6140,tid=1) : FetchOp.Scheduler (D) : setNextSchedule : nextSchedule=12:07:09
2015-08-20 11:39:36(pid=9350,tid=1) : FetchOp.Scheduler (D) : [# onConnected] lastConnectedTime=null, lastDisconnectedTime=null, currentTime=11:39:36
2015-08-20 11:39:36(pid=9350,tid=1) : FetchOp.PollingChecker (D) : FetchOperationPollingStateChecker#isActiveLine: isScreenOn=false, isForeground=false, PushDialog.activeFlag=false, VoipInfo.isOnCalling=false
2015-08-20 11:39:36(pid=9350,tid=1) : FetchOp.Scheduler (D) : calcAndSetNextSchedule : waitTime=1980000
2015-08-20 11:39:36(pid=9350,tid=1) : FetchOp.Scheduler (D) : setNextSchedule : nextSchedule=12:12:36
2015-08-20 11:49:24(pid=13962,tid=1) : FetchOp.Scheduler (D) : [# onConnected] lastConnectedTime=null, lastDisconnectedTime=null, currentTime=11:49:24
2015-08-20 11:49:24(pid=13962,tid=1) : FetchOp.PollingChecker (D) : FetchOperationPollingStateChecker#isActiveLine: isScreenOn=true, isForeground=false, PushDialog.activeFlag=false, VoipInfo.isOnCalling=false
2015-08-20 11:49:24(pid=13962,tid=1) : FetchOp.Scheduler (D) : calcAndSetNextSchedule : waitTime=1980000
2015-08-20 11:49:24(pid=13962,tid=1) : FetchOp.Scheduler (D) : setNextSchedule : nextSchedule=12:22:24
2015-08-20 11:49:41(pid=15628,tid=1) : FetchOp.Scheduler (D) : [# onConnected] lastConnectedTime=null, lastDisconnectedTime=null, currentTime=11:49:41
2015-08-20 11:49:41(pid=15628,tid=1) : FetchOp.PollingChecker (D) : FetchOperationPollingStateChecker#isActiveLine: isScreenOn=true, isForeground=false, PushDialog.activeFlag=false, VoipInfo.isOnCalling=false
2015-08-20 11:49:41(pid=15628,tid=1) : FetchOp.Scheduler (D) : calcAndSetNextSchedule : waitTime=2100000
2015-08-20 11:49:41(pid=15628,tid=1) : FetchOp.Scheduler (D) : setNextSchedule : nextSchedule=12:24:41
2015-08-20 11:50:11(pid=18047,tid=1) : FetchOp.Scheduler (D) : [# onConnected] lastConnectedTime=null, lastDisconnectedTime=null, currentTime=11:50:11
2015-08-20 11:50:11(pid=18047,tid=1) : FetchOp.PollingChecker (D) : FetchOperationPollingStateChecker#isActiveLine: isScreenOn=false, isForeground=false, PushDialog.activeFlag=false, VoipInfo.isOnCalling=false
2015-08-20 11:50:11(pid=18047,tid=1) : FetchOp.Scheduler (D) : calcAndSetNextSchedule : waitTime=1980000
2015-08-20 11:50:11(pid=18047,tid=1) : FetchOp.Scheduler (D) : setNextSchedule : nextSchedule=12:23:11
2015-08-20 12:01:19(pid=26576,tid=1) : FetchOp.Scheduler (D) : [# onConnected] lastConnectedTime=null, lastDisconnectedTime=null, currentTime=12:01:19
2015-08-20 12:01:19(pid=26576,tid=1) : FetchOp.PollingChecker (D) : FetchOperationPollingStateChecker#isActiveLine: isScreenOn=false, isForeground=false, PushDialog.activeFlag=false, VoipInfo.isOnCalling=false
2015-08-20 12:01:19(pid=26576,tid=1) : FetchOp.Scheduler (D) : calcAndSetNextSchedule : waitTime=2100000
2015-08-20 12:01:31(pid=27509,tid=1) : FetchOp.Scheduler (D) : [# onConnected] lastConnectedTime=null, lastDisconnectedTime=null, currentTime=12:01:31
2015-08-20 12:01:31(pid=27509,tid=1) : FetchOp.PollingChecker (D) : FetchOperationPollingStateChecker#isActiveLine: isScreenOn=false, isForeground=false, PushDialog.activeFlag=false, VoipInfo.isOnCalling=false
2015-08-20 12:01:31(pid=27509,tid=1) : FetchOp.Scheduler (D) : calcAndSetNextSchedule : waitTime=2040000
2015-08-20 12:01:31(pid=27509,tid=1) : FetchOp.Scheduler (D) : setNextSchedule : nextSchedule=12:35:31
2015-08-20 12:09:50(pid=1188,tid=1) : FetchOp.Scheduler (D) : [# onConnected] lastConnectedTime=null, lastDisconnectedTime=null, currentTime=12:09:50
2015-08-20 12:44:45(pid=13095,tid=1) : FetchOp.Scheduler (D) : [# onConnected] lastConnectedTime=null, lastDisconnectedTime=null, currentTime=12:44:45
2015-08-20 12:45:02(pid=14338,tid=1) : FetchOp.Scheduler (D) : [# onConnected] lastConnectedTime=null, lastDisconnectedTime=null, currentTime=12:45:02
2015-08-20 12:45:02(pid=14338,tid=1) : FetchOp.PollingChecker (D) : FetchOperationPollingStateChecker#isActiveLine: isScreenOn=false, isForeground=false, PushDialog.activeFlag=false, VoipInfo.isOnCalling=false
2015-08-20 12:45:02(pid=14338,tid=1) : FetchOp.Scheduler (D) : calcAndSetNextSchedule : waitTime=1980000
2015-08-20 12:45:02(pid=14338,tid=1) : FetchOp.Scheduler (D) : setNextSchedule : nextSchedule=13:18:02
2015-08-20 12:47:45(pid=21156,tid=1) : FetchOp.Scheduler (D) : [# onConnected] lastConnectedTime=null, lastDisconnectedTime=null, currentTime=12:47:45
2015-08-20 12:47:57(pid=22006,tid=1) : FetchOp.Scheduler (D) : [# onConnected] lastConnectedTime=null, lastDisconnectedTime=null, currentTime=12:47:57
2015-08-20 12:47:57(pid=22006,tid=1) : FetchOp.PollingChecker (D) : FetchOperationPollingStateChecker#isActiveLine: isScreenOn=false, isForeground=false, PushDialog.activeFlag=false, VoipInfo.isOnCalling=false
2015-08-20 12:47:57(pid=22006,tid=1) : FetchOp.Scheduler (D) : calcAndSetNextSchedule : waitTime=2100000
2015-08-20 12:47:57(pid=22006,tid=1) : FetchOp.Scheduler (D) : setNextSchedule : nextSchedule=13:22:57
2015-08-20 12:50:12(pid=28205,tid=1) : FetchOp.Scheduler (D) : [# onConnected] lastConnectedTime=null, lastDisconnectedTime=null, currentTime=12:50:12
2015-08-20 12:50:13(pid=28205,tid=1) : FetchOp.PollingChecker (D) : FetchOperationPollingStateChecker#isActiveLine: isScreenOn=true, isForeground=false, PushDialog.activeFlag=false, VoipInfo.isOnCalling=false
2015-08-20 12:50:13(pid=28205,tid=1) : FetchOp.Scheduler (D) : calcAndSetNextSchedule : waitTime=1860000
2015-08-20 12:50:13(pid=28205,tid=1) : FetchOp.Scheduler (D) : setNextSchedule : nextSchedule=13:21:13
2015-08-20 12:58:25(pid=5157,tid=1) : FetchOp.Scheduler (D) : [# onReceivedSleepOffBroadcast]
2015-08-20 12:58:25(pid=5157,tid=1) : FetchOp.Scheduler (D) : [onReceivedSleepOffBroadcast] already on background.
2015-08-20 13:00:49(pid=8291,tid=1) : FetchOp.Scheduler (D) : [# onConnected] lastConnectedTime=null, lastDisconnectedTime=null, currentTime=13:00:49
2015-08-20 13:00:55(pid=8900,tid=1) : FetchOp.Scheduler (D) : [# onConnected] lastConnectedTime=null, lastDisconnectedTime=null, currentTime=13:00:55
2015-08-20 13:00:55(pid=8900,tid=1) : FetchOp.PollingChecker (D) : FetchOperationPollingStateChecker#isActiveLine: isScreenOn=false, isForeground=false, PushDialog.activeFlag=false, VoipInfo.isOnCalling=false
2015-08-20 13:00:55(pid=8900,tid=1) : FetchOp.Scheduler (D) : calcAndSetNextSchedule : waitTime=1860000
2015-08-20 13:03:24(pid=10999,tid=1) : FetchOp.Scheduler (D) : [# onConnected] lastConnectedTime=null, lastDisconnectedTime=null, currentTime=13:03:24
2015-08-20 13:03:24(pid=10999,tid=1) : FetchOp.PollingChecker (D) : FetchOperationPollingStateChecker#isActiveLine: isScreenOn=false, isForeground=false, PushDialog.activeFlag=false, VoipInfo.isOnCalling=false
2015-08-20 13:03:24(pid=10999,tid=1) : FetchOp.Scheduler (D) : calcAndSetNextSchedule : waitTime=1800000
2015-08-20 13:03:24(pid=10999,tid=1) : FetchOp.Scheduler (D) : setNextSchedule : nextSchedule=13:33:24
2015-08-20 13:04:05(pid=12294,tid=1) : FetchOp.Scheduler (D) : [# onConnected] lastConnectedTime=null, lastDisconnectedTime=null, currentTime=13:04:05
2015-08-20 13:04:05(pid=12294,tid=1) : FetchOp.PollingChecker (D) : FetchOperationPollingStateChecker#isActiveLine: isScreenOn=false, isForeground=false, PushDialog.activeFlag=false, VoipInfo.isOnCalling=false
2015-08-20 13:04:05(pid=12294,tid=1) : FetchOp.Scheduler (D) : calcAndSetNextSchedule : waitTime=1980000
2015-08-20 13:04:05(pid=12294,tid=1) : FetchOp.Scheduler (D) : setNextSchedule : nextSchedule=13:37:05
2015-08-20 13:04:05(pid=12294,tid=1) : FetchOp.Scheduler (D) : [# onConnected] lastConnectedTime=13:04:05, lastDisconnectedTime=null, currentTime=13:04:05
2015-08-20 13:04:05(pid=12294,tid=1) : FetchOp.PollingChecker (D) : FetchOperationPollingStateChecker#isActiveLine: isScreenOn=false, isForeground=false, PushDialog.activeFlag=false, VoipInfo.isOnCalling=false
2015-08-20 13:04:05(pid=12294,tid=1) : FetchOp.Scheduler (D) : calcAndSetNextSchedule : waitTime=1920000
2015-08-20 13:04:05(pid=12294,tid=1) : FetchOp.Scheduler (D) : setNextSchedule : nextSchedule=13:36:05
2015-08-20 13:36:06(pid=27232,tid=1) : FetchOp.Scheduler (D) : [# receive alarm]
2015-08-20 13:36:06(pid=27232,tid=1) : FetchOp (D) : requestFetchOperation
2015-08-20 13:36:06(pid=27232,tid=55217) : FetchOp.PollingChecker (D) : FetchOperationPollingStateChecker#isActiveLine: isScreenOn=false, isForeground=false, PushDialog.activeFlag=false, VoipInfo.isOnCalling=false
2015-08-20 13:36:06(pid=27232,tid=55217) : FetchOp.Manager (D) : executeFetchOp(isFetchLongPollingLastConnection=false)
2015-08-20 13:36:09(pid=27232,tid=55211) : FetchOp.Manager (D) : success fetchOp.(operationCount=100)
2015-08-20 13:36:09(pid=27232,tid=55211) : FetchOp.Scheduler (D) : [# onSuccessFetchOp] operationReceived=true
2015-08-20 13:36:09(pid=27232,tid=55215) : FetchOp.OpProcessor (D) : start handleOperationTask.
2015-08-20 13:36:09(pid=27232,tid=55215) : FetchOp.OpProcessor (D) : processOperations. opCount=100
2015-08-20 13:36:09(pid=27232,tid=55215) : FetchOp.OpProcessor (D) : success.Operation(revision:13266, createdTime:1440028337907, type:RECEIVE_MESSAGE, reqSeq:0, status:ALERT_DISABLED, param1:0, message:Message(from:ud5a5ed5e347698adfa4b79a9a0a6b6f8, to:c0b44b8841ea836734a307b6592a5ad0e, toType:GROUP, id:3068918152383, createdTime:1440028337883, deliveredTime:1440028337907, text:http://m.n, contentType:NONE, sessionId:0))
2015-08-20 13:36:09(pid=27232,tid=55215) : FetchOp.OpProcessor (D) : success.Operation(revision:13267, createdTime:1440029759133, type:RECEIVE_MESSAGE, reqSeq:0, status:ALERT_DISABLED, param1:0, message:Message(from:u495e6270a95275ee78d44c4f0899ecbf, to:c0b44b8841ea836734a307b6592a5ad0e, toType:GROUP, id:3068974487953, createdTime:1440029759111, deliveredTime:1440029759133, text:애기 병원때매 좀 , contentType:NONE, sessionId:0))
2015-08-20 13:36:09(pid=27232,tid=55215) : FetchOp.OpProcessor (D) : success.Operation(revision:13268, createdTime:1440034987548, type:RECEIVE_MESSAGE, reqSeq:0, status:ALERT_DISABLED, param1:0, message:Message(from:uaa6648272a357b8b8edb0c3277c9cbdb, to:c0b44b8841ea836734a307b6592a5ad0e, toType:GROUP, id:3069202752808, createdTime:1440034987545, deliveredTime:1440034987548, text:핸드폰이꺼져서알람을, contentType:NONE, contentMetadata:{EMTVER=4}, sessionId:0))
2015-08-20 13:36:09(pid=27232,tid=55215) : FetchOp.OpProcessor (D) : success.Operation(revision:13269, createdTime:1440035415091, type:RECEIVE_MESSAGE, reqSeq:0, status:ALERT_DISABLED, param1:0, message:Message(from:ua4a437293b07b9f023c2ae2de532c83b, to:c0b44b8841ea836734a307b6592a5ad0e, toType:GROUP, id:3069222753508, createdTime:1440035415088, deliveredTime:1440035415091, text:null, contentType:STICKER, contentMetadata:{STKTXT=[], STKID=634637, stickerText=[], stickerPackageId=1014175, STKPKGID=1014175, STKVER=1, stickerPackageVer=1, stickerId=634637}, sessionId:0))
2015-08-20 13:36:09(pid=27232,tid=55215) : FetchOp.OpProcessor (D) : success.Operation(revision:13270, createdTime:1440035443468, type:RECEIVE_MESSAGE, reqSeq:0, status:ALERT_DISABLED, param1:0, message:Message(from:u418273440f47c3f4406e5a488faab67a, to:c0b44b8841ea836734a307b6592a5ad0e, toType:GROUP, id:3069224087903, createdTime:1440035443219, deliveredTime:1440035443468, text:, contentType:IMAGE, contentMetadata:{}, sessionId:0))
2015-08-20 13:36:09(pid=27232,tid=55215) : FetchOp.OpProcessor (D) : success.Operation(revision:13271, createdTime:1440035460733, type:RECEIVE_MESSAGE, reqSeq:0, status:ALERT_DISABLED, param1:0, message:Message(from:u418273440f47c3f4406e5a488faab67a, to:c0b44b8841ea836734a307b6592a5ad0e, toType:GROUP, id:3069224914986, createdTime:1440035460729, deliveredTime:1440035460733, text:genymotion, contentType:NONE, contentMetadata:{EMTVER=4}, sessionId:0))
2015-08-20 13:36:09(pid=27232,tid=55215) : FetchOp.OpProcessor (D) : success.Operation(revision:13272, createdTime:1440035474508, type:RECEIVE_MESSAGE, reqSeq:0, status:ALERT_DISABLED, param1:0, message:Message(from:ud5a5ed5e347698adfa4b79a9a0a6b6f8, to:c0b44b8841ea836734a307b6592a5ad0e, toType:GROUP, id:3069225561685, createdTime:1440035474505, deliveredTime:1440035474508, text:bk 안드 개발하는, contentType:NONE, contentMetadata:{EMTVER=4}, sessionId:0))
2015-08-20 13:36:09(pid=27232,tid=55215) : FetchOp.OpProcessor (D) : success.Operation(revision:13273, createdTime:1440035492861, type:RECEIVE_MESSAGE, reqSeq:0, status:ALERT_DISABLED, param1:0, message:Message(from:u418273440f47c3f4406e5a488faab67a, to:c0b44b8841ea836734a307b6592a5ad0e, toType:GROUP, id:3069226432209, createdTime:1440035492858, deliveredTime:1440035492861, text:ㅋㅋㅋㅋ, contentType:NONE, contentMetadata:{EMTVER=4}, sessionId:0))
2015-08-20 13:36:09(pid=27232,tid=55215) : FetchOp.OpProcessor (D) : success.Operation(revision:13274, createdTime:1440035503359, type:RECEIVE_MESSAGE, reqSeq:0, status:ALERT_DISABLED, param1:0, message:Message(from:u418273440f47c3f4406e5a488faab67a, to:c0b44b8841ea836734a307b6592a5ad0e, toType:GROUP, id:3069226927241, createdTime:1440035503356, deliveredTime:1440035503359, text:안드 써보고 싶어서, contentType:NONE, contentMetadata:{EMTVER=4}, sessionId:0))
2015-08-20 13:36:09(pid=27232,tid=55215) : FetchOp.OpProcessor (D) : success.Operation(revision:13275, createdTime:1440035505192, type:RECEIVE_MESSAGE, reqSeq:0, status:ALERT_DISABLED, param1:0, message:Message(from:u8f15d27dd8876e1d82416acaf3d5af09, to:c0b44b8841ea836734a307b6592a5ad0e, toType:GROUP, id:3069227017734, createdTime:1440035505189, deliveredTime:1440035505192, text:제 옆자리 다음주부, contentType:NONE, contentMetadata:{EMTVER=4}, sessionId:0))
2015-08-20 13:36:09(pid=27232,tid=55215) : FetchOp.OpProcessor (D) : success.Operation(revision:13276, createdTime:1440035517282, type:RECEIVE_MESSAGE, reqSeq:0, status:ALERT_DISABLED, param1:0, message:Message(from:u8f15d27dd8876e1d82416acaf3d5af09, to:c0b44b8841ea836734a307b6592a5ad0e, toType:GROUP, id:3069227589438, createdTime:1440035517279, deliveredTime:1440035517282, text:일루와요, 빨리 안, contentType:NONE, contentMetadata:{EMTVER=4}, sessionId:0))
2015-08-20 13:36:09(pid=27232,tid=55215) : FetchOp.OpProcessor (D) : success.Operation(revision:13277, createdTime:1440035519381, type:RECEIVE_MESSAGE, reqSeq:0, status:ALERT_DISABLED, param1:0, message:Message(from:ud5a5ed5e347698adfa4b79a9a0a6b6f8, to:c0b44b8841ea836734a307b6592a5ad0e, toType:GROUP, id:3069227684076, createdTime:1440035519378, deliveredTime:1440035519381, text:이미 비어있어요. , contentType:NONE, contentMetadata:{EMTVER=4}, sessionId:0))
2015-08-20 13:36:10(pid=27232,tid=55215) : FetchOp.OpProcessor (D) : success.Operation(revision:13278, createdTime:1440035534069, type:RECEIVE_MESSAGE, reqSeq:0, status:ALERT_DISABLED, param1:0, message:Message(from:u8f15d27dd8876e1d82416acaf3d5af09, to:c0b44b8841ea836734a307b6592a5ad0e, toType:GROUP, id:3069228385150, createdTime:1440035534064, deliveredTime:1440035534069, text:null, contentType:STICKER, contentMetadata:{STKTXT=[], STKID=2459, stickerText=[], stickerPackageId=534, STKPKGID=534, STKVER=7, stickerPackageVer=7, stickerId=2459}, sessionId:0))
2015-08-20 13:36:10(pid=27232,tid=55215) : FetchOp.OpProcessor (D) : success.Operation(revision:13279, createdTime:1440035541359, type:RECEIVE_MESSAGE, reqSeq:0, status:ALERT_DISABLED, param1:0, message:Message(from:ud5a5ed5e347698adfa4b79a9a0a6b6f8, to:c0b44b8841ea836734a307b6592a5ad0e, toType:GROUP, id:3069228729902, createdTime:1440035541356, deliveredTime:1440035541359, text:자리에 넥5 올려둘, contentType:NONE, contentMetadata:{EMTVER=4}, sessionId:0))
2015-08-20 13:36:10(pid=27232,tid=55215) : FetchOp.OpProcessor (D) : success.Operation(revision:13280, createdTime:1440035545833, type:RECEIVE_MESSAGE, reqSeq:0, status:ALERT_DISABLED, param1:0, message:Message(from:u8b1d16fff4c26e6fa7fdc503cdaa5ede, to:c0b44b8841ea836734a307b6592a5ad0e, toType:GROUP, id:3069228937572, createdTime:1440035545811, deliveredTime:1440035545833, text:아이폰 개발팀에서 , contentType:NONE, sessionId:0))
2015-08-20 13:36:10(pid=27232,tid=55215) : FetchOp.OpProcessor (D) : success.Operation(revision:13281, createdTime:1440035563340, type:RECEIVE_MESSAGE, reqSeq:0, status:ALERT_DISABLED, param1:0, message:Message(from:uee7d5caf0c45dedecdcee48b6b1db7c6, to:c0b44b8841ea836734a307b6592a5ad0e, toType:GROUP, id:3069229768487, createdTime:1440035563336, deliveredTime:1440035563340, text:드루와, contentType:NONE, contentMetadata:{EMTVER=4}, sessionId:0))
2015-08-20 13:36:10(pid=27232,tid=55215) : FetchOp.OpProcessor (D) : success.Operation(revision:13282, createdTime:1440035570254, type:RECEIVE_MESSAGE, reqSeq:0, status:ALERT_DISABLED, param1:0, message:Message(from:u8f15d27dd8876e1d82416acaf3d5af09, to:c0b44b8841ea836734a307b6592a5ad0e, toType:GROUP, id:3069230098326, createdTime:1440035570251, deliveredTime:1440035570254, text:희영이형이 잘해준대, contentType:NONE, contentMetadata:{EMTVER=4}, sessionId:0))
2015-08-20 13:36:10(pid=27232,tid=55215) : FetchOp.OpProcessor (D) : success.Operation(revision:13283, createdTime:1440035575209, type:RECEIVE_MESSAGE, reqSeq:0, status:ALERT_DISABLED, param1:0, message:Message(from:u91b8fcbd2d8169641d8efcb75fe9e25c, to:c0b44b8841ea836734a307b6592a5ad0e, toType:GROUP, id:3069230327756, createdTime:1440035575207, deliveredTime:1440035575209, text:ㅋㅋㅋㅋㅋㅋ, contentType:NONE, contentMetadata:{EMTVER=4}, sessionId:0))
2015-08-20 13:36:10(pid=27232,tid=55215) : FetchOp.OpProcessor (D) : success.Operation(revision:13284, createdTime:1440035587414, type:RECEIVE_MESSAGE, reqSeq:0, status:ALERT_DISABLED, param1:0, message:Message(from:u8f15d27dd8876e1d82416acaf3d5af09, to:c0b44b8841ea836734a307b6592a5ad0e, toType:GROUP, id:3069230912278, createdTime:1440035587410, deliveredTime:1440035587414, text:빨리 성호님에게 아, contentType:NONE, contentMetadata:{EMTVER=4}, sessionId:0))
2015-08-20 13:36:10(pid=27232,tid=55215) : FetchOp.OpProcessor (D) : success.Operation(revision:13285, createdTime:1440035591390, type:RECEIVE_MESSAGE, reqSeq:0, status:ALERT_DISABLED, param1:0, message:Message(from:u418273440f47c3f4406e5a488faab67a, to:c0b44b8841ea836734a307b6592a5ad0e, toType:GROUP, id:3069231099918, createdTime:1440035591387, deliveredTime:1440035591390, text:null, contentType:STICKER, contentMetadata:{STKTXT=[], STKID=41310, stickerText=[], stickerPackageId=1975, STKPKGID=1975, STKVER=1, stickerPackageVer=1, stickerId=41310}, sessionId:0))
2015-08-20 13:36:10(pid=27232,tid=55215) : FetchOp.OpProcessor (D) : success.Operation(revision:13286, createdTime:1440035596762, type:RECEIVE_MESSAGE, reqSeq:0, status:ALERT_DISABLED, param1:0, message:Message(from:u8b1d16fff4c26e6fa7fdc503cdaa5ede, to:c0b44b8841ea836734a307b6592a5ad0e, toType:GROUP, id:3069231348732, createdTime:1440035596740, deliveredTime:1440035596762, text:호영님과 종훈님의 , contentType:NONE, sessionId:0))
2015-08-20 13:36:10(pid=27232,tid=55215) : FetchOp.OpProcessor (D) : success.Operation(revision:13287, createdTime:1440035598828, type:RECEIVE_MESSAGE, reqSeq:0, status:ALERT_DISABLED, param1:0, message:Message(from:u3bef4ff3e521eb375542685e3f63f24c, to:c0b44b8841ea836734a307b6592a5ad0e, toType:GROUP, id:3069231452247, createdTime:1440035598826, deliveredTime:1440035598828, text:희영님이 들어오면 , contentType:NONE, sessionId:0))
2015-08-20 13:36:10(pid=27232,tid=55215) : FetchOp.OpProcessor (D) : success.Operation(revision:13288, createdTime:1440035614736, type:RECEIVE_MESSAGE, reqSeq:0, status:ALERT_DISABLED, param1:0, message:Message(from:uee7d5caf0c45dedecdcee48b6b1db7c6, to:c0b44b8841ea836734a307b6592a5ad0e, toType:GROUP, id:3069232199269, createdTime:1440035614733, deliveredTime:1440035614736, text:삼배주는 호진님 전, contentType:NONE, contentMetadata:{EMTVER=4}, sessionId:0))
2015-08-20 13:36:10(pid=27232,tid=55215) : FetchOp.OpProcessor (D) : success.Operation(revision:13289, createdTime:1440035626213, type:RECEIVE_MESSAGE, reqSeq:0, status:ALERT_DISABLED, param1:0, message:Message(from:u8f15d27dd8876e1d82416acaf3d5af09, to:c0b44b8841ea836734a307b6592a5ad0e, toType:GROUP, id:3069232752454, createdTime:1440035626209, deliveredTime:1440035626213, text:안드에서 이 정도의, contentType:NONE, contentMetadata:{EMTVER=4}, sessionId:0))
2015-08-20 13:36:10(pid=27232,tid=55215) : FetchOp.OpProcessor (D) : success.Operation(revision:13290, createdTime:1440035627794, type:RECEIVE_MESSAGE, reqSeq:0, status:ALERT_DISABLED, param1:0, message:Message(from:ua4a437293b07b9f023c2ae2de532c83b, to:c0b44b8841ea836734a307b6592a5ad0e, toType:GROUP, id:3069232819642, createdTime:1440035627791, deliveredTime:1440035627794, text:BK는 삼십배주도 , contentType:NONE, contentMetadata:{EMTVER=4}, sessionId:0))
2015-08-20 13:36:10(pid=27232,tid=55215) : FetchOp.OpProcessor (D) : success.Operation(revision:13291, createdTime:1440035631158, type:RECEIVE_MESSAGE, reqSeq:0, status:ALERT_DISABLED, param1:0, message:Message(from:u418273440f47c3f4406e5a488faab67a, to:c0b44b8841ea836734a307b6592a5ad0e, toType:GROUP, id:3069232970745, createdTime:1440035630910, deliveredTime:1440035631158, text:, contentType:IMAGE, contentMetadata:{}, sessionId:0))
2015-08-20 13:36:10(pid=27232,tid=55215) : FetchOp.OpProcessor (D) : success.Operation(revision:13292, createdTime:1440035637324, type:RECEIVE_MESSAGE, reqSeq:0, status:ALERT_DISABLED, param1:0, message:Message(from:u8f15d27dd8876e1d82416acaf3d5af09, to:c0b44b8841ea836734a307b6592a5ad0e, toType:GROUP, id:3069233277750, createdTime:1440035637321, deliveredTime:1440035637324, text:그러췌, contentType:NONE, contentMetadata:{EMTVER=4}, sessionId:0))
2015-08-20 13:36:10(pid=27232,tid=55215) : FetchOp.OpProcessor (D) : success.Operation(revision:13293, createdTime:1440035649827, type:RECEIVE_MESSAGE, reqSeq:0, status:ALERT_DISABLED, param1:0, message:Message(from:u8b1d16fff4c26e6fa7fdc503cdaa5ede, to:c0b44b8841ea836734a307b6592a5ad0e, toType:GROUP, id:3069233861973, createdTime:1440035649807, deliveredTime:1440035649827, text:이야 아이폰 팟리더, contentType:NONE, sessionId:0))
2015-08-20 13:36:10(pid=27232,tid=55215) : FetchOp.OpProcessor (D) : success.Operation(revision:13294, createdTime:1440035671621, type:RECEIVE_MESSAGE, reqSeq:0, status:ALERT_DISABLED, param1:0, message:Message(from:ud7e40644e655b3711081bc7b91640593, to:c0b44b8841ea836734a307b6592a5ad0e, toType:GROUP, id:3069234902278, createdTime:1440035671619, deliveredTime:1440035671621, text:BK님 혹시 arm, contentType:NONE, sessionId:0))
2015-08-20 13:36:10(pid=27232,tid=55215) : FetchOp.OpProcessor (D) : success.Operation(revision:13295, createdTime:1440035676771, type:RECEIVE_MESSAGE, reqSeq:0, status:ALERT_DISABLED, param1:0, message:Message(from:ua4a437293b07b9f023c2ae2de532c83b, to:c0b44b8841ea836734a307b6592a5ad0e, toType:GROUP, id:3069235145927, createdTime:1440035676767, deliveredTime:1440035676771, text:영재님이  armt, contentType:NONE, contentMetadata:{EMTVER=4}, sessionId:0))
2015-08-20 13:36:10(pid=27232,tid=55215) : FetchOp.OpProcessor (D) : success.Operation(revision:13296, createdTime:1440035684883, type:RECEIVE_MESSAGE, reqSeq:0, status:ALERT_DISABLED, param1:0, message:Message(from:u418273440f47c3f4406e5a488faab67a, to:c0b44b8841ea836734a307b6592a5ad0e, toType:GROUP, id:3069235523965, createdTime:1440035684879, deliveredTime:1440035684883, text:ㅎㅎㅎㅎㅎㅎㅎㅎㅎ, contentType:NONE, contentMetadata:{EMTVER=4}, sessionId:0))
2015-08-20 13:36:10(pid=27232,tid=55215) : FetchOp.OpProcessor (D) : success.Operation(revision:13297, createdTime:1440035691340, type:RECEIVE_MESSAGE, reqSeq:0, status:ALERT_DISABLED, param1:0, message:Message(from:ud7e40644e655b3711081bc7b91640593, to:c0b44b8841ea836734a307b6592a5ad0e, toType:GROUP, id:3069235837614, createdTime:1440035691337, deliveredTime:1440035691340, text:링크 드렸어요 ㅎㅎ, contentType:NONE, sessionId:0))
2015-08-20 13:36:10(pid=27232,tid=55215) : FetchOp.OpProcessor (D) : success.Operation(revision:13298, createdTime:1440035712778, type:RECEIVE_MESSAGE, reqSeq:0, status:ALERT_DISABLED, param1:0, message:Message(from:u8f15d27dd8876e1d82416acaf3d5af09, to:c0b44b8841ea836734a307b6592a5ad0e, toType:GROUP, id:3069236855910, createdTime:1440035712680, deliveredTime:1440035712778, text:원래 처음오시면, , contentType:NONE, contentMetadata:{EMTVER=4}, sessionId:0))
2015-08-20 13:36:10(pid=27232,tid=55215) : FetchOp.OpProcessor (D) : success.Operation(revision:13299, createdTime:1440035713411, type:RECEIVE_MESSAGE, reqSeq:0, status:ALERT_DISABLED, param1:0, message:Message(from:u418273440f47c3f4406e5a488faab67a, to:c0b44b8841ea836734a307b6592a5ad0e, toType:GROUP, id:3069236874682, createdTime:1440035713163, deliveredTime:1440035713411, text:, contentType:IMAGE, contentMetadata:{}, sessionId:0))
2015-08-20 13:36:10(pid=27232,tid=55215) : FetchOp.OpProcessor (D) : success.Operation(revision:13300, createdTime:1440035715194, type:RECEIVE_MESSAGE, reqSeq:0, status:ALERT_DISABLED, param1:0, message:Message(from:u8b1d16fff4c26e6fa7fdc503cdaa5ede, to:c0b44b8841ea836734a307b6592a5ad0e, toType:GROUP, id:3069236972467, createdTime:1440035715173, deliveredTime:1440035715194, text:안드로 전향시 2개, contentType:NONE, sessionId:0))
2015-08-20 13:36:10(pid=27232,tid=55215) : FetchOp.OpProcessor (D) : success.Operation(revision:13301, createdTime:1440035715454, type:RECEIVE_MESSAGE, reqSeq:0, status:ALERT_DISABLED, param1:0, message:Message(from:u418273440f47c3f4406e5a488faab67a, to:c0b44b8841ea836734a307b6592a5ad0e, toType:GROUP, id:3069236980492, createdTime:1440035715451, deliveredTime:1440035715454, text:뭐야 무서워.., contentType:NONE, contentMetadata:{EMTVER=4}, sessionId:0))
2015-08-20 13:36:10(pid=27232,tid=55215) : FetchOp.OpProcessor (D) : success.Operation(revision:13302, createdTime:1440035724909, type:RECEIVE_MESSAGE, reqSeq:0, status:ALERT_DISABLED, param1:0, message:Message(from:ud7e40644e655b3711081bc7b91640593, to:c0b44b8841ea836734a307b6592a5ad0e, toType:GROUP, id:3069237433735, createdTime:1440035724907, deliveredTime:1440035724909, text:엥?? 저는 지금 , contentType:NONE, sessionId:0))
2015-08-20 13:36:10(pid=27232,tid=55215) : FetchOp.OpProcessor (D) : success.Operation(revision:13303, createdTime:1440035758931, type:RECEIVE_MESSAGE, reqSeq:0, status:ALERT_DISABLED, param1:0, message:Message(from:ud7e40644e655b3711081bc7b91640593, to:c0b44b8841ea836734a307b6592a5ad0e, toType:GROUP, id:3069239052631, createdTime:1440035758929, deliveredTime:1440035758931, text:갠톡으로 드릴게요 , contentType:NONE, sessionId:0))
2015-08-20 13:36:10(pid=27232,tid=55215) : FetchOp.OpProcessor (D) : success.Operation(revision:13304, createdTime:1440035759776, type:RECEIVE_MESSAGE, reqSeq:0, status:ALERT_DISABLED, param1:0, message:Message(from:u418273440f47c3f4406e5a488faab67a, to:c0b44b8841ea836734a307b6592a5ad0e, toType:GROUP, id:3069239093406, createdTime:1440035759773, deliveredTime:1440035759776, text:첨부 파일을 받으면, contentType:NONE, contentMetadata:{EMTVER=4}, sessionId:0))
2015-08-20 13:36:10(pid=27232,tid=55215) : FetchOp.OpProcessor (D) : success.Operation(revision:13305, createdTime:1440035764602, type:RECEIVE_MESSAGE, reqSeq:0, status:ALERT_DISABLED, param1:0, message:Message(from:u418273440f47c3f4406e5a488faab67a, to:c0b44b8841ea836734a307b6592a5ad0e, toType:GROUP, id:3069239322126, createdTime:1440035764596, deliveredTime:1440035764602, text:ㅋㅋㅋㅋㅋㅋㅋㅋㅋㅋ, contentType:NONE, contentMetadata:{EMTVER=4}, sessionId:0))
2015-08-20 13:36:10(pid=27232,tid=55215) : FetchOp.OpProcessor (D) : success.Operation(revision:13306, createdTime:1440035765043, type:RECEIVE_MESSAGE, reqSeq:0, status:ALERT_DISABLED, param1:0, message:Message(from:ud7e40644e655b3711081bc7b91640593, to:c0b44b8841ea836734a307b6592a5ad0e, toType:GROUP, id:3069239343038, createdTime:1440035765040, deliveredTime:1440035765043, text:넵, contentType:NONE, sessionId:0))
2015-08-20 13:36:10(pid=27232,tid=55215) : FetchOp.OpProcessor (D) : success.Operation(revision:13307, createdTime:1440035795405, type:RECEIVE_MESSAGE, reqSeq:0, status:ALERT_DISABLED, param1:0, message:Message(from:u8f15d27dd8876e1d82416acaf3d5af09, to:c0b44b8841ea836734a307b6592a5ad0e, toType:GROUP, id:3069240788254, createdTime:1440035795400, deliveredTime:1440035795405, text:null, contentType:STICKER, contentMetadata:{STKTXT=[], STKID=7115295, STKOPT=A, stickerText=[], stickerPackageId=5027, STKPKGID=5027, STKVER=1, stickerOption=A, stickerPackageVer=1, stickerId=7115295}, sessionId:0))
2015-08-20 13:36:10(pid=27232,tid=55215) : FetchOp.OpProcessor (D) : success.Operation(revision:13308, createdTime:1440035806762, type:RECEIVE_MESSAGE, reqSeq:0, status:ALERT_DISABLED, param1:0, message:Message(from:u8f15d27dd8876e1d82416acaf3d5af09, to:c0b44b8841ea836734a307b6592a5ad0e, toType:GROUP, id:3069241327734, createdTime:1440035806758, deliveredTime:1440035806762, text:희영님, 여기 안드, contentType:NONE, contentMetadata:{EMTVER=4}, sessionId:0))
2015-08-20 13:36:10(pid=27232,tid=55215) : FetchOp.OpProcessor (D) : success.Operation(revision:13309, createdTime:1440035816711, type:RECEIVE_MESSAGE, reqSeq:0, status:ALERT_DISABLED, param1:0, message:Message(from:u8b1d16fff4c26e6fa7fdc503cdaa5ede, to:c0b44b8841ea836734a307b6592a5ad0e, toType:GROUP, id:3069241800231, createdTime:1440035816689, deliveredTime:1440035816711, text:탈북자 냄새가 나고, contentType:NONE, sessionId:0))
2015-08-20 13:36:10(pid=27232,tid=55215) : FetchOp.OpProcessor (D) : success.Operation(revision:13310, createdTime:1440035829292, type:RECEIVE_MESSAGE, reqSeq:0, status:ALERT_DISABLED, param1:0, message:Message(from:ua4a437293b07b9f023c2ae2de532c83b, to:c0b44b8841ea836734a307b6592a5ad0e, toType:GROUP, id:3069242390820, createdTime:1440035829290, deliveredTime:1440035829292, text:잘해줄께 일루와, contentType:NONE, contentMetadata:{EMTVER=4}, sessionId:0))
2015-08-20 13:36:10(pid=27232,tid=55215) : FetchOp.OpProcessor (D) : success.Operation(revision:13311, createdTime:1440035864992, type:RECEIVE_MESSAGE, reqSeq:0, status:ALERT_DISABLED, param1:0, message:Message(from:u8b1d16fff4c26e6fa7fdc503cdaa5ede, to:c0b44b8841ea836734a307b6592a5ad0e, toType:GROUP, id:3069244090186, createdTime:1440035864971, deliveredTime:1440035864992, text:인공사람은 창문에서, contentType:NONE, sessionId:0))
2015-08-20 13:36:10(pid=27232,tid=55215) : FetchOp.OpProcessor (D) : success.Operation(revision:13312, createdTime:1440035871678, type:RECEIVE_MESSAGE, reqSeq:0, status:ALERT_DISABLED, param1:0, message:Message(from:u418273440f47c3f4406e5a488faab67a, to:c0b44b8841ea836734a307b6592a5ad0e, toType:GROUP, id:3069244407795, createdTime:1440035871676, deliveredTime:1440035871678, text:오.. 설치되네요, contentType:NONE, contentMetadata:{EMTVER=4}, sessionId:0))
2015-08-20 13:36:10(pid=27232,tid=55215) : FetchOp.OpProcessor (D) : success.Operation(revision:13313, createdTime:1440035877709, type:RECEIVE_MESSAGE, reqSeq:0, status:ALERT_DISABLED, param1:0, message:Message(from:u418273440f47c3f4406e5a488faab67a, to:c0b44b8841ea836734a307b6592a5ad0e, toType:GROUP, id:3069244698511, createdTime:1440035877706, deliveredTime:1440035877709, text:@영재님, 감사합니, contentType:NONE, contentMetadata:{EMTVER=4}, sessionId:0))
2015-08-20 13:36:10(pid=27232,tid=55215) : FetchOp.OpProcessor (D) : success.Operation(revision:13314, createdTime:1440035901597, type:RECEIVE_MESSAGE, reqSeq:0, status:ALERT_DISABLED, param1:0, message:Message(from:u418273440f47c3f4406e5a488faab67a, to:c0b44b8841ea836734a307b6592a5ad0e, toType:GROUP, id:3069245821310, createdTime:1440035901297, deliveredTime:1440035901597, text:, contentType:IMAGE, contentMetadata:{}, sessionId:0))
2015-08-20 13:36:10(pid=27232,tid=55215) : FetchOp.OpProcessor (D) : success.Operation(revision:13315, createdTime:1440035905060, type:RECEIVE_MESSAGE, reqSeq:0, status:ALERT_DISABLED, param1:0, message:Message(from:u418273440f47c3f4406e5a488faab67a, to:c0b44b8841ea836734a307b6592a5ad0e, toType:GROUP, id:3069245996930, createdTime:1440035905057, deliveredTime:1440035905060, text:ㅋㅋㅋㅋㅋㅋㅋㅋ, contentType:NONE, contentMetadata:{EMTVER=4}, sessionId:0))
2015-08-20 13:36:10(pid=27232,tid=55215) : FetchOp.OpProcessor (D) : success.Operation(revision:13316, createdTime:1440035927193, type:RECEIVE_MESSAGE, reqSeq:0, status:ALERT_DISABLED, param1:0, message:Message(from:u8b1d16fff4c26e6fa7fdc503cdaa5ede, to:c0b44b8841ea836734a307b6592a5ad0e, toType:GROUP, id:3069247046003, createdTime:1440035927172, deliveredTime:1440035927193, text:멀리서 그러지말고 , contentType:NONE, sessionId:0))
2015-08-20 13:36:10(pid=27232,tid=55215) : FetchOp.OpProcessor (D) : success.Operation(revision:13317, createdTime:1440035941695, type:RECEIVE_MESSAGE, reqSeq:0, status:ALERT_DISABLED, param1:0, message:Message(from:u8b1d16fff4c26e6fa7fdc503cdaa5ede, to:c0b44b8841ea836734a307b6592a5ad0e, toType:GROUP, id:3069247740795, createdTime:1440035941674, deliveredTime:1440035941695, text:양쪽 도우미들이 잘, contentType:NONE, sessionId:0))
2015-08-20 13:36:10(pid=27232,tid=55215) : FetchOp.OpProcessor (D) : success.Operation(revision:13318, createdTime:1440035945335, type:RECEIVE_MESSAGE, reqSeq:0, status:ALERT_DISABLED, param1:0, message:Message(from:u8f15d27dd8876e1d82416acaf3d5af09, to:c0b44b8841ea836734a307b6592a5ad0e, toType:GROUP, id:3069247917998, createdTime:1440035945332, deliveredTime:1440035945335, text:옆에 오시라니까, contentType:NONE, contentMetadata:{EMTVER=4}, sessionId:0))
2015-08-20 13:36:10(pid=27232,tid=55215) : FetchOp.OpProcessor (D) : success.Operation(revision:13319, createdTime:1440035966242, type:RECEIVE_MESSAGE, reqSeq:0, status:ALERT_DISABLED, param1:0, message:Message(from:u7ed0da6b2dac8f8fd1e1c6e977f051e0, to:c0b44b8841ea836734a307b6592a5ad0e, toType:GROUP, id:3069248912854, createdTime:1440035966240, deliveredTime:1440035966242, text:https://ww, contentType:NONE, contentMetadata:{EMTVER=4}, sessionId:0))
2015-08-20 13:36:10(pid=27232,tid=55215) : FetchOp.OpProcessor (D) : success.Operation(revision:13320, createdTime:1440035990663, type:RECEIVE_MESSAGE, reqSeq:0, status:ALERT_DISABLED, param1:0, message:Message(from:ua4a437293b07b9f023c2ae2de532c83b, to:c0b44b8841ea836734a307b6592a5ad0e, toType:GROUP, id:3069250073140, createdTime:1440035990661, deliveredTime:1440035990663, text:BK이제 logca, contentType:NONE, contentMetadata:{EMTVER=4}, sessionId:0))
2015-08-20 13:36:10(pid=27232,tid=55215) : FetchOp.OpProcessor (D) : success.Operation(revision:13321, createdTime:1440036002764, type:RECEIVE_MESSAGE, reqSeq:0, status:ALERT_DISABLED, param1:0, message:Message(from:u00993369d9c4f2f8c4be4c35bc9fcfa0, to:c0b44b8841ea836734a307b6592a5ad0e, toType:GROUP, id:3069250655487, createdTime:1440036002760, deliveredTime:1440036002764, text:어?, contentType:NONE, contentMetadata:{EMTVER=4}, sessionId:0))
2015-08-20 13:36:10(pid=27232,tid=55215) : FetchOp.OpProcessor (D) : success.Operation(revision:13322, createdTime:1440036014724, type:RECEIVE_MESSAGE, reqSeq:0, status:ALERT_DISABLED, param1:0, message:Message(from:ua4a437293b07b9f023c2ae2de532c83b, to:c0b44b8841ea836734a307b6592a5ad0e, toType:GROUP, id:3069251228612, createdTime:1440036014721, deliveredTime:1440036014724, text:전 파트장님 오셨네, contentType:NONE, contentMetadata:{EMTVER=4}, sessionId:0))
2015-08-20 13:36:10(pid=27232,tid=55215) : FetchOp.OpProcessor (D) : success.Operation(revision:13323, createdTime:1440036014856, type:RECEIVE_MESSAGE, reqSeq:0, status:ALERT_DISABLED, param1:0, message:Message(from:u00993369d9c4f2f8c4be4c35bc9fcfa0, to:c0b44b8841ea836734a307b6592a5ad0e, toType:GROUP, id:3069251232746, createdTime:1440036014854, deliveredTime:1440036014856, text:bk 안드도 하는거, contentType:NONE, contentMetadata:{EMTVER=4}, sessionId:0))
2015-08-20 13:36:10(pid=27232,tid=55215) : FetchOp.OpProcessor (D) : success.Operation(revision:13324, createdTime:1440036019125, type:RECEIVE_MESSAGE, reqSeq:0, status:ALERT_DISABLED, param1:0, message:Message(from:u7ed0da6b2dac8f8fd1e1c6e977f051e0, to:c0b44b8841ea836734a307b6592a5ad0e, toType:GROUP, id:3069251444650, createdTime:1440036019122, deliveredTime:1440036019125, text:뒤늦은 본진확인., contentType:NONE, contentMetadata:{EMTVER=4}, sessionId:0))
2015-08-20 13:36:10(pid=27232,tid=55215) : FetchOp.OpProcessor (D) : success.Operation(revision:13325, createdTime:1440036022637, type:RECEIVE_MESSAGE, reqSeq:0, status:ALERT_DISABLED, param1:0, message:Message(from:u8b1d16fff4c26e6fa7fdc503cdaa5ede, to:c0b44b8841ea836734a307b6592a5ad0e, toType:GROUP, id:3069251614766, createdTime:1440036022618, deliveredTime:1440036022637, text:안드만, contentType:NONE, sessionId:0))
2015-08-20 13:36:10(pid=27232,tid=55215) : FetchOp.OpProcessor (D) : success.Operation(revision:13326, createdTime:1440036024201, type:RECEIVE_MESSAGE, reqSeq:0, status:ALERT_DISABLED, param1:0, message:Message(from:ua4a437293b07b9f023c2ae2de532c83b, to:c0b44b8841ea836734a307b6592a5ad0e, toType:GROUP, id:3069251688365, createdTime:1440036024198, deliveredTime:1440036024201, text:아니아니 안드만 할, contentType:NONE, contentMetadata:{EMTVER=4}, sessionId:0))
2015-08-20 13:36:10(pid=27232,tid=55215) : FetchOp.OpProcessor (D) : success.Operation(revision:13327, createdTime:1440036026197, type:RECEIVE_MESSAGE, reqSeq:0, status:ALERT_DISABLED, param1:0, message:Message(from:u418273440f47c3f4406e5a488faab67a, to:c0b44b8841ea836734a307b6592a5ad0e, toType:GROUP, id:3069251790377, createdTime:1440036026195, deliveredTime:1440036026197, text:안녕히계세요, contentType:NONE, contentMetadata:{EMTVER=4}, sessionId:0))
2015-08-20 13:36:10(pid=27232,tid=55215) : FetchOp.OpProcessor (D) : success.Operation(revision:13328, createdTime:1440036038339, type:RECEIVE_MESSAGE, reqSeq:0, status:ALERT_DISABLED, param1:0, message:Message(from:u7ed0da6b2dac8f8fd1e1c6e977f051e0, to:c0b44b8841ea836734a307b6592a5ad0e, toType:GROUP, id:3069252380444, createdTime:1440036038336, deliveredTime:1440036038339, text:점찍고 나타는 BK, contentType:NONE, contentMetadata:{EMTVER=4}, sessionId:0))
2015-08-20 13:36:10(pid=27232,tid=55215) : FetchOp.OpProcessor (D) : success.Operation(revision:13329, createdTime:1440036041151, type:RECEIVE_MESSAGE, reqSeq:0, status:ALERT_DISABLED, param1:0, message:Message(from:u00993369d9c4f2f8c4be4c35bc9fcfa0, to:c0b44b8841ea836734a307b6592a5ad0e, toType:GROUP, id:3069252521247, createdTime:1440036041148, deliveredTime:1440036041151, text:동사마 어제 그 이, contentType:NONE, contentMetadata:{EMTVER=4}, sessionId:0))
2015-08-20 13:36:10(pid=27232,tid=55215) : FetchOp.OpProcessor (D) : success.Operation(revision:13330, createdTime:1440036048162, type:RECEIVE_MESSAGE, reqSeq:0, status:ALERT_DISABLED, param1:0, message:Message(from:u00993369d9c4f2f8c4be4c35bc9fcfa0, to:c0b44b8841ea836734a307b6592a5ad0e, toType:GROUP, id:3069252858117, createdTime:1440036048159, deliveredTime:1440036048162, text:bk간데요, contentType:NONE, contentMetadata:{EMTVER=4}, sessionId:0))
2015-08-20 13:36:10(pid=27232,tid=55215) : FetchOp.OpProcessor (D) : success.Operation(revision:13331, createdTime:1440036117683, type:RECEIVE_MESSAGE, reqSeq:0, status:ALERT_DISABLED, param1:0, message:Message(from:ud5a5ed5e347698adfa4b79a9a0a6b6f8, to:c0b44b8841ea836734a307b6592a5ad0e, toType:GROUP, id:3069256226924, createdTime:1440036117680, deliveredTime:1440036117683, text:네. 전화인터뷰부터, contentType:NONE, contentMetadata:{EMTVER=4}, sessionId:0))
2015-08-20 13:36:10(pid=27232,tid=55215) : FetchOp.OpProcessor (D) : success.Operation(revision:13332, createdTime:1440036182974, type:RECEIVE_MESSAGE, reqSeq:0, status:ALERT_DISABLED, param1:0, message:Message(from:u00993369d9c4f2f8c4be4c35bc9fcfa0, to:c0b44b8841ea836734a307b6592a5ad0e, toType:GROUP, id:3069259404568, createdTime:1440036182972, deliveredTime:1440036182974, text:곧 n빵 안드앱 나, contentType:NONE, contentMetadata:{EMTVER=4}, sessionId:0))
2015-08-20 13:36:10(pid=27232,tid=55215) : FetchOp.OpProcessor (D) : success.Operation(revision:13333, createdTime:1440036286502, type:RECEIVE_MESSAGE, reqSeq:0, status:ALERT_DISABLED, param1:0, message:Message(from:u8c83b615e5564f07bf3ed5f09e01d251, to:c0b44b8841ea836734a307b6592a5ad0e, toType:GROUP, id:3069264446095, createdTime:1440036286498, deliveredTime:1440036286502, text:읭? 안드 할만해~, contentType:NONE, contentMetadata:{EMTVER=4}, sessionId:0))
2015-08-20 13:36:10(pid=27232,tid=55215) : FetchOp.OpProcessor (D) : success.Operation(revision:13334, createdTime:1440036301027, type:RECEIVE_MESSAGE, reqSeq:0, status:ALERT_DISABLED, param1:0, message:Message(from:ud5a5ed5e347698adfa4b79a9a0a6b6f8, to:c0b44b8841ea836734a307b6592a5ad0e, toType:GROUP, id:3069265153363, createdTime:1440036301024, deliveredTime:1440036301027, text:iOS 8.4.1은, contentType:NONE, contentMetadata:{EMTVER=4}, sessionId:0))
2015-08-20 13:36:10(pid=27232,tid=55215) : FetchOp.OpProcessor (D) : success.Operation(revision:13335, createdTime:1440036307667, type:RECEIVE_MESSAGE, reqSeq:0, status:ALERT_DISABLED, param1:0, message:Message(from:u418273440f47c3f4406e5a488faab67a, to:c0b44b8841ea836734a307b6592a5ad0e, toType:GROUP, id:3069265478145, createdTime:1440036307662, deliveredTime:1440036307667, text:병찬님마져 저를 버, contentType:NONE, contentMetadata:{EMTVER=4}, sessionId:0))
2015-08-20 13:36:10(pid=27232,tid=55215) : FetchOp.OpProcessor (D) : success.Operation(revision:13336, createdTime:1440036342481, type:RECEIVE_MESSAGE, reqSeq:0, status:ALERT_DISABLED, param1:0, message:Message(from:u8c83b615e5564f07bf3ed5f09e01d251, to:c0b44b8841ea836734a307b6592a5ad0e, toType:GROUP, id:3069267184186, createdTime:1440036342478, deliveredTime:1440036342481, text:둘다해 세쌍둥이랑, contentType:NONE, contentMetadata:{EMTVER=4}, sessionId:0))
2015-08-20 13:36:10(pid=27232,tid=55215) : FetchOp.OpProcessor (D) : success.Operation(revision:13337, createdTime:1440036402277, type:RECEIVE_MESSAGE, reqSeq:0, status:ALERT_DISABLED, param1:0, message:Message(from:u00993369d9c4f2f8c4be4c35bc9fcfa0, to:c0b44b8841ea836734a307b6592a5ad0e, toType:GROUP, id:3069270108482, createdTime:1440036402275, deliveredTime:1440036402277, text:안드 세명 충원이네, contentType:NONE, contentMetadata:{EMTVER=4}, sessionId:0))
2015-08-20 13:36:10(pid=27232,tid=55215) : FetchOp.OpProcessor (D) : success.Operation(revision:13338, createdTime:1440036555354, type:RECEIVE_MESSAGE, reqSeq:0, status:ALERT_DISABLED, param1:0, message:Message(from:u8b1d16fff4c26e6fa7fdc503cdaa5ede, to:c0b44b8841ea836734a307b6592a5ad0e, toType:GROUP, id:3069277611534, createdTime:1440036555335, deliveredTime:1440036555354, text:Wbc마저.., contentType:NONE, sessionId:0))
2015-08-20 13:36:10(pid=27232,tid=55215) : FetchOp.OpProcessor (D) : success.Operation(revision:13339, createdTime:1440036565002, type:RECEIVE_MESSAGE, reqSeq:0, status:ALERT_DISABLED, param1:0, message:Message(from:u8b1d16fff4c26e6fa7fdc503cdaa5ede, to:c0b44b8841ea836734a307b6592a5ad0e, toType:GROUP, id:3069278083894, createdTime:1440036564978, deliveredTime:1440036565002, text:Bk 막 서러울라고, contentType:NONE, sessionId:0))
2015-08-20 13:36:10(pid=27232,tid=55215) : FetchOp.OpProcessor (D) : success.Operation(revision:13340, createdTime:1440036600310, type:RECEIVE_MESSAGE, reqSeq:0, status:ALERT_DISABLED, param1:0, message:Message(from:u8c83b615e5564f07bf3ed5f09e01d251, to:c0b44b8841ea836734a307b6592a5ad0e, toType:GROUP, id:3069279812990, createdTime:1440036600307, deliveredTime:1440036600310, text:내가 더 서러운데., contentType:NONE, contentMetadata:{EMTVER=4}, sessionId:0))
2015-08-20 13:36:10(pid=27232,tid=55215) : FetchOp.OpProcessor (D) : success.Operation(revision:13341, createdTime:1440036624244, type:RECEIVE_MESSAGE, reqSeq:0, status:ALERT_DISABLED, param1:0, message:Message(from:u8b1d16fff4c26e6fa7fdc503cdaa5ede, to:c0b44b8841ea836734a307b6592a5ad0e, toType:GROUP, id:3069280980325, createdTime:1440036624222, deliveredTime:1440036624244, text:2015 서러움 경, contentType:NONE, sessionId:0))
2015-08-20 13:36:10(pid=27232,tid=55215) : FetchOp.OpProcessor (D) : success.Operation(revision:13342, createdTime:1440036631240, type:RECEIVE_MESSAGE, reqSeq:0, status:ALERT_DISABLED, param1:0, message:Message(from:u8f15d27dd8876e1d82416acaf3d5af09, to:c0b44b8841ea836734a307b6592a5ad0e, toType:GROUP, id:3069281331409, createdTime:1440036631237, deliveredTime:1440036631240, text:오늘 저녁에 한 잔, contentType:NONE, contentMetadata:{EMTVER=4}, sessionId:0))
2015-08-20 13:36:10(pid=27232,tid=55215) : FetchOp.OpProcessor (D) : success.Operation(revision:13343, createdTime:1440036640252, type:RECEIVE_MESSAGE, reqSeq:0, status:ALERT_DISABLED, param1:0, message:Message(from:u418273440f47c3f4406e5a488faab67a, to:c0b44b8841ea836734a307b6592a5ad0e, toType:GROUP, id:3069281759465, createdTime:1440036639972, deliveredTime:1440036640252, text:, contentType:IMAGE, contentMetadata:{}, sessionId:0))
2015-08-20 13:36:10(pid=27232,tid=55215) : FetchOp.OpProcessor (D) : success.Operation(revision:13344, createdTime:1440036642648, type:RECEIVE_MESSAGE, reqSeq:0, status:ALERT_DISABLED, param1:0, message:Message(from:u418273440f47c3f4406e5a488faab67a, to:c0b44b8841ea836734a307b6592a5ad0e, toType:GROUP, id:3069281882416, createdTime:1440036642645, deliveredTime:1440036642648, text:됐어, contentType:NONE, contentMetadata:{EMTVER=4}, sessionId:0))
2015-08-20 13:36:10(pid=27232,tid=55215) : FetchOp.OpProcessor (D) : success.Operation(revision:13345, createdTime:1440036657570, type:RECEIVE_MESSAGE, reqSeq:0, status:ALERT_DISABLED, param1:0, message:Message(from:u477d4dfa509d2340cb97b0878614a03f, to:c0b44b8841ea836734a307b6592a5ad0e, toType:GROUP, id:3069282620154, createdTime:1440036657568, deliveredTime:1440036657570, text:오 뛰어난 인재다., contentType:NONE, contentMetadata:{EMTVER=4}, sessionId:0))
2015-08-20 13:36:10(pid=27232,tid=55215) : FetchOp.OpProcessor (D) : success.Operation(revision:13346, createdTime:1440036657757, type:RECEIVE_MESSAGE, reqSeq:0, status:ALERT_DISABLED, param1:0, message:Message(from:u8f15d27dd8876e1d82416acaf3d5af09, to:c0b44b8841ea836734a307b6592a5ad0e, toType:GROUP, id:3069282628577, createdTime:1440036657720, deliveredTime:1440036657757, text:아랑곳하지 않고 스, contentType:NONE, contentMetadata:{EMTVER=4}, sessionId:0))
2015-08-20 13:36:10(pid=27232,tid=55215) : FetchOp.OpProcessor (D) : success.Operation(revision:13347, createdTime:1440036687591, type:RECEIVE_MESSAGE, reqSeq:0, status:ALERT_DISABLED, param1:0, message:Message(from:u8b1d16fff4c26e6fa7fdc503cdaa5ede, to:c0b44b8841ea836734a307b6592a5ad0e, toType:GROUP, id:3069284079845, createdTime:1440036687570, deliveredTime:1440036687591, text:두려움없이 720 , contentType:NONE, sessionId:0))
2015-08-20 13:36:10(pid=27232,tid=55215) : FetchOp.OpProcessor (D) : success.Operation(revision:13348, createdTime:1440036705593, type:RECEIVE_MESSAGE, reqSeq:0, status:ALERT_DISABLED, param1:0, message:Message(from:u8f15d27dd8876e1d82416acaf3d5af09, to:c0b44b8841ea836734a307b6592a5ad0e, toType:GROUP, id:3069284964529, createdTime:1440036705538, deliveredTime:1440036705593, text:남자네, contentType:NONE, contentMetadata:{EMTVER=4}, sessionId:0))
2015-08-20 13:36:10(pid=27232,tid=55215) : FetchOp.OpProcessor (D) : success.Operation(revision:13349, createdTime:1440036985165, type:RECEIVE_MESSAGE, reqSeq:0, status:ALERT_DISABLED, param1:0, message:Message(from:ud5a5ed5e347698adfa4b79a9a0a6b6f8, to:c0b44b8841ea836734a307b6592a5ad0e, toType:GROUP, id:3069298612902, createdTime:1440036985162, deliveredTime:1440036985165, text:이러고 이제부터 안, contentType:NONE, contentMetadata:{EMTVER=4}, sessionId:0))
2015-08-20 13:36:10(pid=27232,tid=55215) : FetchOp.OpProcessor (D) : success.Operation(revision:13350, createdTime:1440037006213, type:RECEIVE_MESSAGE, reqSeq:0, status:ALERT_DISABLED, param1:0, message:Message(from:u8b1d16fff4c26e6fa7fdc503cdaa5ede, to:c0b44b8841ea836734a307b6592a5ad0e, toType:GROUP, id:3069299645229, createdTime:1440037006192, deliveredTime:1440037006213, text:아.. 스포일러 자, contentType:NONE, sessionId:0))
2015-08-20 13:36:10(pid=27232,tid=55215) : FetchOp.OpProcessor (D) : success.Operation(revision:13351, createdTime:1440037023348, type:RECEIVE_MESSAGE, reqSeq:0, status:ALERT_DISABLED, param1:0, message:Message(from:ua4a437293b07b9f023c2ae2de532c83b, to:c0b44b8841ea836734a307b6592a5ad0e, to