2015-08-17 15:26:29(pid=6904,tid=588) : Legy.dns (D) : addReservedDNSInfo address=/182.162.201.216
2015-08-17 15:26:29(pid=6904,tid=588) : Legy.dns (D) : createDNSInfo address=/182.162.201.216, time=2015/08/17 15:26
2015-08-17 15:26:29(pid=6904,tid=588) : Legy.dns (D) : addReservedDNSInfo address=/182.162.201.207
2015-08-17 15:26:29(pid=6904,tid=588) : Legy.dns (D) : createDNSInfo address=/182.162.201.207, time=2015/08/17 15:26
2015-08-17 15:26:29(pid=6904,tid=1) : Legy.session.connect (D) : ################### LINE Application onCreate ###################
    processName=jp.naver.line.android

2015-08-17 15:26:31(pid=6904,tid=606) : Legy.dns (D) : addReservedDNSInfo address=/182.162.201.216
2015-08-17 15:26:31(pid=6904,tid=606) : Legy.dns (D) : createDNSInfo address=/182.162.201.216, time=2015/08/17 15:26
2015-08-17 15:26:31(pid=6904,tid=606) : Legy.dns (D) : addReservedDNSInfo address=/182.162.201.207
2015-08-17 15:26:31(pid=6904,tid=606) : Legy.dns (D) : createDNSInfo address=/182.162.201.207, time=2015/08/17 15:26
2015-08-17 15:26:41(pid=6904,tid=598) : Legy.session.connect (D) : [connect] current channel. Channel.isConnected() = Channel is null
2015-08-17 15:26:41(pid=6904,tid=594) : Legy (D) : lookUpFromOS address=ga2k-beta.line.naver.jp/119.235.232.235 elapsed=49
2015-08-17 15:26:41(pid=6904,tid=598) : Legy.heartbeat (D) : LegyStatus.bgSpdyPingIntervalSec = -1, result = 110000, isWifi=true
2015-08-17 15:26:41(pid=6904,tid=598) : Legy.heartbeat (D) : change pingInterval{cachedValue=110000(msec), cachedTime15:26.41)
2015-08-17 15:26:41(pid=6904,tid=598) : Legy.heartbeat (D) : change pingFaileCount{cachedValue=3(msec), cachedTime15:26.41)
2015-08-17 15:26:41(pid=6904,tid=598) : Legy (D) : setReadTimeoutHandler(pingTimeout). timeout=150
2015-08-17 15:26:41(pid=6904,tid=1) : Legy.heartbeat (D) : don't use client ping
2015-08-17 15:26:41(pid=6904,tid=1) : Legy.heartbeat (D) : don't use client ping
2015-08-17 15:26:41(pid=6904,tid=598) : Legy.session.connect (D) : [connect info] ChannelFutureListener#operationComplete. done=true, success=true, time=142, canceled=false
2015-08-17 15:26:42(pid=6904,tid=598) : Legy.session.connect (D) : [connect(result = true)]LegyConnectionType [protocol:spdy] [host:ga2k-beta.line.naver.jp] [port:443] [ssl:false] [priority:1][secureType:Enc][connectivityScore:1]
2015-08-17 15:26:42(pid=6904,tid=598) : Legy.session.connect (D) : [connect start]spdy://ga2k-beta.line.naver.jp:443obj-@42d59de0 : currentThread = 598
2015-08-17 15:26:42(pid=6904,tid=598) : Legy.session (D) : setSessionStatusChanged oldSessionStatus = Init, sessionStatus = Connected
2015-08-17 15:26:42(pid=6904,tid=598) : Legy.heartbeat (D) : #### checkConnection - checkList=[LegyConnectionType [protocol:spdy] [host:ga2k-beta.line.naver.jp] [port:443] [ssl:false] [priority:1][secureType:Enc][connectivityScore:1], LegyConnectionType [protocol:spdy] [host:ga2k-beta.line.naver.jp] [port:443] [ssl:true] [priority:2][secureType:Tls][connectivityScore:1], LegyConnectionType [protocol:http] [host:ga2k-beta.line.naver.jp] [port:443] [ssl:false] [priority:3][secureType:Enc][connectivityScore:1]]
2015-08-17 15:26:42(pid=6904,tid=598) : Legy.encryption (D) : expired secretKey
2015-08-17 15:26:42(pid=6904,tid=608) : Legy.encryption (D) : expired secretKey
2015-08-17 15:26:42(pid=6904,tid=608) : Legy.longPolling (D) : setLongPollingSession. (old=null, new=spdy://ga2k-beta.line.naver.jp:443obj-@42d59de0)
2015-08-17 15:26:42(pid=6904,tid=608) : Legy.profile (D) : id='/P5(1119839288)' time='1439792802063' elapsedTime='134' 'onStart'
2015-08-17 15:26:42(pid=6904,tid=598) : Legy.profile (D) : id='/S4(1118284720)' time='1439792802063' elapsedTime='328' 'onStart'
2015-08-17 15:26:42(pid=6904,tid=608) : Legy.request.spdyReqMgr (D) : addRequest. streamId=1
spdy://ga2k-beta.line.naver.jp:443obj-@42d59de0
    reqeustMap. size=0

2015-08-17 15:26:42(pid=6904,tid=608) : Legy.heartbeat (D) : don't use client ping
2015-08-17 15:26:42(pid=6904,tid=598) : Legy.request.spdyReqMgr (D) : addRequest. streamId=3
spdy://ga2k-beta.line.naver.jp:443obj-@42d59de0
    reqeustMap. size=1
        [streamId=1, status=0, uri=/P5]

2015-08-17 15:26:42(pid=6904,tid=608) : Legy.encryption (D) : #### legySessionEncryptionKey = {0xac, 0x8b, 0x58, 0x61, 0x48, 0x68, 0x57, 0xe5, 0x71, 0x07, 0xeb, 0xf6, 0xc1, 0x77, 0x19, 0x96}
2015-08-17 15:26:42(pid=6904,tid=608) : Legy.encryption (D) : #### move encryptionHeader = X-Line-Access, value = uab4a3226122a3cf8c3504b396cf9a59f:aWF0OiAxNDM5NzkyNzkwMDg0Cg==..v7c3/J6gjJgDTRjzuxASSRJjhDU= 
2015-08-17 15:26:42(pid=6904,tid=608) : Legy.encryption (D) : #### move encryptionHeader = x-ls, value = null 
2015-08-17 15:26:42(pid=6904,tid=608) : Legy.encryption (D) : #### move encryptionHeader = X-LS, value = null 
2015-08-17 15:26:42(pid=6904,tid=608) : Legy.heartbeat (D) : LegyStatus.bgSpdyPingIntervalSec = -1, result = 110000, isWifi=true
2015-08-17 15:26:42(pid=6904,tid=598) : Legy.encryption (D) : #### move encryptionHeader = X-Line-Access, value = uab4a3226122a3cf8c3504b396cf9a59f:aWF0OiAxNDM5NzkyNzkwMDg0Cg==..v7c3/J6gjJgDTRjzuxASSRJjhDU= 
2015-08-17 15:26:42(pid=6904,tid=598) : Legy.encryption (D) : #### move encryptionHeader = x-ls, value = null 
2015-08-17 15:26:42(pid=6904,tid=598) : Legy.encryption (D) : #### move encryptionHeader = X-LS, value = null 
2015-08-17 15:26:42(pid=6904,tid=598) : Legy.heartbeat (D) : LegyStatus.bgSpdyPingIntervalSec = -1, result = 110000, isWifi=true
2015-08-17 15:26:42(pid=6904,tid=608) : Legy.heartbeat (D) : LegyStatus.bgSpdyPingIntervalSec = -1, result = 110000, isWifi=true
2015-08-17 15:26:42(pid=6904,tid=598) : Legy.encryption (D) : #### move encryptionHeader = X-Line-Access, value = uab4a3226122a3cf8c3504b396cf9a59f:aWF0OiAxNDM5NzkyNzkwMDg0Cg==..v7c3/J6gjJgDTRjzuxASSRJjhDU= 
2015-08-17 15:26:42(pid=6904,tid=598) : Legy.encryption (D) : #### move encryptionHeader = x-ls, value = null 
2015-08-17 15:26:42(pid=6904,tid=598) : Legy.encryption (D) : #### move encryptionHeader = X-LS, value = null 
2015-08-17 15:26:42(pid=6904,tid=608) : Legy.heartbeat (D) : change pingInterval{cachedValue=110000(msec), cachedTime15:26.42)
2015-08-17 15:26:42(pid=6904,tid=598) : Legy.encryption (D) : #### encrypt header=X-Line-Access value=uab4a3226122a3cf8c3504b396cf9a59f:aWF0OiAxNDM5NzkyNzkwMDg0Cg==..v7c3/J6gjJgDTRjzuxASSRJjhDU=
2015-08-17 15:26:42(pid=6904,tid=598) : Legy.request (D) : connection=[LegyConnectionType [protocol:spdy] [host:ga2k-beta.line.naver.jp] [port:443] [ssl:false] [priority:1][secureType:Enc][connectivityScore:1]] LegySpdySynStreamFrame [
 * spdySynStreamFrame=DefaultSpdySynStreamFrame(last: false; unidirectional: false; deflateEnd: true)
--> Stream-ID = 3
--> Priority = 0
--> Headers:
    version: HTTP/1.1
    method: POST
    scheme: http
    host: ga2k-beta.line.naver.jp
    url: /S4
    x-lal: ja_JP
    x-le: 7
    x-lap: 3
    x-lcs: 0004CNmsGl1HAie0ZhmRcliwnjGWGS9xSGLXwM6OCOL7yJXKMbnaks8B3OMMnp+3fWbb7bWeJZa6RnjH2ZM8EmaeqYGl0CkV2GZ+QoUNKFquVT2cGo2nJdcP51t0HWDYrDdRJq6hwtbbteLtFxgQmh7w+LSq+exgp/PiAg+9iY5IitJCuz8nfO5cCNY0w60ufB6uL4oNivXKICnIf1SbsCASJ09ESlApeLXLfD41j1heMVpD0/Tkz1AEuEnM/8r2BojS2dGqN89jx70S50tzRP0FH78u6hFpiGObZ8MKNLzP6joLZNIy3bI4hLup77ZMxSpE7jCm+uBD1K4pRRwLTwbMAQ==
    x-lhm: POST
    x-lpv: 1
    user-agent: Line/5.2.0
    x-lpi: 30,110
    accept: application/x-thrift
    content-type: application/x-thrift
    x-la: ANDROID_BETA	5.2.0	Android OS	4.3;MA_BETA
    content-length: 195
 * spdyDataFrame=DefaultSpdyDataFrame(last: true; compressed: false)
--> Stream-ID = 3
--> Size = 324]
2015-08-17 15:26:42(pid=6904,tid=608) : Legy.encryption (D) : #### move encryptionHeader = X-Line-Access, value = uab4a3226122a3cf8c3504b396cf9a59f:aWF0OiAxNDM5NzkyNzkwMDg0Cg==..v7c3/J6gjJgDTRjzuxASSRJjhDU= 
2015-08-17 15:26:42(pid=6904,tid=608) : Legy.encryption (D) : #### move encryptionHeader = x-ls, value = null 
2015-08-17 15:26:42(pid=6904,tid=608) : Legy.encryption (D) : #### move encryptionHeader = X-LS, value = null 
2015-08-17 15:26:42(pid=6904,tid=608) : Legy.encryption (D) : #### encrypt header=X-Line-Access value=uab4a3226122a3cf8c3504b396cf9a59f:aWF0OiAxNDM5NzkyNzkwMDg0Cg==..v7c3/J6gjJgDTRjzuxASSRJjhDU=
2015-08-17 15:26:42(pid=6904,tid=598) : Legy.request (D) : ### SpdyFrameEncoder - resetDeflate
2015-08-17 15:26:42(pid=6904,tid=608) : Legy.request (D) : connection=[LegyConnectionType [protocol:spdy] [host:ga2k-beta.line.naver.jp] [port:443] [ssl:false] [priority:1][secureType:Enc][connectivityScore:1]] LegySpdySynStreamFrame [
 * spdySynStreamFrame=DefaultSpdySynStreamFrame(last: false; unidirectional: false; deflateEnd: true)
--> Stream-ID = 1
--> Priority = 0
--> Headers:
    version: HTTP/1.1
    method: POST
    scheme: http
    host: ga2k-beta.line.naver.jp
    url: /P5
    x-lal: ja_JP
    x-lam: w
    x-le: 7
    x-lap: 3
    user-agent: Line/5.2.0
    x-las: B
    x-la: ANDROID_BETA	5.2.0	Android OS	4.3;MA_BETA
    x-lcs: 0004Gbfy54OUw0xJdpts1xg/LqgPqjZM1VsGhk3aDJbYTBXvYfqBGfo5r/CH0yY5NLHH6qPflyJkE4Wuo5rvKycxv9zgimmESkuUhsWW4bi3A+dbZPpQXcCfMCzzvm9SvXGFZIAGs+HeQgxjW4cnQM/tEHsmG/0SpqsZTve3VpLQDh5wjypdT2cLgoxnm6YAVnX/6HDQaReqhwEgMZb4qwIolQJyq1/LWnC5sbylZz2AmIczv7SUcTahL2XzPbyhyYN4MPvVoJJg0o6FzJrKYByAtp4LD8fCZLyGcMGqcEcJN+7DWieQ13ayd+F5ZmD4R2VXwxty+/YwjUXCJVOVnfoXGw==
    x-lhm: POST
    x-lpv: 1
    x-lpi: 30,110
    x-lac: 45005
    accept: application/x-thrift
    content-type: application/x-thrift
    content-length: 24
 * spdyDataFrame=DefaultSpdyDataFrame(last: true; compressed: false)
--> Stream-ID = 1
--> Size = 148]
2015-08-17 15:26:42(pid=6904,tid=598) : Legy.request (D) : ### SpdyFrameEncoder - resetDeflate
2015-08-17 15:26:42(pid=6904,tid=619) : Legy.response (D) : connection=[LegyConnectionType [protocol:spdy] [host:ga2k-beta.line.naver.jp] [port:443] [ssl:false] [priority:1][secureType:Enc][connectivityScore:1]] DefaultSpdySettingsFrame
--> 4:70 (persist value: true; persisted: false)
--> 10001:30 (persist value: true; persisted: false)
--> 10002:3 (persist value: true; persisted: false)
--> 10003:3600 (persist value: true; persisted: false)
--> 10005:1439792803 (persist value: true; persisted: false)
--> 10006:180 (persist value: true; persisted: false)
2015-08-17 15:26:42(pid=6904,tid=601) : Legy.heartbeat (D) : notifyReceivedSpdyFrame - lastReceivedSpdyFrameTime = 1439792802227
2015-08-17 15:26:42(pid=6904,tid=601) : Legy.heartbeat (D) : reset ServerPing interval=140000
2015-08-17 15:26:42(pid=6904,tid=619) : Legy.response (D) : ### SpdyFrameDecoder - resetDeflate
2015-08-17 15:26:42(pid=6904,tid=619) : Legy.response.stream (D) : receive SynReplyFrame. [streamId=3, last=false]
2015-08-17 15:26:42(pid=6904,tid=619) : Legy.response (D) : connection=[LegyConnectionType [protocol:spdy] [host:ga2k-beta.line.naver.jp] [port:443] [ssl:false] [priority:1][secureType:Enc][connectivityScore:1]] DefaultSpdySynReplyFrame(last: false; deflateEnd: true)
--> Stream-ID = 3
--> Headers:
    content-length: 75
    content-type: application/x-thrift;charset=UTF-8
    status: 200
    version: HTTP/1.1
    x-lc: 200
    x-lcr: 23
    x-le: 7
2015-08-17 15:26:42(pid=6904,tid=603) : Legy.heartbeat (D) : notifyReceivedSpdyFrame - lastReceivedSpdyFrameTime = 1439792802281
2015-08-17 15:26:42(pid=6904,tid=603) : Legy.heartbeat (D) : reset ServerPing interval=140000
2015-08-17 15:26:42(pid=6904,tid=619) : Legy.request.spdyReqMgr (D) : receiveSynReply streamId=3 responseCode=200 status=OK headerFields={content-type=application/x-thrift;charset=UTF-8, x-lc=200, x-le=7, x-lcr=23, status=200, content-length=75, version=HTTP/1.1}
2015-08-17 15:26:42(pid=6904,tid=619) : Legy.response.stream (D) : receive DataFrame.     [streamId=3, last=true]
2015-08-17 15:26:42(pid=6904,tid=619) : Legy.response (D) : connection=[LegyConnectionType [protocol:spdy] [host:ga2k-beta.line.naver.jp] [port:443] [ssl:false] [priority:1][secureType:Enc][connectivityScore:1]] DefaultSpdyDataFrame(last: true; compressed: false)
--> Stream-ID = 3
--> Size = 100
2015-08-17 15:26:42(pid=6904,tid=619) : Legy.request.spdyReqMgr (D) : receiveDataFrame. streamId=3, last=true, size=100
2015-08-17 15:26:42(pid=6904,tid=619) : Legy.request.spdyReqMgr (D) : isFirstDataFrame=true
2015-08-17 15:26:42(pid=6904,tid=603) : Legy.heartbeat (D) : notifyReceivedSpdyFrame - lastReceivedSpdyFrameTime = 1439792802285
2015-08-17 15:26:42(pid=6904,tid=603) : Legy.heartbeat (D) : reset ServerPing interval=140000
2015-08-17 15:26:42(pid=6904,tid=619) : Legy (D) : receiveDataFrame : sessionKey=Brv8dg
2015-08-17 15:26:42(pid=6904,tid=619) : Legy.request.spdyReqMgr (D) : fireComplete. streamId=3, requestMap = android.util.SparseArray@42b643a0
spdy://ga2k-beta.line.naver.jp:443obj-@42d59de0
    reqeustMap. size=2
        [streamId=1, status=0, uri=/P5]
        [streamId=3, status=200, uri=/S4]

2015-08-17 15:26:42(pid=6904,tid=619) : Legy.request.spdyReqMgr (D) : streamId=3 responseCode=200 status=OK isFirstDataFrame=true
2015-08-17 15:26:42(pid=6904,tid=619) : Legy.profile (D) : id='/S4(1118284720)' time='1439792802288' elapsedTime='553' 'onReceiveComplete'
2015-08-17 15:26:42(pid=6904,tid=598) : Legy.session.close (D) : [close start]spdy://ga2k-beta.line.naver.jp:443obj-@42d59de0
2015-08-17 15:26:42(pid=6904,tid=598) : Legy.session (D) : setSessionStatusChanged oldSessionStatus = Connected, sessionStatus = Closed
2015-08-17 15:26:42(pid=6904,tid=598) : Legy.request.spdyReqMgr (D) : fireFailedAll.
spdy://ga2k-beta.line.naver.jp:443obj-@42d59de0
    reqeustMap. size=1
        [streamId=1, status=0, uri=/P5]

2015-08-17 15:26:42(pid=6904,tid=598) : Legy.longPolling (D) : setLongPollingSession. (old=spdy://ga2k-beta.line.naver.jp:443obj-@42d59de0, new=null)
2015-08-17 15:26:42(pid=6904,tid=598) : Legy.profile (D) : id='/P5(1119839288)' time='1439792802295' elapsedTime='366' 'onReceiveComplete'
2015-08-17 15:26:42(pid=6904,tid=598) : Legy.session.close (D) : [close info] start close channel. spdy://ga2k-beta.line.naver.jp:443obj-@42d59de0
2015-08-17 15:26:42(pid=6904,tid=598) : Legy.session.close (D) : [close end]spdy://ga2k-beta.line.naver.jp:443obj-@42d59de0
2015-08-17 15:26:42(pid=6904,tid=598) : Legy.session.close (D) : [connected sessions count] 0
2015-08-17 15:26:42(pid=6904,tid=605) : Legy.session.connect (D) : [connect] current channel. Channel.isConnected() = Channel is null
2015-08-17 15:26:42(pid=6904,tid=619) : Legy.response (D) : ### SpdyFrameDecoder - resetDeflate
2015-08-17 15:26:42(pid=6904,tid=619) : Legy.response.stream (D) : receive SynReplyFrame. [streamId=1, last=false]
2015-08-17 15:26:42(pid=6904,tid=619) : Legy.response (D) : connection=[LegyConnectionType [protocol:spdy] [host:ga2k-beta.line.naver.jp] [port:443] [ssl:false] [priority:1][secureType:Enc][connectivityScore:1]] DefaultSpdySynReplyFrame(last: false; deflateEnd: true)
--> Stream-ID = 1
--> Headers:
    content-length: 52
    content-type: application/x-thrift;charset=UTF-8
    status: 200
    version: HTTP/1.1
    x-lc: 200
    x-le: 7
2015-08-17 15:26:42(pid=6904,tid=619) : Legy (D) : LegySpdyChannelHandler#channelDisconnected(ctx=org.jboss.netty.channel.DefaultChannelPipeline$DefaultChannelHandlerContext@42b4bde0, e=[id: 0x42ca1360, /192.168.2.5:40657 :> ga2k-beta.line.naver.jp/119.235.232.235:443] DISCONNECTED)
2015-08-17 15:26:42(pid=6904,tid=619) : Legy.request.spdyReqMgr (D) : fireFailedAll.
spdy://ga2k-beta.line.naver.jp:443obj-@42d59de0
    reqeustMap. size=0

2015-08-17 15:26:42(pid=6904,tid=619) : Legy.response.stream (D) : receive DataFrame.     [streamId=1, last=true]
2015-08-17 15:26:42(pid=6904,tid=619) : Legy.response (D) : connection=[LegyConnectionType [protocol:spdy] [host:ga2k-beta.line.naver.jp] [port:443] [ssl:false] [priority:1][secureType:Enc][connectivityScore:1]] DefaultSpdyDataFrame(last: true; compressed: false)
--> Stream-ID = 1
--> Size = 84
2015-08-17 15:26:42(pid=6904,tid=619) : Legy.request.spdyReqMgr (D) : receiveDataFrame. streamId=1, last=true, size=84
2015-08-17 15:26:42(pid=6904,tid=619) : Legy.request.spdyReqMgr (D) : fireComplete. streamId=1, requestMap = android.util.SparseArray@42b643a0
spdy://ga2k-beta.line.naver.jp:443obj-@42d59de0
    reqeustMap. size=0

2015-08-17 15:26:42(pid=6904,tid=619) : Legy.request.spdyReqMgr (D) : failed fireComplete. not exists request.(streamId = 1)spdy://ga2k-beta.line.naver.jp:443obj-@42d59de0, requestMap = android.util.SparseArray@42b643a0
2015-08-17 15:26:42(pid=6904,tid=601) : Legy (D) : lookUpFromOS address=ga2k-beta.line.naver.jp/119.235.232.235 elapsed=1
2015-08-17 15:26:42(pid=6904,tid=601) : Legy.heartbeat (D) : reset ServerPing interval=140000
2015-08-17 15:26:42(pid=6904,tid=605) : Legy (D) : setReadTimeoutHandler(pingTimeout). timeout=150
2015-08-17 15:26:42(pid=6904,tid=605) : Legy.session.connect (D) : [connect info] ChannelFutureListener#operationComplete. done=true, success=true, time=38, canceled=false
2015-08-17 15:26:42(pid=6904,tid=605) : Legy.session.connect (D) : [connect(result = true)]LegyConnectionType [protocol:spdy] [host:ga2k-beta.line.naver.jp] [port:443] [ssl:false] [priority:1][secureType:Enc][connectivityScore:1]
2015-08-17 15:26:42(pid=6904,tid=605) : Legy.session.connect (D) : [connect start]spdy://ga2k-beta.line.naver.jp:443obj-@42e6f150 : currentThread = 605
2015-08-17 15:26:42(pid=6904,tid=605) : Legy.session (D) : setSessionStatusChanged oldSessionStatus = Init, sessionStatus = Connected
2015-08-17 15:26:42(pid=6904,tid=605) : Legy.encryption (D) : expired secretKey
2015-08-17 15:26:42(pid=6904,tid=605) : Legy.profile (D) : id='/S4(1122395280)' time='1439792802390' elapsedTime='83' 'onStart'
2015-08-17 15:26:42(pid=6904,tid=605) : Legy.request.spdyReqMgr (D) : addRequest. streamId=1
spdy://ga2k-beta.line.naver.jp:443obj-@42e6f150
    reqeustMap. size=0

2015-08-17 15:26:42(pid=6904,tid=605) : Legy.encryption (D) : #### legySessionEncryptionKey = {0xf1, 0x81, 0x6a, 0x7e, 0xed, 0x5a, 0xf7, 0xc0, 0xec, 0xe5, 0x3c, 0xab, 0xef, 0x51, 0x12, 0xdd}
2015-08-17 15:26:42(pid=6904,tid=605) : Legy.encryption (D) : #### move encryptionHeader = X-Line-Access, value = uab4a3226122a3cf8c3504b396cf9a59f:aWF0OiAxNDM5NzkyODAyMzAwCg==..6W8cBnPCSfwHERVK/1bKZlVWVmY= 
2015-08-17 15:26:42(pid=6904,tid=605) : Legy.encryption (D) : #### move encryptionHeader = x-ls, value = null 
2015-08-17 15:26:42(pid=6904,tid=605) : Legy.encryption (D) : #### move encryptionHeader = X-LS, value = null 
2015-08-17 15:26:42(pid=6904,tid=605) : Legy.heartbeat (D) : LegyStatus.bgSpdyPingIntervalSec = -1, result = 110000, isWifi=true
2015-08-17 15:26:42(pid=6904,tid=605) : Legy.encryption (D) : #### move encryptionHeader = X-Line-Access, value = uab4a3226122a3cf8c3504b396cf9a59f:aWF0OiAxNDM5NzkyODAyMzAwCg==..6W8cBnPCSfwHERVK/1bKZlVWVmY= 
2015-08-17 15:26:42(pid=6904,tid=605) : Legy.encryption (D) : #### move encryptionHeader = x-ls, value = null 
2015-08-17 15:26:42(pid=6904,tid=605) : Legy.encryption (D) : #### move encryptionHeader = X-LS, value = null 
2015-08-17 15:26:42(pid=6904,tid=605) : Legy.encryption (D) : #### encrypt header=X-Line-Access value=uab4a3226122a3cf8c3504b396cf9a59f:aWF0OiAxNDM5NzkyODAyMzAwCg==..6W8cBnPCSfwHERVK/1bKZlVWVmY=
2015-08-17 15:26:42(pid=6904,tid=605) : Legy.request (D) : connection=[LegyConnectionType [protocol:spdy] [host:ga2k-beta.line.naver.jp] [port:443] [ssl:false] [priority:1][secureType:Enc][connectivityScore:1]] LegySpdySynStreamFrame [
 * spdySynStreamFrame=DefaultSpdySynStreamFrame(last: false; unidirectional: false; deflateEnd: true)
--> Stream-ID = 1
--> Priority = 0
--> Headers:
    version: HTTP/1.1
    method: POST
    scheme: http
    host: ga2k-beta.line.naver.jp
    url: /S4
    x-lal: ja_JP
    x-le: 7
    x-lap: 3
    x-lcs: 0004E32PC9K3DJHCAlrKyyaMqwAwbdOuaQgxf2wSCMnpu2X/JIA62jOGi51QY2B7WsfwpzBIdKMKfO+ZQtL8CzaeIxidTFl6BHLTRCkgUaIMyWhX8Ia5Hey770Nq/LZMJbLsTGSdwLCYmfUtBmkZLfvPyjWg4/QuO8OR3uj7ELIi2whyi8RjHHiv6Y5cjqrLRNdhmVms1RtR+1mBwoFUyCi6/IAF/lL1QT/8uD3jsfTVbGzxC1/ieieFG6OIRjnmHHQJ+MrxGLqgcI3CIH4aYtu5HYEOLO8qkViHNPf+P5SlExapKAVVj3KtF/TExHjBAhwQwIJA96wfHSHE9KBWJGv93Q==
    x-lhm: POST
    x-lpv: 1
    user-agent: Line/5.2.0
    x-lpi: 30,110
    accept: application/x-thrift
    content-type: application/x-thrift
    x-la: ANDROID_BETA	5.2.0	Android OS	4.3;MA_BETA
    content-length: 15
 * spdyDataFrame=DefaultSpdyDataFrame(last: true; compressed: false)
--> Stream-ID = 1
--> Size = 148]
2015-08-17 15:26:42(pid=6904,tid=605) : Legy.request (D) : ### SpdyFrameEncoder - resetDeflate
2015-08-17 15:26:42(pid=6904,tid=1) : Legy.heartbeat (D) : don't use client ping
2015-08-17 15:26:42(pid=6904,tid=1) : Legy.heartbeat (D) : don't use client ping
2015-08-17 15:26:42(pid=6904,tid=606) : Legy.longPolling (D) : setLongPollingSession. (old=null, new=spdy://ga2k-beta.line.naver.jp:443obj-@42e6f150)
2015-08-17 15:26:42(pid=6904,tid=606) : Legy.profile (D) : id='/P5(1120383600)' time='1439792802508' elapsedTime='7' 'onStart'
2015-08-17 15:26:42(pid=6904,tid=606) : Legy.request.spdyReqMgr (D) : addRequest. streamId=3
spdy://ga2k-beta.line.naver.jp:443obj-@42e6f150
    reqeustMap. size=1
        [streamId=1, status=0, uri=/S4]

2015-08-17 15:26:42(pid=6904,tid=606) : Legy.heartbeat (D) : don't use client ping
2015-08-17 15:26:42(pid=6904,tid=606) : Legy.encryption (D) : #### move encryptionHeader = X-Line-Access, value = uab4a3226122a3cf8c3504b396cf9a59f:aWF0OiAxNDM5NzkyODAyMzAwCg==..6W8cBnPCSfwHERVK/1bKZlVWVmY= 
2015-08-17 15:26:42(pid=6904,tid=606) : Legy.encryption (D) : #### move encryptionHeader = x-ls, value = null 
2015-08-17 15:26:42(pid=6904,tid=606) : Legy.encryption (D) : #### move encryptionHeader = X-LS, value = null 
2015-08-17 15:26:42(pid=6904,tid=606) : Legy.heartbeat (D) : LegyStatus.bgSpdyPingIntervalSec = -1, result = 110000, isWifi=true
2015-08-17 15:26:42(pid=6904,tid=606) : Legy.encryption (D) : #### move encryptionHeader = X-Line-Access, value = uab4a3226122a3cf8c3504b396cf9a59f:aWF0OiAxNDM5NzkyODAyMzAwCg==..6W8cBnPCSfwHERVK/1bKZlVWVmY= 
2015-08-17 15:26:42(pid=6904,tid=606) : Legy.encryption (D) : #### move encryptionHeader = x-ls, value = null 
2015-08-17 15:26:42(pid=6904,tid=606) : Legy.encryption (D) : #### move encryptionHeader = X-LS, value = null 
2015-08-17 15:26:42(pid=6904,tid=606) : Legy.encryption (D) : #### encrypt header=X-Line-Access value=uab4a3226122a3cf8c3504b396cf9a59f:aWF0OiAxNDM5NzkyODAyMzAwCg==..6W8cBnPCSfwHERVK/1bKZlVWVmY=
2015-08-17 15:26:42(pid=6904,tid=606) : Legy.request (D) : connection=[LegyConnectionType [protocol:spdy] [host:ga2k-beta.line.naver.jp] [port:443] [ssl:false] [priority:1][secureType:Enc][connectivityScore:1]] LegySpdySynStreamFrame [
 * spdySynStreamFrame=DefaultSpdySynStreamFrame(last: false; unidirectional: false; deflateEnd: true)
--> Stream-ID = 3
--> Priority = 0
--> Headers:
    version: HTTP/1.1
    method: POST
    scheme: http
    host: ga2k-beta.line.naver.jp
    url: /P5
    x-lal: ja_JP
    x-lam: w
    x-le: 7
    x-lap: 3
    user-agent: Line/5.2.0
    x-las: B
    x-la: ANDROID_BETA	5.2.0	Android OS	4.3;MA_BETA
    x-lcs: 0004MrUx9Y7qJ3g9obeRZ1VtLZChnge71WreavJst6HtmmWY2V5GbSSj8AVaOvdETWwCrsdafg80ym+TCarc+yec8SdWTa43g3NHg6g+2tNqbMi9G0ZM8vBPEFPi7d0Nq4PzEUBho49qgTbRFGDGwU1KCw4S4OxdDuJlfkJybzi1stMSXUTfggufH+sRSziG5VgzOR02uOo7PXs97Bn/ofCkFv7h6NwEEaqrKzx9nxGWE8LlwOgucLLLlEdshcPIAhcJE+HFkFtWPHXWPLPhR9HGEySdQZSseGdV3SRExewaReI0rUTbs7mZY6NVi7MQK8aonKDAtzkiAbPcWi3T4C0Zlw==
    x-lhm: POST
    x-lpv: 1
    x-lpi: 30,110
    x-lac: 45005
    accept: application/x-thrift
    content-type: application/x-thrift
    content-length: 24
 * spdyDataFrame=DefaultSpdyDataFrame(last: true; compressed: false)
--> Stream-ID = 3
--> Size = 148]
2015-08-17 15:26:42(pid=6904,tid=606) : Legy.request (D) : ### SpdyFrameEncoder - resetDeflate
2015-08-17 15:26:42(pid=6904,tid=606) : Legy.heartbeat (D) : LegyStatus.bgSpdyPingIntervalSec = -1, result = 110000, isWifi=true
2015-08-17 15:26:42(pid=6904,tid=606) : Legy.heartbeat (D) : change pingInterval{cachedValue=110000(msec), cachedTime15:26.42)
2015-08-17 15:26:42(pid=6904,tid=621) : Legy.response (D) : connection=[LegyConnectionType [protocol:spdy] [host:ga2k-beta.line.naver.jp] [port:443] [ssl:false] [priority:1][secureType:Enc][connectivityScore:1]] DefaultSpdySettingsFrame
--> 4:70 (persist value: true; persisted: false)
--> 10001:30 (persist value: true; persisted: false)
--> 10002:3 (persist value: true; persisted: false)
--> 10003:3600 (persist value: true; persisted: false)
--> 10005:1439792803 (persist value: true; persisted: false)
--> 10006:548 (persist value: true; persisted: false)
2015-08-17 15:26:42(pid=6904,tid=621) : Legy.response (D) : ### SpdyFrameDecoder - resetDeflate
2015-08-17 15:26:42(pid=6904,tid=621) : Legy.response.stream (D) : receive SynReplyFrame. [streamId=1, last=false]
2015-08-17 15:26:42(pid=6904,tid=621) : Legy.response (D) : connection=[LegyConnectionType [protocol:spdy] [host:ga2k-beta.line.naver.jp] [port:443] [ssl:false] [priority:1][secureType:Enc][connectivityScore:1]] DefaultSpdySynReplyFrame(last: false; deflateEnd: true)
--> Stream-ID = 1
--> Headers:
    content-length: 62
    content-type: application/x-thrift;charset=UTF-8
    status: 200
    version: HTTP/1.1
    x-lc: 200
    x-lcr: 23
    x-le: 7
2015-08-17 15:26:42(pid=6904,tid=621) : Legy.request.spdyReqMgr (D) : receiveSynReply streamId=1 responseCode=200 status=OK headerFields={content-type=application/x-thrift;charset=UTF-8, x-lc=200, x-le=7, x-lcr=23, status=200, content-length=62, version=HTTP/1.1}
2015-08-17 15:26:42(pid=6904,tid=621) : Legy.response.stream (D) : receive DataFrame.     [streamId=1, last=true]
2015-08-17 15:26:42(pid=6904,tid=621) : Legy.response (D) : connection=[LegyConnectionType [protocol:spdy] [host:ga2k-beta.line.naver.jp] [port:443] [ssl:false] [priority:1][secureType:Enc][connectivityScore:1]] DefaultSpdyDataFrame(last: true; compressed: false)
--> Stream-ID = 1
--> Size = 100
2015-08-17 15:26:42(pid=6904,tid=621) : Legy.request.spdyReqMgr (D) : receiveDataFrame. streamId=1, last=true, size=100
2015-08-17 15:26:42(pid=6904,tid=621) : Legy.request.spdyReqMgr (D) : isFirstDataFrame=true
2015-08-17 15:26:42(pid=6904,tid=621) : Legy (D) : receiveDataFrame : sessionKey=xKd8KA
2015-08-17 15:26:42(pid=6904,tid=621) : Legy.request.spdyReqMgr (D) : fireComplete. streamId=1, requestMap = android.util.SparseArray@42f01af0
spdy://ga2k-beta.line.naver.jp:443obj-@42e6f150
    reqeustMap. size=2
        [streamId=1, status=200, uri=/S4]
        [streamId=3, status=0, uri=/P5]

2015-08-17 15:26:42(pid=6904,tid=621) : Legy.request.spdyReqMgr (D) : streamId=1 responseCode=200 status=OK isFirstDataFrame=true
2015-08-17 15:26:42(pid=6904,tid=621) : Legy.profile (D) : id='/S4(1122395280)' time='1439792802702' elapsedTime='395' 'onReceiveComplete'
2015-08-17 15:26:42(pid=6904,tid=621) : Legy.response (D) : ### SpdyFrameDecoder - resetDeflate
2015-08-17 15:26:42(pid=6904,tid=621) : Legy.response.stream (D) : receive SynReplyFrame. [streamId=3, last=false]
2015-08-17 15:26:42(pid=6904,tid=621) : Legy.response (D) : connection=[LegyConnectionType [protocol:spdy] [host:ga2k-beta.line.naver.jp] [port:443] [ssl:false] [priority:1][secureType:Enc][connectivityScore:1]] DefaultSpdySynReplyFrame(last: false; deflateEnd: true)
--> Stream-ID = 3
--> Headers:
    content-length: 52
    content-type: application/x-thrift;charset=UTF-8
    status: 200
    version: HTTP/1.1
    x-lc: 200
    x-le: 7
2015-08-17 15:26:42(pid=6904,tid=594) : Legy.session.close (D) : [close start]spdy://ga2k-beta.line.naver.jp:443obj-@42e6f150
2015-08-17 15:26:42(pid=6904,tid=594) : Legy.session (D) : setSessionStatusChanged oldSessionStatus = Connected, sessionStatus = Closed
2015-08-17 15:26:42(pid=6904,tid=621) : Legy.request.spdyReqMgr (D) : receiveSynReply streamId=3 responseCode=200 status=OK headerFields={content-type=application/x-thrift;charset=UTF-8, x-lc=200, x-le=7, status=200, content-length=52, version=HTTP/1.1}
2015-08-17 15:26:42(pid=6904,tid=621) : Legy.response.stream (D) : receive DataFrame.     [streamId=3, last=true]
2015-08-17 15:26:42(pid=6904,tid=621) : Legy.response (D) : connection=[LegyConnectionType [protocol:spdy] [host:ga2k-beta.line.naver.jp] [port:443] [ssl:false] [priority:1][secureType:Enc][connectivityScore:1]] DefaultSpdyDataFrame(last: true; compressed: false)
--> Stream-ID = 3
--> Size = 84
2015-08-17 15:26:42(pid=6904,tid=621) : Legy.request.spdyReqMgr (D) : receiveDataFrame. streamId=3, last=true, size=84
2015-08-17 15:26:42(pid=6904,tid=621) : Legy.request.spdyReqMgr (D) : isFirstDataFrame=true
2015-08-17 15:26:42(pid=6904,tid=594) : Legy.request.spdyReqMgr (D) : fireFailedAll.
spdy://ga2k-beta.line.naver.jp:443obj-@42e6f150
    reqeustMap. size=1
        [streamId=3, status=200, uri=/P5]

2015-08-17 15:26:42(pid=6904,tid=594) : Legy.longPolling (D) : setLongPollingSession. (old=spdy://ga2k-beta.line.naver.jp:443obj-@42e6f150, new=null)
2015-08-17 15:26:42(pid=6904,tid=621) : Legy (D) : receiveDataFrame : sessionKey=xKd8KA
2015-08-17 15:26:42(pid=6904,tid=621) : Legy.request.spdyReqMgr (D) : fireComplete. streamId=3, requestMap = android.util.SparseArray@42f01af0
spdy://ga2k-beta.line.naver.jp:443obj-@42e6f150
    reqeustMap. size=0

2015-08-17 15:26:42(pid=6904,tid=621) : Legy.request.spdyReqMgr (D) : failed fireComplete. not exists request.(streamId = 3)spdy://ga2k-beta.line.naver.jp:443obj-@42e6f150, requestMap = android.util.SparseArray@42f01af0
2015-08-17 15:26:42(pid=6904,tid=594) : Legy.profile (D) : id='/P5(1120383600)' time='1439792802713' elapsedTime='212' 'onReceiveComplete'
2015-08-17 15:26:42(pid=6904,tid=594) : Legy.session.close (D) : [close info] start close channel. spdy://ga2k-beta.line.naver.jp:443obj-@42e6f150
2015-08-17 15:26:42(pid=6904,tid=594) : Legy.session.close (D) : [close end]spdy://ga2k-beta.line.naver.jp:443obj-@42e6f150
2015-08-17 15:26:42(pid=6904,tid=594) : Legy.session.close (D) : [connected sessions count] 0
2015-08-17 15:54:16(pid=11656,tid=900) : Legy.dns (D) : addReservedDNSInfo address=/182.162.201.216
2015-08-17 15:54:16(pid=11656,tid=900) : Legy.dns (D) : createDNSInfo address=/182.162.201.216, time=8/17/15 3:54 PM
2015-08-17 15:54:16(pid=11656,tid=900) : Legy.dns (D) : addReservedDNSInfo address=/182.162.201.207
2015-08-17 15:54:16(pid=11656,tid=900) : Legy.dns (D) : createDNSInfo address=/182.162.201.207, time=8/17/15 3:54 PM
2015-08-17 15:54:16(pid=11656,tid=1) : Legy.session.connect (D) : ################### LINE Application onCreate ###################
    processName=jp.naver.line.android

2015-08-17 15:54:17(pid=11656,tid=912) : Legy.dns (D) : addReservedDNSInfo address=/182.162.201.216
2015-08-17 15:54:17(pid=11656,tid=912) : Legy.dns (D) : createDNSInfo address=/182.162.201.216, time=8/17/15 3:54 PM
2015-08-17 15:54:17(pid=11656,tid=912) : Legy.dns (D) : addReservedDNSInfo address=/182.162.201.207
2015-08-17 15:54:17(pid=11656,tid=912) : Legy.dns (D) : createDNSInfo address=/182.162.201.207, time=8/17/15 3:54 PM
2015-08-17 18:06:29(pid=23544,tid=1170) : Legy.dns (D) : addReservedDNSInfo address=/182.162.201.216
2015-08-17 18:06:29(pid=23544,tid=1170) : Legy.dns (D) : createDNSInfo address=/182.162.201.216, time=8/17/15 6:06 PM
2015-08-17 18:06:29(pid=23544,tid=1170) : Legy.dns (D) : addReservedDNSInfo address=/182.162.201.207
2015-08-17 18:06:29(pid=23544,tid=1170) : Legy.dns (D) : createDNSInfo address=/182.162.201.207, time=8/17/15 6:06 PM
2015-08-17 18:06:29(pid=23544,tid=1) : Legy.session.connect (D) : ################### LINE Application onCreate ###################
    processName=jp.naver.line.android

2015-08-17 18:06:29(pid=23544,tid=1184) : Legy.dns (D) : addReservedDNSInfo address=/182.162.201.216
2015-08-17 18:06:29(pid=23544,tid=1184) : Legy.dns (D) : createDNSInfo address=/182.162.201.216, time=8/17/15 6:06 PM
2015-08-17 18:06:29(pid=23544,tid=1184) : Legy.dns (D) : addReservedDNSInfo address=/182.162.201.207
2015-08-17 18:06:29(pid=23544,tid=1184) : Legy.dns (D) : createDNSInfo address=/182.162.201.207, time=8/17/15 6:06 PM
2015-08-17 18:56:12(pid=23544,tid=1177) : Legy.session.connect (D) : [connect] current channel. Channel.isConnected() = Channel is null
2015-08-17 18:56:12(pid=23544,tid=1170) : Legy (D) : lookUpFromOS address=ga2k-beta.line.naver.jp/119.235.232.235 elapsed=162
2015-08-17 18:56:12(pid=23544,tid=1177) : Legy.heartbeat (D) : LegyStatus.bgSpdyPingIntervalSec = -1, result = 120000, isWifi=false
2015-08-17 18:56:12(pid=23544,tid=1177) : Legy.heartbeat (D) : change pingInterval{cachedValue=120000(msec), cachedTime18:56.12)
2015-08-17 18:56:12(pid=23544,tid=1177) : Legy.heartbeat (D) : change pingFaileCount{cachedValue=3(msec), cachedTime18:56.12)
2015-08-17 18:56:12(pid=23544,tid=1177) : Legy (D) : setReadTimeoutHandler(pingTimeout). timeout=160
2015-08-17 18:56:13(pid=23544,tid=1177) : Legy.session.connect (D) : [connect info] ChannelFutureListener#operationComplete. done=true, success=true, time=348, canceled=false
2015-08-17 18:56:13(pid=23544,tid=1177) : Legy.session.connect (D) : [connect(result = true)]LegyConnectionType [protocol:spdy] [host:ga2k-beta.line.naver.jp] [port:443] [ssl:false] [priority:1][secureType:Enc][connectivityScore:1]
2015-08-17 18:56:13(pid=23544,tid=1177) : Legy.session.connect (D) : [connect start]spdy://ga2k-beta.line.naver.jp:443obj-@42a71bb0 : currentThread = 1177
2015-08-17 18:56:13(pid=23544,tid=1177) : Legy.session (D) : setSessionStatusChanged oldSessionStatus = Init, sessionStatus = Connected
2015-08-17 18:56:13(pid=23544,tid=1177) : Legy.heartbeat (D) : #### checkConnection - checkList=[LegyConnectionType [protocol:spdy] [host:ga2k-beta.line.naver.jp] [port:443] [ssl:false] [priority:1][secureType:Enc][connectivityScore:1], LegyConnectionType [protocol:spdy] [host:ga2k-beta.line.naver.jp] [port:443] [ssl:true] [priority:2][secureType:Tls][connectivityScore:1], LegyConnectionType [protocol:http] [host:ga2k-beta.line.naver.jp] [port:443] [ssl:false] [priority:3][secureType:Enc][connectivityScore:1]]
2015-08-17 18:56:13(pid=23544,tid=1177) : Legy.encryption (D) : expired secretKey
2015-08-17 18:56:13(pid=23544,tid=1177) : Legy.profile (D) : id='/S4(1121328768)' time='1439805373202' elapsedTime='573' 'onStart'
2015-08-17 18:56:13(pid=23544,tid=1177) : Legy.request.spdyReqMgr (D) : addRequest. streamId=1
spdy://ga2k-beta.line.naver.jp:443obj-@42a71bb0
    reqeustMap. size=0

2015-08-17 18:56:13(pid=23544,tid=1177) : Legy.encryption (D) : #### legySessionEncryptionKey = {0x40, 0x87, 0xee, 0xb6, 0xae, 0x96, 0x0d, 0xf9, 0x2d, 0x4a, 0x51, 0x5f, 0x6e, 0xd4, 0x3f, 0x7d}
2015-08-17 18:56:13(pid=23544,tid=1177) : Legy.encryption (D) : #### move encryptionHeader = X-Line-Access, value = uab4a3226122a3cf8c3504b396cf9a59f:aWF0OiAxNDM5ODA1MzcyNjA4Cg==..iFNZ4YIwaBScQy3I/clr8pGhCuE= 
2015-08-17 18:56:13(pid=23544,tid=1177) : Legy.encryption (D) : #### move encryptionHeader = x-ls, value = null 
2015-08-17 18:56:13(pid=23544,tid=1177) : Legy.encryption (D) : #### move encryptionHeader = X-LS, value = null 
2015-08-17 18:56:13(pid=23544,tid=1177) : Legy.heartbeat (D) : LegyStatus.bgSpdyPingIntervalSec = -1, result = 120000, isWifi=false
2015-08-17 18:56:13(pid=23544,tid=1177) : Legy.encryption (D) : #### move encryptionHeader = X-Line-Access, value = uab4a3226122a3cf8c3504b396cf9a59f:aWF0OiAxNDM5ODA1MzcyNjA4Cg==..iFNZ4YIwaBScQy3I/clr8pGhCuE= 
2015-08-17 18:56:13(pid=23544,tid=1177) : Legy.encryption (D) : #### move encryptionHeader = x-ls, value = null 
2015-08-17 18:56:13(pid=23544,tid=1177) : Legy.encryption (D) : #### move encryptionHeader = X-LS, value = null 
2015-08-17 18:56:13(pid=23544,tid=1177) : Legy.encryption (D) : #### encrypt header=X-Line-Access value=uab4a3226122a3cf8c3504b396cf9a59f:aWF0OiAxNDM5ODA1MzcyNjA4Cg==..iFNZ4YIwaBScQy3I/clr8pGhCuE=
2015-08-17 18:56:13(pid=23544,tid=1177) : Legy.request (D) : connection=[LegyConnectionType [protocol:spdy] [host:ga2k-beta.line.naver.jp] [port:443] [ssl:false] [priority:1][secureType:Enc][connectivityScore:1]] LegySpdySynStreamFrame [
 * spdySynStreamFrame=DefaultSpdySynStreamFrame(last: false; unidirectional: false; deflateEnd: true)
--> Stream-ID = 1
--> Priority = 0
--> Headers:
    version: HTTP/1.1
    method: POST
    scheme: http
    host: ga2k-beta.line.naver.jp
    url: /S4
    x-lal: en_US
    x-le: 7
    x-lap: 3
    x-lcs: 0004u3+oOL413PhZhotuqcqAGeeZXV+NmcrT1JG+DcyRIc1SPfxDnHlg/i7w1PNBPbk+D0+ZZ/VaVnVd5iXJ/o0kZV5eRGRTJtEOMm8iXZ7qhZ0IcbntbtCAyr4RSQ/eWvPAVHUOkpedze5mgV/FJ6sHhPTcrdFUkg+ttPXofciYgg3LwhWzXZL06fh5gQcUzEuV/vbdvmeSDAm1pV4q7jvMSzBXbw4aFVS5HZA6gCTlc2PHgYsrQ/83eMPhPYlzZpYKXQG95qNxTPozW9QSJLdf56L/tc5h4mfeIePVS5ye6iO0WkdpC0adEbRj0iqg+Rj3k6yLmxgSTayhVi8Yv1nx0A==
    x-lhm: POST
    x-lpv: 1
    user-agent: Line/5.2.0
    x-lpi: 30,120
    accept: application/x-thrift
    content-type: application/x-thrift
    x-la: ANDROID_BETA	5.2.0	Android OS	4.3;MA_BETA
    content-length: 72
 * spdyDataFrame=DefaultSpdyDataFrame(last: true; compressed: false)
--> Stream-ID = 1
--> Size = 196]
2015-08-17 18:56:13(pid=23544,tid=1177) : Legy.request (D) : ### SpdyFrameEncoder - resetDeflate
2015-08-17 18:56:13(pid=23544,tid=1200) : Legy.response (D) : connection=[LegyConnectionType [protocol:spdy] [host:ga2k-beta.line.naver.jp] [port:443] [ssl:false] [priority:1][secureType:Enc][connectivityScore:1]] DefaultSpdySettingsFrame
--> 4:70 (persist value: true; persisted: false)
--> 10001:30 (persist value: true; persisted: false)
--> 10002:3 (persist value: true; persisted: false)
--> 10003:3600 (persist value: true; persisted: false)
--> 10005:1439805374 (persist value: true; persisted: false)
--> 10006:84 (persist value: true; persisted: false)
2015-08-17 18:56:13(pid=23544,tid=1176) : Legy.heartbeat (D) : reset ServerPing interval=150000
2015-08-17 18:56:13(pid=23544,tid=1200) : Legy.response.stream (D) : receive SynReplyFrame. [streamId=1, last=false]
2015-08-17 18:56:13(pid=23544,tid=1200) : Legy.response (D) : connection=[LegyConnectionType [protocol:spdy] [host:ga2k-beta.line.naver.jp] [port:443] [ssl:false] [priority:1][secureType:Enc][connectivityScore:1]] DefaultSpdySynReplyFrame(last: false; deflateEnd: false)
--> Stream-ID = 1
--> Headers:
    content-length: 65
    content-type: application/x-thrift;charset=UTF-8
    status: 200
    version: HTTP/1.1
    x-lc: 200
    x-lcr: 23
    x-le: 7
2015-08-17 18:56:13(pid=23544,tid=1200) : Legy.request.spdyReqMgr (D) : receiveSynReply streamId=1 responseCode=200 status=OK headerFields={content-type=application/x-thrift;charset=UTF-8, x-lc=200, x-le=7, x-lcr=23, status=200, content-length=65, version=HTTP/1.1}
2015-08-17 18:56:13(pid=23544,tid=1184) : Legy.heartbeat (D) : reset ServerPing interval=150000
2015-08-17 18:56:13(pid=23544,tid=1200) : Legy.response.stream (D) : receive DataFrame.     [streamId=1, last=true]
2015-08-17 18:56:13(pid=23544,tid=1200) : Legy.response (D) : connection=[LegyConnectionType [protocol:spdy] [host:ga2k-beta.line.naver.jp] [port:443] [ssl:false] [priority:1][secureType:Enc][connectivityScore:1]] DefaultSpdyDataFrame(last: true; compressed: false)
--> Stream-ID = 1
--> Size = 100
2015-08-17 18:56:13(pid=23544,tid=1200) : Legy.request.spdyReqMgr (D) : receiveDataFrame. streamId=1, last=true, size=100
2015-08-17 18:56:13(pid=23544,tid=1200) : Legy.request.spdyReqMgr (D) : isFirstDataFrame=true
2015-08-17 18:56:13(pid=23544,tid=1184) : Legy.heartbeat (D) : reset ServerPing interval=150000
2015-08-17 18:56:13(pid=23544,tid=1200) : Legy (D) : receiveDataFrame : sessionKey=avDdcA
2015-08-17 18:56:13(pid=23544,tid=1200) : Legy.request.spdyReqMgr (D) : fireComplete. streamId=1, requestMap = android.util.SparseArray@42b01230
spdy://ga2k-beta.line.naver.jp:443obj-@42a71bb0
    reqeustMap. size=1
        [streamId=1, status=200, uri=/S4]

2015-08-17 18:56:13(pid=23544,tid=1200) : Legy.request.spdyReqMgr (D) : streamId=1 responseCode=200 status=OK isFirstDataFrame=true
2015-08-17 18:56:13(pid=23544,tid=1200) : Legy.profile (D) : id='/S4(1121328768)' time='1439805373502' elapsedTime='873' 'onReceiveComplete'
2015-08-17 18:56:13(pid=23544,tid=1170) : Legy.session.close (D) : [close start]spdy://ga2k-beta.line.naver.jp:443obj-@42a71bb0
2015-08-17 18:56:13(pid=23544,tid=1170) : Legy.session (D) : setSessionStatusChanged oldSessionStatus = Connected, sessionStatus = Closed
2015-08-17 18:56:13(pid=23544,tid=1170) : Legy.request.spdyReqMgr (D) : fireFailedAll.
spdy://ga2k-beta.line.naver.jp:443obj-@42a71bb0
    reqeustMap. size=0

2015-08-17 18:56:13(pid=23544,tid=1170) : Legy.session.close (D) : [close info] start close channel. spdy://ga2k-beta.line.naver.jp:443obj-@42a71bb0
2015-08-17 18:56:13(pid=23544,tid=1170) : Legy.session.close (D) : [close end]spdy://ga2k-beta.line.naver.jp:443obj-@42a71bb0
2015-08-17 18:56:13(pid=23544,tid=1170) : Legy.session.close (D) : [connected sessions count] 0
2015-08-17 18:56:13(pid=23544,tid=1200) : Legy (D) : LegySpdyChannelHandler#channelDisconnected(ctx=org.jboss.netty.channel.DefaultChannelPipeline$DefaultChannelHandlerContext@42a70270, e=[id: 0x42b1eee8, /10.91.63.78:57465 :> ga2k-beta.line.naver.jp/119.235.232.235:443] DISCONNECTED)
2015-08-17 18:56:13(pid=23544,tid=1200) : Legy.request.spdyReqMgr (D) : fireFailedAll.
spdy://ga2k-beta.line.naver.jp:443obj-@42a71bb0
    reqeustMap. size=0

2015-08-17 18:56:13(pid=23544,tid=1176) : Legy.session.connect (D) : [connect] current channel. Channel.isConnected() = Channel is null
2015-08-17 18:59:57(pid=23544,tid=1177) : Legy.session.close (D) : removeHashedWheelTimer
2015-08-17 18:59:57(pid=23544,tid=1177) : Legy (D) : lookUpFromOS address=ga2k-beta.line.naver.jp/119.235.232.235 elapsed=7
2015-08-17 18:59:57(pid=23544,tid=1176) : Legy (D) : setReadTimeoutHandler(pingTimeout). timeout=160
2015-08-17 18:59:57(pid=23544,tid=1176) : Legy.session.connect (D) : [connect info] ChannelFutureListener#operationComplete. done=true, success=true, time=210, canceled=false
2015-08-17 18:59:57(pid=23544,tid=1176) : Legy.session.connect (D) : [connect(result = true)]LegyConnectionType [protocol:spdy] [host:ga2k-beta.line.naver.jp] [port:443] [ssl:false] [priority:1][secureType:Enc][connectivityScore:1]
2015-08-17 18:59:57(pid=23544,tid=1176) : Legy.session.connect (D) : [connect start]spdy://ga2k-beta.line.naver.jp:443obj-@42d120e8 : currentThread = 1176
2015-08-17 18:59:57(pid=23544,tid=1176) : Legy.session (D) : setSessionStatusChanged oldSessionStatus = Init, sessionStatus = Connected
2015-08-17 18:59:57(pid=23544,tid=1176) : Legy.encryption (D) : expired secretKey
2015-08-17 18:59:57(pid=23544,tid=1176) : Legy.profile (D) : id='/S4(1121739016)' time='1439805597370' elapsedTime='223828' 'onStart'
2015-08-17 18:59:57(pid=23544,tid=1176) : Legy.request.spdyReqMgr (D) : addRequest. streamId=1
spdy://ga2k-beta.line.naver.jp:443obj-@42d120e8
    reqeustMap. size=0

2015-08-17 18:59:57(pid=23544,tid=1176) : Legy.encryption (D) : #### legySessionEncryptionKey = {0xd4, 0xa9, 0x5b, 0xb4, 0x29, 0xc7, 0x83, 0x3d, 0xa8, 0xdf, 0x34, 0xf9, 0x91, 0x32, 0x7e, 0x11}
2015-08-17 18:59:57(pid=23544,tid=1176) : Legy.encryption (D) : #### move encryptionHeader = X-Line-Access, value = uab4a3226122a3cf8c3504b396cf9a59f:aWF0OiAxNDM5ODA1MzczNTI4Cg==..Y39bnKstaO5NvNLEBWyMrANxVDU= 
2015-08-17 18:59:57(pid=23544,tid=1176) : Legy.encryption (D) : #### move encryptionHeader = x-ls, value = null 
2015-08-17 18:59:57(pid=23544,tid=1176) : Legy.encryption (D) : #### move encryptionHeader = X-LS, value = null 
2015-08-17 18:59:57(pid=23544,tid=1176) : Legy.heartbeat (D) : LegyStatus.bgSpdyPingIntervalSec = -1, result = 120000, isWifi=false
2015-08-17 18:59:57(pid=23544,tid=1176) : Legy.encryption (D) : #### move encryptionHeader = X-Line-Access, value = uab4a3226122a3cf8c3504b396cf9a59f:aWF0OiAxNDM5ODA1MzczNTI4Cg==..Y39bnKstaO5NvNLEBWyMrANxVDU= 
2015-08-17 18:59:57(pid=23544,tid=1176) : Legy.encryption (D) : #### move encryptionHeader = x-ls, value = null 
2015-08-17 18:59:57(pid=23544,tid=1176) : Legy.encryption (D) : #### move encryptionHeader = X-LS, value = null 
2015-08-17 18:59:57(pid=23544,tid=1176) : Legy.encryption (D) : #### encrypt header=X-Line-Access value=uab4a3226122a3cf8c3504b396cf9a59f:aWF0OiAxNDM5ODA1MzczNTI4Cg==..Y39bnKstaO5NvNLEBWyMrANxVDU=
2015-08-17 18:59:57(pid=23544,tid=1176) : Legy.request (D) : connection=[LegyConnectionType [protocol:spdy] [host:ga2k-beta.line.naver.jp] [port:443] [ssl:false] [priority:1][secureType:Enc][connectivityScore:1]] LegySpdySynStreamFrame [
 * spdySynStreamFrame=DefaultSpdySynStreamFrame(last: false; unidirectional: false; deflateEnd: true)
--> Stream-ID = 1
--> Priority = 0
--> Headers:
    version: HTTP/1.1
    method: POST
    scheme: http
    host: ga2k-beta.line.naver.jp
    url: /S4
    x-lal: en_US
    x-le: 7
    x-lap: 3
    x-lcs: 0004F3AUbrcexwMKPgkuL/nkOqRjzVRD6Rc8JDnVssa4zYqUQAOBQDGub4D3FqHQuX3WHY2QfS+oNlLGZBIMAsAfmVPAhocshaGARdjHor+U4AInfSXpQnUCgoWRXzqouqekdB8d6NQKQ/TWhx2BH+voPbj6TQFSWGawt79xLzPGHp2O4qlfhcCCLuirLleTNtUtimkSr+qkd2lbSlvJ61nRAWQx1xUIARWCWB8vdZii/ad+PwVMtfHBkJCN0v+qFpi2vCaTaWTrssz8wWL2PwGHsQSWA8hjoS961ikGWUrzOE3Psa4vnzqr7ZIJTy3w+voEp22hvybFswPCJ4XbZFsyAA==
    x-lhm: POST
    x-lpv: 1
    user-agent: Line/5.2.0
    x-lpi: 30,120
    accept: application/x-thrift
    content-type: application/x-thrift
    x-la: ANDROID_BETA	5.2.0	Android OS	4.3;MA_BETA
    content-length: 15
 * spdyDataFrame=DefaultSpdyDataFrame(last: true; compressed: false)
--> Stream-ID = 1
--> Size = 148]
2015-08-17 18:59:57(pid=23544,tid=1176) : Legy.request (D) : ### SpdyFrameEncoder - resetDeflate
2015-08-17 18:59:57(pid=23544,tid=1203) : Legy.response (D) : connection=[LegyConnectionType [protocol:spdy] [host:ga2k-beta.line.naver.jp] [port:443] [ssl:false] [priority:1][secureType:Enc][connectivityScore:1]] DefaultSpdySettingsFrame
--> 4:70 (persist value: true; persisted: false)
--> 10001:30 (persist value: true; persisted: false)
--> 10002:3 (persist value: true; persisted: false)
--> 10003:3600 (persist value: true; persisted: false)
--> 10005:1439805598 (persist value: true; persisted: false)
--> 10006:654 (persist value: true; persisted: false)
2015-08-17 18:59:57(pid=23544,tid=1183) : Legy.heartbeat (D) : reset ServerPing interval=150000
2015-08-17 18:59:57(pid=23544,tid=1203) : Legy.response.stream (D) : receive SynReplyFrame. [streamId=1, last=false]
2015-08-17 18:59:57(pid=23544,tid=1203) : Legy.response (D) : connection=[LegyConnectionType [protocol:spdy] [host:ga2k-beta.line.naver.jp] [port:443] [ssl:false] [priority:1][secureType:Enc][connectivityScore:1]] DefaultSpdySynReplyFrame(last: false; deflateEnd: false)
--> Stream-ID = 1
--> Headers:
    content-length: 62
    content-type: application/x-thrift;charset=UTF-8
    status: 200
    version: HTTP/1.1
    x-lc: 200
    x-lcr: 23
    x-le: 7
2015-08-17 18:59:57(pid=23544,tid=1175) : Legy.heartbeat (D) : reset ServerPing interval=150000
2015-08-17 18:59:57(pid=23544,tid=1203) : Legy.request.spdyReqMgr (D) : receiveSynReply streamId=1 responseCode=200 status=OK headerFields={content-type=application/x-thrift;charset=UTF-8, x-lc=200, x-le=7, x-lcr=23, status=200, content-length=62, version=HTTP/1.1}
2015-08-17 18:59:57(pid=23544,tid=1203) : Legy.response.stream (D) : receive DataFrame.     [streamId=1, last=true]
2015-08-17 18:59:57(pid=23544,tid=1203) : Legy.response (D) : connection=[LegyConnectionType [protocol:spdy] [host:ga2k-beta.line.naver.jp] [port:443] [ssl:false] [priority:1][secureType:Enc][connectivityScore:1]] DefaultSpdyDataFrame(last: true; compressed: false)
--> Stream-ID = 1
--> Size = 100
2015-08-17 18:59:57(pid=23544,tid=1203) : Legy.request.spdyReqMgr (D) : receiveDataFrame. streamId=1, last=true, size=100
2015-08-17 18:59:57(pid=23544,tid=1203) : Legy.request.spdyReqMgr (D) : isFirstDataFrame=true
2015-08-17 18:59:57(pid=23544,tid=1203) : Legy (D) : receiveDataFrame : sessionKey=zzG2mA
2015-08-17 18:59:57(pid=23544,tid=1175) : Legy.heartbeat (D) : reset ServerPing interval=150000
2015-08-17 18:59:57(pid=23544,tid=1203) : Legy.request.spdyReqMgr (D) : fireComplete. streamId=1, requestMap = android.util.SparseArray@42ce8ed8
spdy://ga2k-beta.line.naver.jp:443obj-@42d120e8
    reqeustMap. size=1
        [streamId=1, status=200, uri=/S4]

2015-08-17 18:59:57(pid=23544,tid=1203) : Legy.request.spdyReqMgr (D) : streamId=1 responseCode=200 status=OK isFirstDataFrame=true
2015-08-17 18:59:57(pid=23544,tid=1177) : Legy.session.close (D) : [close start]spdy://ga2k-beta.line.naver.jp:443obj-@42d120e8
2015-08-17 18:59:57(pid=23544,tid=1177) : Legy.session (D) : setSessionStatusChanged oldSessionStatus = Connected, sessionStatus = Closed
2015-08-17 18:59:57(pid=23544,tid=1203) : Legy.profile (D) : id='/S4(1121739016)' time='1439805597729' elapsedTime='224187' 'onReceiveComplete'
2015-08-17 18:59:57(pid=23544,tid=1177) : Legy.request.spdyReqMgr (D) : fireFailedAll.
spdy://ga2k-beta.line.naver.jp:443obj-@42d120e8
    reqeustMap. size=0

2015-08-17 18:59:57(pid=23544,tid=1177) : Legy.session.close (D) : [close info] start close channel. spdy://ga2k-beta.line.naver.jp:443obj-@42d120e8
2015-08-17 18:59:57(pid=23544,tid=1177) : Legy.session.close (D) : [close end]spdy://ga2k-beta.line.naver.jp:443obj-@42d120e8
2015-08-17 18:59:57(pid=23544,tid=1177) : Legy.session.close (D) : [connected sessions count] 0
2015-08-17 18:59:57(pid=23544,tid=1203) : Legy (D) : LegySpdyChannelHandler#channelDisconnected(ctx=org.jboss.netty.channel.DefaultChannelPipeline$DefaultChannelHandlerContext@42ce8f88, e=[id: 0x42ce8fd8, /10.91.63.78:54100 :> ga2k-beta.line.naver.jp/119.235.232.235:443] DISCONNECTED)
2015-08-17 18:59:57(pid=23544,tid=1203) : Legy.request.spdyReqMgr (D) : fireFailedAll.
spdy://ga2k-beta.line.naver.jp:443obj-@42d120e8
    reqeustMap. size=0

2015-08-17 18:59:58(pid=23544,tid=1201) : Legy.session.connect (D) : LegySpdyPortScanner : start scan
2015-08-17 19:00:00(pid=23544,tid=1182) : Legy.session.close (D) : removeHashedWheelTimer
2015-08-17 19:00:00(pid=23544,tid=1182) : Legy (D) : lookUpFromOS address=ga2k-beta.line.naver.jp/119.235.232.235 elapsed=2
2015-08-17 19:00:00(pid=23544,tid=1201) : Legy.session.connect (D) : LegySpdyPortScanner : port connected : true LegyConnectionType [protocol:spdy] [host:ga2k-beta.line.naver.jp] [port:443] [ssl:false] [priority:1][secureType:Enc][connectivityScore:1]
2015-08-17 19:00:00(pid=23544,tid=1201) : Legy.session.connect (D) : LegySpdyPortScanner : end scan scannedConnectionType : LegyConnectionType [protocol:spdy] [host:ga2k-beta.line.naver.jp] [port:443] [ssl:false] [priority:1][secureType:Enc][connectivityScore:1]
2015-08-17 19:00:08(pid=23544,tid=1) : Legy.heartbeat (D) : don't use client ping
2015-08-17 19:00:08(pid=23544,tid=1) : Legy.heartbeat (D) : don't use client ping
2015-08-17 19:00:09(pid=23544,tid=1) : Legy.heartbeat (D) : don't use client ping
2015-08-17 19:00:09(pid=23544,tid=1) : Legy.heartbeat (D) : don't use client ping
2015-08-17 19:09:39(pid=27690,tid=1386) : Legy.dns (D) : addReservedDNSInfo address=/182.162.201.216
2015-08-17 19:09:39(pid=27690,tid=1386) : Legy.dns (D) : createDNSInfo address=/182.162.201.216, time=8/17/15 7:09 PM
2015-08-17 19:09:39(pid=27690,tid=1386) : Legy.dns (D) : addReservedDNSInfo address=/182.162.201.207
2015-08-17 19:09:39(pid=27690,tid=1386) : Legy.dns (D) : createDNSInfo address=/182.162.201.207, time=8/17/15 7:09 PM
2015-08-17 19:09:39(pid=27690,tid=1) : Legy.session.connect (D) : ################### LINE Application onCreate ###################
    processName=jp.naver.line.android

2015-08-17 19:12:12(pid=29304,tid=1470) : Legy.dns (D) : addReservedDNSInfo address=/182.162.201.216
2015-08-17 19:12:12(pid=29304,tid=1470) : Legy.dns (D) : createDNSInfo address=/182.162.201.216, time=8/17/15 7:12 PM
2015-08-17 19:12:12(pid=29304,tid=1470) : Legy.dns (D) : addReservedDNSInfo address=/182.162.201.207
2015-08-17 19:12:12(pid=29304,tid=1470) : Legy.dns (D) : createDNSInfo address=/182.162.201.207, time=8/17/15 7:12 PM
2015-08-17 19:12:13(pid=29304,tid=1) : Legy.session.connect (D) : ################### LINE Application onCreate ###################
    processName=jp.naver.line.android

2015-08-17 19:12:46(pid=29913,tid=1524) : Legy.dns (D) : addReservedDNSInfo address=/182.162.201.216
2015-08-17 19:12:46(pid=29913,tid=1524) : Legy.dns (D) : createDNSInfo address=/182.162.201.216, time=8/17/15 7:12 PM
2015-08-17 19:12:46(pid=29913,tid=1524) : Legy.dns (D) : addReservedDNSInfo address=/182.162.201.207
2015-08-17 19:12:46(pid=29913,tid=1524) : Legy.dns (D) : createDNSInfo address=/182.162.201.207, time=8/17/15 7:12 PM
2015-08-17 19:12:47(pid=29913,tid=1) : Legy.session.connect (D) : ################### LINE Application onCreate ###################
    processName=jp.naver.line.android

2015-08-17 19:14:03(pid=30957,tid=1602) : Legy.dns (D) : addReservedDNSInfo address=/182.162.201.216
2015-08-17 19:14:03(pid=30957,tid=1602) : Legy.dns (D) : createDNSInfo address=/182.162.201.216, time=8/17/15 7:14 PM
2015-08-17 19:14:03(pid=30957,tid=1602) : Legy.dns (D) : addReservedDNSInfo address=/182.162.201.207
2015-08-17 19:14:03(pid=30957,tid=1602) : Legy.dns (D) : createDNSInfo address=/182.162.201.207, time=8/17/15 7:14 PM
2015-08-17 19:14:03(pid=30957,tid=1) : Legy.session.connect (D) : ################### LINE Application onCreate ###################
    processName=jp.naver.line.android

2015-08-17 19:20:49(pid=3684,tid=1767) : Legy.dns (D) : addReservedDNSInfo address=/182.162.201.216
2015-08-17 19:20:49(pid=3684,tid=1767) : Legy.dns (D) : createDNSInfo address=/182.162.201.216, time=8/17/15 7:20 PM
2015-08-17 19:20:49(pid=3684,tid=1767) : Legy.dns (D) : addReservedDNSInfo address=/182.162.201.207
2015-08-17 19:20:49(pid=3684,tid=1767) : Legy.dns (D) : createDNSInfo address=/182.162.201.207, time=8/17/15 7:20 PM
2015-08-17 19:20:50(pid=3684,tid=1) : Legy.session.connect (D) : ################### LINE Application onCreate ###################
    processName=jp.naver.line.android

2015-08-17 19:22:40(pid=5118,tid=1849) : Legy.dns (D) : addReservedDNSInfo address=/182.162.201.216
2015-08-17 19:22:40(pid=5118,tid=1849) : Legy.dns (D) : createDNSInfo address=/182.162.201.216, time=8/17/15 7:22 PM
2015-08-17 19:22:40(pid=5118,tid=1849) : Legy.dns (D) : addReservedDNSInfo address=/182.162.201.207
2015-08-17 19:22:40(pid=5118,tid=1849) : Legy.dns (D) : createDNSInfo address=/182.162.201.207, time=8/17/15 7:22 PM
2015-08-17 19:22:40(pid=5118,tid=1) : Legy.session.connect (D) : ################### LINE Application onCreate ###################
    processName=jp.naver.line.android

