2015-08-20 10:05:07(pid=3036,tid=1) : LineNotification (D) :    # System.onReceive.action=android.intent.action.ACTION_POWER_DISCONNECTED
2015-08-20 10:05:07(pid=3036,tid=13056) : LineNotification (D) : #cc# @@ CONNECTED @@ .networkInfo = NETWORK_WIFI	 /networkState=CONNECTED	 /subType=WIFI	 /wifiInfo.SSID: "LinePlusui-iMac-76", BSSID: 7c:c3:a1:a7:5b:7b, Supplicant state: COMPLETED, RSSI: -51, Link speed: 72, Net ID: 3, Metered hint: false, mFrequency: 2462
2015-08-20 10:05:07(pid=3036,tid=13056) : LineNotification (D) : #cc# getNetworkConnectState : 08/20 10:05:07
2015-08-20 10:05:07(pid=3036,tid=13056) : LineNotification (D) : #cc#  - getNetwork	NETWORK_WIFI	CONNECTED	WIFI
2015-08-20 10:05:08(pid=3036,tid=13065) : PushManager (D) : @_@ checkNeedReigster.true - status = READY
2015-08-20 10:05:08(pid=3036,tid=13065) : PushManager (D) : @_@ checkNeedReigster.true - status = READY
2015-08-20 10:05:08(pid=3036,tid=13065) : PushManager (D) : @_@ setPriorityListAndRegister..push_priority=[GOOGLE_GCM]
2015-08-20 10:05:08(pid=3036,tid=13062) : PushManager (D) : isAvailable = true / result = SERVICE_VERSION_UPDATE_REQUIRED
2015-08-20 10:05:08(pid=3036,tid=1) : GOOGLE_GCM (D) : __GCM onReceive.error = null /retryCnt=0 /token=APA91bGLLJrjHRLFE3L1baBwzpFilDiNgsMPPOIGUvn5Dku_97PlVDKB2kpr8kfg0i6_Q0kvVLisPrwKec8SDYg7Sy0YuLfm62R15PhkmVTQ_UG0lFuhUtbuhmGJU8UhIBHQY3OMnukqVC1xuQbRwCOGI-D2g7a7Ig
2015-08-20 10:05:08(pid=3036,tid=1) : BasePushReceiver (D) : -$$ BasePushReceiver.handleRegistration(): registration=GOOGLE_GCM:APA91bGLLJrjHRLFE3L1baBwzpFilDiNgsMPPOIGUvn5Dku_97PlVDKB2kpr8kfg0i6_Q0kvVLisPrwKec8SDYg7Sy0YuLfm62R15PhkmVTQ_UG0lFuhUtbuhmGJU8UhIBHQY3OMnukqVC1xuQbRwCOGI-D2g7a7Ig
2015-08-20 10:05:08(pid=3036,tid=1) : PushManager (D) : @_@ requestPushTokenUpdate.notiType=GOOGLE_GCM / pushToken=APA91bGLLJrjHRLFE3L1baBwzpFilDiNgsMPPOIGUvn5Dku_97PlVDKB2kpr8kfg0i6_Q0kvVLisPrwKec8SDYg7Sy0YuLfm62R15PhkmVTQ_UG0lFuhUtbuhmGJU8UhIBHQY3OMnukqVC1xuQbRwCOGI-D2g7a7Ig
2015-08-20 10:05:08(pid=3036,tid=1) : TokenProxy (D) :  @TokenProxy.updateToken.type=GOOGLE_GCM /token=APA91bGLLJrjHRLFE3L1baBwzpFilDiNgsMPPOIGUvn5Dku_97PlVDKB2kpr8kfg0i6_Q0kvVLisPrwKec8SDYg7Sy0YuLfm62R15PhkmVTQ_UG0lFuhUtbuhmGJU8UhIBHQY3OMnukqVC1xuQbRwCOGI-D2g7a7Ig /tryCnt=0 /retryInterval=100
2015-08-20 10:05:11(pid=3036,tid=13065) : TokenProxy (D) :  @TokenProxy.updateToken.type=GOOGLE_GCM /token=APA91bGLLJrjHRLFE3L1baBwzpFilDiNgsMPPOIGUvn5Dku_97PlVDKB2kpr8kfg0i6_Q0kvVLisPrwKec8SDYg7Sy0YuLfm62R15PhkmVTQ_UG0lFuhUtbuhmGJU8UhIBHQY3OMnukqVC1xuQbRwCOGI-D2g7a7Ig /tryCnt=1 /retryInterval=8000
2015-08-20 10:05:19(pid=3036,tid=13065) : TokenProxy (D) :  @TokenProxy.updateToken.type=GOOGLE_GCM /token=APA91bGLLJrjHRLFE3L1baBwzpFilDiNgsMPPOIGUvn5Dku_97PlVDKB2kpr8kfg0i6_Q0kvVLisPrwKec8SDYg7Sy0YuLfm62R15PhkmVTQ_UG0lFuhUtbuhmGJU8UhIBHQY3OMnukqVC1xuQbRwCOGI-D2g7a7Ig /tryCnt=2 /retryInterval=38000
2015-08-20 10:05:57(pid=3036,tid=13065) : TokenProxy (D) :  @TokenProxy.updateToken.type=GOOGLE_GCM /token=APA91bGLLJrjHRLFE3L1baBwzpFilDiNgsMPPOIGUvn5Dku_97PlVDKB2kpr8kfg0i6_Q0kvVLisPrwKec8SDYg7Sy0YuLfm62R15PhkmVTQ_UG0lFuhUtbuhmGJU8UhIBHQY3OMnukqVC1xuQbRwCOGI-D2g7a7Ig /tryCnt=3 /retryInterval=218000
2015-08-20 10:09:01(pid=3036,tid=1) : LineNotification (D) :    # System.onReceive.action=android.net.conn.CONNECTIVITY_CHANGE
2015-08-20 10:09:01(pid=3036,tid=1) : LineNotification (D) : #cc#  current   : NETWORK_WIFI	 /networkState=CONNECTED	 /subType=WIFI	 /wifiInfo.SSID: "LinePlusui-iMac-76", BSSID: 7c:c3:a1:a7:5b:7b, Supplicant state: COMPLETED, RSSI: -51, Link speed: 72, Net ID: 3, Metered hint: false, mFrequency: 2462
2015-08-20 10:09:01(pid=3036,tid=1) : LineNotification (D) : #cc#  - receive : NETWORK_WIFI	 /networkState=DISCONNECTED	 /subType=WIFI	 /wifiInfo.SSID: "LinePlusui-iMac-76", BSSID: 7c:c3:a1:a7:5b:7b, Supplicant state: COMPLETED, RSSI: -200, Link speed: -1, Net ID: 3, Metered hint: false, mFrequency: 2462
2015-08-20 10:09:01(pid=3036,tid=1) : LineNotification (D) : #cc#  -- active : NETWORK_WIFI	 /networkState=CONNECTED	 /subType=WIFI	 /wifiInfo.SSID: "LinePlusui-iMac-76", BSSID: 7c:c3:a1:a7:5b:7b, Supplicant state: COMPLETED, RSSI: -200, Link speed: -1, Net ID: 3, Metered hint: false, mFrequency: 2462
2015-08-20 10:09:02(pid=3036,tid=1) : LineNotification (D) :    # System.onReceive.action=android.net.conn.CONNECTIVITY_CHANGE
2015-08-20 10:09:02(pid=3036,tid=1) : LineNotification (D) : #cc#  current   : NETWORK_WIFI	 /networkState=CONNECTED	 /subType=WIFI	 /wifiInfo.SSID: "LinePlusui-iMac-76", BSSID: 7c:c3:a1:a7:5b:7b, Supplicant state: COMPLETED, RSSI: -51, Link speed: 72, Net ID: 3, Metered hint: false, mFrequency: 2462
2015-08-20 10:09:02(pid=3036,tid=1) : LineNotification (D) : #cc#  - receive : NETWORK_4G	 /networkState=CONNECTED	 /subType=LTE
2015-08-20 10:09:02(pid=3036,tid=1) : LineNotification (D) : #cc#  -- active : NETWORK_WIFI	 /networkState=CONNECTED	 /subType=WIFI	 /wifiInfo.SSID: "LinePlusui-iMac-76", BSSID: 7c:c3:a1:a7:5b:7b, Supplicant state: COMPLETED, RSSI: -200, Link speed: -1, Net ID: 3, Metered hint: false, mFrequency: 2462
2015-08-20 10:09:04(pid=3036,tid=1) : LineNotification (D) :    # System.onReceive.action=android.net.conn.CONNECTIVITY_CHANGE
2015-08-20 10:09:04(pid=3036,tid=1) : LineNotification (D) : #cc#  current   : NETWORK_WIFI	 /networkState=CONNECTED	 /subType=WIFI	 /wifiInfo.SSID: "LinePlusui-iMac-76", BSSID: 7c:c3:a1:a7:5b:7b, Supplicant state: COMPLETED, RSSI: -51, Link speed: 72, Net ID: 3, Metered hint: false, mFrequency: 2462
2015-08-20 10:09:04(pid=3036,tid=1) : LineNotification (D) : #cc#  - receive : NETWORK_WIFI	 /networkState=CONNECTED	 /subType=WIFI	 /wifiInfo.SSID: "LinePlusui-iMac-76", BSSID: 7c:c3:a1:a7:5b:7b, Supplicant state: COMPLETED, RSSI: -200, Link speed: -1, Net ID: 3, Metered hint: false, mFrequency: 2462
2015-08-20 10:09:04(pid=3036,tid=1) : LineNotification (D) : #cc#  -- active : NETWORK_WIFI	 /networkState=CONNECTED	 /subType=WIFI	 /wifiInfo.SSID: "LinePlusui-iMac-76", BSSID: 7c:c3:a1:a7:5b:7b, Supplicant state: COMPLETED, RSSI: -200, Link speed: -1, Net ID: 3, Metered hint: false, mFrequency: 2462
2015-08-20 10:09:05(pid=3036,tid=1) : LineNotification (D) :    # System.onReceive.action=android.net.conn.CONNECTIVITY_CHANGE
2015-08-20 10:09:05(pid=3036,tid=1) : LineNotification (D) : #cc#  current   : NETWORK_WIFI	 /networkState=CONNECTED	 /subType=WIFI	 /wifiInfo.SSID: "LinePlusui-iMac-76", BSSID: 7c:c3:a1:a7:5b:7b, Supplicant state: COMPLETED, RSSI: -51, Link speed: 72, Net ID: 3, Metered hint: false, mFrequency: 2462
2015-08-20 10:09:05(pid=3036,tid=1) : LineNotification (D) : #cc#  - receive : NETWORK_4G	 /networkState=DISCONNECTED	 /subType=LTE
2015-08-20 10:09:05(pid=3036,tid=1) : LineNotification (D) : #cc#  -- active : NETWORK_WIFI	 /networkState=CONNECTED	 /subType=WIFI	 /wifiInfo.SSID: "LinePlusui-iMac-76", BSSID: 7c:c3:a1:a7:5b:7b, Supplicant state: COMPLETED, RSSI: -200, Link speed: -1, Net ID: 3, Metered hint: false, mFrequency: 2462
2015-08-20 11:12:22(pid=5080,tid=1) : LineNotification (D) :    # System.onReceive.action=android.intent.action.ACTION_POWER_CONNECTED
2015-08-20 11:12:22(pid=5080,tid=13227) : LineNotification (D) : #cc# @@ CONNECTED @@ .networkInfo = NETWORK_WIFI	 /networkState=CONNECTED	 /subType=WIFI	 /wifiInfo.SSID: "LinePlusui-iMac-76", BSSID: 7c:c3:a1:a7:5b:7b, Supplicant state: COMPLETED, RSSI: -38, Link speed: 72, Net ID: 3, Metered hint: false, mFrequency: 2462
2015-08-20 11:12:22(pid=5080,tid=13227) : LineNotification (D) : #cc# getNetworkConnectState : 08/20 11:12:22
2015-08-20 11:12:22(pid=5080,tid=13227) : LineNotification (D) : #cc#  - getNetwork	NETWORK_WIFI	CONNECTED	WIFI
2015-08-20 11:12:23(pid=5080,tid=13236) : PushManager (D) : @_@ checkNeedReigster.true - status = READY
2015-08-20 11:12:23(pid=5080,tid=13236) : PushManager (D) : @_@ checkNeedReigster.true - status = READY
2015-08-20 11:12:23(pid=5080,tid=13236) : PushManager (D) : @_@ setPriorityListAndRegister..push_priority=[GOOGLE_GCM]
2015-08-20 11:12:23(pid=5080,tid=13241) : PushManager (D) : isAvailable = true / result = SERVICE_VERSION_UPDATE_REQUIRED
2015-08-20 11:12:25(pid=5080,tid=1) : GOOGLE_GCM (D) : __GCM onReceive.error = null /retryCnt=0 /token=APA91bGLLJrjHRLFE3L1baBwzpFilDiNgsMPPOIGUvn5Dku_97PlVDKB2kpr8kfg0i6_Q0kvVLisPrwKec8SDYg7Sy0YuLfm62R15PhkmVTQ_UG0lFuhUtbuhmGJU8UhIBHQY3OMnukqVC1xuQbRwCOGI-D2g7a7Ig
2015-08-20 11:12:25(pid=5080,tid=1) : BasePushReceiver (D) : -$$ BasePushReceiver.handleRegistration(): registration=GOOGLE_GCM:APA91bGLLJrjHRLFE3L1baBwzpFilDiNgsMPPOIGUvn5Dku_97PlVDKB2kpr8kfg0i6_Q0kvVLisPrwKec8SDYg7Sy0YuLfm62R15PhkmVTQ_UG0lFuhUtbuhmGJU8UhIBHQY3OMnukqVC1xuQbRwCOGI-D2g7a7Ig
2015-08-20 11:12:25(pid=5080,tid=1) : PushManager (D) : @_@ requestPushTokenUpdate.notiType=GOOGLE_GCM / pushToken=APA91bGLLJrjHRLFE3L1baBwzpFilDiNgsMPPOIGUvn5Dku_97PlVDKB2kpr8kfg0i6_Q0kvVLisPrwKec8SDYg7Sy0YuLfm62R15PhkmVTQ_UG0lFuhUtbuhmGJU8UhIBHQY3OMnukqVC1xuQbRwCOGI-D2g7a7Ig
2015-08-20 11:12:25(pid=5080,tid=1) : TokenProxy (D) :  @TokenProxy.updateToken.type=GOOGLE_GCM /token=APA91bGLLJrjHRLFE3L1baBwzpFilDiNgsMPPOIGUvn5Dku_97PlVDKB2kpr8kfg0i6_Q0kvVLisPrwKec8SDYg7Sy0YuLfm62R15PhkmVTQ_UG0lFuhUtbuhmGJU8UhIBHQY3OMnukqVC1xuQbRwCOGI-D2g7a7Ig /tryCnt=0 /retryInterval=100
2015-08-20 11:12:25(pid=5080,tid=13236) : TokenProxy (D) :  @TokenProxy.updateToken.type=GOOGLE_GCM /token=APA91bGLLJrjHRLFE3L1baBwzpFilDiNgsMPPOIGUvn5Dku_97PlVDKB2kpr8kfg0i6_Q0kvVLisPrwKec8SDYg7Sy0YuLfm62R15PhkmVTQ_UG0lFuhUtbuhmGJU8UhIBHQY3OMnukqVC1xuQbRwCOGI-D2g7a7Ig /tryCnt=1 /retryInterval=8000
2015-08-20 11:12:33(pid=5080,tid=13236) : TokenProxy (D) :  @TokenProxy.updateToken.type=GOOGLE_GCM /token=APA91bGLLJrjHRLFE3L1baBwzpFilDiNgsMPPOIGUvn5Dku_97PlVDKB2kpr8kfg0i6_Q0kvVLisPrwKec8SDYg7Sy0YuLfm62R15PhkmVTQ_UG0lFuhUtbuhmGJU8UhIBHQY3OMnukqVC1xuQbRwCOGI-D2g7a7Ig /tryCnt=2 /retryInterval=38000
2015-08-20 11:13:11(pid=5080,tid=13236) : TokenProxy (D) :  @TokenProxy.updateToken.type=GOOGLE_GCM /token=APA91bGLLJrjHRLFE3L1baBwzpFilDiNgsMPPOIGUvn5Dku_97PlVDKB2kpr8kfg0i6_Q0kvVLisPrwKec8SDYg7Sy0YuLfm62R15PhkmVTQ_UG0lFuhUtbuhmGJU8UhIBHQY3OMnukqVC1xuQbRwCOGI-D2g7a7Ig /tryCnt=3 /retryInterval=218000
2015-08-20 11:13:55(pid=5080,tid=1) : LineNotification (D) :    # System.onReceive.action=android.intent.action.USER_PRESENT
2015-08-20 11:16:49(pid=5080,tid=13236) : TokenProxy (D) :  @TokenProxy.updateToken.type=GOOGLE_GCM /token=APA91bGLLJrjHRLFE3L1baBwzpFilDiNgsMPPOIGUvn5Dku_97PlVDKB2kpr8kfg0i6_Q0kvVLisPrwKec8SDYg7Sy0YuLfm62R15PhkmVTQ_UG0lFuhUtbuhmGJU8UhIBHQY3OMnukqVC1xuQbRwCOGI-D2g7a7Ig /tryCnt=4 /retryInterval=1298000
2015-08-20 11:33:59(pid=5080,tid=1) : LineNotification (D) :    # System.onReceive.action=android.net.conn.CONNECTIVITY_CHANGE
2015-08-20 11:33:59(pid=5080,tid=1) : LineNotification (D) : #cc#  current   : NETWORK_WIFI	 /networkState=CONNECTED	 /subType=WIFI	 /wifiInfo.SSID: "LinePlusui-iMac-76", BSSID: 7c:c3:a1:a7:5b:7b, Supplicant state: COMPLETED, RSSI: -38, Link speed: 72, Net ID: 3, Metered hint: false, mFrequency: 2462
2015-08-20 11:33:59(pid=5080,tid=1) : LineNotification (D) : #cc#  - receive : NETWORK_WIFI	 /networkState=DISCONNECTED	 /subType=WIFI	 /wifiInfo.SSID: "LinePlusui-iMac-76", BSSID: 7c:c3:a1:a7:5b:7b, Supplicant state: COMPLETED, RSSI: -46, Link speed: 72, Net ID: 3, Metered hint: false, mFrequency: 2462
2015-08-20 11:33:59(pid=5080,tid=1) : LineNotification (D) : #cc#  -- active : NETWORK_WIFI	 /networkState=CONNECTED	 /subType=WIFI	 /wifiInfo.SSID: "LinePlusui-iMac-76", BSSID: 7c:c3:a1:a7:5b:7b, Supplicant state: COMPLETED, RSSI: -46, Link speed: 72, Net ID: 3, Metered hint: false, mFrequency: 2462
2015-08-20 11:34:00(pid=5080,tid=1) : LineNotification (D) :    # System.onReceive.action=android.net.conn.CONNECTIVITY_CHANGE
2015-08-20 11:34:00(pid=5080,tid=1) : LineNotification (D) : #cc#  current   : NETWORK_WIFI	 /networkState=CONNECTED	 /subType=WIFI	 /wifiInfo.SSID: "LinePlusui-iMac-76", BSSID: 7c:c3:a1:a7:5b:7b, Supplicant state: COMPLETED, RSSI: -38, Link speed: 72, Net ID: 3, Metered hint: false, mFrequency: 2462
2015-08-20 11:34:00(pid=5080,tid=1) : LineNotification (D) : #cc#  - receive : NETWORK_4G	 /networkState=CONNECTED	 /subType=LTE
2015-08-20 11:34:00(pid=5080,tid=1) : LineNotification (D) : #cc#  -- active : NETWORK_WIFI	 /networkState=CONNECTED	 /subType=WIFI	 /wifiInfo.SSID: "LinePlusui-iMac-76", BSSID: 7c:c3:a1:a7:5b:7b, Supplicant state: COMPLETED, RSSI: -45, Link speed: 65, Net ID: 3, Metered hint: false, mFrequency: 2462
2015-08-20 11:34:01(pid=5080,tid=1) : LineNotification (D) :    # System.onReceive.action=android.net.conn.CONNECTIVITY_CHANGE
2015-08-20 11:34:01(pid=5080,tid=1) : LineNotification (D) : #cc#  current   : NETWORK_WIFI	 /networkState=CONNECTED	 /subType=WIFI	 /wifiInfo.SSID: "LinePlusui-iMac-76", BSSID: 7c:c3:a1:a7:5b:7b, Supplicant state: COMPLETED, RSSI: -38, Link speed: 72, Net ID: 3, Metered hint: false, mFrequency: 2462
2015-08-20 11:34:01(pid=5080,tid=1) : LineNotification (D) : #cc#  - receive : NETWORK_WIFI	 /networkState=CONNECTED	 /subType=WIFI	 /wifiInfo.SSID: "LinePlusui-iMac-76", BSSID: 7c:c3:a1:a7:5b:7b, Supplicant state: COMPLETED, RSSI: -45, Link speed: 65, Net ID: 3, Metered hint: false, mFrequency: 2462
2015-08-20 11:34:01(pid=5080,tid=1) : LineNotification (D) : #cc#  -- active : NETWORK_WIFI	 /networkState=CONNECTED	 /subType=WIFI	 /wifiInfo.SSID: "LinePlusui-iMac-76", BSSID: 7c:c3:a1:a7:5b:7b, Supplicant state: COMPLETED, RSSI: -45, Link speed: 65, Net ID: 3, Metered hint: false, mFrequency: 2462
2015-08-20 11:34:01(pid=5080,tid=1) : LineNotification (D) :    # System.onReceive.action=android.net.conn.CONNECTIVITY_CHANGE
2015-08-20 11:34:01(pid=5080,tid=1) : LineNotification (D) : #cc#  current   : NETWORK_WIFI	 /networkState=CONNECTED	 /subType=WIFI	 /wifiInfo.SSID: "LinePlusui-iMac-76", BSSID: 7c:c3:a1:a7:5b:7b, Supplicant state: COMPLETED, RSSI: -38, Link speed: 72, Net ID: 3, Metered hint: false, mFrequency: 2462
2015-08-20 11:34:01(pid=5080,tid=1) : LineNotification (D) : #cc#  - receive : NETWORK_4G	 /networkState=DISCONNECTED	 /subType=LTE
2015-08-20 11:34:01(pid=5080,tid=1) : LineNotification (D) : #cc#  -- active : NETWORK_WIFI	 /networkState=CONNECTED	 /subType=WIFI	 /wifiInfo.SSID: "LinePlusui-iMac-76", BSSID: 7c:c3:a1:a7:5b:7b, Supplicant state: COMPLETED, RSSI: -45, Link speed: 65, Net ID: 3, Metered hint: false, mFrequency: 2462
2015-08-20 11:58:39(pid=8279,tid=1) : LineNotification (D) :    # System.onReceive.action=android.intent.action.PACKAGE_REPLACED
2015-08-20 11:58:39(pid=8279,tid=13497) : LineNotification (D) : #cc# @@ CONNECTED @@ .networkInfo = NETWORK_WIFI	 /networkState=CONNECTED	 /subType=WIFI	 /wifiInfo.SSID: "LinePlusui-iMac-76", BSSID: 7c:c3:a1:a7:5b:7b, Supplicant state: COMPLETED, RSSI: -41, Link speed: 72, Net ID: 3, Metered hint: false, mFrequency: 2462
2015-08-20 11:58:39(pid=8279,tid=13497) : LineNotification (D) : #cc# getNetworkConnectState : 08/20 11:58:39
2015-08-20 11:58:39(pid=8279,tid=13497) : LineNotification (D) : #cc#  - getNetwork	NETWORK_WIFI	CONNECTED	WIFI
2015-08-20 12:01:26(pid=9818,tid=1) : LineNotification (D) :    # System.onReceive.action=android.intent.action.PACKAGE_REPLACED
2015-08-20 12:01:26(pid=9818,tid=13596) : LineNotification (D) : #cc# @@ CONNECTED @@ .networkInfo = NETWORK_WIFI	 /networkState=CONNECTED	 /subType=WIFI	 /wifiInfo.SSID: "LinePlusui-iMac-76", BSSID: 7c:c3:a1:a7:5b:7b, Supplicant state: COMPLETED, RSSI: -40, Link speed: 72, Net ID: 3, Metered hint: false, mFrequency: 2462
2015-08-20 12:01:26(pid=9818,tid=13596) : LineNotification (D) : #cc# getNetworkConnectState : 08/20 12:01:26
2015-08-20 12:01:26(pid=9818,tid=13596) : LineNotification (D) : #cc#  - getNetwork	NETWORK_WIFI	CONNECTED	WIFI
2015-08-20 12:09:18(pid=13122,tid=1) : LineNotification (D) :    # System.onReceive.action=android.intent.action.PACKAGE_REPLACED
2015-08-20 12:09:18(pid=13122,tid=13675) : LineNotification (D) : #cc# @@ CONNECTED @@ .networkInfo = NETWORK_WIFI	 /networkState=CONNECTED	 /subType=WIFI	 /wifiInfo.SSID: "LinePlusui-iMac-76", BSSID: 7c:c3:a1:a7:5b:7b, Supplicant state: COMPLETED, RSSI: -42, Link speed: 72, Net ID: 3, Metered hint: false, mFrequency: 2462
2015-08-20 12:09:18(pid=13122,tid=13675) : LineNotification (D) : #cc# getNetworkConnectState : 08/20 12:09:18
2015-08-20 12:09:18(pid=13122,tid=13675) : LineNotification (D) : #cc#  - getNetwork	NETWORK_WIFI	CONNECTED	WIFI
2015-08-20 12:09:19(pid=13122,tid=13684) : PushManager (D) : @_@ checkNeedReigster.true - status = READY
2015-08-20 12:09:19(pid=13122,tid=13684) : PushManager (D) : @_@ checkNeedReigster.true - status = READY
2015-08-20 12:09:19(pid=13122,tid=13684) : PushManager (D) : @_@ setPriorityListAndRegister..push_priority=[GOOGLE_GCM]
2015-08-20 12:09:19(pid=13122,tid=13683) : PushManager (D) : isAvailable = true / result = SERVICE_VERSION_UPDATE_REQUIRED
2015-08-20 12:09:20(pid=13122,tid=1) : GOOGLE_GCM (D) : __GCM onReceive.error = null /retryCnt=0 /token=APA91bGLLJrjHRLFE3L1baBwzpFilDiNgsMPPOIGUvn5Dku_97PlVDKB2kpr8kfg0i6_Q0kvVLisPrwKec8SDYg7Sy0YuLfm62R15PhkmVTQ_UG0lFuhUtbuhmGJU8UhIBHQY3OMnukqVC1xuQbRwCOGI-D2g7a7Ig
2015-08-20 12:09:20(pid=13122,tid=1) : BasePushReceiver (D) : -$$ BasePushReceiver.handleRegistration(): registration=GOOGLE_GCM:APA91bGLLJrjHRLFE3L1baBwzpFilDiNgsMPPOIGUvn5Dku_97PlVDKB2kpr8kfg0i6_Q0kvVLisPrwKec8SDYg7Sy0YuLfm62R15PhkmVTQ_UG0lFuhUtbuhmGJU8UhIBHQY3OMnukqVC1xuQbRwCOGI-D2g7a7Ig
2015-08-20 12:09:20(pid=13122,tid=1) : PushManager (D) : @_@ requestPushTokenUpdate.notiType=GOOGLE_GCM / pushToken=APA91bGLLJrjHRLFE3L1baBwzpFilDiNgsMPPOIGUvn5Dku_97PlVDKB2kpr8kfg0i6_Q0kvVLisPrwKec8SDYg7Sy0YuLfm62R15PhkmVTQ_UG0lFuhUtbuhmGJU8UhIBHQY3OMnukqVC1xuQbRwCOGI-D2g7a7Ig
2015-08-20 12:09:20(pid=13122,tid=1) : TokenProxy (D) :  @TokenProxy.updateToken.type=GOOGLE_GCM /token=APA91bGLLJrjHRLFE3L1baBwzpFilDiNgsMPPOIGUvn5Dku_97PlVDKB2kpr8kfg0i6_Q0kvVLisPrwKec8SDYg7Sy0YuLfm62R15PhkmVTQ_UG0lFuhUtbuhmGJU8UhIBHQY3OMnukqVC1xuQbRwCOGI-D2g7a7Ig /tryCnt=0 /retryInterval=100
2015-08-20 12:09:20(pid=13122,tid=13684) : TokenProxy (D) :  @TokenProxy.updateToken.type=GOOGLE_GCM /token=APA91bGLLJrjHRLFE3L1baBwzpFilDiNgsMPPOIGUvn5Dku_97PlVDKB2kpr8kfg0i6_Q0kvVLisPrwKec8SDYg7Sy0YuLfm62R15PhkmVTQ_UG0lFuhUtbuhmGJU8UhIBHQY3OMnukqVC1xuQbRwCOGI-D2g7a7Ig /tryCnt=1 /retryInterval=8000
2015-08-20 12:09:28(pid=13122,tid=13684) : TokenProxy (D) :  @TokenProxy.updateToken.type=GOOGLE_GCM /token=APA91bGLLJrjHRLFE3L1baBwzpFilDiNgsMPPOIGUvn5Dku_97PlVDKB2kpr8kfg0i6_Q0kvVLisPrwKec8SDYg7Sy0YuLfm62R15PhkmVTQ_UG0lFuhUtbuhmGJU8UhIBHQY3OMnukqVC1xuQbRwCOGI-D2g7a7Ig /tryCnt=2 /retryInterval=38000
2015-08-20 12:10:06(pid=13122,tid=13684) : TokenProxy (D) :  @TokenProxy.updateToken.type=GOOGLE_GCM /token=APA91bGLLJrjHRLFE3L1baBwzpFilDiNgsMPPOIGUvn5Dku_97PlVDKB2kpr8kfg0i6_Q0kvVLisPrwKec8SDYg7Sy0YuLfm62R15PhkmVTQ_UG0lFuhUtbuhmGJU8UhIBHQY3OMnukqVC1xuQbRwCOGI-D2g7a7Ig /tryCnt=3 /retryInterval=218000
2015-08-20 12:13:44(pid=13122,tid=13684) : TokenProxy (D) :  @TokenProxy.updateToken.type=GOOGLE_GCM /token=APA91bGLLJrjHRLFE3L1baBwzpFilDiNgsMPPOIGUvn5Dku_97PlVDKB2kpr8kfg0i6_Q0kvVLisPrwKec8SDYg7Sy0YuLfm62R15PhkmVTQ_UG0lFuhUtbuhmGJU8UhIBHQY3OMnukqVC1xuQbRwCOGI-D2g7a7Ig /tryCnt=4 /retryInterval=1298000
2015-08-20 12:31:44(pid=13122,tid=1) : LineNotification (D) :    # System.onReceive.action=android.intent.action.USER_PRESENT
