2015-08-20 00:07:25(pid=16840,tid=27578) : TalkApi (D) : [req][id=204963267] fetchOps(localRev=13265, count=100, globalRev=14740, individualRev=59, queryParameters=null, callback=ecj@23c42640)
2015-08-20 00:07:29(pid=16840,tid=27579) : TalkApi (D) : [res][id=204963267] fetchOps[elapsed=4264ms] result=Callback[a(eli)]
eli
	at elb.a(SourceFile:268)
	at eky.a(SourceFile:187)
	at dfd.a(SourceFile:34)
	at dhj.run(SourceFile:281)
	at java.util.concurrent.Executors$RunnableAdapter.call(Executors.java:422)
	at java.util.concurrent.FutureTask.run(FutureTask.java:237)
	at jp.naver.line.android.util.ad.run(SourceFile:229)
	at java.util.concurrent.Executors$RunnableAdapter.call(Executors.java:422)
	at java.util.concurrent.FutureTask.run(FutureTask.java:237)
	at jp.naver.line.android.util.ad.run(SourceFile:229)
	at java.lang.Thread.run(Thread.java:818)

2015-08-20 02:04:23(pid=9511,tid=29304) : TalkApi (D) : [req][id=330037625] fetchOps(localRev=13265, count=100, globalRev=14740, individualRev=59, queryParameters=null, callback=ecj@32d246be)
2015-08-20 02:04:24(pid=9511,tid=29292) : TalkApi (D) : [res][id=330037625] fetchOps[elapsed=576ms] result=Callback[a(eli)]
eli
	at elb.a(SourceFile:268)
	at eky.a(SourceFile:187)
	at dfd.a(SourceFile:34)
	at dhj.run(SourceFile:281)
	at java.util.concurrent.Executors$RunnableAdapter.call(Executors.java:422)
	at java.util.concurrent.FutureTask.run(FutureTask.java:237)
	at jp.naver.line.android.util.ad.run(SourceFile:229)
	at java.util.concurrent.Executors$RunnableAdapter.call(Executors.java:422)
	at java.util.concurrent.FutureTask.run(FutureTask.java:237)
	at jp.naver.line.android.util.ad.run(SourceFile:229)
	at java.lang.Thread.run(Thread.java:818)

2015-08-20 04:08:27(pid=4075,tid=30936) : TalkApi (D) : [req][id=852641470] fetchOps(localRev=13265, count=100, globalRev=14740, individualRev=59, queryParameters=null, callback=ecj@2a0a331f)
2015-08-20 04:08:32(pid=4075,tid=30937) : TalkApi (D) : [res][id=852641470] fetchOps[elapsed=5408ms] result=Callback[a(eli)]
eli
	at elb.a(SourceFile:268)
	at eky.a(SourceFile:187)
	at dfd.a(SourceFile:34)
	at dhj.run(SourceFile:281)
	at java.util.concurrent.Executors$RunnableAdapter.call(Executors.java:422)
	at java.util.concurrent.FutureTask.run(FutureTask.java:237)
	at jp.naver.line.android.util.ad.run(SourceFile:229)
	at java.util.concurrent.Executors$RunnableAdapter.call(Executors.java:422)
	at java.util.concurrent.FutureTask.run(FutureTask.java:237)
	at jp.naver.line.android.util.ad.run(SourceFile:229)
	at java.lang.Thread.run(Thread.java:818)

2015-08-20 06:06:45(pid=6466,tid=33478) : TalkApi (D) : [req][id=852641470] fetchOps(localRev=13265, count=100, globalRev=14740, individualRev=59, queryParameters=null, callback=ecj@2a0a331f)
2015-08-20 06:06:45(pid=6466,tid=33485) : TalkApi (D) : [res][id=852641470] fetchOps[elapsed=382ms] result=Callback[a(emi@2aac220f)]
2015-08-20 07:48:25(pid=25955,tid=34247) : TalkApi (D) : [req][id=852641470] fetchOps(localRev=13265, count=100, globalRev=14741, individualRev=59, queryParameters=null, callback=ecj@2a0a331f)
2015-08-20 07:48:25(pid=25955,tid=34249) : TalkApi (D) : [res][id=852641470] fetchOps[elapsed=726ms] result=Callback[a(eli)]
eli
	at elb.a(SourceFile:268)
	at eky.a(SourceFile:187)
	at dfd.a(SourceFile:34)
	at dhj.run(SourceFile:281)
	at java.util.concurrent.Executors$RunnableAdapter.call(Executors.java:422)
	at java.util.concurrent.FutureTask.run(FutureTask.java:237)
	at jp.naver.line.android.util.ad.run(SourceFile:229)
	at java.util.concurrent.Executors$RunnableAdapter.call(Executors.java:422)
	at java.util.concurrent.FutureTask.run(FutureTask.java:237)
	at jp.naver.line.android.util.ad.run(SourceFile:229)
	at java.lang.Thread.run(Thread.java:818)

2015-08-20 11:10:31(pid=18483,tid=46335) : TalkApi (D) : [req][id=852641470] fetchOps(localRev=13265, count=100, globalRev=14741, individualRev=59, queryParameters=null, callback=ecj@2a0a331f)
2015-08-20 11:10:32(pid=18483,tid=46337) : TalkApi (D) : [res][id=852641470] fetchOps[elapsed=664ms] result=Callback[a(emi@c7114a5)]
2015-08-20 13:36:06(pid=27232,tid=55217) : TalkApi (D) : [req][id=204963267] fetchOps(localRev=13265, count=100, globalRev=14741, individualRev=59, queryParameters=null, callback=ecj@23c42640)
2015-08-20 13:36:09(pid=27232,tid=55211) : TalkApi (D) : [res][id=204963267] fetchOps[elapsed=3253ms] result=Callback[a(emi@12b1ec88)]
2015-08-20 14:36:58(pid=14680,tid=56197) : TalkApi (D) : [req][id=204963267] fetchOps(localRev=13365, count=100, globalRev=14741, individualRev=59, queryParameters=null, callback=ecj@23c42640)
2015-08-20 14:36:59(pid=14680,tid=56190) : TalkApi (D) : [res][id=204963267] fetchOps[elapsed=875ms] result=Callback[a(emi@247bdb6e)]
2015-08-20 14:37:03(pid=14680,tid=56212) : TalkApi (D) : [req][id=191482245] acquireEncryptedAccessToken(featureType=OBS_GENERAL)
2015-08-20 14:37:03(pid=14680,tid=56212) : TalkApi (D) : [res][id=191482245] acquireEncryptedAccessToken[elapsed=102ms] result=Success[21600WPElj554///FrgrfqMmF8xCPgEThI84HFzxG4JdYZpJCBb0YAQCQLtZzno70TsDPUOLYo1ZrXlK3hgW2SC8UFz7HEBQffdf+A0PGEjxBs9ifPcXCHWiZAPJ6Gv+dr/8zy1hPKlBEKEKmKiSmebwKMP8LbBfQgI4pk/3E1PeCietfagaQK2nK7G/KThIbZoaysBixH7DS2gfw2zMWfsN30BvnHVxBLIlF+UtozCu9OfPp5EocpyndpPWX+WgbdbiVcVKwfU60hT+fxloZPuUbUMuK7eMsGDWpN435QNR2l48jP+OdPDGq4+XORFTShcejbm+0SWaTNdTcpVCwQ1Ox7rUi7FKxMgu1kwoY6YlfDOTNoVJQ7u7kFUUpbz92eVJfPmXVVlX+R8SES6n67gNiFWQ+2vJCE2aKqKWtqMg9JbQ8AEWJuY/J1vCaU6KcwFR7/s84A7OIdQUVWrEwEnBABNqNhG7uaIJpYeG8Sz5+CnrO0j8sL5qL2iEk3FJSSwIsqgI5g8D54Ub6F3TOk81yBy40Y51NT6D7N4ATjUYpRFjLcaa3qgtvdZGw7MjaXk2nUrgPpUAjm41C5dweX8i/wPCTh+q+S32XRZkexvGQYUc=]
2015-08-20 16:05:16(pid=25316,tid=59254) : TalkApi (D) : [req][id=600057408] fetchOps(localRev=13379, count=100, globalRev=14762, individualRev=59, queryParameters={st=1440054315854, n=1-0, s=45008, et=358, p=g, lt=1440054316029, k=MI}, callback=ecj@13abf979)
2015-08-20 16:05:16(pid=25316,tid=59258) : TalkApi (D) : [res][id=600057408] fetchOps[elapsed=511ms] result=Callback[a(emi@2aac220f)]
2015-08-20 16:05:20(pid=25316,tid=59259) : TalkApi (D) : [req][id=91251922] acquireEncryptedAccessToken(featureType=OBS_GENERAL)
2015-08-20 16:05:20(pid=25316,tid=59259) : TalkApi (D) : [res][id=91251922] acquireEncryptedAccessToken[elapsed=68ms] result=Success[21600WPElj554///FrgrfqMmF8xCPgEThI84HFzxG4JdYZpJCBb0YAQCQLtZzno70TsDPUOLYo1ZrXlK3hgW2SC8UFz7HEBQffdf+A0PGEjxBs9ifPcXCHWiZAPJ6Gv+dr/8zy1hPKlBEKEKmKiSmebwKMP8LbBfQgI4pk/3E1PeCietfagaQK2nK7G/KThIbZoaysBixH7DS2gfw2zMWfsN30FdO980KpROZetaUAjBz/8jWUNUG4NUD+ZIoBiQa4Pvv42xR0DTWRbx+yiwHk8G4nWX31nsa89v64PgsPrkZFS8jP+OdPDGq4+XORFTShcejbm+0SWaTNdTcpVCwQ1Ox7rUi7FKxMgu1kwoY6YlfDOTNoVJQ7u7kFUUpbz92eVJfPmXVVlX+R8SES6n67gNiFWQ+2vJCE2aKqKWtqMg9JbQ8AEWJuY/J1vCaU6KcwFR7/s84A7OIdQUVWrEwEnBABNqNhG7uaIJpYeG8Sz5+CnrO0j8sL5qL2iEk3FJSSwIseXHIfncEXdBaPGIQswNF90Nl2WSIyh6Fjgx2zDSi3Z67+BdVGruibBRggI3EfvgjuB1hze/Td0aDvLVMgAO0ScsLEyxzxRd0ySbSVQ907/k=]
